[2024-02-15T23:49:37.774+0000] {processor.py:161} INFO - Started process (PID=56) to work on /home/airflow/.local/lib/python3.8/site-packages/airflow/example_dags/example_branch_labels.py
[2024-02-15T23:49:37.775+0000] {processor.py:830} INFO - Processing file /home/airflow/.local/lib/python3.8/site-packages/airflow/example_dags/example_branch_labels.py for tasks to queue
[2024-02-15T23:49:37.776+0000] {logging_mixin.py:188} INFO - [2024-02-15T23:49:37.776+0000] {dagbag.py:538} INFO - Filling up the DagBag from /home/airflow/.local/lib/python3.8/site-packages/airflow/example_dags/example_branch_labels.py
[2024-02-15T23:49:37.784+0000] {processor.py:840} INFO - DAG(s) 'example_branch_labels' retrieved from /home/airflow/.local/lib/python3.8/site-packages/airflow/example_dags/example_branch_labels.py
[2024-02-15T23:49:37.862+0000] {logging_mixin.py:188} INFO - [2024-02-15T23:49:37.861+0000] {override.py:1769} INFO - Created Permission View: can delete on DAG:example_branch_labels
[2024-02-15T23:49:37.869+0000] {logging_mixin.py:188} INFO - [2024-02-15T23:49:37.869+0000] {override.py:1769} INFO - Created Permission View: can read on DAG:example_branch_labels
[2024-02-15T23:49:37.874+0000] {logging_mixin.py:188} INFO - [2024-02-15T23:49:37.873+0000] {override.py:1769} INFO - Created Permission View: can edit on DAG:example_branch_labels
[2024-02-15T23:49:37.874+0000] {logging_mixin.py:188} INFO - [2024-02-15T23:49:37.874+0000] {dag.py:3036} INFO - Sync 1 DAGs
[2024-02-15T23:49:37.883+0000] {logging_mixin.py:188} INFO - [2024-02-15T23:49:37.883+0000] {dag.py:3058} INFO - Creating ORM DAG for example_branch_labels
[2024-02-15T23:49:37.891+0000] {logging_mixin.py:188} INFO - [2024-02-15T23:49:37.891+0000] {dag.py:3823} INFO - Setting next_dagrun for example_branch_labels to 2024-02-14 00:00:00+00:00, run_after=2024-02-15 00:00:00+00:00
[2024-02-15T23:49:37.903+0000] {processor.py:183} INFO - Processing /home/airflow/.local/lib/python3.8/site-packages/airflow/example_dags/example_branch_labels.py took 0.131 seconds
[2024-02-15T23:50:08.651+0000] {processor.py:161} INFO - Started process (PID=111) to work on /home/airflow/.local/lib/python3.8/site-packages/airflow/example_dags/example_branch_labels.py
[2024-02-15T23:50:08.652+0000] {processor.py:830} INFO - Processing file /home/airflow/.local/lib/python3.8/site-packages/airflow/example_dags/example_branch_labels.py for tasks to queue
[2024-02-15T23:50:08.653+0000] {logging_mixin.py:188} INFO - [2024-02-15T23:50:08.653+0000] {dagbag.py:538} INFO - Filling up the DagBag from /home/airflow/.local/lib/python3.8/site-packages/airflow/example_dags/example_branch_labels.py
[2024-02-15T23:50:08.658+0000] {processor.py:840} INFO - DAG(s) 'example_branch_labels' retrieved from /home/airflow/.local/lib/python3.8/site-packages/airflow/example_dags/example_branch_labels.py
[2024-02-15T23:50:08.673+0000] {logging_mixin.py:188} INFO - [2024-02-15T23:50:08.673+0000] {dag.py:3036} INFO - Sync 1 DAGs
[2024-02-15T23:50:08.689+0000] {logging_mixin.py:188} INFO - [2024-02-15T23:50:08.688+0000] {dag.py:3823} INFO - Setting next_dagrun for example_branch_labels to 2024-02-14 00:00:00+00:00, run_after=2024-02-15 00:00:00+00:00
[2024-02-15T23:50:08.702+0000] {processor.py:183} INFO - Processing /home/airflow/.local/lib/python3.8/site-packages/airflow/example_dags/example_branch_labels.py took 0.052 seconds
[2024-02-15T23:50:38.936+0000] {processor.py:161} INFO - Started process (PID=166) to work on /home/airflow/.local/lib/python3.8/site-packages/airflow/example_dags/example_branch_labels.py
[2024-02-15T23:50:38.937+0000] {processor.py:830} INFO - Processing file /home/airflow/.local/lib/python3.8/site-packages/airflow/example_dags/example_branch_labels.py for tasks to queue
[2024-02-15T23:50:38.938+0000] {logging_mixin.py:188} INFO - [2024-02-15T23:50:38.938+0000] {dagbag.py:538} INFO - Filling up the DagBag from /home/airflow/.local/lib/python3.8/site-packages/airflow/example_dags/example_branch_labels.py
[2024-02-15T23:50:38.944+0000] {processor.py:840} INFO - DAG(s) 'example_branch_labels' retrieved from /home/airflow/.local/lib/python3.8/site-packages/airflow/example_dags/example_branch_labels.py
[2024-02-15T23:50:38.959+0000] {logging_mixin.py:188} INFO - [2024-02-15T23:50:38.959+0000] {dag.py:3036} INFO - Sync 1 DAGs
[2024-02-15T23:50:38.977+0000] {logging_mixin.py:188} INFO - [2024-02-15T23:50:38.976+0000] {dag.py:3823} INFO - Setting next_dagrun for example_branch_labels to 2024-02-14 00:00:00+00:00, run_after=2024-02-15 00:00:00+00:00
[2024-02-15T23:50:38.991+0000] {processor.py:183} INFO - Processing /home/airflow/.local/lib/python3.8/site-packages/airflow/example_dags/example_branch_labels.py took 0.057 seconds
[2024-02-15T23:51:09.164+0000] {processor.py:161} INFO - Started process (PID=221) to work on /home/airflow/.local/lib/python3.8/site-packages/airflow/example_dags/example_branch_labels.py
[2024-02-15T23:51:09.165+0000] {processor.py:830} INFO - Processing file /home/airflow/.local/lib/python3.8/site-packages/airflow/example_dags/example_branch_labels.py for tasks to queue
[2024-02-15T23:51:09.166+0000] {logging_mixin.py:188} INFO - [2024-02-15T23:51:09.166+0000] {dagbag.py:538} INFO - Filling up the DagBag from /home/airflow/.local/lib/python3.8/site-packages/airflow/example_dags/example_branch_labels.py
[2024-02-15T23:51:09.171+0000] {processor.py:840} INFO - DAG(s) 'example_branch_labels' retrieved from /home/airflow/.local/lib/python3.8/site-packages/airflow/example_dags/example_branch_labels.py
[2024-02-15T23:51:09.185+0000] {logging_mixin.py:188} INFO - [2024-02-15T23:51:09.185+0000] {dag.py:3036} INFO - Sync 1 DAGs
[2024-02-15T23:51:09.201+0000] {logging_mixin.py:188} INFO - [2024-02-15T23:51:09.201+0000] {dag.py:3823} INFO - Setting next_dagrun for example_branch_labels to 2024-02-14 00:00:00+00:00, run_after=2024-02-15 00:00:00+00:00
[2024-02-15T23:51:09.215+0000] {processor.py:183} INFO - Processing /home/airflow/.local/lib/python3.8/site-packages/airflow/example_dags/example_branch_labels.py took 0.052 seconds
[2024-02-15T23:51:39.465+0000] {processor.py:161} INFO - Started process (PID=276) to work on /home/airflow/.local/lib/python3.8/site-packages/airflow/example_dags/example_branch_labels.py
[2024-02-15T23:51:39.466+0000] {processor.py:830} INFO - Processing file /home/airflow/.local/lib/python3.8/site-packages/airflow/example_dags/example_branch_labels.py for tasks to queue
[2024-02-15T23:51:39.467+0000] {logging_mixin.py:188} INFO - [2024-02-15T23:51:39.467+0000] {dagbag.py:538} INFO - Filling up the DagBag from /home/airflow/.local/lib/python3.8/site-packages/airflow/example_dags/example_branch_labels.py
[2024-02-15T23:51:39.472+0000] {processor.py:840} INFO - DAG(s) 'example_branch_labels' retrieved from /home/airflow/.local/lib/python3.8/site-packages/airflow/example_dags/example_branch_labels.py
[2024-02-15T23:51:39.486+0000] {logging_mixin.py:188} INFO - [2024-02-15T23:51:39.486+0000] {dag.py:3036} INFO - Sync 1 DAGs
[2024-02-15T23:51:39.501+0000] {logging_mixin.py:188} INFO - [2024-02-15T23:51:39.501+0000] {dag.py:3823} INFO - Setting next_dagrun for example_branch_labels to 2024-02-14 00:00:00+00:00, run_after=2024-02-15 00:00:00+00:00
[2024-02-15T23:51:39.514+0000] {processor.py:183} INFO - Processing /home/airflow/.local/lib/python3.8/site-packages/airflow/example_dags/example_branch_labels.py took 0.051 seconds
[2024-02-15T23:52:09.826+0000] {processor.py:161} INFO - Started process (PID=331) to work on /home/airflow/.local/lib/python3.8/site-packages/airflow/example_dags/example_branch_labels.py
[2024-02-15T23:52:09.827+0000] {processor.py:830} INFO - Processing file /home/airflow/.local/lib/python3.8/site-packages/airflow/example_dags/example_branch_labels.py for tasks to queue
[2024-02-15T23:52:09.828+0000] {logging_mixin.py:188} INFO - [2024-02-15T23:52:09.828+0000] {dagbag.py:538} INFO - Filling up the DagBag from /home/airflow/.local/lib/python3.8/site-packages/airflow/example_dags/example_branch_labels.py
[2024-02-15T23:52:09.834+0000] {processor.py:840} INFO - DAG(s) 'example_branch_labels' retrieved from /home/airflow/.local/lib/python3.8/site-packages/airflow/example_dags/example_branch_labels.py
[2024-02-15T23:52:09.849+0000] {logging_mixin.py:188} INFO - [2024-02-15T23:52:09.848+0000] {dag.py:3036} INFO - Sync 1 DAGs
[2024-02-15T23:52:09.865+0000] {logging_mixin.py:188} INFO - [2024-02-15T23:52:09.865+0000] {dag.py:3823} INFO - Setting next_dagrun for example_branch_labels to 2024-02-14 00:00:00+00:00, run_after=2024-02-15 00:00:00+00:00
[2024-02-15T23:52:09.877+0000] {processor.py:183} INFO - Processing /home/airflow/.local/lib/python3.8/site-packages/airflow/example_dags/example_branch_labels.py took 0.053 seconds
[2024-02-15T23:52:40.185+0000] {processor.py:161} INFO - Started process (PID=386) to work on /home/airflow/.local/lib/python3.8/site-packages/airflow/example_dags/example_branch_labels.py
[2024-02-15T23:52:40.185+0000] {processor.py:830} INFO - Processing file /home/airflow/.local/lib/python3.8/site-packages/airflow/example_dags/example_branch_labels.py for tasks to queue
[2024-02-15T23:52:40.186+0000] {logging_mixin.py:188} INFO - [2024-02-15T23:52:40.186+0000] {dagbag.py:538} INFO - Filling up the DagBag from /home/airflow/.local/lib/python3.8/site-packages/airflow/example_dags/example_branch_labels.py
[2024-02-15T23:52:40.191+0000] {processor.py:840} INFO - DAG(s) 'example_branch_labels' retrieved from /home/airflow/.local/lib/python3.8/site-packages/airflow/example_dags/example_branch_labels.py
[2024-02-15T23:52:40.205+0000] {logging_mixin.py:188} INFO - [2024-02-15T23:52:40.205+0000] {dag.py:3036} INFO - Sync 1 DAGs
[2024-02-15T23:52:40.220+0000] {logging_mixin.py:188} INFO - [2024-02-15T23:52:40.220+0000] {dag.py:3823} INFO - Setting next_dagrun for example_branch_labels to 2024-02-14 00:00:00+00:00, run_after=2024-02-15 00:00:00+00:00
[2024-02-15T23:52:40.232+0000] {processor.py:183} INFO - Processing /home/airflow/.local/lib/python3.8/site-packages/airflow/example_dags/example_branch_labels.py took 0.050 seconds
[2024-02-15T23:53:10.394+0000] {processor.py:161} INFO - Started process (PID=441) to work on /home/airflow/.local/lib/python3.8/site-packages/airflow/example_dags/example_branch_labels.py
[2024-02-15T23:53:10.395+0000] {processor.py:830} INFO - Processing file /home/airflow/.local/lib/python3.8/site-packages/airflow/example_dags/example_branch_labels.py for tasks to queue
[2024-02-15T23:53:10.397+0000] {logging_mixin.py:188} INFO - [2024-02-15T23:53:10.396+0000] {dagbag.py:538} INFO - Filling up the DagBag from /home/airflow/.local/lib/python3.8/site-packages/airflow/example_dags/example_branch_labels.py
[2024-02-15T23:53:10.402+0000] {processor.py:840} INFO - DAG(s) 'example_branch_labels' retrieved from /home/airflow/.local/lib/python3.8/site-packages/airflow/example_dags/example_branch_labels.py
[2024-02-15T23:53:10.417+0000] {logging_mixin.py:188} INFO - [2024-02-15T23:53:10.416+0000] {dag.py:3036} INFO - Sync 1 DAGs
[2024-02-15T23:53:10.433+0000] {logging_mixin.py:188} INFO - [2024-02-15T23:53:10.432+0000] {dag.py:3823} INFO - Setting next_dagrun for example_branch_labels to 2024-02-14 00:00:00+00:00, run_after=2024-02-15 00:00:00+00:00
[2024-02-15T23:53:10.446+0000] {processor.py:183} INFO - Processing /home/airflow/.local/lib/python3.8/site-packages/airflow/example_dags/example_branch_labels.py took 0.054 seconds
[2024-02-15T23:53:40.624+0000] {processor.py:161} INFO - Started process (PID=496) to work on /home/airflow/.local/lib/python3.8/site-packages/airflow/example_dags/example_branch_labels.py
[2024-02-15T23:53:40.624+0000] {processor.py:830} INFO - Processing file /home/airflow/.local/lib/python3.8/site-packages/airflow/example_dags/example_branch_labels.py for tasks to queue
[2024-02-15T23:53:40.625+0000] {logging_mixin.py:188} INFO - [2024-02-15T23:53:40.625+0000] {dagbag.py:538} INFO - Filling up the DagBag from /home/airflow/.local/lib/python3.8/site-packages/airflow/example_dags/example_branch_labels.py
[2024-02-15T23:53:40.630+0000] {processor.py:840} INFO - DAG(s) 'example_branch_labels' retrieved from /home/airflow/.local/lib/python3.8/site-packages/airflow/example_dags/example_branch_labels.py
[2024-02-15T23:53:40.645+0000] {logging_mixin.py:188} INFO - [2024-02-15T23:53:40.644+0000] {dag.py:3036} INFO - Sync 1 DAGs
[2024-02-15T23:53:40.661+0000] {logging_mixin.py:188} INFO - [2024-02-15T23:53:40.661+0000] {dag.py:3823} INFO - Setting next_dagrun for example_branch_labels to 2024-02-14 00:00:00+00:00, run_after=2024-02-15 00:00:00+00:00
[2024-02-15T23:53:40.676+0000] {processor.py:183} INFO - Processing /home/airflow/.local/lib/python3.8/site-packages/airflow/example_dags/example_branch_labels.py took 0.054 seconds
[2024-02-15T23:54:10.894+0000] {processor.py:161} INFO - Started process (PID=551) to work on /home/airflow/.local/lib/python3.8/site-packages/airflow/example_dags/example_branch_labels.py
[2024-02-15T23:54:10.895+0000] {processor.py:830} INFO - Processing file /home/airflow/.local/lib/python3.8/site-packages/airflow/example_dags/example_branch_labels.py for tasks to queue
[2024-02-15T23:54:10.896+0000] {logging_mixin.py:188} INFO - [2024-02-15T23:54:10.896+0000] {dagbag.py:538} INFO - Filling up the DagBag from /home/airflow/.local/lib/python3.8/site-packages/airflow/example_dags/example_branch_labels.py
[2024-02-15T23:54:10.901+0000] {processor.py:840} INFO - DAG(s) 'example_branch_labels' retrieved from /home/airflow/.local/lib/python3.8/site-packages/airflow/example_dags/example_branch_labels.py
[2024-02-15T23:54:10.916+0000] {logging_mixin.py:188} INFO - [2024-02-15T23:54:10.916+0000] {dag.py:3036} INFO - Sync 1 DAGs
[2024-02-15T23:54:10.932+0000] {logging_mixin.py:188} INFO - [2024-02-15T23:54:10.932+0000] {dag.py:3823} INFO - Setting next_dagrun for example_branch_labels to 2024-02-14 00:00:00+00:00, run_after=2024-02-15 00:00:00+00:00
[2024-02-15T23:54:10.945+0000] {processor.py:183} INFO - Processing /home/airflow/.local/lib/python3.8/site-packages/airflow/example_dags/example_branch_labels.py took 0.052 seconds
[2024-02-15T23:54:41.142+0000] {processor.py:161} INFO - Started process (PID=606) to work on /home/airflow/.local/lib/python3.8/site-packages/airflow/example_dags/example_branch_labels.py
[2024-02-15T23:54:41.143+0000] {processor.py:830} INFO - Processing file /home/airflow/.local/lib/python3.8/site-packages/airflow/example_dags/example_branch_labels.py for tasks to queue
[2024-02-15T23:54:41.144+0000] {logging_mixin.py:188} INFO - [2024-02-15T23:54:41.144+0000] {dagbag.py:538} INFO - Filling up the DagBag from /home/airflow/.local/lib/python3.8/site-packages/airflow/example_dags/example_branch_labels.py
[2024-02-15T23:54:41.149+0000] {processor.py:840} INFO - DAG(s) 'example_branch_labels' retrieved from /home/airflow/.local/lib/python3.8/site-packages/airflow/example_dags/example_branch_labels.py
[2024-02-15T23:54:41.164+0000] {logging_mixin.py:188} INFO - [2024-02-15T23:54:41.164+0000] {dag.py:3036} INFO - Sync 1 DAGs
[2024-02-15T23:54:41.180+0000] {logging_mixin.py:188} INFO - [2024-02-15T23:54:41.180+0000] {dag.py:3823} INFO - Setting next_dagrun for example_branch_labels to 2024-02-14 00:00:00+00:00, run_after=2024-02-15 00:00:00+00:00
[2024-02-15T23:54:41.193+0000] {processor.py:183} INFO - Processing /home/airflow/.local/lib/python3.8/site-packages/airflow/example_dags/example_branch_labels.py took 0.052 seconds
[2024-02-15T23:55:11.333+0000] {processor.py:161} INFO - Started process (PID=661) to work on /home/airflow/.local/lib/python3.8/site-packages/airflow/example_dags/example_branch_labels.py
[2024-02-15T23:55:11.333+0000] {processor.py:830} INFO - Processing file /home/airflow/.local/lib/python3.8/site-packages/airflow/example_dags/example_branch_labels.py for tasks to queue
[2024-02-15T23:55:11.334+0000] {logging_mixin.py:188} INFO - [2024-02-15T23:55:11.334+0000] {dagbag.py:538} INFO - Filling up the DagBag from /home/airflow/.local/lib/python3.8/site-packages/airflow/example_dags/example_branch_labels.py
[2024-02-15T23:55:11.340+0000] {processor.py:840} INFO - DAG(s) 'example_branch_labels' retrieved from /home/airflow/.local/lib/python3.8/site-packages/airflow/example_dags/example_branch_labels.py
[2024-02-15T23:55:11.354+0000] {logging_mixin.py:188} INFO - [2024-02-15T23:55:11.353+0000] {dag.py:3036} INFO - Sync 1 DAGs
[2024-02-15T23:55:11.369+0000] {logging_mixin.py:188} INFO - [2024-02-15T23:55:11.369+0000] {dag.py:3823} INFO - Setting next_dagrun for example_branch_labels to 2024-02-14 00:00:00+00:00, run_after=2024-02-15 00:00:00+00:00
[2024-02-15T23:55:11.384+0000] {processor.py:183} INFO - Processing /home/airflow/.local/lib/python3.8/site-packages/airflow/example_dags/example_branch_labels.py took 0.054 seconds
[2024-02-15T23:55:41.623+0000] {processor.py:161} INFO - Started process (PID=716) to work on /home/airflow/.local/lib/python3.8/site-packages/airflow/example_dags/example_branch_labels.py
[2024-02-15T23:55:41.623+0000] {processor.py:830} INFO - Processing file /home/airflow/.local/lib/python3.8/site-packages/airflow/example_dags/example_branch_labels.py for tasks to queue
[2024-02-15T23:55:41.625+0000] {logging_mixin.py:188} INFO - [2024-02-15T23:55:41.625+0000] {dagbag.py:538} INFO - Filling up the DagBag from /home/airflow/.local/lib/python3.8/site-packages/airflow/example_dags/example_branch_labels.py
[2024-02-15T23:55:41.630+0000] {processor.py:840} INFO - DAG(s) 'example_branch_labels' retrieved from /home/airflow/.local/lib/python3.8/site-packages/airflow/example_dags/example_branch_labels.py
[2024-02-15T23:55:41.642+0000] {logging_mixin.py:188} INFO - [2024-02-15T23:55:41.642+0000] {dag.py:3036} INFO - Sync 1 DAGs
[2024-02-15T23:55:41.658+0000] {logging_mixin.py:188} INFO - [2024-02-15T23:55:41.658+0000] {dag.py:3823} INFO - Setting next_dagrun for example_branch_labels to 2024-02-14 00:00:00+00:00, run_after=2024-02-15 00:00:00+00:00
[2024-02-15T23:55:41.671+0000] {processor.py:183} INFO - Processing /home/airflow/.local/lib/python3.8/site-packages/airflow/example_dags/example_branch_labels.py took 0.050 seconds
[2024-02-15T23:56:11.836+0000] {processor.py:161} INFO - Started process (PID=771) to work on /home/airflow/.local/lib/python3.8/site-packages/airflow/example_dags/example_branch_labels.py
[2024-02-15T23:56:11.837+0000] {processor.py:830} INFO - Processing file /home/airflow/.local/lib/python3.8/site-packages/airflow/example_dags/example_branch_labels.py for tasks to queue
[2024-02-15T23:56:11.838+0000] {logging_mixin.py:188} INFO - [2024-02-15T23:56:11.838+0000] {dagbag.py:538} INFO - Filling up the DagBag from /home/airflow/.local/lib/python3.8/site-packages/airflow/example_dags/example_branch_labels.py
[2024-02-15T23:56:11.844+0000] {processor.py:840} INFO - DAG(s) 'example_branch_labels' retrieved from /home/airflow/.local/lib/python3.8/site-packages/airflow/example_dags/example_branch_labels.py
[2024-02-15T23:56:11.856+0000] {logging_mixin.py:188} INFO - [2024-02-15T23:56:11.856+0000] {dag.py:3036} INFO - Sync 1 DAGs
[2024-02-15T23:56:11.871+0000] {logging_mixin.py:188} INFO - [2024-02-15T23:56:11.871+0000] {dag.py:3823} INFO - Setting next_dagrun for example_branch_labels to 2024-02-14 00:00:00+00:00, run_after=2024-02-15 00:00:00+00:00
[2024-02-15T23:56:11.884+0000] {processor.py:183} INFO - Processing /home/airflow/.local/lib/python3.8/site-packages/airflow/example_dags/example_branch_labels.py took 0.049 seconds
[2024-02-15T23:56:42.158+0000] {processor.py:161} INFO - Started process (PID=826) to work on /home/airflow/.local/lib/python3.8/site-packages/airflow/example_dags/example_branch_labels.py
[2024-02-15T23:56:42.158+0000] {processor.py:830} INFO - Processing file /home/airflow/.local/lib/python3.8/site-packages/airflow/example_dags/example_branch_labels.py for tasks to queue
[2024-02-15T23:56:42.159+0000] {logging_mixin.py:188} INFO - [2024-02-15T23:56:42.159+0000] {dagbag.py:538} INFO - Filling up the DagBag from /home/airflow/.local/lib/python3.8/site-packages/airflow/example_dags/example_branch_labels.py
[2024-02-15T23:56:42.164+0000] {processor.py:840} INFO - DAG(s) 'example_branch_labels' retrieved from /home/airflow/.local/lib/python3.8/site-packages/airflow/example_dags/example_branch_labels.py
[2024-02-15T23:56:42.178+0000] {logging_mixin.py:188} INFO - [2024-02-15T23:56:42.178+0000] {dag.py:3036} INFO - Sync 1 DAGs
[2024-02-15T23:56:42.194+0000] {logging_mixin.py:188} INFO - [2024-02-15T23:56:42.194+0000] {dag.py:3823} INFO - Setting next_dagrun for example_branch_labels to 2024-02-14 00:00:00+00:00, run_after=2024-02-15 00:00:00+00:00
[2024-02-15T23:56:42.206+0000] {processor.py:183} INFO - Processing /home/airflow/.local/lib/python3.8/site-packages/airflow/example_dags/example_branch_labels.py took 0.050 seconds
[2024-02-15T23:57:12.501+0000] {processor.py:161} INFO - Started process (PID=881) to work on /home/airflow/.local/lib/python3.8/site-packages/airflow/example_dags/example_branch_labels.py
[2024-02-15T23:57:12.502+0000] {processor.py:830} INFO - Processing file /home/airflow/.local/lib/python3.8/site-packages/airflow/example_dags/example_branch_labels.py for tasks to queue
[2024-02-15T23:57:12.503+0000] {logging_mixin.py:188} INFO - [2024-02-15T23:57:12.503+0000] {dagbag.py:538} INFO - Filling up the DagBag from /home/airflow/.local/lib/python3.8/site-packages/airflow/example_dags/example_branch_labels.py
[2024-02-15T23:57:12.508+0000] {processor.py:840} INFO - DAG(s) 'example_branch_labels' retrieved from /home/airflow/.local/lib/python3.8/site-packages/airflow/example_dags/example_branch_labels.py
[2024-02-15T23:57:12.524+0000] {logging_mixin.py:188} INFO - [2024-02-15T23:57:12.524+0000] {dag.py:3036} INFO - Sync 1 DAGs
[2024-02-15T23:57:12.540+0000] {logging_mixin.py:188} INFO - [2024-02-15T23:57:12.540+0000] {dag.py:3823} INFO - Setting next_dagrun for example_branch_labels to 2024-02-14 00:00:00+00:00, run_after=2024-02-15 00:00:00+00:00
[2024-02-15T23:57:12.554+0000] {processor.py:183} INFO - Processing /home/airflow/.local/lib/python3.8/site-packages/airflow/example_dags/example_branch_labels.py took 0.055 seconds
[2024-02-15T23:57:42.708+0000] {processor.py:161} INFO - Started process (PID=936) to work on /home/airflow/.local/lib/python3.8/site-packages/airflow/example_dags/example_branch_labels.py
[2024-02-15T23:57:42.709+0000] {processor.py:830} INFO - Processing file /home/airflow/.local/lib/python3.8/site-packages/airflow/example_dags/example_branch_labels.py for tasks to queue
[2024-02-15T23:57:42.710+0000] {logging_mixin.py:188} INFO - [2024-02-15T23:57:42.710+0000] {dagbag.py:538} INFO - Filling up the DagBag from /home/airflow/.local/lib/python3.8/site-packages/airflow/example_dags/example_branch_labels.py
[2024-02-15T23:57:42.716+0000] {processor.py:840} INFO - DAG(s) 'example_branch_labels' retrieved from /home/airflow/.local/lib/python3.8/site-packages/airflow/example_dags/example_branch_labels.py
[2024-02-15T23:57:42.733+0000] {logging_mixin.py:188} INFO - [2024-02-15T23:57:42.733+0000] {dag.py:3036} INFO - Sync 1 DAGs
[2024-02-15T23:57:42.750+0000] {logging_mixin.py:188} INFO - [2024-02-15T23:57:42.750+0000] {dag.py:3823} INFO - Setting next_dagrun for example_branch_labels to 2024-02-14 00:00:00+00:00, run_after=2024-02-15 00:00:00+00:00
[2024-02-15T23:57:42.764+0000] {processor.py:183} INFO - Processing /home/airflow/.local/lib/python3.8/site-packages/airflow/example_dags/example_branch_labels.py took 0.058 seconds
[2024-02-15T23:58:13.008+0000] {processor.py:161} INFO - Started process (PID=991) to work on /home/airflow/.local/lib/python3.8/site-packages/airflow/example_dags/example_branch_labels.py
[2024-02-15T23:58:13.009+0000] {processor.py:830} INFO - Processing file /home/airflow/.local/lib/python3.8/site-packages/airflow/example_dags/example_branch_labels.py for tasks to queue
[2024-02-15T23:58:13.010+0000] {logging_mixin.py:188} INFO - [2024-02-15T23:58:13.010+0000] {dagbag.py:538} INFO - Filling up the DagBag from /home/airflow/.local/lib/python3.8/site-packages/airflow/example_dags/example_branch_labels.py
[2024-02-15T23:58:13.015+0000] {processor.py:840} INFO - DAG(s) 'example_branch_labels' retrieved from /home/airflow/.local/lib/python3.8/site-packages/airflow/example_dags/example_branch_labels.py
[2024-02-15T23:58:13.030+0000] {logging_mixin.py:188} INFO - [2024-02-15T23:58:13.030+0000] {dag.py:3036} INFO - Sync 1 DAGs
[2024-02-15T23:58:13.045+0000] {logging_mixin.py:188} INFO - [2024-02-15T23:58:13.045+0000] {dag.py:3823} INFO - Setting next_dagrun for example_branch_labels to 2024-02-14 00:00:00+00:00, run_after=2024-02-15 00:00:00+00:00
[2024-02-15T23:58:13.059+0000] {processor.py:183} INFO - Processing /home/airflow/.local/lib/python3.8/site-packages/airflow/example_dags/example_branch_labels.py took 0.053 seconds
[2024-02-15T23:58:43.194+0000] {processor.py:161} INFO - Started process (PID=1046) to work on /home/airflow/.local/lib/python3.8/site-packages/airflow/example_dags/example_branch_labels.py
[2024-02-15T23:58:43.194+0000] {processor.py:830} INFO - Processing file /home/airflow/.local/lib/python3.8/site-packages/airflow/example_dags/example_branch_labels.py for tasks to queue
[2024-02-15T23:58:43.195+0000] {logging_mixin.py:188} INFO - [2024-02-15T23:58:43.195+0000] {dagbag.py:538} INFO - Filling up the DagBag from /home/airflow/.local/lib/python3.8/site-packages/airflow/example_dags/example_branch_labels.py
[2024-02-15T23:58:43.200+0000] {processor.py:840} INFO - DAG(s) 'example_branch_labels' retrieved from /home/airflow/.local/lib/python3.8/site-packages/airflow/example_dags/example_branch_labels.py
[2024-02-15T23:58:43.214+0000] {logging_mixin.py:188} INFO - [2024-02-15T23:58:43.214+0000] {dag.py:3036} INFO - Sync 1 DAGs
[2024-02-15T23:58:43.230+0000] {logging_mixin.py:188} INFO - [2024-02-15T23:58:43.229+0000] {dag.py:3823} INFO - Setting next_dagrun for example_branch_labels to 2024-02-14 00:00:00+00:00, run_after=2024-02-15 00:00:00+00:00
[2024-02-15T23:58:43.241+0000] {processor.py:183} INFO - Processing /home/airflow/.local/lib/python3.8/site-packages/airflow/example_dags/example_branch_labels.py took 0.049 seconds
[2024-02-15T23:59:13.334+0000] {processor.py:161} INFO - Started process (PID=1101) to work on /home/airflow/.local/lib/python3.8/site-packages/airflow/example_dags/example_branch_labels.py
[2024-02-15T23:59:13.335+0000] {processor.py:830} INFO - Processing file /home/airflow/.local/lib/python3.8/site-packages/airflow/example_dags/example_branch_labels.py for tasks to queue
[2024-02-15T23:59:13.336+0000] {logging_mixin.py:188} INFO - [2024-02-15T23:59:13.336+0000] {dagbag.py:538} INFO - Filling up the DagBag from /home/airflow/.local/lib/python3.8/site-packages/airflow/example_dags/example_branch_labels.py
[2024-02-15T23:59:13.341+0000] {processor.py:840} INFO - DAG(s) 'example_branch_labels' retrieved from /home/airflow/.local/lib/python3.8/site-packages/airflow/example_dags/example_branch_labels.py
[2024-02-15T23:59:13.355+0000] {logging_mixin.py:188} INFO - [2024-02-15T23:59:13.355+0000] {dag.py:3036} INFO - Sync 1 DAGs
[2024-02-15T23:59:13.371+0000] {logging_mixin.py:188} INFO - [2024-02-15T23:59:13.371+0000] {dag.py:3823} INFO - Setting next_dagrun for example_branch_labels to 2024-02-14 00:00:00+00:00, run_after=2024-02-15 00:00:00+00:00
[2024-02-15T23:59:13.384+0000] {processor.py:183} INFO - Processing /home/airflow/.local/lib/python3.8/site-packages/airflow/example_dags/example_branch_labels.py took 0.052 seconds
[2024-02-15T23:59:43.440+0000] {processor.py:161} INFO - Started process (PID=1156) to work on /home/airflow/.local/lib/python3.8/site-packages/airflow/example_dags/example_branch_labels.py
[2024-02-15T23:59:43.441+0000] {processor.py:830} INFO - Processing file /home/airflow/.local/lib/python3.8/site-packages/airflow/example_dags/example_branch_labels.py for tasks to queue
[2024-02-15T23:59:43.442+0000] {logging_mixin.py:188} INFO - [2024-02-15T23:59:43.442+0000] {dagbag.py:538} INFO - Filling up the DagBag from /home/airflow/.local/lib/python3.8/site-packages/airflow/example_dags/example_branch_labels.py
[2024-02-15T23:59:43.447+0000] {processor.py:840} INFO - DAG(s) 'example_branch_labels' retrieved from /home/airflow/.local/lib/python3.8/site-packages/airflow/example_dags/example_branch_labels.py
[2024-02-15T23:59:43.460+0000] {logging_mixin.py:188} INFO - [2024-02-15T23:59:43.460+0000] {dag.py:3036} INFO - Sync 1 DAGs
[2024-02-15T23:59:43.475+0000] {logging_mixin.py:188} INFO - [2024-02-15T23:59:43.475+0000] {dag.py:3823} INFO - Setting next_dagrun for example_branch_labels to 2024-02-14 00:00:00+00:00, run_after=2024-02-15 00:00:00+00:00
[2024-02-15T23:59:43.487+0000] {processor.py:183} INFO - Processing /home/airflow/.local/lib/python3.8/site-packages/airflow/example_dags/example_branch_labels.py took 0.048 seconds
