[2024-02-15T23:49:38.913+0000] {processor.py:161} INFO - Started process (PID=66) to work on /home/airflow/.local/lib/python3.8/site-packages/airflow/example_dags/example_params_trigger_ui.py
[2024-02-15T23:49:38.914+0000] {processor.py:830} INFO - Processing file /home/airflow/.local/lib/python3.8/site-packages/airflow/example_dags/example_params_trigger_ui.py for tasks to queue
[2024-02-15T23:49:38.916+0000] {logging_mixin.py:188} INFO - [2024-02-15T23:49:38.915+0000] {dagbag.py:538} INFO - Filling up the DagBag from /home/airflow/.local/lib/python3.8/site-packages/airflow/example_dags/example_params_trigger_ui.py
[2024-02-15T23:49:38.927+0000] {processor.py:840} INFO - DAG(s) 'example_params_trigger_ui' retrieved from /home/airflow/.local/lib/python3.8/site-packages/airflow/example_dags/example_params_trigger_ui.py
[2024-02-15T23:49:39.031+0000] {logging_mixin.py:188} INFO - [2024-02-15T23:49:39.030+0000] {override.py:1769} INFO - Created Permission View: can delete on DAG:example_params_trigger_ui
[2024-02-15T23:49:39.038+0000] {logging_mixin.py:188} INFO - [2024-02-15T23:49:39.038+0000] {override.py:1769} INFO - Created Permission View: can read on DAG:example_params_trigger_ui
[2024-02-15T23:49:39.044+0000] {logging_mixin.py:188} INFO - [2024-02-15T23:49:39.044+0000] {override.py:1769} INFO - Created Permission View: can edit on DAG:example_params_trigger_ui
[2024-02-15T23:49:39.045+0000] {logging_mixin.py:188} INFO - [2024-02-15T23:49:39.045+0000] {dag.py:3036} INFO - Sync 1 DAGs
[2024-02-15T23:49:39.053+0000] {logging_mixin.py:188} INFO - [2024-02-15T23:49:39.053+0000] {dag.py:3058} INFO - Creating ORM DAG for example_params_trigger_ui
[2024-02-15T23:49:39.054+0000] {logging_mixin.py:188} INFO - [2024-02-15T23:49:39.054+0000] {dag.py:3823} INFO - Setting next_dagrun for example_params_trigger_ui to None, run_after=None
[2024-02-15T23:49:39.068+0000] {processor.py:183} INFO - Processing /home/airflow/.local/lib/python3.8/site-packages/airflow/example_dags/example_params_trigger_ui.py took 0.156 seconds
[2024-02-15T23:50:09.107+0000] {processor.py:161} INFO - Started process (PID=121) to work on /home/airflow/.local/lib/python3.8/site-packages/airflow/example_dags/example_params_trigger_ui.py
[2024-02-15T23:50:09.108+0000] {processor.py:830} INFO - Processing file /home/airflow/.local/lib/python3.8/site-packages/airflow/example_dags/example_params_trigger_ui.py for tasks to queue
[2024-02-15T23:50:09.109+0000] {logging_mixin.py:188} INFO - [2024-02-15T23:50:09.109+0000] {dagbag.py:538} INFO - Filling up the DagBag from /home/airflow/.local/lib/python3.8/site-packages/airflow/example_dags/example_params_trigger_ui.py
[2024-02-15T23:50:09.117+0000] {processor.py:840} INFO - DAG(s) 'example_params_trigger_ui' retrieved from /home/airflow/.local/lib/python3.8/site-packages/airflow/example_dags/example_params_trigger_ui.py
[2024-02-15T23:50:09.156+0000] {logging_mixin.py:188} INFO - [2024-02-15T23:50:09.156+0000] {dag.py:3036} INFO - Sync 1 DAGs
[2024-02-15T23:50:09.165+0000] {logging_mixin.py:188} INFO - [2024-02-15T23:50:09.164+0000] {dag.py:3823} INFO - Setting next_dagrun for example_params_trigger_ui to None, run_after=None
[2024-02-15T23:50:09.178+0000] {processor.py:183} INFO - Processing /home/airflow/.local/lib/python3.8/site-packages/airflow/example_dags/example_params_trigger_ui.py took 0.073 seconds
[2024-02-15T23:50:39.390+0000] {processor.py:161} INFO - Started process (PID=176) to work on /home/airflow/.local/lib/python3.8/site-packages/airflow/example_dags/example_params_trigger_ui.py
[2024-02-15T23:50:39.391+0000] {processor.py:830} INFO - Processing file /home/airflow/.local/lib/python3.8/site-packages/airflow/example_dags/example_params_trigger_ui.py for tasks to queue
[2024-02-15T23:50:39.392+0000] {logging_mixin.py:188} INFO - [2024-02-15T23:50:39.392+0000] {dagbag.py:538} INFO - Filling up the DagBag from /home/airflow/.local/lib/python3.8/site-packages/airflow/example_dags/example_params_trigger_ui.py
[2024-02-15T23:50:39.402+0000] {processor.py:840} INFO - DAG(s) 'example_params_trigger_ui' retrieved from /home/airflow/.local/lib/python3.8/site-packages/airflow/example_dags/example_params_trigger_ui.py
[2024-02-15T23:50:39.443+0000] {logging_mixin.py:188} INFO - [2024-02-15T23:50:39.443+0000] {dag.py:3036} INFO - Sync 1 DAGs
[2024-02-15T23:50:39.452+0000] {logging_mixin.py:188} INFO - [2024-02-15T23:50:39.452+0000] {dag.py:3823} INFO - Setting next_dagrun for example_params_trigger_ui to None, run_after=None
[2024-02-15T23:50:39.467+0000] {processor.py:183} INFO - Processing /home/airflow/.local/lib/python3.8/site-packages/airflow/example_dags/example_params_trigger_ui.py took 0.079 seconds
[2024-02-15T23:51:09.611+0000] {processor.py:161} INFO - Started process (PID=231) to work on /home/airflow/.local/lib/python3.8/site-packages/airflow/example_dags/example_params_trigger_ui.py
[2024-02-15T23:51:09.612+0000] {processor.py:830} INFO - Processing file /home/airflow/.local/lib/python3.8/site-packages/airflow/example_dags/example_params_trigger_ui.py for tasks to queue
[2024-02-15T23:51:09.613+0000] {logging_mixin.py:188} INFO - [2024-02-15T23:51:09.612+0000] {dagbag.py:538} INFO - Filling up the DagBag from /home/airflow/.local/lib/python3.8/site-packages/airflow/example_dags/example_params_trigger_ui.py
[2024-02-15T23:51:09.621+0000] {processor.py:840} INFO - DAG(s) 'example_params_trigger_ui' retrieved from /home/airflow/.local/lib/python3.8/site-packages/airflow/example_dags/example_params_trigger_ui.py
[2024-02-15T23:51:09.659+0000] {logging_mixin.py:188} INFO - [2024-02-15T23:51:09.659+0000] {dag.py:3036} INFO - Sync 1 DAGs
[2024-02-15T23:51:09.667+0000] {logging_mixin.py:188} INFO - [2024-02-15T23:51:09.667+0000] {dag.py:3823} INFO - Setting next_dagrun for example_params_trigger_ui to None, run_after=None
[2024-02-15T23:51:09.680+0000] {processor.py:183} INFO - Processing /home/airflow/.local/lib/python3.8/site-packages/airflow/example_dags/example_params_trigger_ui.py took 0.071 seconds
[2024-02-15T23:51:39.897+0000] {processor.py:161} INFO - Started process (PID=286) to work on /home/airflow/.local/lib/python3.8/site-packages/airflow/example_dags/example_params_trigger_ui.py
[2024-02-15T23:51:39.897+0000] {processor.py:830} INFO - Processing file /home/airflow/.local/lib/python3.8/site-packages/airflow/example_dags/example_params_trigger_ui.py for tasks to queue
[2024-02-15T23:51:39.899+0000] {logging_mixin.py:188} INFO - [2024-02-15T23:51:39.898+0000] {dagbag.py:538} INFO - Filling up the DagBag from /home/airflow/.local/lib/python3.8/site-packages/airflow/example_dags/example_params_trigger_ui.py
[2024-02-15T23:51:39.907+0000] {processor.py:840} INFO - DAG(s) 'example_params_trigger_ui' retrieved from /home/airflow/.local/lib/python3.8/site-packages/airflow/example_dags/example_params_trigger_ui.py
[2024-02-15T23:51:39.945+0000] {logging_mixin.py:188} INFO - [2024-02-15T23:51:39.945+0000] {dag.py:3036} INFO - Sync 1 DAGs
[2024-02-15T23:51:39.954+0000] {logging_mixin.py:188} INFO - [2024-02-15T23:51:39.954+0000] {dag.py:3823} INFO - Setting next_dagrun for example_params_trigger_ui to None, run_after=None
[2024-02-15T23:51:39.967+0000] {processor.py:183} INFO - Processing /home/airflow/.local/lib/python3.8/site-packages/airflow/example_dags/example_params_trigger_ui.py took 0.072 seconds
[2024-02-15T23:52:10.302+0000] {processor.py:161} INFO - Started process (PID=341) to work on /home/airflow/.local/lib/python3.8/site-packages/airflow/example_dags/example_params_trigger_ui.py
[2024-02-15T23:52:10.303+0000] {processor.py:830} INFO - Processing file /home/airflow/.local/lib/python3.8/site-packages/airflow/example_dags/example_params_trigger_ui.py for tasks to queue
[2024-02-15T23:52:10.304+0000] {logging_mixin.py:188} INFO - [2024-02-15T23:52:10.304+0000] {dagbag.py:538} INFO - Filling up the DagBag from /home/airflow/.local/lib/python3.8/site-packages/airflow/example_dags/example_params_trigger_ui.py
[2024-02-15T23:52:10.312+0000] {processor.py:840} INFO - DAG(s) 'example_params_trigger_ui' retrieved from /home/airflow/.local/lib/python3.8/site-packages/airflow/example_dags/example_params_trigger_ui.py
[2024-02-15T23:52:10.351+0000] {logging_mixin.py:188} INFO - [2024-02-15T23:52:10.351+0000] {dag.py:3036} INFO - Sync 1 DAGs
[2024-02-15T23:52:10.360+0000] {logging_mixin.py:188} INFO - [2024-02-15T23:52:10.360+0000] {dag.py:3823} INFO - Setting next_dagrun for example_params_trigger_ui to None, run_after=None
[2024-02-15T23:52:10.372+0000] {processor.py:183} INFO - Processing /home/airflow/.local/lib/python3.8/site-packages/airflow/example_dags/example_params_trigger_ui.py took 0.072 seconds
[2024-02-15T23:52:40.601+0000] {processor.py:161} INFO - Started process (PID=396) to work on /home/airflow/.local/lib/python3.8/site-packages/airflow/example_dags/example_params_trigger_ui.py
[2024-02-15T23:52:40.602+0000] {processor.py:830} INFO - Processing file /home/airflow/.local/lib/python3.8/site-packages/airflow/example_dags/example_params_trigger_ui.py for tasks to queue
[2024-02-15T23:52:40.603+0000] {logging_mixin.py:188} INFO - [2024-02-15T23:52:40.603+0000] {dagbag.py:538} INFO - Filling up the DagBag from /home/airflow/.local/lib/python3.8/site-packages/airflow/example_dags/example_params_trigger_ui.py
[2024-02-15T23:52:40.611+0000] {processor.py:840} INFO - DAG(s) 'example_params_trigger_ui' retrieved from /home/airflow/.local/lib/python3.8/site-packages/airflow/example_dags/example_params_trigger_ui.py
[2024-02-15T23:52:40.651+0000] {logging_mixin.py:188} INFO - [2024-02-15T23:52:40.650+0000] {dag.py:3036} INFO - Sync 1 DAGs
[2024-02-15T23:52:40.659+0000] {logging_mixin.py:188} INFO - [2024-02-15T23:52:40.659+0000] {dag.py:3823} INFO - Setting next_dagrun for example_params_trigger_ui to None, run_after=None
[2024-02-15T23:52:40.672+0000] {processor.py:183} INFO - Processing /home/airflow/.local/lib/python3.8/site-packages/airflow/example_dags/example_params_trigger_ui.py took 0.073 seconds
[2024-02-15T23:53:10.888+0000] {processor.py:161} INFO - Started process (PID=451) to work on /home/airflow/.local/lib/python3.8/site-packages/airflow/example_dags/example_params_trigger_ui.py
[2024-02-15T23:53:10.889+0000] {processor.py:830} INFO - Processing file /home/airflow/.local/lib/python3.8/site-packages/airflow/example_dags/example_params_trigger_ui.py for tasks to queue
[2024-02-15T23:53:10.890+0000] {logging_mixin.py:188} INFO - [2024-02-15T23:53:10.890+0000] {dagbag.py:538} INFO - Filling up the DagBag from /home/airflow/.local/lib/python3.8/site-packages/airflow/example_dags/example_params_trigger_ui.py
[2024-02-15T23:53:10.899+0000] {processor.py:840} INFO - DAG(s) 'example_params_trigger_ui' retrieved from /home/airflow/.local/lib/python3.8/site-packages/airflow/example_dags/example_params_trigger_ui.py
[2024-02-15T23:53:10.939+0000] {logging_mixin.py:188} INFO - [2024-02-15T23:53:10.939+0000] {dag.py:3036} INFO - Sync 1 DAGs
[2024-02-15T23:53:10.948+0000] {logging_mixin.py:188} INFO - [2024-02-15T23:53:10.947+0000] {dag.py:3823} INFO - Setting next_dagrun for example_params_trigger_ui to None, run_after=None
[2024-02-15T23:53:10.960+0000] {processor.py:183} INFO - Processing /home/airflow/.local/lib/python3.8/site-packages/airflow/example_dags/example_params_trigger_ui.py took 0.074 seconds
[2024-02-15T23:53:41.109+0000] {processor.py:161} INFO - Started process (PID=506) to work on /home/airflow/.local/lib/python3.8/site-packages/airflow/example_dags/example_params_trigger_ui.py
[2024-02-15T23:53:41.110+0000] {processor.py:830} INFO - Processing file /home/airflow/.local/lib/python3.8/site-packages/airflow/example_dags/example_params_trigger_ui.py for tasks to queue
[2024-02-15T23:53:41.111+0000] {logging_mixin.py:188} INFO - [2024-02-15T23:53:41.111+0000] {dagbag.py:538} INFO - Filling up the DagBag from /home/airflow/.local/lib/python3.8/site-packages/airflow/example_dags/example_params_trigger_ui.py
[2024-02-15T23:53:41.122+0000] {processor.py:840} INFO - DAG(s) 'example_params_trigger_ui' retrieved from /home/airflow/.local/lib/python3.8/site-packages/airflow/example_dags/example_params_trigger_ui.py
[2024-02-15T23:53:41.165+0000] {logging_mixin.py:188} INFO - [2024-02-15T23:53:41.165+0000] {dag.py:3036} INFO - Sync 1 DAGs
[2024-02-15T23:53:41.175+0000] {logging_mixin.py:188} INFO - [2024-02-15T23:53:41.175+0000] {dag.py:3823} INFO - Setting next_dagrun for example_params_trigger_ui to None, run_after=None
[2024-02-15T23:53:41.189+0000] {processor.py:183} INFO - Processing /home/airflow/.local/lib/python3.8/site-packages/airflow/example_dags/example_params_trigger_ui.py took 0.081 seconds
[2024-02-15T23:54:11.363+0000] {processor.py:161} INFO - Started process (PID=561) to work on /home/airflow/.local/lib/python3.8/site-packages/airflow/example_dags/example_params_trigger_ui.py
[2024-02-15T23:54:11.363+0000] {processor.py:830} INFO - Processing file /home/airflow/.local/lib/python3.8/site-packages/airflow/example_dags/example_params_trigger_ui.py for tasks to queue
[2024-02-15T23:54:11.365+0000] {logging_mixin.py:188} INFO - [2024-02-15T23:54:11.364+0000] {dagbag.py:538} INFO - Filling up the DagBag from /home/airflow/.local/lib/python3.8/site-packages/airflow/example_dags/example_params_trigger_ui.py
[2024-02-15T23:54:11.373+0000] {processor.py:840} INFO - DAG(s) 'example_params_trigger_ui' retrieved from /home/airflow/.local/lib/python3.8/site-packages/airflow/example_dags/example_params_trigger_ui.py
[2024-02-15T23:54:11.412+0000] {logging_mixin.py:188} INFO - [2024-02-15T23:54:11.412+0000] {dag.py:3036} INFO - Sync 1 DAGs
[2024-02-15T23:54:11.421+0000] {logging_mixin.py:188} INFO - [2024-02-15T23:54:11.420+0000] {dag.py:3823} INFO - Setting next_dagrun for example_params_trigger_ui to None, run_after=None
[2024-02-15T23:54:11.433+0000] {processor.py:183} INFO - Processing /home/airflow/.local/lib/python3.8/site-packages/airflow/example_dags/example_params_trigger_ui.py took 0.072 seconds
[2024-02-15T23:54:41.593+0000] {processor.py:161} INFO - Started process (PID=616) to work on /home/airflow/.local/lib/python3.8/site-packages/airflow/example_dags/example_params_trigger_ui.py
[2024-02-15T23:54:41.593+0000] {processor.py:830} INFO - Processing file /home/airflow/.local/lib/python3.8/site-packages/airflow/example_dags/example_params_trigger_ui.py for tasks to queue
[2024-02-15T23:54:41.595+0000] {logging_mixin.py:188} INFO - [2024-02-15T23:54:41.595+0000] {dagbag.py:538} INFO - Filling up the DagBag from /home/airflow/.local/lib/python3.8/site-packages/airflow/example_dags/example_params_trigger_ui.py
[2024-02-15T23:54:41.604+0000] {processor.py:840} INFO - DAG(s) 'example_params_trigger_ui' retrieved from /home/airflow/.local/lib/python3.8/site-packages/airflow/example_dags/example_params_trigger_ui.py
[2024-02-15T23:54:41.644+0000] {logging_mixin.py:188} INFO - [2024-02-15T23:54:41.644+0000] {dag.py:3036} INFO - Sync 1 DAGs
[2024-02-15T23:54:41.652+0000] {logging_mixin.py:188} INFO - [2024-02-15T23:54:41.652+0000] {dag.py:3823} INFO - Setting next_dagrun for example_params_trigger_ui to None, run_after=None
[2024-02-15T23:54:41.665+0000] {processor.py:183} INFO - Processing /home/airflow/.local/lib/python3.8/site-packages/airflow/example_dags/example_params_trigger_ui.py took 0.074 seconds
[2024-02-15T23:55:11.768+0000] {processor.py:161} INFO - Started process (PID=671) to work on /home/airflow/.local/lib/python3.8/site-packages/airflow/example_dags/example_params_trigger_ui.py
[2024-02-15T23:55:11.768+0000] {processor.py:830} INFO - Processing file /home/airflow/.local/lib/python3.8/site-packages/airflow/example_dags/example_params_trigger_ui.py for tasks to queue
[2024-02-15T23:55:11.769+0000] {logging_mixin.py:188} INFO - [2024-02-15T23:55:11.769+0000] {dagbag.py:538} INFO - Filling up the DagBag from /home/airflow/.local/lib/python3.8/site-packages/airflow/example_dags/example_params_trigger_ui.py
[2024-02-15T23:55:11.779+0000] {processor.py:840} INFO - DAG(s) 'example_params_trigger_ui' retrieved from /home/airflow/.local/lib/python3.8/site-packages/airflow/example_dags/example_params_trigger_ui.py
[2024-02-15T23:55:11.818+0000] {logging_mixin.py:188} INFO - [2024-02-15T23:55:11.818+0000] {dag.py:3036} INFO - Sync 1 DAGs
[2024-02-15T23:55:11.827+0000] {logging_mixin.py:188} INFO - [2024-02-15T23:55:11.827+0000] {dag.py:3823} INFO - Setting next_dagrun for example_params_trigger_ui to None, run_after=None
[2024-02-15T23:55:11.841+0000] {processor.py:183} INFO - Processing /home/airflow/.local/lib/python3.8/site-packages/airflow/example_dags/example_params_trigger_ui.py took 0.076 seconds
[2024-02-15T23:55:42.025+0000] {processor.py:161} INFO - Started process (PID=726) to work on /home/airflow/.local/lib/python3.8/site-packages/airflow/example_dags/example_params_trigger_ui.py
[2024-02-15T23:55:42.025+0000] {processor.py:830} INFO - Processing file /home/airflow/.local/lib/python3.8/site-packages/airflow/example_dags/example_params_trigger_ui.py for tasks to queue
[2024-02-15T23:55:42.026+0000] {logging_mixin.py:188} INFO - [2024-02-15T23:55:42.026+0000] {dagbag.py:538} INFO - Filling up the DagBag from /home/airflow/.local/lib/python3.8/site-packages/airflow/example_dags/example_params_trigger_ui.py
[2024-02-15T23:55:42.035+0000] {processor.py:840} INFO - DAG(s) 'example_params_trigger_ui' retrieved from /home/airflow/.local/lib/python3.8/site-packages/airflow/example_dags/example_params_trigger_ui.py
[2024-02-15T23:55:42.075+0000] {logging_mixin.py:188} INFO - [2024-02-15T23:55:42.075+0000] {dag.py:3036} INFO - Sync 1 DAGs
[2024-02-15T23:55:42.084+0000] {logging_mixin.py:188} INFO - [2024-02-15T23:55:42.084+0000] {dag.py:3823} INFO - Setting next_dagrun for example_params_trigger_ui to None, run_after=None
[2024-02-15T23:55:42.097+0000] {processor.py:183} INFO - Processing /home/airflow/.local/lib/python3.8/site-packages/airflow/example_dags/example_params_trigger_ui.py took 0.074 seconds
[2024-02-15T23:56:12.226+0000] {processor.py:161} INFO - Started process (PID=781) to work on /home/airflow/.local/lib/python3.8/site-packages/airflow/example_dags/example_params_trigger_ui.py
[2024-02-15T23:56:12.227+0000] {processor.py:830} INFO - Processing file /home/airflow/.local/lib/python3.8/site-packages/airflow/example_dags/example_params_trigger_ui.py for tasks to queue
[2024-02-15T23:56:12.228+0000] {logging_mixin.py:188} INFO - [2024-02-15T23:56:12.228+0000] {dagbag.py:538} INFO - Filling up the DagBag from /home/airflow/.local/lib/python3.8/site-packages/airflow/example_dags/example_params_trigger_ui.py
[2024-02-15T23:56:12.236+0000] {processor.py:840} INFO - DAG(s) 'example_params_trigger_ui' retrieved from /home/airflow/.local/lib/python3.8/site-packages/airflow/example_dags/example_params_trigger_ui.py
[2024-02-15T23:56:12.275+0000] {logging_mixin.py:188} INFO - [2024-02-15T23:56:12.275+0000] {dag.py:3036} INFO - Sync 1 DAGs
[2024-02-15T23:56:12.284+0000] {logging_mixin.py:188} INFO - [2024-02-15T23:56:12.283+0000] {dag.py:3823} INFO - Setting next_dagrun for example_params_trigger_ui to None, run_after=None
[2024-02-15T23:56:12.297+0000] {processor.py:183} INFO - Processing /home/airflow/.local/lib/python3.8/site-packages/airflow/example_dags/example_params_trigger_ui.py took 0.073 seconds
[2024-02-15T23:56:42.582+0000] {processor.py:161} INFO - Started process (PID=836) to work on /home/airflow/.local/lib/python3.8/site-packages/airflow/example_dags/example_params_trigger_ui.py
[2024-02-15T23:56:42.583+0000] {processor.py:830} INFO - Processing file /home/airflow/.local/lib/python3.8/site-packages/airflow/example_dags/example_params_trigger_ui.py for tasks to queue
[2024-02-15T23:56:42.584+0000] {logging_mixin.py:188} INFO - [2024-02-15T23:56:42.584+0000] {dagbag.py:538} INFO - Filling up the DagBag from /home/airflow/.local/lib/python3.8/site-packages/airflow/example_dags/example_params_trigger_ui.py
[2024-02-15T23:56:42.593+0000] {processor.py:840} INFO - DAG(s) 'example_params_trigger_ui' retrieved from /home/airflow/.local/lib/python3.8/site-packages/airflow/example_dags/example_params_trigger_ui.py
[2024-02-15T23:56:42.632+0000] {logging_mixin.py:188} INFO - [2024-02-15T23:56:42.632+0000] {dag.py:3036} INFO - Sync 1 DAGs
[2024-02-15T23:56:42.641+0000] {logging_mixin.py:188} INFO - [2024-02-15T23:56:42.641+0000] {dag.py:3823} INFO - Setting next_dagrun for example_params_trigger_ui to None, run_after=None
[2024-02-15T23:56:42.654+0000] {processor.py:183} INFO - Processing /home/airflow/.local/lib/python3.8/site-packages/airflow/example_dags/example_params_trigger_ui.py took 0.074 seconds
[2024-02-15T23:57:12.924+0000] {processor.py:161} INFO - Started process (PID=891) to work on /home/airflow/.local/lib/python3.8/site-packages/airflow/example_dags/example_params_trigger_ui.py
[2024-02-15T23:57:12.924+0000] {processor.py:830} INFO - Processing file /home/airflow/.local/lib/python3.8/site-packages/airflow/example_dags/example_params_trigger_ui.py for tasks to queue
[2024-02-15T23:57:12.925+0000] {logging_mixin.py:188} INFO - [2024-02-15T23:57:12.925+0000] {dagbag.py:538} INFO - Filling up the DagBag from /home/airflow/.local/lib/python3.8/site-packages/airflow/example_dags/example_params_trigger_ui.py
[2024-02-15T23:57:12.934+0000] {processor.py:840} INFO - DAG(s) 'example_params_trigger_ui' retrieved from /home/airflow/.local/lib/python3.8/site-packages/airflow/example_dags/example_params_trigger_ui.py
[2024-02-15T23:57:12.974+0000] {logging_mixin.py:188} INFO - [2024-02-15T23:57:12.974+0000] {dag.py:3036} INFO - Sync 1 DAGs
[2024-02-15T23:57:12.983+0000] {logging_mixin.py:188} INFO - [2024-02-15T23:57:12.983+0000] {dag.py:3823} INFO - Setting next_dagrun for example_params_trigger_ui to None, run_after=None
[2024-02-15T23:57:12.996+0000] {processor.py:183} INFO - Processing /home/airflow/.local/lib/python3.8/site-packages/airflow/example_dags/example_params_trigger_ui.py took 0.074 seconds
[2024-02-15T23:57:43.210+0000] {processor.py:161} INFO - Started process (PID=946) to work on /home/airflow/.local/lib/python3.8/site-packages/airflow/example_dags/example_params_trigger_ui.py
[2024-02-15T23:57:43.211+0000] {processor.py:830} INFO - Processing file /home/airflow/.local/lib/python3.8/site-packages/airflow/example_dags/example_params_trigger_ui.py for tasks to queue
[2024-02-15T23:57:43.212+0000] {logging_mixin.py:188} INFO - [2024-02-15T23:57:43.212+0000] {dagbag.py:538} INFO - Filling up the DagBag from /home/airflow/.local/lib/python3.8/site-packages/airflow/example_dags/example_params_trigger_ui.py
[2024-02-15T23:57:43.221+0000] {processor.py:840} INFO - DAG(s) 'example_params_trigger_ui' retrieved from /home/airflow/.local/lib/python3.8/site-packages/airflow/example_dags/example_params_trigger_ui.py
[2024-02-15T23:57:43.261+0000] {logging_mixin.py:188} INFO - [2024-02-15T23:57:43.261+0000] {dag.py:3036} INFO - Sync 1 DAGs
[2024-02-15T23:57:43.270+0000] {logging_mixin.py:188} INFO - [2024-02-15T23:57:43.270+0000] {dag.py:3823} INFO - Setting next_dagrun for example_params_trigger_ui to None, run_after=None
[2024-02-15T23:57:43.283+0000] {processor.py:183} INFO - Processing /home/airflow/.local/lib/python3.8/site-packages/airflow/example_dags/example_params_trigger_ui.py took 0.075 seconds
[2024-02-15T23:58:13.459+0000] {processor.py:161} INFO - Started process (PID=1001) to work on /home/airflow/.local/lib/python3.8/site-packages/airflow/example_dags/example_params_trigger_ui.py
[2024-02-15T23:58:13.460+0000] {processor.py:830} INFO - Processing file /home/airflow/.local/lib/python3.8/site-packages/airflow/example_dags/example_params_trigger_ui.py for tasks to queue
[2024-02-15T23:58:13.461+0000] {logging_mixin.py:188} INFO - [2024-02-15T23:58:13.461+0000] {dagbag.py:538} INFO - Filling up the DagBag from /home/airflow/.local/lib/python3.8/site-packages/airflow/example_dags/example_params_trigger_ui.py
[2024-02-15T23:58:13.470+0000] {processor.py:840} INFO - DAG(s) 'example_params_trigger_ui' retrieved from /home/airflow/.local/lib/python3.8/site-packages/airflow/example_dags/example_params_trigger_ui.py
[2024-02-15T23:58:13.512+0000] {logging_mixin.py:188} INFO - [2024-02-15T23:58:13.512+0000] {dag.py:3036} INFO - Sync 1 DAGs
[2024-02-15T23:58:13.520+0000] {logging_mixin.py:188} INFO - [2024-02-15T23:58:13.520+0000] {dag.py:3823} INFO - Setting next_dagrun for example_params_trigger_ui to None, run_after=None
[2024-02-15T23:58:13.533+0000] {processor.py:183} INFO - Processing /home/airflow/.local/lib/python3.8/site-packages/airflow/example_dags/example_params_trigger_ui.py took 0.076 seconds
[2024-02-15T23:58:43.617+0000] {processor.py:161} INFO - Started process (PID=1056) to work on /home/airflow/.local/lib/python3.8/site-packages/airflow/example_dags/example_params_trigger_ui.py
[2024-02-15T23:58:43.618+0000] {processor.py:830} INFO - Processing file /home/airflow/.local/lib/python3.8/site-packages/airflow/example_dags/example_params_trigger_ui.py for tasks to queue
[2024-02-15T23:58:43.619+0000] {logging_mixin.py:188} INFO - [2024-02-15T23:58:43.619+0000] {dagbag.py:538} INFO - Filling up the DagBag from /home/airflow/.local/lib/python3.8/site-packages/airflow/example_dags/example_params_trigger_ui.py
[2024-02-15T23:58:43.628+0000] {processor.py:840} INFO - DAG(s) 'example_params_trigger_ui' retrieved from /home/airflow/.local/lib/python3.8/site-packages/airflow/example_dags/example_params_trigger_ui.py
[2024-02-15T23:58:43.668+0000] {logging_mixin.py:188} INFO - [2024-02-15T23:58:43.668+0000] {dag.py:3036} INFO - Sync 1 DAGs
[2024-02-15T23:58:43.677+0000] {logging_mixin.py:188} INFO - [2024-02-15T23:58:43.677+0000] {dag.py:3823} INFO - Setting next_dagrun for example_params_trigger_ui to None, run_after=None
[2024-02-15T23:58:43.689+0000] {processor.py:183} INFO - Processing /home/airflow/.local/lib/python3.8/site-packages/airflow/example_dags/example_params_trigger_ui.py took 0.073 seconds
[2024-02-15T23:59:13.754+0000] {processor.py:161} INFO - Started process (PID=1111) to work on /home/airflow/.local/lib/python3.8/site-packages/airflow/example_dags/example_params_trigger_ui.py
[2024-02-15T23:59:13.755+0000] {processor.py:830} INFO - Processing file /home/airflow/.local/lib/python3.8/site-packages/airflow/example_dags/example_params_trigger_ui.py for tasks to queue
[2024-02-15T23:59:13.756+0000] {logging_mixin.py:188} INFO - [2024-02-15T23:59:13.756+0000] {dagbag.py:538} INFO - Filling up the DagBag from /home/airflow/.local/lib/python3.8/site-packages/airflow/example_dags/example_params_trigger_ui.py
[2024-02-15T23:59:13.764+0000] {processor.py:840} INFO - DAG(s) 'example_params_trigger_ui' retrieved from /home/airflow/.local/lib/python3.8/site-packages/airflow/example_dags/example_params_trigger_ui.py
[2024-02-15T23:59:13.802+0000] {logging_mixin.py:188} INFO - [2024-02-15T23:59:13.802+0000] {dag.py:3036} INFO - Sync 1 DAGs
[2024-02-15T23:59:13.811+0000] {logging_mixin.py:188} INFO - [2024-02-15T23:59:13.811+0000] {dag.py:3823} INFO - Setting next_dagrun for example_params_trigger_ui to None, run_after=None
[2024-02-15T23:59:13.825+0000] {processor.py:183} INFO - Processing /home/airflow/.local/lib/python3.8/site-packages/airflow/example_dags/example_params_trigger_ui.py took 0.073 seconds
[2024-02-15T23:59:43.850+0000] {processor.py:161} INFO - Started process (PID=1166) to work on /home/airflow/.local/lib/python3.8/site-packages/airflow/example_dags/example_params_trigger_ui.py
[2024-02-15T23:59:43.851+0000] {processor.py:830} INFO - Processing file /home/airflow/.local/lib/python3.8/site-packages/airflow/example_dags/example_params_trigger_ui.py for tasks to queue
[2024-02-15T23:59:43.852+0000] {logging_mixin.py:188} INFO - [2024-02-15T23:59:43.852+0000] {dagbag.py:538} INFO - Filling up the DagBag from /home/airflow/.local/lib/python3.8/site-packages/airflow/example_dags/example_params_trigger_ui.py
[2024-02-15T23:59:43.860+0000] {processor.py:840} INFO - DAG(s) 'example_params_trigger_ui' retrieved from /home/airflow/.local/lib/python3.8/site-packages/airflow/example_dags/example_params_trigger_ui.py
[2024-02-15T23:59:43.900+0000] {logging_mixin.py:188} INFO - [2024-02-15T23:59:43.899+0000] {dag.py:3036} INFO - Sync 1 DAGs
[2024-02-15T23:59:43.908+0000] {logging_mixin.py:188} INFO - [2024-02-15T23:59:43.908+0000] {dag.py:3823} INFO - Setting next_dagrun for example_params_trigger_ui to None, run_after=None
[2024-02-15T23:59:43.922+0000] {processor.py:183} INFO - Processing /home/airflow/.local/lib/python3.8/site-packages/airflow/example_dags/example_params_trigger_ui.py took 0.074 seconds
