[2024-02-15T23:49:38.310+0000] {processor.py:161} INFO - Started process (PID=61) to work on /home/airflow/.local/lib/python3.8/site-packages/airflow/example_dags/example_task_group.py
[2024-02-15T23:49:38.311+0000] {processor.py:830} INFO - Processing file /home/airflow/.local/lib/python3.8/site-packages/airflow/example_dags/example_task_group.py for tasks to queue
[2024-02-15T23:49:38.312+0000] {logging_mixin.py:188} INFO - [2024-02-15T23:49:38.311+0000] {dagbag.py:538} INFO - Filling up the DagBag from /home/airflow/.local/lib/python3.8/site-packages/airflow/example_dags/example_task_group.py
[2024-02-15T23:49:38.319+0000] {processor.py:840} INFO - DAG(s) 'example_task_group' retrieved from /home/airflow/.local/lib/python3.8/site-packages/airflow/example_dags/example_task_group.py
[2024-02-15T23:49:38.399+0000] {logging_mixin.py:188} INFO - [2024-02-15T23:49:38.398+0000] {override.py:1769} INFO - Created Permission View: can delete on DAG:example_task_group
[2024-02-15T23:49:38.406+0000] {logging_mixin.py:188} INFO - [2024-02-15T23:49:38.406+0000] {override.py:1769} INFO - Created Permission View: can read on DAG:example_task_group
[2024-02-15T23:49:38.412+0000] {logging_mixin.py:188} INFO - [2024-02-15T23:49:38.411+0000] {override.py:1769} INFO - Created Permission View: can edit on DAG:example_task_group
[2024-02-15T23:49:38.412+0000] {logging_mixin.py:188} INFO - [2024-02-15T23:49:38.412+0000] {dag.py:3036} INFO - Sync 1 DAGs
[2024-02-15T23:49:38.421+0000] {logging_mixin.py:188} INFO - [2024-02-15T23:49:38.420+0000] {dag.py:3058} INFO - Creating ORM DAG for example_task_group
[2024-02-15T23:49:38.428+0000] {logging_mixin.py:188} INFO - [2024-02-15T23:49:38.428+0000] {dag.py:3823} INFO - Setting next_dagrun for example_task_group to 2024-02-14 00:00:00+00:00, run_after=2024-02-15 00:00:00+00:00
[2024-02-15T23:49:38.442+0000] {processor.py:183} INFO - Processing /home/airflow/.local/lib/python3.8/site-packages/airflow/example_dags/example_task_group.py took 0.134 seconds
[2024-02-15T23:50:08.799+0000] {processor.py:161} INFO - Started process (PID=115) to work on /home/airflow/.local/lib/python3.8/site-packages/airflow/example_dags/example_task_group.py
[2024-02-15T23:50:08.800+0000] {processor.py:830} INFO - Processing file /home/airflow/.local/lib/python3.8/site-packages/airflow/example_dags/example_task_group.py for tasks to queue
[2024-02-15T23:50:08.801+0000] {logging_mixin.py:188} INFO - [2024-02-15T23:50:08.800+0000] {dagbag.py:538} INFO - Filling up the DagBag from /home/airflow/.local/lib/python3.8/site-packages/airflow/example_dags/example_task_group.py
[2024-02-15T23:50:08.806+0000] {processor.py:840} INFO - DAG(s) 'example_task_group' retrieved from /home/airflow/.local/lib/python3.8/site-packages/airflow/example_dags/example_task_group.py
[2024-02-15T23:50:08.822+0000] {logging_mixin.py:188} INFO - [2024-02-15T23:50:08.821+0000] {dag.py:3036} INFO - Sync 1 DAGs
[2024-02-15T23:50:08.837+0000] {logging_mixin.py:188} INFO - [2024-02-15T23:50:08.837+0000] {dag.py:3823} INFO - Setting next_dagrun for example_task_group to 2024-02-14 00:00:00+00:00, run_after=2024-02-15 00:00:00+00:00
[2024-02-15T23:50:08.850+0000] {processor.py:183} INFO - Processing /home/airflow/.local/lib/python3.8/site-packages/airflow/example_dags/example_task_group.py took 0.053 seconds
[2024-02-15T23:50:39.140+0000] {processor.py:161} INFO - Started process (PID=171) to work on /home/airflow/.local/lib/python3.8/site-packages/airflow/example_dags/example_task_group.py
[2024-02-15T23:50:39.141+0000] {processor.py:830} INFO - Processing file /home/airflow/.local/lib/python3.8/site-packages/airflow/example_dags/example_task_group.py for tasks to queue
[2024-02-15T23:50:39.142+0000] {logging_mixin.py:188} INFO - [2024-02-15T23:50:39.142+0000] {dagbag.py:538} INFO - Filling up the DagBag from /home/airflow/.local/lib/python3.8/site-packages/airflow/example_dags/example_task_group.py
[2024-02-15T23:50:39.146+0000] {processor.py:840} INFO - DAG(s) 'example_task_group' retrieved from /home/airflow/.local/lib/python3.8/site-packages/airflow/example_dags/example_task_group.py
[2024-02-15T23:50:39.163+0000] {logging_mixin.py:188} INFO - [2024-02-15T23:50:39.162+0000] {dag.py:3036} INFO - Sync 1 DAGs
[2024-02-15T23:50:39.179+0000] {logging_mixin.py:188} INFO - [2024-02-15T23:50:39.179+0000] {dag.py:3823} INFO - Setting next_dagrun for example_task_group to 2024-02-14 00:00:00+00:00, run_after=2024-02-15 00:00:00+00:00
[2024-02-15T23:50:39.192+0000] {processor.py:183} INFO - Processing /home/airflow/.local/lib/python3.8/site-packages/airflow/example_dags/example_task_group.py took 0.055 seconds
[2024-02-15T23:51:09.316+0000] {processor.py:161} INFO - Started process (PID=225) to work on /home/airflow/.local/lib/python3.8/site-packages/airflow/example_dags/example_task_group.py
[2024-02-15T23:51:09.316+0000] {processor.py:830} INFO - Processing file /home/airflow/.local/lib/python3.8/site-packages/airflow/example_dags/example_task_group.py for tasks to queue
[2024-02-15T23:51:09.317+0000] {logging_mixin.py:188} INFO - [2024-02-15T23:51:09.317+0000] {dagbag.py:538} INFO - Filling up the DagBag from /home/airflow/.local/lib/python3.8/site-packages/airflow/example_dags/example_task_group.py
[2024-02-15T23:51:09.322+0000] {processor.py:840} INFO - DAG(s) 'example_task_group' retrieved from /home/airflow/.local/lib/python3.8/site-packages/airflow/example_dags/example_task_group.py
[2024-02-15T23:51:09.336+0000] {logging_mixin.py:188} INFO - [2024-02-15T23:51:09.336+0000] {dag.py:3036} INFO - Sync 1 DAGs
[2024-02-15T23:51:09.352+0000] {logging_mixin.py:188} INFO - [2024-02-15T23:51:09.352+0000] {dag.py:3823} INFO - Setting next_dagrun for example_task_group to 2024-02-14 00:00:00+00:00, run_after=2024-02-15 00:00:00+00:00
[2024-02-15T23:51:09.366+0000] {processor.py:183} INFO - Processing /home/airflow/.local/lib/python3.8/site-packages/airflow/example_dags/example_task_group.py took 0.052 seconds
[2024-02-15T23:51:39.622+0000] {processor.py:161} INFO - Started process (PID=280) to work on /home/airflow/.local/lib/python3.8/site-packages/airflow/example_dags/example_task_group.py
[2024-02-15T23:51:39.623+0000] {processor.py:830} INFO - Processing file /home/airflow/.local/lib/python3.8/site-packages/airflow/example_dags/example_task_group.py for tasks to queue
[2024-02-15T23:51:39.624+0000] {logging_mixin.py:188} INFO - [2024-02-15T23:51:39.624+0000] {dagbag.py:538} INFO - Filling up the DagBag from /home/airflow/.local/lib/python3.8/site-packages/airflow/example_dags/example_task_group.py
[2024-02-15T23:51:39.628+0000] {processor.py:840} INFO - DAG(s) 'example_task_group' retrieved from /home/airflow/.local/lib/python3.8/site-packages/airflow/example_dags/example_task_group.py
[2024-02-15T23:51:39.643+0000] {logging_mixin.py:188} INFO - [2024-02-15T23:51:39.643+0000] {dag.py:3036} INFO - Sync 1 DAGs
[2024-02-15T23:51:39.660+0000] {logging_mixin.py:188} INFO - [2024-02-15T23:51:39.660+0000] {dag.py:3823} INFO - Setting next_dagrun for example_task_group to 2024-02-14 00:00:00+00:00, run_after=2024-02-15 00:00:00+00:00
[2024-02-15T23:51:39.673+0000] {processor.py:183} INFO - Processing /home/airflow/.local/lib/python3.8/site-packages/airflow/example_dags/example_task_group.py took 0.053 seconds
[2024-02-15T23:52:10.055+0000] {processor.py:161} INFO - Started process (PID=336) to work on /home/airflow/.local/lib/python3.8/site-packages/airflow/example_dags/example_task_group.py
[2024-02-15T23:52:10.056+0000] {processor.py:830} INFO - Processing file /home/airflow/.local/lib/python3.8/site-packages/airflow/example_dags/example_task_group.py for tasks to queue
[2024-02-15T23:52:10.057+0000] {logging_mixin.py:188} INFO - [2024-02-15T23:52:10.056+0000] {dagbag.py:538} INFO - Filling up the DagBag from /home/airflow/.local/lib/python3.8/site-packages/airflow/example_dags/example_task_group.py
[2024-02-15T23:52:10.061+0000] {processor.py:840} INFO - DAG(s) 'example_task_group' retrieved from /home/airflow/.local/lib/python3.8/site-packages/airflow/example_dags/example_task_group.py
[2024-02-15T23:52:10.075+0000] {logging_mixin.py:188} INFO - [2024-02-15T23:52:10.075+0000] {dag.py:3036} INFO - Sync 1 DAGs
[2024-02-15T23:52:10.090+0000] {logging_mixin.py:188} INFO - [2024-02-15T23:52:10.090+0000] {dag.py:3823} INFO - Setting next_dagrun for example_task_group to 2024-02-14 00:00:00+00:00, run_after=2024-02-15 00:00:00+00:00
[2024-02-15T23:52:10.102+0000] {processor.py:183} INFO - Processing /home/airflow/.local/lib/python3.8/site-packages/airflow/example_dags/example_task_group.py took 0.049 seconds
[2024-02-15T23:52:40.370+0000] {processor.py:161} INFO - Started process (PID=391) to work on /home/airflow/.local/lib/python3.8/site-packages/airflow/example_dags/example_task_group.py
[2024-02-15T23:52:40.371+0000] {processor.py:830} INFO - Processing file /home/airflow/.local/lib/python3.8/site-packages/airflow/example_dags/example_task_group.py for tasks to queue
[2024-02-15T23:52:40.372+0000] {logging_mixin.py:188} INFO - [2024-02-15T23:52:40.372+0000] {dagbag.py:538} INFO - Filling up the DagBag from /home/airflow/.local/lib/python3.8/site-packages/airflow/example_dags/example_task_group.py
[2024-02-15T23:52:40.377+0000] {processor.py:840} INFO - DAG(s) 'example_task_group' retrieved from /home/airflow/.local/lib/python3.8/site-packages/airflow/example_dags/example_task_group.py
[2024-02-15T23:52:40.391+0000] {logging_mixin.py:188} INFO - [2024-02-15T23:52:40.391+0000] {dag.py:3036} INFO - Sync 1 DAGs
[2024-02-15T23:52:40.406+0000] {logging_mixin.py:188} INFO - [2024-02-15T23:52:40.406+0000] {dag.py:3823} INFO - Setting next_dagrun for example_task_group to 2024-02-14 00:00:00+00:00, run_after=2024-02-15 00:00:00+00:00
[2024-02-15T23:52:40.418+0000] {processor.py:183} INFO - Processing /home/airflow/.local/lib/python3.8/site-packages/airflow/example_dags/example_task_group.py took 0.050 seconds
[2024-02-15T23:53:10.579+0000] {processor.py:161} INFO - Started process (PID=446) to work on /home/airflow/.local/lib/python3.8/site-packages/airflow/example_dags/example_task_group.py
[2024-02-15T23:53:10.579+0000] {processor.py:830} INFO - Processing file /home/airflow/.local/lib/python3.8/site-packages/airflow/example_dags/example_task_group.py for tasks to queue
[2024-02-15T23:53:10.581+0000] {logging_mixin.py:188} INFO - [2024-02-15T23:53:10.580+0000] {dagbag.py:538} INFO - Filling up the DagBag from /home/airflow/.local/lib/python3.8/site-packages/airflow/example_dags/example_task_group.py
[2024-02-15T23:53:10.585+0000] {processor.py:840} INFO - DAG(s) 'example_task_group' retrieved from /home/airflow/.local/lib/python3.8/site-packages/airflow/example_dags/example_task_group.py
[2024-02-15T23:53:10.600+0000] {logging_mixin.py:188} INFO - [2024-02-15T23:53:10.599+0000] {dag.py:3036} INFO - Sync 1 DAGs
[2024-02-15T23:53:10.615+0000] {logging_mixin.py:188} INFO - [2024-02-15T23:53:10.614+0000] {dag.py:3823} INFO - Setting next_dagrun for example_task_group to 2024-02-14 00:00:00+00:00, run_after=2024-02-15 00:00:00+00:00
[2024-02-15T23:53:10.628+0000] {processor.py:183} INFO - Processing /home/airflow/.local/lib/python3.8/site-packages/airflow/example_dags/example_task_group.py took 0.051 seconds
[2024-02-15T23:53:40.784+0000] {processor.py:161} INFO - Started process (PID=500) to work on /home/airflow/.local/lib/python3.8/site-packages/airflow/example_dags/example_task_group.py
[2024-02-15T23:53:40.784+0000] {processor.py:830} INFO - Processing file /home/airflow/.local/lib/python3.8/site-packages/airflow/example_dags/example_task_group.py for tasks to queue
[2024-02-15T23:53:40.786+0000] {logging_mixin.py:188} INFO - [2024-02-15T23:53:40.785+0000] {dagbag.py:538} INFO - Filling up the DagBag from /home/airflow/.local/lib/python3.8/site-packages/airflow/example_dags/example_task_group.py
[2024-02-15T23:53:40.791+0000] {processor.py:840} INFO - DAG(s) 'example_task_group' retrieved from /home/airflow/.local/lib/python3.8/site-packages/airflow/example_dags/example_task_group.py
[2024-02-15T23:53:40.807+0000] {logging_mixin.py:188} INFO - [2024-02-15T23:53:40.807+0000] {dag.py:3036} INFO - Sync 1 DAGs
[2024-02-15T23:53:40.825+0000] {logging_mixin.py:188} INFO - [2024-02-15T23:53:40.824+0000] {dag.py:3823} INFO - Setting next_dagrun for example_task_group to 2024-02-14 00:00:00+00:00, run_after=2024-02-15 00:00:00+00:00
[2024-02-15T23:53:40.838+0000] {processor.py:183} INFO - Processing /home/airflow/.local/lib/python3.8/site-packages/airflow/example_dags/example_task_group.py took 0.056 seconds
[2024-02-15T23:54:11.125+0000] {processor.py:161} INFO - Started process (PID=556) to work on /home/airflow/.local/lib/python3.8/site-packages/airflow/example_dags/example_task_group.py
[2024-02-15T23:54:11.126+0000] {processor.py:830} INFO - Processing file /home/airflow/.local/lib/python3.8/site-packages/airflow/example_dags/example_task_group.py for tasks to queue
[2024-02-15T23:54:11.127+0000] {logging_mixin.py:188} INFO - [2024-02-15T23:54:11.127+0000] {dagbag.py:538} INFO - Filling up the DagBag from /home/airflow/.local/lib/python3.8/site-packages/airflow/example_dags/example_task_group.py
[2024-02-15T23:54:11.132+0000] {processor.py:840} INFO - DAG(s) 'example_task_group' retrieved from /home/airflow/.local/lib/python3.8/site-packages/airflow/example_dags/example_task_group.py
[2024-02-15T23:54:11.147+0000] {logging_mixin.py:188} INFO - [2024-02-15T23:54:11.147+0000] {dag.py:3036} INFO - Sync 1 DAGs
[2024-02-15T23:54:11.163+0000] {logging_mixin.py:188} INFO - [2024-02-15T23:54:11.162+0000] {dag.py:3823} INFO - Setting next_dagrun for example_task_group to 2024-02-14 00:00:00+00:00, run_after=2024-02-15 00:00:00+00:00
[2024-02-15T23:54:11.178+0000] {processor.py:183} INFO - Processing /home/airflow/.local/lib/python3.8/site-packages/airflow/example_dags/example_task_group.py took 0.054 seconds
[2024-02-15T23:54:41.299+0000] {processor.py:161} INFO - Started process (PID=610) to work on /home/airflow/.local/lib/python3.8/site-packages/airflow/example_dags/example_task_group.py
[2024-02-15T23:54:41.300+0000] {processor.py:830} INFO - Processing file /home/airflow/.local/lib/python3.8/site-packages/airflow/example_dags/example_task_group.py for tasks to queue
[2024-02-15T23:54:41.301+0000] {logging_mixin.py:188} INFO - [2024-02-15T23:54:41.301+0000] {dagbag.py:538} INFO - Filling up the DagBag from /home/airflow/.local/lib/python3.8/site-packages/airflow/example_dags/example_task_group.py
[2024-02-15T23:54:41.306+0000] {processor.py:840} INFO - DAG(s) 'example_task_group' retrieved from /home/airflow/.local/lib/python3.8/site-packages/airflow/example_dags/example_task_group.py
[2024-02-15T23:54:41.321+0000] {logging_mixin.py:188} INFO - [2024-02-15T23:54:41.321+0000] {dag.py:3036} INFO - Sync 1 DAGs
[2024-02-15T23:54:41.337+0000] {logging_mixin.py:188} INFO - [2024-02-15T23:54:41.337+0000] {dag.py:3823} INFO - Setting next_dagrun for example_task_group to 2024-02-14 00:00:00+00:00, run_after=2024-02-15 00:00:00+00:00
[2024-02-15T23:54:41.351+0000] {processor.py:183} INFO - Processing /home/airflow/.local/lib/python3.8/site-packages/airflow/example_dags/example_task_group.py took 0.053 seconds
[2024-02-15T23:55:11.487+0000] {processor.py:161} INFO - Started process (PID=665) to work on /home/airflow/.local/lib/python3.8/site-packages/airflow/example_dags/example_task_group.py
[2024-02-15T23:55:11.488+0000] {processor.py:830} INFO - Processing file /home/airflow/.local/lib/python3.8/site-packages/airflow/example_dags/example_task_group.py for tasks to queue
[2024-02-15T23:55:11.489+0000] {logging_mixin.py:188} INFO - [2024-02-15T23:55:11.489+0000] {dagbag.py:538} INFO - Filling up the DagBag from /home/airflow/.local/lib/python3.8/site-packages/airflow/example_dags/example_task_group.py
[2024-02-15T23:55:11.493+0000] {processor.py:840} INFO - DAG(s) 'example_task_group' retrieved from /home/airflow/.local/lib/python3.8/site-packages/airflow/example_dags/example_task_group.py
[2024-02-15T23:55:11.508+0000] {logging_mixin.py:188} INFO - [2024-02-15T23:55:11.508+0000] {dag.py:3036} INFO - Sync 1 DAGs
[2024-02-15T23:55:11.524+0000] {logging_mixin.py:188} INFO - [2024-02-15T23:55:11.524+0000] {dag.py:3823} INFO - Setting next_dagrun for example_task_group to 2024-02-14 00:00:00+00:00, run_after=2024-02-15 00:00:00+00:00
[2024-02-15T23:55:11.538+0000] {processor.py:183} INFO - Processing /home/airflow/.local/lib/python3.8/site-packages/airflow/example_dags/example_task_group.py took 0.052 seconds
[2024-02-15T23:55:41.749+0000] {processor.py:161} INFO - Started process (PID=720) to work on /home/airflow/.local/lib/python3.8/site-packages/airflow/example_dags/example_task_group.py
[2024-02-15T23:55:41.750+0000] {processor.py:830} INFO - Processing file /home/airflow/.local/lib/python3.8/site-packages/airflow/example_dags/example_task_group.py for tasks to queue
[2024-02-15T23:55:41.751+0000] {logging_mixin.py:188} INFO - [2024-02-15T23:55:41.751+0000] {dagbag.py:538} INFO - Filling up the DagBag from /home/airflow/.local/lib/python3.8/site-packages/airflow/example_dags/example_task_group.py
[2024-02-15T23:55:41.756+0000] {processor.py:840} INFO - DAG(s) 'example_task_group' retrieved from /home/airflow/.local/lib/python3.8/site-packages/airflow/example_dags/example_task_group.py
[2024-02-15T23:55:41.772+0000] {logging_mixin.py:188} INFO - [2024-02-15T23:55:41.772+0000] {dag.py:3036} INFO - Sync 1 DAGs
[2024-02-15T23:55:41.788+0000] {logging_mixin.py:188} INFO - [2024-02-15T23:55:41.788+0000] {dag.py:3823} INFO - Setting next_dagrun for example_task_group to 2024-02-14 00:00:00+00:00, run_after=2024-02-15 00:00:00+00:00
[2024-02-15T23:55:41.803+0000] {processor.py:183} INFO - Processing /home/airflow/.local/lib/python3.8/site-packages/airflow/example_dags/example_task_group.py took 0.055 seconds
[2024-02-15T23:56:11.967+0000] {processor.py:161} INFO - Started process (PID=775) to work on /home/airflow/.local/lib/python3.8/site-packages/airflow/example_dags/example_task_group.py
[2024-02-15T23:56:11.967+0000] {processor.py:830} INFO - Processing file /home/airflow/.local/lib/python3.8/site-packages/airflow/example_dags/example_task_group.py for tasks to queue
[2024-02-15T23:56:11.969+0000] {logging_mixin.py:188} INFO - [2024-02-15T23:56:11.968+0000] {dagbag.py:538} INFO - Filling up the DagBag from /home/airflow/.local/lib/python3.8/site-packages/airflow/example_dags/example_task_group.py
[2024-02-15T23:56:11.973+0000] {processor.py:840} INFO - DAG(s) 'example_task_group' retrieved from /home/airflow/.local/lib/python3.8/site-packages/airflow/example_dags/example_task_group.py
[2024-02-15T23:56:11.988+0000] {logging_mixin.py:188} INFO - [2024-02-15T23:56:11.988+0000] {dag.py:3036} INFO - Sync 1 DAGs
[2024-02-15T23:56:12.003+0000] {logging_mixin.py:188} INFO - [2024-02-15T23:56:12.003+0000] {dag.py:3823} INFO - Setting next_dagrun for example_task_group to 2024-02-14 00:00:00+00:00, run_after=2024-02-15 00:00:00+00:00
[2024-02-15T23:56:12.015+0000] {processor.py:183} INFO - Processing /home/airflow/.local/lib/python3.8/site-packages/airflow/example_dags/example_task_group.py took 0.050 seconds
[2024-02-15T23:56:42.348+0000] {processor.py:161} INFO - Started process (PID=831) to work on /home/airflow/.local/lib/python3.8/site-packages/airflow/example_dags/example_task_group.py
[2024-02-15T23:56:42.349+0000] {processor.py:830} INFO - Processing file /home/airflow/.local/lib/python3.8/site-packages/airflow/example_dags/example_task_group.py for tasks to queue
[2024-02-15T23:56:42.351+0000] {logging_mixin.py:188} INFO - [2024-02-15T23:56:42.350+0000] {dagbag.py:538} INFO - Filling up the DagBag from /home/airflow/.local/lib/python3.8/site-packages/airflow/example_dags/example_task_group.py
[2024-02-15T23:56:42.356+0000] {processor.py:840} INFO - DAG(s) 'example_task_group' retrieved from /home/airflow/.local/lib/python3.8/site-packages/airflow/example_dags/example_task_group.py
[2024-02-15T23:56:42.371+0000] {logging_mixin.py:188} INFO - [2024-02-15T23:56:42.370+0000] {dag.py:3036} INFO - Sync 1 DAGs
[2024-02-15T23:56:42.385+0000] {logging_mixin.py:188} INFO - [2024-02-15T23:56:42.385+0000] {dag.py:3823} INFO - Setting next_dagrun for example_task_group to 2024-02-14 00:00:00+00:00, run_after=2024-02-15 00:00:00+00:00
[2024-02-15T23:56:42.398+0000] {processor.py:183} INFO - Processing /home/airflow/.local/lib/python3.8/site-packages/airflow/example_dags/example_task_group.py took 0.051 seconds
[2024-02-15T23:57:12.689+0000] {processor.py:161} INFO - Started process (PID=886) to work on /home/airflow/.local/lib/python3.8/site-packages/airflow/example_dags/example_task_group.py
[2024-02-15T23:57:12.690+0000] {processor.py:830} INFO - Processing file /home/airflow/.local/lib/python3.8/site-packages/airflow/example_dags/example_task_group.py for tasks to queue
[2024-02-15T23:57:12.691+0000] {logging_mixin.py:188} INFO - [2024-02-15T23:57:12.691+0000] {dagbag.py:538} INFO - Filling up the DagBag from /home/airflow/.local/lib/python3.8/site-packages/airflow/example_dags/example_task_group.py
[2024-02-15T23:57:12.695+0000] {processor.py:840} INFO - DAG(s) 'example_task_group' retrieved from /home/airflow/.local/lib/python3.8/site-packages/airflow/example_dags/example_task_group.py
[2024-02-15T23:57:12.710+0000] {logging_mixin.py:188} INFO - [2024-02-15T23:57:12.710+0000] {dag.py:3036} INFO - Sync 1 DAGs
[2024-02-15T23:57:12.725+0000] {logging_mixin.py:188} INFO - [2024-02-15T23:57:12.725+0000] {dag.py:3823} INFO - Setting next_dagrun for example_task_group to 2024-02-14 00:00:00+00:00, run_after=2024-02-15 00:00:00+00:00
[2024-02-15T23:57:12.738+0000] {processor.py:183} INFO - Processing /home/airflow/.local/lib/python3.8/site-packages/airflow/example_dags/example_task_group.py took 0.050 seconds
[2024-02-15T23:57:42.951+0000] {processor.py:161} INFO - Started process (PID=941) to work on /home/airflow/.local/lib/python3.8/site-packages/airflow/example_dags/example_task_group.py
[2024-02-15T23:57:42.951+0000] {processor.py:830} INFO - Processing file /home/airflow/.local/lib/python3.8/site-packages/airflow/example_dags/example_task_group.py for tasks to queue
[2024-02-15T23:57:42.952+0000] {logging_mixin.py:188} INFO - [2024-02-15T23:57:42.952+0000] {dagbag.py:538} INFO - Filling up the DagBag from /home/airflow/.local/lib/python3.8/site-packages/airflow/example_dags/example_task_group.py
[2024-02-15T23:57:42.958+0000] {processor.py:840} INFO - DAG(s) 'example_task_group' retrieved from /home/airflow/.local/lib/python3.8/site-packages/airflow/example_dags/example_task_group.py
[2024-02-15T23:57:42.972+0000] {logging_mixin.py:188} INFO - [2024-02-15T23:57:42.972+0000] {dag.py:3036} INFO - Sync 1 DAGs
[2024-02-15T23:57:42.987+0000] {logging_mixin.py:188} INFO - [2024-02-15T23:57:42.987+0000] {dag.py:3823} INFO - Setting next_dagrun for example_task_group to 2024-02-14 00:00:00+00:00, run_after=2024-02-15 00:00:00+00:00
[2024-02-15T23:57:43.000+0000] {processor.py:183} INFO - Processing /home/airflow/.local/lib/python3.8/site-packages/airflow/example_dags/example_task_group.py took 0.051 seconds
[2024-02-15T23:58:13.166+0000] {processor.py:161} INFO - Started process (PID=995) to work on /home/airflow/.local/lib/python3.8/site-packages/airflow/example_dags/example_task_group.py
[2024-02-15T23:58:13.167+0000] {processor.py:830} INFO - Processing file /home/airflow/.local/lib/python3.8/site-packages/airflow/example_dags/example_task_group.py for tasks to queue
[2024-02-15T23:58:13.168+0000] {logging_mixin.py:188} INFO - [2024-02-15T23:58:13.168+0000] {dagbag.py:538} INFO - Filling up the DagBag from /home/airflow/.local/lib/python3.8/site-packages/airflow/example_dags/example_task_group.py
[2024-02-15T23:58:13.172+0000] {processor.py:840} INFO - DAG(s) 'example_task_group' retrieved from /home/airflow/.local/lib/python3.8/site-packages/airflow/example_dags/example_task_group.py
[2024-02-15T23:58:13.187+0000] {logging_mixin.py:188} INFO - [2024-02-15T23:58:13.187+0000] {dag.py:3036} INFO - Sync 1 DAGs
[2024-02-15T23:58:13.203+0000] {logging_mixin.py:188} INFO - [2024-02-15T23:58:13.203+0000] {dag.py:3823} INFO - Setting next_dagrun for example_task_group to 2024-02-14 00:00:00+00:00, run_after=2024-02-15 00:00:00+00:00
[2024-02-15T23:58:13.217+0000] {processor.py:183} INFO - Processing /home/airflow/.local/lib/python3.8/site-packages/airflow/example_dags/example_task_group.py took 0.053 seconds
[2024-02-15T23:58:43.345+0000] {processor.py:161} INFO - Started process (PID=1050) to work on /home/airflow/.local/lib/python3.8/site-packages/airflow/example_dags/example_task_group.py
[2024-02-15T23:58:43.345+0000] {processor.py:830} INFO - Processing file /home/airflow/.local/lib/python3.8/site-packages/airflow/example_dags/example_task_group.py for tasks to queue
[2024-02-15T23:58:43.347+0000] {logging_mixin.py:188} INFO - [2024-02-15T23:58:43.346+0000] {dagbag.py:538} INFO - Filling up the DagBag from /home/airflow/.local/lib/python3.8/site-packages/airflow/example_dags/example_task_group.py
[2024-02-15T23:58:43.351+0000] {processor.py:840} INFO - DAG(s) 'example_task_group' retrieved from /home/airflow/.local/lib/python3.8/site-packages/airflow/example_dags/example_task_group.py
[2024-02-15T23:58:43.366+0000] {logging_mixin.py:188} INFO - [2024-02-15T23:58:43.366+0000] {dag.py:3036} INFO - Sync 1 DAGs
[2024-02-15T23:58:43.383+0000] {logging_mixin.py:188} INFO - [2024-02-15T23:58:43.383+0000] {dag.py:3823} INFO - Setting next_dagrun for example_task_group to 2024-02-14 00:00:00+00:00, run_after=2024-02-15 00:00:00+00:00
[2024-02-15T23:58:43.397+0000] {processor.py:183} INFO - Processing /home/airflow/.local/lib/python3.8/site-packages/airflow/example_dags/example_task_group.py took 0.054 seconds
[2024-02-15T23:59:13.487+0000] {processor.py:161} INFO - Started process (PID=1105) to work on /home/airflow/.local/lib/python3.8/site-packages/airflow/example_dags/example_task_group.py
[2024-02-15T23:59:13.488+0000] {processor.py:830} INFO - Processing file /home/airflow/.local/lib/python3.8/site-packages/airflow/example_dags/example_task_group.py for tasks to queue
[2024-02-15T23:59:13.489+0000] {logging_mixin.py:188} INFO - [2024-02-15T23:59:13.489+0000] {dagbag.py:538} INFO - Filling up the DagBag from /home/airflow/.local/lib/python3.8/site-packages/airflow/example_dags/example_task_group.py
[2024-02-15T23:59:13.493+0000] {processor.py:840} INFO - DAG(s) 'example_task_group' retrieved from /home/airflow/.local/lib/python3.8/site-packages/airflow/example_dags/example_task_group.py
[2024-02-15T23:59:13.508+0000] {logging_mixin.py:188} INFO - [2024-02-15T23:59:13.508+0000] {dag.py:3036} INFO - Sync 1 DAGs
[2024-02-15T23:59:13.525+0000] {logging_mixin.py:188} INFO - [2024-02-15T23:59:13.524+0000] {dag.py:3823} INFO - Setting next_dagrun for example_task_group to 2024-02-14 00:00:00+00:00, run_after=2024-02-15 00:00:00+00:00
[2024-02-15T23:59:13.538+0000] {processor.py:183} INFO - Processing /home/airflow/.local/lib/python3.8/site-packages/airflow/example_dags/example_task_group.py took 0.052 seconds
[2024-02-15T23:59:43.587+0000] {processor.py:161} INFO - Started process (PID=1160) to work on /home/airflow/.local/lib/python3.8/site-packages/airflow/example_dags/example_task_group.py
[2024-02-15T23:59:43.588+0000] {processor.py:830} INFO - Processing file /home/airflow/.local/lib/python3.8/site-packages/airflow/example_dags/example_task_group.py for tasks to queue
[2024-02-15T23:59:43.589+0000] {logging_mixin.py:188} INFO - [2024-02-15T23:59:43.589+0000] {dagbag.py:538} INFO - Filling up the DagBag from /home/airflow/.local/lib/python3.8/site-packages/airflow/example_dags/example_task_group.py
[2024-02-15T23:59:43.593+0000] {processor.py:840} INFO - DAG(s) 'example_task_group' retrieved from /home/airflow/.local/lib/python3.8/site-packages/airflow/example_dags/example_task_group.py
[2024-02-15T23:59:43.607+0000] {logging_mixin.py:188} INFO - [2024-02-15T23:59:43.607+0000] {dag.py:3036} INFO - Sync 1 DAGs
[2024-02-15T23:59:43.622+0000] {logging_mixin.py:188} INFO - [2024-02-15T23:59:43.622+0000] {dag.py:3823} INFO - Setting next_dagrun for example_task_group to 2024-02-14 00:00:00+00:00, run_after=2024-02-15 00:00:00+00:00
[2024-02-15T23:59:43.635+0000] {processor.py:183} INFO - Processing /home/airflow/.local/lib/python3.8/site-packages/airflow/example_dags/example_task_group.py took 0.049 seconds
