[2024-02-15T23:49:37.407+0000] {processor.py:161} INFO - Started process (PID=52) to work on /home/airflow/.local/lib/python3.8/site-packages/airflow/example_dags/example_short_circuit_operator.py
[2024-02-15T23:49:37.408+0000] {processor.py:830} INFO - Processing file /home/airflow/.local/lib/python3.8/site-packages/airflow/example_dags/example_short_circuit_operator.py for tasks to queue
[2024-02-15T23:49:37.409+0000] {logging_mixin.py:188} INFO - [2024-02-15T23:49:37.409+0000] {dagbag.py:538} INFO - Filling up the DagBag from /home/airflow/.local/lib/python3.8/site-packages/airflow/example_dags/example_short_circuit_operator.py
[2024-02-15T23:49:37.416+0000] {processor.py:840} INFO - DAG(s) 'example_short_circuit_operator' retrieved from /home/airflow/.local/lib/python3.8/site-packages/airflow/example_dags/example_short_circuit_operator.py
[2024-02-15T23:49:37.503+0000] {logging_mixin.py:188} INFO - [2024-02-15T23:49:37.502+0000] {override.py:1769} INFO - Created Permission View: can delete on DAG:example_short_circuit_operator
[2024-02-15T23:49:37.512+0000] {logging_mixin.py:188} INFO - [2024-02-15T23:49:37.511+0000] {override.py:1769} INFO - Created Permission View: can read on DAG:example_short_circuit_operator
[2024-02-15T23:49:37.518+0000] {logging_mixin.py:188} INFO - [2024-02-15T23:49:37.518+0000] {override.py:1769} INFO - Created Permission View: can edit on DAG:example_short_circuit_operator
[2024-02-15T23:49:37.519+0000] {logging_mixin.py:188} INFO - [2024-02-15T23:49:37.518+0000] {dag.py:3036} INFO - Sync 1 DAGs
[2024-02-15T23:49:37.527+0000] {logging_mixin.py:188} INFO - [2024-02-15T23:49:37.527+0000] {dag.py:3058} INFO - Creating ORM DAG for example_short_circuit_operator
[2024-02-15T23:49:37.537+0000] {logging_mixin.py:188} INFO - [2024-02-15T23:49:37.537+0000] {dag.py:3823} INFO - Setting next_dagrun for example_short_circuit_operator to 2024-02-14 00:00:00+00:00, run_after=2024-02-15 00:00:00+00:00
[2024-02-15T23:49:37.554+0000] {processor.py:183} INFO - Processing /home/airflow/.local/lib/python3.8/site-packages/airflow/example_dags/example_short_circuit_operator.py took 0.149 seconds
[2024-02-15T23:50:08.519+0000] {processor.py:161} INFO - Started process (PID=107) to work on /home/airflow/.local/lib/python3.8/site-packages/airflow/example_dags/example_short_circuit_operator.py
[2024-02-15T23:50:08.520+0000] {processor.py:830} INFO - Processing file /home/airflow/.local/lib/python3.8/site-packages/airflow/example_dags/example_short_circuit_operator.py for tasks to queue
[2024-02-15T23:50:08.521+0000] {logging_mixin.py:188} INFO - [2024-02-15T23:50:08.521+0000] {dagbag.py:538} INFO - Filling up the DagBag from /home/airflow/.local/lib/python3.8/site-packages/airflow/example_dags/example_short_circuit_operator.py
[2024-02-15T23:50:08.525+0000] {processor.py:840} INFO - DAG(s) 'example_short_circuit_operator' retrieved from /home/airflow/.local/lib/python3.8/site-packages/airflow/example_dags/example_short_circuit_operator.py
[2024-02-15T23:50:08.541+0000] {logging_mixin.py:188} INFO - [2024-02-15T23:50:08.541+0000] {dag.py:3036} INFO - Sync 1 DAGs
[2024-02-15T23:50:08.555+0000] {logging_mixin.py:188} INFO - [2024-02-15T23:50:08.555+0000] {dag.py:3823} INFO - Setting next_dagrun for example_short_circuit_operator to 2024-02-14 00:00:00+00:00, run_after=2024-02-15 00:00:00+00:00
[2024-02-15T23:50:08.567+0000] {processor.py:183} INFO - Processing /home/airflow/.local/lib/python3.8/site-packages/airflow/example_dags/example_short_circuit_operator.py took 0.050 seconds
[2024-02-15T23:50:38.771+0000] {processor.py:161} INFO - Started process (PID=162) to work on /home/airflow/.local/lib/python3.8/site-packages/airflow/example_dags/example_short_circuit_operator.py
[2024-02-15T23:50:38.771+0000] {processor.py:830} INFO - Processing file /home/airflow/.local/lib/python3.8/site-packages/airflow/example_dags/example_short_circuit_operator.py for tasks to queue
[2024-02-15T23:50:38.773+0000] {logging_mixin.py:188} INFO - [2024-02-15T23:50:38.772+0000] {dagbag.py:538} INFO - Filling up the DagBag from /home/airflow/.local/lib/python3.8/site-packages/airflow/example_dags/example_short_circuit_operator.py
[2024-02-15T23:50:38.777+0000] {processor.py:840} INFO - DAG(s) 'example_short_circuit_operator' retrieved from /home/airflow/.local/lib/python3.8/site-packages/airflow/example_dags/example_short_circuit_operator.py
[2024-02-15T23:50:38.795+0000] {logging_mixin.py:188} INFO - [2024-02-15T23:50:38.795+0000] {dag.py:3036} INFO - Sync 1 DAGs
[2024-02-15T23:50:38.812+0000] {logging_mixin.py:188} INFO - [2024-02-15T23:50:38.812+0000] {dag.py:3823} INFO - Setting next_dagrun for example_short_circuit_operator to 2024-02-14 00:00:00+00:00, run_after=2024-02-15 00:00:00+00:00
[2024-02-15T23:50:38.826+0000] {processor.py:183} INFO - Processing /home/airflow/.local/lib/python3.8/site-packages/airflow/example_dags/example_short_circuit_operator.py took 0.057 seconds
[2024-02-15T23:51:09.014+0000] {processor.py:161} INFO - Started process (PID=217) to work on /home/airflow/.local/lib/python3.8/site-packages/airflow/example_dags/example_short_circuit_operator.py
[2024-02-15T23:51:09.014+0000] {processor.py:830} INFO - Processing file /home/airflow/.local/lib/python3.8/site-packages/airflow/example_dags/example_short_circuit_operator.py for tasks to queue
[2024-02-15T23:51:09.015+0000] {logging_mixin.py:188} INFO - [2024-02-15T23:51:09.015+0000] {dagbag.py:538} INFO - Filling up the DagBag from /home/airflow/.local/lib/python3.8/site-packages/airflow/example_dags/example_short_circuit_operator.py
[2024-02-15T23:51:09.020+0000] {processor.py:840} INFO - DAG(s) 'example_short_circuit_operator' retrieved from /home/airflow/.local/lib/python3.8/site-packages/airflow/example_dags/example_short_circuit_operator.py
[2024-02-15T23:51:09.035+0000] {logging_mixin.py:188} INFO - [2024-02-15T23:51:09.035+0000] {dag.py:3036} INFO - Sync 1 DAGs
[2024-02-15T23:51:09.049+0000] {logging_mixin.py:188} INFO - [2024-02-15T23:51:09.049+0000] {dag.py:3823} INFO - Setting next_dagrun for example_short_circuit_operator to 2024-02-14 00:00:00+00:00, run_after=2024-02-15 00:00:00+00:00
[2024-02-15T23:51:09.063+0000] {processor.py:183} INFO - Processing /home/airflow/.local/lib/python3.8/site-packages/airflow/example_dags/example_short_circuit_operator.py took 0.051 seconds
[2024-02-15T23:51:39.313+0000] {processor.py:161} INFO - Started process (PID=272) to work on /home/airflow/.local/lib/python3.8/site-packages/airflow/example_dags/example_short_circuit_operator.py
[2024-02-15T23:51:39.314+0000] {processor.py:830} INFO - Processing file /home/airflow/.local/lib/python3.8/site-packages/airflow/example_dags/example_short_circuit_operator.py for tasks to queue
[2024-02-15T23:51:39.315+0000] {logging_mixin.py:188} INFO - [2024-02-15T23:51:39.315+0000] {dagbag.py:538} INFO - Filling up the DagBag from /home/airflow/.local/lib/python3.8/site-packages/airflow/example_dags/example_short_circuit_operator.py
[2024-02-15T23:51:39.320+0000] {processor.py:840} INFO - DAG(s) 'example_short_circuit_operator' retrieved from /home/airflow/.local/lib/python3.8/site-packages/airflow/example_dags/example_short_circuit_operator.py
[2024-02-15T23:51:39.335+0000] {logging_mixin.py:188} INFO - [2024-02-15T23:51:39.335+0000] {dag.py:3036} INFO - Sync 1 DAGs
[2024-02-15T23:51:39.349+0000] {logging_mixin.py:188} INFO - [2024-02-15T23:51:39.349+0000] {dag.py:3823} INFO - Setting next_dagrun for example_short_circuit_operator to 2024-02-14 00:00:00+00:00, run_after=2024-02-15 00:00:00+00:00
[2024-02-15T23:51:39.362+0000] {processor.py:183} INFO - Processing /home/airflow/.local/lib/python3.8/site-packages/airflow/example_dags/example_short_circuit_operator.py took 0.051 seconds
[2024-02-15T23:52:09.689+0000] {processor.py:161} INFO - Started process (PID=327) to work on /home/airflow/.local/lib/python3.8/site-packages/airflow/example_dags/example_short_circuit_operator.py
[2024-02-15T23:52:09.689+0000] {processor.py:830} INFO - Processing file /home/airflow/.local/lib/python3.8/site-packages/airflow/example_dags/example_short_circuit_operator.py for tasks to queue
[2024-02-15T23:52:09.691+0000] {logging_mixin.py:188} INFO - [2024-02-15T23:52:09.690+0000] {dagbag.py:538} INFO - Filling up the DagBag from /home/airflow/.local/lib/python3.8/site-packages/airflow/example_dags/example_short_circuit_operator.py
[2024-02-15T23:52:09.695+0000] {processor.py:840} INFO - DAG(s) 'example_short_circuit_operator' retrieved from /home/airflow/.local/lib/python3.8/site-packages/airflow/example_dags/example_short_circuit_operator.py
[2024-02-15T23:52:09.711+0000] {logging_mixin.py:188} INFO - [2024-02-15T23:52:09.711+0000] {dag.py:3036} INFO - Sync 1 DAGs
[2024-02-15T23:52:09.726+0000] {logging_mixin.py:188} INFO - [2024-02-15T23:52:09.726+0000] {dag.py:3823} INFO - Setting next_dagrun for example_short_circuit_operator to 2024-02-14 00:00:00+00:00, run_after=2024-02-15 00:00:00+00:00
[2024-02-15T23:52:09.738+0000] {processor.py:183} INFO - Processing /home/airflow/.local/lib/python3.8/site-packages/airflow/example_dags/example_short_circuit_operator.py took 0.052 seconds
[2024-02-15T23:52:40.034+0000] {processor.py:161} INFO - Started process (PID=382) to work on /home/airflow/.local/lib/python3.8/site-packages/airflow/example_dags/example_short_circuit_operator.py
[2024-02-15T23:52:40.035+0000] {processor.py:830} INFO - Processing file /home/airflow/.local/lib/python3.8/site-packages/airflow/example_dags/example_short_circuit_operator.py for tasks to queue
[2024-02-15T23:52:40.036+0000] {logging_mixin.py:188} INFO - [2024-02-15T23:52:40.036+0000] {dagbag.py:538} INFO - Filling up the DagBag from /home/airflow/.local/lib/python3.8/site-packages/airflow/example_dags/example_short_circuit_operator.py
[2024-02-15T23:52:40.041+0000] {processor.py:840} INFO - DAG(s) 'example_short_circuit_operator' retrieved from /home/airflow/.local/lib/python3.8/site-packages/airflow/example_dags/example_short_circuit_operator.py
[2024-02-15T23:52:40.057+0000] {logging_mixin.py:188} INFO - [2024-02-15T23:52:40.057+0000] {dag.py:3036} INFO - Sync 1 DAGs
[2024-02-15T23:52:40.072+0000] {logging_mixin.py:188} INFO - [2024-02-15T23:52:40.072+0000] {dag.py:3823} INFO - Setting next_dagrun for example_short_circuit_operator to 2024-02-14 00:00:00+00:00, run_after=2024-02-15 00:00:00+00:00
[2024-02-15T23:52:40.084+0000] {processor.py:183} INFO - Processing /home/airflow/.local/lib/python3.8/site-packages/airflow/example_dags/example_short_circuit_operator.py took 0.053 seconds
[2024-02-15T23:53:10.232+0000] {processor.py:161} INFO - Started process (PID=437) to work on /home/airflow/.local/lib/python3.8/site-packages/airflow/example_dags/example_short_circuit_operator.py
[2024-02-15T23:53:10.232+0000] {processor.py:830} INFO - Processing file /home/airflow/.local/lib/python3.8/site-packages/airflow/example_dags/example_short_circuit_operator.py for tasks to queue
[2024-02-15T23:53:10.234+0000] {logging_mixin.py:188} INFO - [2024-02-15T23:53:10.233+0000] {dagbag.py:538} INFO - Filling up the DagBag from /home/airflow/.local/lib/python3.8/site-packages/airflow/example_dags/example_short_circuit_operator.py
[2024-02-15T23:53:10.238+0000] {processor.py:840} INFO - DAG(s) 'example_short_circuit_operator' retrieved from /home/airflow/.local/lib/python3.8/site-packages/airflow/example_dags/example_short_circuit_operator.py
[2024-02-15T23:53:10.255+0000] {logging_mixin.py:188} INFO - [2024-02-15T23:53:10.255+0000] {dag.py:3036} INFO - Sync 1 DAGs
[2024-02-15T23:53:10.270+0000] {logging_mixin.py:188} INFO - [2024-02-15T23:53:10.270+0000] {dag.py:3823} INFO - Setting next_dagrun for example_short_circuit_operator to 2024-02-14 00:00:00+00:00, run_after=2024-02-15 00:00:00+00:00
[2024-02-15T23:53:10.283+0000] {processor.py:183} INFO - Processing /home/airflow/.local/lib/python3.8/site-packages/airflow/example_dags/example_short_circuit_operator.py took 0.053 seconds
[2024-02-15T23:53:40.473+0000] {processor.py:161} INFO - Started process (PID=492) to work on /home/airflow/.local/lib/python3.8/site-packages/airflow/example_dags/example_short_circuit_operator.py
[2024-02-15T23:53:40.474+0000] {processor.py:830} INFO - Processing file /home/airflow/.local/lib/python3.8/site-packages/airflow/example_dags/example_short_circuit_operator.py for tasks to queue
[2024-02-15T23:53:40.475+0000] {logging_mixin.py:188} INFO - [2024-02-15T23:53:40.475+0000] {dagbag.py:538} INFO - Filling up the DagBag from /home/airflow/.local/lib/python3.8/site-packages/airflow/example_dags/example_short_circuit_operator.py
[2024-02-15T23:53:40.480+0000] {processor.py:840} INFO - DAG(s) 'example_short_circuit_operator' retrieved from /home/airflow/.local/lib/python3.8/site-packages/airflow/example_dags/example_short_circuit_operator.py
[2024-02-15T23:53:40.495+0000] {logging_mixin.py:188} INFO - [2024-02-15T23:53:40.495+0000] {dag.py:3036} INFO - Sync 1 DAGs
[2024-02-15T23:53:40.509+0000] {logging_mixin.py:188} INFO - [2024-02-15T23:53:40.509+0000] {dag.py:3823} INFO - Setting next_dagrun for example_short_circuit_operator to 2024-02-14 00:00:00+00:00, run_after=2024-02-15 00:00:00+00:00
[2024-02-15T23:53:40.522+0000] {processor.py:183} INFO - Processing /home/airflow/.local/lib/python3.8/site-packages/airflow/example_dags/example_short_circuit_operator.py took 0.051 seconds
[2024-02-15T23:54:10.762+0000] {processor.py:161} INFO - Started process (PID=547) to work on /home/airflow/.local/lib/python3.8/site-packages/airflow/example_dags/example_short_circuit_operator.py
[2024-02-15T23:54:10.763+0000] {processor.py:830} INFO - Processing file /home/airflow/.local/lib/python3.8/site-packages/airflow/example_dags/example_short_circuit_operator.py for tasks to queue
[2024-02-15T23:54:10.764+0000] {logging_mixin.py:188} INFO - [2024-02-15T23:54:10.764+0000] {dagbag.py:538} INFO - Filling up the DagBag from /home/airflow/.local/lib/python3.8/site-packages/airflow/example_dags/example_short_circuit_operator.py
[2024-02-15T23:54:10.770+0000] {processor.py:840} INFO - DAG(s) 'example_short_circuit_operator' retrieved from /home/airflow/.local/lib/python3.8/site-packages/airflow/example_dags/example_short_circuit_operator.py
[2024-02-15T23:54:10.787+0000] {logging_mixin.py:188} INFO - [2024-02-15T23:54:10.787+0000] {dag.py:3036} INFO - Sync 1 DAGs
[2024-02-15T23:54:10.803+0000] {logging_mixin.py:188} INFO - [2024-02-15T23:54:10.803+0000] {dag.py:3823} INFO - Setting next_dagrun for example_short_circuit_operator to 2024-02-14 00:00:00+00:00, run_after=2024-02-15 00:00:00+00:00
[2024-02-15T23:54:10.817+0000] {processor.py:183} INFO - Processing /home/airflow/.local/lib/python3.8/site-packages/airflow/example_dags/example_short_circuit_operator.py took 0.058 seconds
[2024-02-15T23:54:40.986+0000] {processor.py:161} INFO - Started process (PID=602) to work on /home/airflow/.local/lib/python3.8/site-packages/airflow/example_dags/example_short_circuit_operator.py
[2024-02-15T23:54:40.987+0000] {processor.py:830} INFO - Processing file /home/airflow/.local/lib/python3.8/site-packages/airflow/example_dags/example_short_circuit_operator.py for tasks to queue
[2024-02-15T23:54:40.988+0000] {logging_mixin.py:188} INFO - [2024-02-15T23:54:40.987+0000] {dagbag.py:538} INFO - Filling up the DagBag from /home/airflow/.local/lib/python3.8/site-packages/airflow/example_dags/example_short_circuit_operator.py
[2024-02-15T23:54:40.992+0000] {processor.py:840} INFO - DAG(s) 'example_short_circuit_operator' retrieved from /home/airflow/.local/lib/python3.8/site-packages/airflow/example_dags/example_short_circuit_operator.py
[2024-02-15T23:54:41.009+0000] {logging_mixin.py:188} INFO - [2024-02-15T23:54:41.008+0000] {dag.py:3036} INFO - Sync 1 DAGs
[2024-02-15T23:54:41.023+0000] {logging_mixin.py:188} INFO - [2024-02-15T23:54:41.023+0000] {dag.py:3823} INFO - Setting next_dagrun for example_short_circuit_operator to 2024-02-14 00:00:00+00:00, run_after=2024-02-15 00:00:00+00:00
[2024-02-15T23:54:41.036+0000] {processor.py:183} INFO - Processing /home/airflow/.local/lib/python3.8/site-packages/airflow/example_dags/example_short_circuit_operator.py took 0.052 seconds
[2024-02-15T23:55:11.180+0000] {processor.py:161} INFO - Started process (PID=657) to work on /home/airflow/.local/lib/python3.8/site-packages/airflow/example_dags/example_short_circuit_operator.py
[2024-02-15T23:55:11.181+0000] {processor.py:830} INFO - Processing file /home/airflow/.local/lib/python3.8/site-packages/airflow/example_dags/example_short_circuit_operator.py for tasks to queue
[2024-02-15T23:55:11.182+0000] {logging_mixin.py:188} INFO - [2024-02-15T23:55:11.182+0000] {dagbag.py:538} INFO - Filling up the DagBag from /home/airflow/.local/lib/python3.8/site-packages/airflow/example_dags/example_short_circuit_operator.py
[2024-02-15T23:55:11.187+0000] {processor.py:840} INFO - DAG(s) 'example_short_circuit_operator' retrieved from /home/airflow/.local/lib/python3.8/site-packages/airflow/example_dags/example_short_circuit_operator.py
[2024-02-15T23:55:11.202+0000] {logging_mixin.py:188} INFO - [2024-02-15T23:55:11.202+0000] {dag.py:3036} INFO - Sync 1 DAGs
[2024-02-15T23:55:11.216+0000] {logging_mixin.py:188} INFO - [2024-02-15T23:55:11.216+0000] {dag.py:3823} INFO - Setting next_dagrun for example_short_circuit_operator to 2024-02-14 00:00:00+00:00, run_after=2024-02-15 00:00:00+00:00
[2024-02-15T23:55:11.229+0000] {processor.py:183} INFO - Processing /home/airflow/.local/lib/python3.8/site-packages/airflow/example_dags/example_short_circuit_operator.py took 0.050 seconds
[2024-02-15T23:55:41.405+0000] {processor.py:161} INFO - Started process (PID=712) to work on /home/airflow/.local/lib/python3.8/site-packages/airflow/example_dags/example_short_circuit_operator.py
[2024-02-15T23:55:41.405+0000] {processor.py:830} INFO - Processing file /home/airflow/.local/lib/python3.8/site-packages/airflow/example_dags/example_short_circuit_operator.py for tasks to queue
[2024-02-15T23:55:41.406+0000] {logging_mixin.py:188} INFO - [2024-02-15T23:55:41.406+0000] {dagbag.py:538} INFO - Filling up the DagBag from /home/airflow/.local/lib/python3.8/site-packages/airflow/example_dags/example_short_circuit_operator.py
[2024-02-15T23:55:41.411+0000] {processor.py:840} INFO - DAG(s) 'example_short_circuit_operator' retrieved from /home/airflow/.local/lib/python3.8/site-packages/airflow/example_dags/example_short_circuit_operator.py
[2024-02-15T23:55:41.427+0000] {logging_mixin.py:188} INFO - [2024-02-15T23:55:41.427+0000] {dag.py:3036} INFO - Sync 1 DAGs
[2024-02-15T23:55:41.441+0000] {logging_mixin.py:188} INFO - [2024-02-15T23:55:41.441+0000] {dag.py:3823} INFO - Setting next_dagrun for example_short_circuit_operator to 2024-02-14 00:00:00+00:00, run_after=2024-02-15 00:00:00+00:00
[2024-02-15T23:55:41.454+0000] {processor.py:183} INFO - Processing /home/airflow/.local/lib/python3.8/site-packages/airflow/example_dags/example_short_circuit_operator.py took 0.051 seconds
[2024-02-15T23:56:11.623+0000] {processor.py:161} INFO - Started process (PID=767) to work on /home/airflow/.local/lib/python3.8/site-packages/airflow/example_dags/example_short_circuit_operator.py
[2024-02-15T23:56:11.624+0000] {processor.py:830} INFO - Processing file /home/airflow/.local/lib/python3.8/site-packages/airflow/example_dags/example_short_circuit_operator.py for tasks to queue
[2024-02-15T23:56:11.625+0000] {logging_mixin.py:188} INFO - [2024-02-15T23:56:11.625+0000] {dagbag.py:538} INFO - Filling up the DagBag from /home/airflow/.local/lib/python3.8/site-packages/airflow/example_dags/example_short_circuit_operator.py
[2024-02-15T23:56:11.630+0000] {processor.py:840} INFO - DAG(s) 'example_short_circuit_operator' retrieved from /home/airflow/.local/lib/python3.8/site-packages/airflow/example_dags/example_short_circuit_operator.py
[2024-02-15T23:56:11.645+0000] {logging_mixin.py:188} INFO - [2024-02-15T23:56:11.644+0000] {dag.py:3036} INFO - Sync 1 DAGs
[2024-02-15T23:56:11.659+0000] {logging_mixin.py:188} INFO - [2024-02-15T23:56:11.659+0000] {dag.py:3823} INFO - Setting next_dagrun for example_short_circuit_operator to 2024-02-14 00:00:00+00:00, run_after=2024-02-15 00:00:00+00:00
[2024-02-15T23:56:11.671+0000] {processor.py:183} INFO - Processing /home/airflow/.local/lib/python3.8/site-packages/airflow/example_dags/example_short_circuit_operator.py took 0.049 seconds
[2024-02-15T23:56:42.008+0000] {processor.py:161} INFO - Started process (PID=822) to work on /home/airflow/.local/lib/python3.8/site-packages/airflow/example_dags/example_short_circuit_operator.py
[2024-02-15T23:56:42.009+0000] {processor.py:830} INFO - Processing file /home/airflow/.local/lib/python3.8/site-packages/airflow/example_dags/example_short_circuit_operator.py for tasks to queue
[2024-02-15T23:56:42.010+0000] {logging_mixin.py:188} INFO - [2024-02-15T23:56:42.010+0000] {dagbag.py:538} INFO - Filling up the DagBag from /home/airflow/.local/lib/python3.8/site-packages/airflow/example_dags/example_short_circuit_operator.py
[2024-02-15T23:56:42.015+0000] {processor.py:840} INFO - DAG(s) 'example_short_circuit_operator' retrieved from /home/airflow/.local/lib/python3.8/site-packages/airflow/example_dags/example_short_circuit_operator.py
[2024-02-15T23:56:42.031+0000] {logging_mixin.py:188} INFO - [2024-02-15T23:56:42.031+0000] {dag.py:3036} INFO - Sync 1 DAGs
[2024-02-15T23:56:42.045+0000] {logging_mixin.py:188} INFO - [2024-02-15T23:56:42.044+0000] {dag.py:3823} INFO - Setting next_dagrun for example_short_circuit_operator to 2024-02-14 00:00:00+00:00, run_after=2024-02-15 00:00:00+00:00
[2024-02-15T23:56:42.056+0000] {processor.py:183} INFO - Processing /home/airflow/.local/lib/python3.8/site-packages/airflow/example_dags/example_short_circuit_operator.py took 0.050 seconds
[2024-02-15T23:57:12.348+0000] {processor.py:161} INFO - Started process (PID=877) to work on /home/airflow/.local/lib/python3.8/site-packages/airflow/example_dags/example_short_circuit_operator.py
[2024-02-15T23:57:12.349+0000] {processor.py:830} INFO - Processing file /home/airflow/.local/lib/python3.8/site-packages/airflow/example_dags/example_short_circuit_operator.py for tasks to queue
[2024-02-15T23:57:12.351+0000] {logging_mixin.py:188} INFO - [2024-02-15T23:57:12.350+0000] {dagbag.py:538} INFO - Filling up the DagBag from /home/airflow/.local/lib/python3.8/site-packages/airflow/example_dags/example_short_circuit_operator.py
[2024-02-15T23:57:12.356+0000] {processor.py:840} INFO - DAG(s) 'example_short_circuit_operator' retrieved from /home/airflow/.local/lib/python3.8/site-packages/airflow/example_dags/example_short_circuit_operator.py
[2024-02-15T23:57:12.371+0000] {logging_mixin.py:188} INFO - [2024-02-15T23:57:12.371+0000] {dag.py:3036} INFO - Sync 1 DAGs
[2024-02-15T23:57:12.385+0000] {logging_mixin.py:188} INFO - [2024-02-15T23:57:12.385+0000] {dag.py:3823} INFO - Setting next_dagrun for example_short_circuit_operator to 2024-02-14 00:00:00+00:00, run_after=2024-02-15 00:00:00+00:00
[2024-02-15T23:57:12.398+0000] {processor.py:183} INFO - Processing /home/airflow/.local/lib/python3.8/site-packages/airflow/example_dags/example_short_circuit_operator.py took 0.052 seconds
[2024-02-15T23:57:42.573+0000] {processor.py:161} INFO - Started process (PID=932) to work on /home/airflow/.local/lib/python3.8/site-packages/airflow/example_dags/example_short_circuit_operator.py
[2024-02-15T23:57:42.574+0000] {processor.py:830} INFO - Processing file /home/airflow/.local/lib/python3.8/site-packages/airflow/example_dags/example_short_circuit_operator.py for tasks to queue
[2024-02-15T23:57:42.575+0000] {logging_mixin.py:188} INFO - [2024-02-15T23:57:42.575+0000] {dagbag.py:538} INFO - Filling up the DagBag from /home/airflow/.local/lib/python3.8/site-packages/airflow/example_dags/example_short_circuit_operator.py
[2024-02-15T23:57:42.579+0000] {processor.py:840} INFO - DAG(s) 'example_short_circuit_operator' retrieved from /home/airflow/.local/lib/python3.8/site-packages/airflow/example_dags/example_short_circuit_operator.py
[2024-02-15T23:57:42.594+0000] {logging_mixin.py:188} INFO - [2024-02-15T23:57:42.594+0000] {dag.py:3036} INFO - Sync 1 DAGs
[2024-02-15T23:57:42.609+0000] {logging_mixin.py:188} INFO - [2024-02-15T23:57:42.609+0000] {dag.py:3823} INFO - Setting next_dagrun for example_short_circuit_operator to 2024-02-14 00:00:00+00:00, run_after=2024-02-15 00:00:00+00:00
[2024-02-15T23:57:42.621+0000] {processor.py:183} INFO - Processing /home/airflow/.local/lib/python3.8/site-packages/airflow/example_dags/example_short_circuit_operator.py took 0.050 seconds
[2024-02-15T23:58:12.854+0000] {processor.py:161} INFO - Started process (PID=987) to work on /home/airflow/.local/lib/python3.8/site-packages/airflow/example_dags/example_short_circuit_operator.py
[2024-02-15T23:58:12.855+0000] {processor.py:830} INFO - Processing file /home/airflow/.local/lib/python3.8/site-packages/airflow/example_dags/example_short_circuit_operator.py for tasks to queue
[2024-02-15T23:58:12.856+0000] {logging_mixin.py:188} INFO - [2024-02-15T23:58:12.856+0000] {dagbag.py:538} INFO - Filling up the DagBag from /home/airflow/.local/lib/python3.8/site-packages/airflow/example_dags/example_short_circuit_operator.py
[2024-02-15T23:58:12.861+0000] {processor.py:840} INFO - DAG(s) 'example_short_circuit_operator' retrieved from /home/airflow/.local/lib/python3.8/site-packages/airflow/example_dags/example_short_circuit_operator.py
[2024-02-15T23:58:12.878+0000] {logging_mixin.py:188} INFO - [2024-02-15T23:58:12.877+0000] {dag.py:3036} INFO - Sync 1 DAGs
[2024-02-15T23:58:12.893+0000] {logging_mixin.py:188} INFO - [2024-02-15T23:58:12.893+0000] {dag.py:3823} INFO - Setting next_dagrun for example_short_circuit_operator to 2024-02-14 00:00:00+00:00, run_after=2024-02-15 00:00:00+00:00
[2024-02-15T23:58:12.906+0000] {processor.py:183} INFO - Processing /home/airflow/.local/lib/python3.8/site-packages/airflow/example_dags/example_short_circuit_operator.py took 0.054 seconds
[2024-02-15T23:58:43.045+0000] {processor.py:161} INFO - Started process (PID=1042) to work on /home/airflow/.local/lib/python3.8/site-packages/airflow/example_dags/example_short_circuit_operator.py
[2024-02-15T23:58:43.046+0000] {processor.py:830} INFO - Processing file /home/airflow/.local/lib/python3.8/site-packages/airflow/example_dags/example_short_circuit_operator.py for tasks to queue
[2024-02-15T23:58:43.047+0000] {logging_mixin.py:188} INFO - [2024-02-15T23:58:43.047+0000] {dagbag.py:538} INFO - Filling up the DagBag from /home/airflow/.local/lib/python3.8/site-packages/airflow/example_dags/example_short_circuit_operator.py
[2024-02-15T23:58:43.051+0000] {processor.py:840} INFO - DAG(s) 'example_short_circuit_operator' retrieved from /home/airflow/.local/lib/python3.8/site-packages/airflow/example_dags/example_short_circuit_operator.py
[2024-02-15T23:58:43.067+0000] {logging_mixin.py:188} INFO - [2024-02-15T23:58:43.067+0000] {dag.py:3036} INFO - Sync 1 DAGs
[2024-02-15T23:58:43.081+0000] {logging_mixin.py:188} INFO - [2024-02-15T23:58:43.080+0000] {dag.py:3823} INFO - Setting next_dagrun for example_short_circuit_operator to 2024-02-14 00:00:00+00:00, run_after=2024-02-15 00:00:00+00:00
[2024-02-15T23:58:43.093+0000] {processor.py:183} INFO - Processing /home/airflow/.local/lib/python3.8/site-packages/airflow/example_dags/example_short_circuit_operator.py took 0.050 seconds
[2024-02-15T23:59:13.181+0000] {processor.py:161} INFO - Started process (PID=1097) to work on /home/airflow/.local/lib/python3.8/site-packages/airflow/example_dags/example_short_circuit_operator.py
[2024-02-15T23:59:13.182+0000] {processor.py:830} INFO - Processing file /home/airflow/.local/lib/python3.8/site-packages/airflow/example_dags/example_short_circuit_operator.py for tasks to queue
[2024-02-15T23:59:13.183+0000] {logging_mixin.py:188} INFO - [2024-02-15T23:59:13.183+0000] {dagbag.py:538} INFO - Filling up the DagBag from /home/airflow/.local/lib/python3.8/site-packages/airflow/example_dags/example_short_circuit_operator.py
[2024-02-15T23:59:13.187+0000] {processor.py:840} INFO - DAG(s) 'example_short_circuit_operator' retrieved from /home/airflow/.local/lib/python3.8/site-packages/airflow/example_dags/example_short_circuit_operator.py
[2024-02-15T23:59:13.204+0000] {logging_mixin.py:188} INFO - [2024-02-15T23:59:13.204+0000] {dag.py:3036} INFO - Sync 1 DAGs
[2024-02-15T23:59:13.217+0000] {logging_mixin.py:188} INFO - [2024-02-15T23:59:13.217+0000] {dag.py:3823} INFO - Setting next_dagrun for example_short_circuit_operator to 2024-02-14 00:00:00+00:00, run_after=2024-02-15 00:00:00+00:00
[2024-02-15T23:59:13.230+0000] {processor.py:183} INFO - Processing /home/airflow/.local/lib/python3.8/site-packages/airflow/example_dags/example_short_circuit_operator.py took 0.050 seconds
[2024-02-15T23:59:43.292+0000] {processor.py:161} INFO - Started process (PID=1152) to work on /home/airflow/.local/lib/python3.8/site-packages/airflow/example_dags/example_short_circuit_operator.py
[2024-02-15T23:59:43.293+0000] {processor.py:830} INFO - Processing file /home/airflow/.local/lib/python3.8/site-packages/airflow/example_dags/example_short_circuit_operator.py for tasks to queue
[2024-02-15T23:59:43.294+0000] {logging_mixin.py:188} INFO - [2024-02-15T23:59:43.294+0000] {dagbag.py:538} INFO - Filling up the DagBag from /home/airflow/.local/lib/python3.8/site-packages/airflow/example_dags/example_short_circuit_operator.py
[2024-02-15T23:59:43.299+0000] {processor.py:840} INFO - DAG(s) 'example_short_circuit_operator' retrieved from /home/airflow/.local/lib/python3.8/site-packages/airflow/example_dags/example_short_circuit_operator.py
[2024-02-15T23:59:43.316+0000] {logging_mixin.py:188} INFO - [2024-02-15T23:59:43.316+0000] {dag.py:3036} INFO - Sync 1 DAGs
[2024-02-15T23:59:43.330+0000] {logging_mixin.py:188} INFO - [2024-02-15T23:59:43.330+0000] {dag.py:3823} INFO - Setting next_dagrun for example_short_circuit_operator to 2024-02-14 00:00:00+00:00, run_after=2024-02-15 00:00:00+00:00
[2024-02-15T23:59:43.343+0000] {processor.py:183} INFO - Processing /home/airflow/.local/lib/python3.8/site-packages/airflow/example_dags/example_short_circuit_operator.py took 0.052 seconds
