[2024-02-15T23:49:39.398+0000] {processor.py:161} INFO - Started process (PID=71) to work on /home/airflow/.local/lib/python3.8/site-packages/airflow/example_dags/example_setup_teardown.py
[2024-02-15T23:49:39.399+0000] {processor.py:830} INFO - Processing file /home/airflow/.local/lib/python3.8/site-packages/airflow/example_dags/example_setup_teardown.py for tasks to queue
[2024-02-15T23:49:39.401+0000] {logging_mixin.py:188} INFO - [2024-02-15T23:49:39.401+0000] {dagbag.py:538} INFO - Filling up the DagBag from /home/airflow/.local/lib/python3.8/site-packages/airflow/example_dags/example_setup_teardown.py
[2024-02-15T23:49:39.408+0000] {processor.py:840} INFO - DAG(s) 'example_setup_teardown' retrieved from /home/airflow/.local/lib/python3.8/site-packages/airflow/example_dags/example_setup_teardown.py
[2024-02-15T23:49:39.489+0000] {logging_mixin.py:188} INFO - [2024-02-15T23:49:39.488+0000] {override.py:1769} INFO - Created Permission View: can delete on DAG:example_setup_teardown
[2024-02-15T23:49:39.497+0000] {logging_mixin.py:188} INFO - [2024-02-15T23:49:39.497+0000] {override.py:1769} INFO - Created Permission View: can read on DAG:example_setup_teardown
[2024-02-15T23:49:39.503+0000] {logging_mixin.py:188} INFO - [2024-02-15T23:49:39.503+0000] {override.py:1769} INFO - Created Permission View: can edit on DAG:example_setup_teardown
[2024-02-15T23:49:39.504+0000] {logging_mixin.py:188} INFO - [2024-02-15T23:49:39.504+0000] {dag.py:3036} INFO - Sync 1 DAGs
[2024-02-15T23:49:39.512+0000] {logging_mixin.py:188} INFO - [2024-02-15T23:49:39.512+0000] {dag.py:3058} INFO - Creating ORM DAG for example_setup_teardown
[2024-02-15T23:49:39.522+0000] {logging_mixin.py:188} INFO - [2024-02-15T23:49:39.522+0000] {dag.py:3823} INFO - Setting next_dagrun for example_setup_teardown to 2024-02-14 00:00:00+00:00, run_after=2024-02-15 00:00:00+00:00
[2024-02-15T23:49:39.537+0000] {processor.py:183} INFO - Processing /home/airflow/.local/lib/python3.8/site-packages/airflow/example_dags/example_setup_teardown.py took 0.141 seconds
[2024-02-15T23:50:10.240+0000] {processor.py:161} INFO - Started process (PID=126) to work on /home/airflow/.local/lib/python3.8/site-packages/airflow/example_dags/example_setup_teardown.py
[2024-02-15T23:50:10.240+0000] {processor.py:830} INFO - Processing file /home/airflow/.local/lib/python3.8/site-packages/airflow/example_dags/example_setup_teardown.py for tasks to queue
[2024-02-15T23:50:10.241+0000] {logging_mixin.py:188} INFO - [2024-02-15T23:50:10.241+0000] {dagbag.py:538} INFO - Filling up the DagBag from /home/airflow/.local/lib/python3.8/site-packages/airflow/example_dags/example_setup_teardown.py
[2024-02-15T23:50:10.246+0000] {processor.py:840} INFO - DAG(s) 'example_setup_teardown' retrieved from /home/airflow/.local/lib/python3.8/site-packages/airflow/example_dags/example_setup_teardown.py
[2024-02-15T23:50:10.259+0000] {logging_mixin.py:188} INFO - [2024-02-15T23:50:10.259+0000] {dag.py:3036} INFO - Sync 1 DAGs
[2024-02-15T23:50:10.274+0000] {logging_mixin.py:188} INFO - [2024-02-15T23:50:10.274+0000] {dag.py:3823} INFO - Setting next_dagrun for example_setup_teardown to 2024-02-14 00:00:00+00:00, run_after=2024-02-15 00:00:00+00:00
[2024-02-15T23:50:10.286+0000] {processor.py:183} INFO - Processing /home/airflow/.local/lib/python3.8/site-packages/airflow/example_dags/example_setup_teardown.py took 0.049 seconds
[2024-02-15T23:50:40.578+0000] {processor.py:161} INFO - Started process (PID=181) to work on /home/airflow/.local/lib/python3.8/site-packages/airflow/example_dags/example_setup_teardown.py
[2024-02-15T23:50:40.579+0000] {processor.py:830} INFO - Processing file /home/airflow/.local/lib/python3.8/site-packages/airflow/example_dags/example_setup_teardown.py for tasks to queue
[2024-02-15T23:50:40.580+0000] {logging_mixin.py:188} INFO - [2024-02-15T23:50:40.580+0000] {dagbag.py:538} INFO - Filling up the DagBag from /home/airflow/.local/lib/python3.8/site-packages/airflow/example_dags/example_setup_teardown.py
[2024-02-15T23:50:40.584+0000] {processor.py:840} INFO - DAG(s) 'example_setup_teardown' retrieved from /home/airflow/.local/lib/python3.8/site-packages/airflow/example_dags/example_setup_teardown.py
[2024-02-15T23:50:40.600+0000] {logging_mixin.py:188} INFO - [2024-02-15T23:50:40.599+0000] {dag.py:3036} INFO - Sync 1 DAGs
[2024-02-15T23:50:40.616+0000] {logging_mixin.py:188} INFO - [2024-02-15T23:50:40.616+0000] {dag.py:3823} INFO - Setting next_dagrun for example_setup_teardown to 2024-02-14 00:00:00+00:00, run_after=2024-02-15 00:00:00+00:00
[2024-02-15T23:50:40.629+0000] {processor.py:183} INFO - Processing /home/airflow/.local/lib/python3.8/site-packages/airflow/example_dags/example_setup_teardown.py took 0.052 seconds
[2024-02-15T23:51:10.746+0000] {processor.py:161} INFO - Started process (PID=236) to work on /home/airflow/.local/lib/python3.8/site-packages/airflow/example_dags/example_setup_teardown.py
[2024-02-15T23:51:10.747+0000] {processor.py:830} INFO - Processing file /home/airflow/.local/lib/python3.8/site-packages/airflow/example_dags/example_setup_teardown.py for tasks to queue
[2024-02-15T23:51:10.748+0000] {logging_mixin.py:188} INFO - [2024-02-15T23:51:10.748+0000] {dagbag.py:538} INFO - Filling up the DagBag from /home/airflow/.local/lib/python3.8/site-packages/airflow/example_dags/example_setup_teardown.py
[2024-02-15T23:51:10.752+0000] {processor.py:840} INFO - DAG(s) 'example_setup_teardown' retrieved from /home/airflow/.local/lib/python3.8/site-packages/airflow/example_dags/example_setup_teardown.py
[2024-02-15T23:51:10.768+0000] {logging_mixin.py:188} INFO - [2024-02-15T23:51:10.767+0000] {dag.py:3036} INFO - Sync 1 DAGs
[2024-02-15T23:51:10.785+0000] {logging_mixin.py:188} INFO - [2024-02-15T23:51:10.785+0000] {dag.py:3823} INFO - Setting next_dagrun for example_setup_teardown to 2024-02-14 00:00:00+00:00, run_after=2024-02-15 00:00:00+00:00
[2024-02-15T23:51:10.801+0000] {processor.py:183} INFO - Processing /home/airflow/.local/lib/python3.8/site-packages/airflow/example_dags/example_setup_teardown.py took 0.057 seconds
[2024-02-15T23:51:41.072+0000] {processor.py:161} INFO - Started process (PID=291) to work on /home/airflow/.local/lib/python3.8/site-packages/airflow/example_dags/example_setup_teardown.py
[2024-02-15T23:51:41.072+0000] {processor.py:830} INFO - Processing file /home/airflow/.local/lib/python3.8/site-packages/airflow/example_dags/example_setup_teardown.py for tasks to queue
[2024-02-15T23:51:41.073+0000] {logging_mixin.py:188} INFO - [2024-02-15T23:51:41.073+0000] {dagbag.py:538} INFO - Filling up the DagBag from /home/airflow/.local/lib/python3.8/site-packages/airflow/example_dags/example_setup_teardown.py
[2024-02-15T23:51:41.077+0000] {processor.py:840} INFO - DAG(s) 'example_setup_teardown' retrieved from /home/airflow/.local/lib/python3.8/site-packages/airflow/example_dags/example_setup_teardown.py
[2024-02-15T23:51:41.092+0000] {logging_mixin.py:188} INFO - [2024-02-15T23:51:41.092+0000] {dag.py:3036} INFO - Sync 1 DAGs
[2024-02-15T23:51:41.108+0000] {logging_mixin.py:188} INFO - [2024-02-15T23:51:41.108+0000] {dag.py:3823} INFO - Setting next_dagrun for example_setup_teardown to 2024-02-14 00:00:00+00:00, run_after=2024-02-15 00:00:00+00:00
[2024-02-15T23:51:41.122+0000] {processor.py:183} INFO - Processing /home/airflow/.local/lib/python3.8/site-packages/airflow/example_dags/example_setup_teardown.py took 0.053 seconds
[2024-02-15T23:52:11.482+0000] {processor.py:161} INFO - Started process (PID=346) to work on /home/airflow/.local/lib/python3.8/site-packages/airflow/example_dags/example_setup_teardown.py
[2024-02-15T23:52:11.483+0000] {processor.py:830} INFO - Processing file /home/airflow/.local/lib/python3.8/site-packages/airflow/example_dags/example_setup_teardown.py for tasks to queue
[2024-02-15T23:52:11.484+0000] {logging_mixin.py:188} INFO - [2024-02-15T23:52:11.483+0000] {dagbag.py:538} INFO - Filling up the DagBag from /home/airflow/.local/lib/python3.8/site-packages/airflow/example_dags/example_setup_teardown.py
[2024-02-15T23:52:11.488+0000] {processor.py:840} INFO - DAG(s) 'example_setup_teardown' retrieved from /home/airflow/.local/lib/python3.8/site-packages/airflow/example_dags/example_setup_teardown.py
[2024-02-15T23:52:11.501+0000] {logging_mixin.py:188} INFO - [2024-02-15T23:52:11.501+0000] {dag.py:3036} INFO - Sync 1 DAGs
[2024-02-15T23:52:11.517+0000] {logging_mixin.py:188} INFO - [2024-02-15T23:52:11.517+0000] {dag.py:3823} INFO - Setting next_dagrun for example_setup_teardown to 2024-02-14 00:00:00+00:00, run_after=2024-02-15 00:00:00+00:00
[2024-02-15T23:52:11.529+0000] {processor.py:183} INFO - Processing /home/airflow/.local/lib/python3.8/site-packages/airflow/example_dags/example_setup_teardown.py took 0.049 seconds
[2024-02-15T23:52:41.787+0000] {processor.py:161} INFO - Started process (PID=401) to work on /home/airflow/.local/lib/python3.8/site-packages/airflow/example_dags/example_setup_teardown.py
[2024-02-15T23:52:41.788+0000] {processor.py:830} INFO - Processing file /home/airflow/.local/lib/python3.8/site-packages/airflow/example_dags/example_setup_teardown.py for tasks to queue
[2024-02-15T23:52:41.789+0000] {logging_mixin.py:188} INFO - [2024-02-15T23:52:41.789+0000] {dagbag.py:538} INFO - Filling up the DagBag from /home/airflow/.local/lib/python3.8/site-packages/airflow/example_dags/example_setup_teardown.py
[2024-02-15T23:52:41.793+0000] {processor.py:840} INFO - DAG(s) 'example_setup_teardown' retrieved from /home/airflow/.local/lib/python3.8/site-packages/airflow/example_dags/example_setup_teardown.py
[2024-02-15T23:52:41.808+0000] {logging_mixin.py:188} INFO - [2024-02-15T23:52:41.808+0000] {dag.py:3036} INFO - Sync 1 DAGs
[2024-02-15T23:52:41.823+0000] {logging_mixin.py:188} INFO - [2024-02-15T23:52:41.823+0000] {dag.py:3823} INFO - Setting next_dagrun for example_setup_teardown to 2024-02-14 00:00:00+00:00, run_after=2024-02-15 00:00:00+00:00
[2024-02-15T23:52:41.836+0000] {processor.py:183} INFO - Processing /home/airflow/.local/lib/python3.8/site-packages/airflow/example_dags/example_setup_teardown.py took 0.050 seconds
[2024-02-15T23:53:12.024+0000] {processor.py:161} INFO - Started process (PID=456) to work on /home/airflow/.local/lib/python3.8/site-packages/airflow/example_dags/example_setup_teardown.py
[2024-02-15T23:53:12.025+0000] {processor.py:830} INFO - Processing file /home/airflow/.local/lib/python3.8/site-packages/airflow/example_dags/example_setup_teardown.py for tasks to queue
[2024-02-15T23:53:12.026+0000] {logging_mixin.py:188} INFO - [2024-02-15T23:53:12.026+0000] {dagbag.py:538} INFO - Filling up the DagBag from /home/airflow/.local/lib/python3.8/site-packages/airflow/example_dags/example_setup_teardown.py
[2024-02-15T23:53:12.030+0000] {processor.py:840} INFO - DAG(s) 'example_setup_teardown' retrieved from /home/airflow/.local/lib/python3.8/site-packages/airflow/example_dags/example_setup_teardown.py
[2024-02-15T23:53:12.045+0000] {logging_mixin.py:188} INFO - [2024-02-15T23:53:12.045+0000] {dag.py:3036} INFO - Sync 1 DAGs
[2024-02-15T23:53:12.060+0000] {logging_mixin.py:188} INFO - [2024-02-15T23:53:12.060+0000] {dag.py:3823} INFO - Setting next_dagrun for example_setup_teardown to 2024-02-14 00:00:00+00:00, run_after=2024-02-15 00:00:00+00:00
[2024-02-15T23:53:12.073+0000] {processor.py:183} INFO - Processing /home/airflow/.local/lib/python3.8/site-packages/airflow/example_dags/example_setup_teardown.py took 0.051 seconds
[2024-02-15T23:53:42.309+0000] {processor.py:161} INFO - Started process (PID=511) to work on /home/airflow/.local/lib/python3.8/site-packages/airflow/example_dags/example_setup_teardown.py
[2024-02-15T23:53:42.310+0000] {processor.py:830} INFO - Processing file /home/airflow/.local/lib/python3.8/site-packages/airflow/example_dags/example_setup_teardown.py for tasks to queue
[2024-02-15T23:53:42.311+0000] {logging_mixin.py:188} INFO - [2024-02-15T23:53:42.311+0000] {dagbag.py:538} INFO - Filling up the DagBag from /home/airflow/.local/lib/python3.8/site-packages/airflow/example_dags/example_setup_teardown.py
[2024-02-15T23:53:42.315+0000] {processor.py:840} INFO - DAG(s) 'example_setup_teardown' retrieved from /home/airflow/.local/lib/python3.8/site-packages/airflow/example_dags/example_setup_teardown.py
[2024-02-15T23:53:42.330+0000] {logging_mixin.py:188} INFO - [2024-02-15T23:53:42.330+0000] {dag.py:3036} INFO - Sync 1 DAGs
[2024-02-15T23:53:42.346+0000] {logging_mixin.py:188} INFO - [2024-02-15T23:53:42.346+0000] {dag.py:3823} INFO - Setting next_dagrun for example_setup_teardown to 2024-02-14 00:00:00+00:00, run_after=2024-02-15 00:00:00+00:00
[2024-02-15T23:53:42.359+0000] {processor.py:183} INFO - Processing /home/airflow/.local/lib/python3.8/site-packages/airflow/example_dags/example_setup_teardown.py took 0.052 seconds
[2024-02-15T23:54:12.528+0000] {processor.py:161} INFO - Started process (PID=566) to work on /home/airflow/.local/lib/python3.8/site-packages/airflow/example_dags/example_setup_teardown.py
[2024-02-15T23:54:12.529+0000] {processor.py:830} INFO - Processing file /home/airflow/.local/lib/python3.8/site-packages/airflow/example_dags/example_setup_teardown.py for tasks to queue
[2024-02-15T23:54:12.530+0000] {logging_mixin.py:188} INFO - [2024-02-15T23:54:12.530+0000] {dagbag.py:538} INFO - Filling up the DagBag from /home/airflow/.local/lib/python3.8/site-packages/airflow/example_dags/example_setup_teardown.py
[2024-02-15T23:54:12.534+0000] {processor.py:840} INFO - DAG(s) 'example_setup_teardown' retrieved from /home/airflow/.local/lib/python3.8/site-packages/airflow/example_dags/example_setup_teardown.py
[2024-02-15T23:54:12.547+0000] {logging_mixin.py:188} INFO - [2024-02-15T23:54:12.547+0000] {dag.py:3036} INFO - Sync 1 DAGs
[2024-02-15T23:54:12.562+0000] {logging_mixin.py:188} INFO - [2024-02-15T23:54:12.562+0000] {dag.py:3823} INFO - Setting next_dagrun for example_setup_teardown to 2024-02-14 00:00:00+00:00, run_after=2024-02-15 00:00:00+00:00
[2024-02-15T23:54:12.575+0000] {processor.py:183} INFO - Processing /home/airflow/.local/lib/python3.8/site-packages/airflow/example_dags/example_setup_teardown.py took 0.049 seconds
[2024-02-15T23:54:42.746+0000] {processor.py:161} INFO - Started process (PID=621) to work on /home/airflow/.local/lib/python3.8/site-packages/airflow/example_dags/example_setup_teardown.py
[2024-02-15T23:54:42.747+0000] {processor.py:830} INFO - Processing file /home/airflow/.local/lib/python3.8/site-packages/airflow/example_dags/example_setup_teardown.py for tasks to queue
[2024-02-15T23:54:42.748+0000] {logging_mixin.py:188} INFO - [2024-02-15T23:54:42.748+0000] {dagbag.py:538} INFO - Filling up the DagBag from /home/airflow/.local/lib/python3.8/site-packages/airflow/example_dags/example_setup_teardown.py
[2024-02-15T23:54:42.752+0000] {processor.py:840} INFO - DAG(s) 'example_setup_teardown' retrieved from /home/airflow/.local/lib/python3.8/site-packages/airflow/example_dags/example_setup_teardown.py
[2024-02-15T23:54:42.766+0000] {logging_mixin.py:188} INFO - [2024-02-15T23:54:42.766+0000] {dag.py:3036} INFO - Sync 1 DAGs
[2024-02-15T23:54:42.781+0000] {logging_mixin.py:188} INFO - [2024-02-15T23:54:42.781+0000] {dag.py:3823} INFO - Setting next_dagrun for example_setup_teardown to 2024-02-14 00:00:00+00:00, run_after=2024-02-15 00:00:00+00:00
[2024-02-15T23:54:42.795+0000] {processor.py:183} INFO - Processing /home/airflow/.local/lib/python3.8/site-packages/airflow/example_dags/example_setup_teardown.py took 0.051 seconds
[2024-02-15T23:55:12.949+0000] {processor.py:161} INFO - Started process (PID=676) to work on /home/airflow/.local/lib/python3.8/site-packages/airflow/example_dags/example_setup_teardown.py
[2024-02-15T23:55:12.949+0000] {processor.py:830} INFO - Processing file /home/airflow/.local/lib/python3.8/site-packages/airflow/example_dags/example_setup_teardown.py for tasks to queue
[2024-02-15T23:55:12.950+0000] {logging_mixin.py:188} INFO - [2024-02-15T23:55:12.950+0000] {dagbag.py:538} INFO - Filling up the DagBag from /home/airflow/.local/lib/python3.8/site-packages/airflow/example_dags/example_setup_teardown.py
[2024-02-15T23:55:12.955+0000] {processor.py:840} INFO - DAG(s) 'example_setup_teardown' retrieved from /home/airflow/.local/lib/python3.8/site-packages/airflow/example_dags/example_setup_teardown.py
[2024-02-15T23:55:12.968+0000] {logging_mixin.py:188} INFO - [2024-02-15T23:55:12.968+0000] {dag.py:3036} INFO - Sync 1 DAGs
[2024-02-15T23:55:12.984+0000] {logging_mixin.py:188} INFO - [2024-02-15T23:55:12.984+0000] {dag.py:3823} INFO - Setting next_dagrun for example_setup_teardown to 2024-02-14 00:00:00+00:00, run_after=2024-02-15 00:00:00+00:00
[2024-02-15T23:55:12.997+0000] {processor.py:183} INFO - Processing /home/airflow/.local/lib/python3.8/site-packages/airflow/example_dags/example_setup_teardown.py took 0.050 seconds
[2024-02-15T23:55:43.199+0000] {processor.py:161} INFO - Started process (PID=731) to work on /home/airflow/.local/lib/python3.8/site-packages/airflow/example_dags/example_setup_teardown.py
[2024-02-15T23:55:43.199+0000] {processor.py:830} INFO - Processing file /home/airflow/.local/lib/python3.8/site-packages/airflow/example_dags/example_setup_teardown.py for tasks to queue
[2024-02-15T23:55:43.201+0000] {logging_mixin.py:188} INFO - [2024-02-15T23:55:43.200+0000] {dagbag.py:538} INFO - Filling up the DagBag from /home/airflow/.local/lib/python3.8/site-packages/airflow/example_dags/example_setup_teardown.py
[2024-02-15T23:55:43.205+0000] {processor.py:840} INFO - DAG(s) 'example_setup_teardown' retrieved from /home/airflow/.local/lib/python3.8/site-packages/airflow/example_dags/example_setup_teardown.py
[2024-02-15T23:55:43.218+0000] {logging_mixin.py:188} INFO - [2024-02-15T23:55:43.218+0000] {dag.py:3036} INFO - Sync 1 DAGs
[2024-02-15T23:55:43.234+0000] {logging_mixin.py:188} INFO - [2024-02-15T23:55:43.233+0000] {dag.py:3823} INFO - Setting next_dagrun for example_setup_teardown to 2024-02-14 00:00:00+00:00, run_after=2024-02-15 00:00:00+00:00
[2024-02-15T23:55:43.247+0000] {processor.py:183} INFO - Processing /home/airflow/.local/lib/python3.8/site-packages/airflow/example_dags/example_setup_teardown.py took 0.050 seconds
[2024-02-15T23:56:13.405+0000] {processor.py:161} INFO - Started process (PID=786) to work on /home/airflow/.local/lib/python3.8/site-packages/airflow/example_dags/example_setup_teardown.py
[2024-02-15T23:56:13.406+0000] {processor.py:830} INFO - Processing file /home/airflow/.local/lib/python3.8/site-packages/airflow/example_dags/example_setup_teardown.py for tasks to queue
[2024-02-15T23:56:13.407+0000] {logging_mixin.py:188} INFO - [2024-02-15T23:56:13.407+0000] {dagbag.py:538} INFO - Filling up the DagBag from /home/airflow/.local/lib/python3.8/site-packages/airflow/example_dags/example_setup_teardown.py
[2024-02-15T23:56:13.412+0000] {processor.py:840} INFO - DAG(s) 'example_setup_teardown' retrieved from /home/airflow/.local/lib/python3.8/site-packages/airflow/example_dags/example_setup_teardown.py
[2024-02-15T23:56:13.427+0000] {logging_mixin.py:188} INFO - [2024-02-15T23:56:13.426+0000] {dag.py:3036} INFO - Sync 1 DAGs
[2024-02-15T23:56:13.442+0000] {logging_mixin.py:188} INFO - [2024-02-15T23:56:13.442+0000] {dag.py:3823} INFO - Setting next_dagrun for example_setup_teardown to 2024-02-14 00:00:00+00:00, run_after=2024-02-15 00:00:00+00:00
[2024-02-15T23:56:13.456+0000] {processor.py:183} INFO - Processing /home/airflow/.local/lib/python3.8/site-packages/airflow/example_dags/example_setup_teardown.py took 0.052 seconds
[2024-02-15T23:56:43.764+0000] {processor.py:161} INFO - Started process (PID=841) to work on /home/airflow/.local/lib/python3.8/site-packages/airflow/example_dags/example_setup_teardown.py
[2024-02-15T23:56:43.764+0000] {processor.py:830} INFO - Processing file /home/airflow/.local/lib/python3.8/site-packages/airflow/example_dags/example_setup_teardown.py for tasks to queue
[2024-02-15T23:56:43.766+0000] {logging_mixin.py:188} INFO - [2024-02-15T23:56:43.765+0000] {dagbag.py:538} INFO - Filling up the DagBag from /home/airflow/.local/lib/python3.8/site-packages/airflow/example_dags/example_setup_teardown.py
[2024-02-15T23:56:43.770+0000] {processor.py:840} INFO - DAG(s) 'example_setup_teardown' retrieved from /home/airflow/.local/lib/python3.8/site-packages/airflow/example_dags/example_setup_teardown.py
[2024-02-15T23:56:43.783+0000] {logging_mixin.py:188} INFO - [2024-02-15T23:56:43.783+0000] {dag.py:3036} INFO - Sync 1 DAGs
[2024-02-15T23:56:43.798+0000] {logging_mixin.py:188} INFO - [2024-02-15T23:56:43.798+0000] {dag.py:3823} INFO - Setting next_dagrun for example_setup_teardown to 2024-02-14 00:00:00+00:00, run_after=2024-02-15 00:00:00+00:00
[2024-02-15T23:56:43.811+0000] {processor.py:183} INFO - Processing /home/airflow/.local/lib/python3.8/site-packages/airflow/example_dags/example_setup_teardown.py took 0.049 seconds
[2024-02-15T23:57:14.115+0000] {processor.py:161} INFO - Started process (PID=896) to work on /home/airflow/.local/lib/python3.8/site-packages/airflow/example_dags/example_setup_teardown.py
[2024-02-15T23:57:14.115+0000] {processor.py:830} INFO - Processing file /home/airflow/.local/lib/python3.8/site-packages/airflow/example_dags/example_setup_teardown.py for tasks to queue
[2024-02-15T23:57:14.116+0000] {logging_mixin.py:188} INFO - [2024-02-15T23:57:14.116+0000] {dagbag.py:538} INFO - Filling up the DagBag from /home/airflow/.local/lib/python3.8/site-packages/airflow/example_dags/example_setup_teardown.py
[2024-02-15T23:57:14.120+0000] {processor.py:840} INFO - DAG(s) 'example_setup_teardown' retrieved from /home/airflow/.local/lib/python3.8/site-packages/airflow/example_dags/example_setup_teardown.py
[2024-02-15T23:57:14.134+0000] {logging_mixin.py:188} INFO - [2024-02-15T23:57:14.133+0000] {dag.py:3036} INFO - Sync 1 DAGs
[2024-02-15T23:57:14.149+0000] {logging_mixin.py:188} INFO - [2024-02-15T23:57:14.148+0000] {dag.py:3823} INFO - Setting next_dagrun for example_setup_teardown to 2024-02-14 00:00:00+00:00, run_after=2024-02-15 00:00:00+00:00
[2024-02-15T23:57:14.161+0000] {processor.py:183} INFO - Processing /home/airflow/.local/lib/python3.8/site-packages/airflow/example_dags/example_setup_teardown.py took 0.049 seconds
[2024-02-15T23:57:44.390+0000] {processor.py:161} INFO - Started process (PID=951) to work on /home/airflow/.local/lib/python3.8/site-packages/airflow/example_dags/example_setup_teardown.py
[2024-02-15T23:57:44.391+0000] {processor.py:830} INFO - Processing file /home/airflow/.local/lib/python3.8/site-packages/airflow/example_dags/example_setup_teardown.py for tasks to queue
[2024-02-15T23:57:44.392+0000] {logging_mixin.py:188} INFO - [2024-02-15T23:57:44.392+0000] {dagbag.py:538} INFO - Filling up the DagBag from /home/airflow/.local/lib/python3.8/site-packages/airflow/example_dags/example_setup_teardown.py
[2024-02-15T23:57:44.396+0000] {processor.py:840} INFO - DAG(s) 'example_setup_teardown' retrieved from /home/airflow/.local/lib/python3.8/site-packages/airflow/example_dags/example_setup_teardown.py
[2024-02-15T23:57:44.409+0000] {logging_mixin.py:188} INFO - [2024-02-15T23:57:44.409+0000] {dag.py:3036} INFO - Sync 1 DAGs
[2024-02-15T23:57:44.424+0000] {logging_mixin.py:188} INFO - [2024-02-15T23:57:44.424+0000] {dag.py:3823} INFO - Setting next_dagrun for example_setup_teardown to 2024-02-14 00:00:00+00:00, run_after=2024-02-15 00:00:00+00:00
[2024-02-15T23:57:44.438+0000] {processor.py:183} INFO - Processing /home/airflow/.local/lib/python3.8/site-packages/airflow/example_dags/example_setup_teardown.py took 0.050 seconds
[2024-02-15T23:58:14.601+0000] {processor.py:161} INFO - Started process (PID=1006) to work on /home/airflow/.local/lib/python3.8/site-packages/airflow/example_dags/example_setup_teardown.py
[2024-02-15T23:58:14.601+0000] {processor.py:830} INFO - Processing file /home/airflow/.local/lib/python3.8/site-packages/airflow/example_dags/example_setup_teardown.py for tasks to queue
[2024-02-15T23:58:14.602+0000] {logging_mixin.py:188} INFO - [2024-02-15T23:58:14.602+0000] {dagbag.py:538} INFO - Filling up the DagBag from /home/airflow/.local/lib/python3.8/site-packages/airflow/example_dags/example_setup_teardown.py
[2024-02-15T23:58:14.606+0000] {processor.py:840} INFO - DAG(s) 'example_setup_teardown' retrieved from /home/airflow/.local/lib/python3.8/site-packages/airflow/example_dags/example_setup_teardown.py
[2024-02-15T23:58:14.619+0000] {logging_mixin.py:188} INFO - [2024-02-15T23:58:14.619+0000] {dag.py:3036} INFO - Sync 1 DAGs
[2024-02-15T23:58:14.634+0000] {logging_mixin.py:188} INFO - [2024-02-15T23:58:14.634+0000] {dag.py:3823} INFO - Setting next_dagrun for example_setup_teardown to 2024-02-14 00:00:00+00:00, run_after=2024-02-15 00:00:00+00:00
[2024-02-15T23:58:14.646+0000] {processor.py:183} INFO - Processing /home/airflow/.local/lib/python3.8/site-packages/airflow/example_dags/example_setup_teardown.py took 0.047 seconds
[2024-02-15T23:58:44.803+0000] {processor.py:161} INFO - Started process (PID=1061) to work on /home/airflow/.local/lib/python3.8/site-packages/airflow/example_dags/example_setup_teardown.py
[2024-02-15T23:58:44.803+0000] {processor.py:830} INFO - Processing file /home/airflow/.local/lib/python3.8/site-packages/airflow/example_dags/example_setup_teardown.py for tasks to queue
[2024-02-15T23:58:44.805+0000] {logging_mixin.py:188} INFO - [2024-02-15T23:58:44.805+0000] {dagbag.py:538} INFO - Filling up the DagBag from /home/airflow/.local/lib/python3.8/site-packages/airflow/example_dags/example_setup_teardown.py
[2024-02-15T23:58:44.809+0000] {processor.py:840} INFO - DAG(s) 'example_setup_teardown' retrieved from /home/airflow/.local/lib/python3.8/site-packages/airflow/example_dags/example_setup_teardown.py
[2024-02-15T23:58:44.823+0000] {logging_mixin.py:188} INFO - [2024-02-15T23:58:44.823+0000] {dag.py:3036} INFO - Sync 1 DAGs
[2024-02-15T23:58:44.837+0000] {logging_mixin.py:188} INFO - [2024-02-15T23:58:44.837+0000] {dag.py:3823} INFO - Setting next_dagrun for example_setup_teardown to 2024-02-14 00:00:00+00:00, run_after=2024-02-15 00:00:00+00:00
[2024-02-15T23:58:44.850+0000] {processor.py:183} INFO - Processing /home/airflow/.local/lib/python3.8/site-packages/airflow/example_dags/example_setup_teardown.py took 0.049 seconds
[2024-02-15T23:59:14.946+0000] {processor.py:161} INFO - Started process (PID=1116) to work on /home/airflow/.local/lib/python3.8/site-packages/airflow/example_dags/example_setup_teardown.py
[2024-02-15T23:59:14.947+0000] {processor.py:830} INFO - Processing file /home/airflow/.local/lib/python3.8/site-packages/airflow/example_dags/example_setup_teardown.py for tasks to queue
[2024-02-15T23:59:14.948+0000] {logging_mixin.py:188} INFO - [2024-02-15T23:59:14.948+0000] {dagbag.py:538} INFO - Filling up the DagBag from /home/airflow/.local/lib/python3.8/site-packages/airflow/example_dags/example_setup_teardown.py
[2024-02-15T23:59:14.952+0000] {processor.py:840} INFO - DAG(s) 'example_setup_teardown' retrieved from /home/airflow/.local/lib/python3.8/site-packages/airflow/example_dags/example_setup_teardown.py
[2024-02-15T23:59:14.966+0000] {logging_mixin.py:188} INFO - [2024-02-15T23:59:14.966+0000] {dag.py:3036} INFO - Sync 1 DAGs
[2024-02-15T23:59:14.981+0000] {logging_mixin.py:188} INFO - [2024-02-15T23:59:14.980+0000] {dag.py:3823} INFO - Setting next_dagrun for example_setup_teardown to 2024-02-14 00:00:00+00:00, run_after=2024-02-15 00:00:00+00:00
[2024-02-15T23:59:14.995+0000] {processor.py:183} INFO - Processing /home/airflow/.local/lib/python3.8/site-packages/airflow/example_dags/example_setup_teardown.py took 0.051 seconds
[2024-02-15T23:59:45.069+0000] {processor.py:161} INFO - Started process (PID=1171) to work on /home/airflow/.local/lib/python3.8/site-packages/airflow/example_dags/example_setup_teardown.py
[2024-02-15T23:59:45.070+0000] {processor.py:830} INFO - Processing file /home/airflow/.local/lib/python3.8/site-packages/airflow/example_dags/example_setup_teardown.py for tasks to queue
[2024-02-15T23:59:45.071+0000] {logging_mixin.py:188} INFO - [2024-02-15T23:59:45.071+0000] {dagbag.py:538} INFO - Filling up the DagBag from /home/airflow/.local/lib/python3.8/site-packages/airflow/example_dags/example_setup_teardown.py
[2024-02-15T23:59:45.076+0000] {processor.py:840} INFO - DAG(s) 'example_setup_teardown' retrieved from /home/airflow/.local/lib/python3.8/site-packages/airflow/example_dags/example_setup_teardown.py
[2024-02-15T23:59:45.089+0000] {logging_mixin.py:188} INFO - [2024-02-15T23:59:45.089+0000] {dag.py:3036} INFO - Sync 1 DAGs
[2024-02-15T23:59:45.103+0000] {logging_mixin.py:188} INFO - [2024-02-15T23:59:45.103+0000] {dag.py:3823} INFO - Setting next_dagrun for example_setup_teardown to 2024-02-14 00:00:00+00:00, run_after=2024-02-15 00:00:00+00:00
[2024-02-15T23:59:45.117+0000] {processor.py:183} INFO - Processing /home/airflow/.local/lib/python3.8/site-packages/airflow/example_dags/example_setup_teardown.py took 0.049 seconds
