[2024-02-15T23:49:40.013+0000] {processor.py:161} INFO - Started process (PID=79) to work on /home/airflow/.local/lib/python3.8/site-packages/airflow/example_dags/example_nested_branch_dag.py
[2024-02-15T23:49:40.014+0000] {processor.py:830} INFO - Processing file /home/airflow/.local/lib/python3.8/site-packages/airflow/example_dags/example_nested_branch_dag.py for tasks to queue
[2024-02-15T23:49:40.015+0000] {logging_mixin.py:188} INFO - [2024-02-15T23:49:40.015+0000] {dagbag.py:538} INFO - Filling up the DagBag from /home/airflow/.local/lib/python3.8/site-packages/airflow/example_dags/example_nested_branch_dag.py
[2024-02-15T23:49:40.023+0000] {processor.py:840} INFO - DAG(s) 'example_nested_branch_dag' retrieved from /home/airflow/.local/lib/python3.8/site-packages/airflow/example_dags/example_nested_branch_dag.py
[2024-02-15T23:49:40.097+0000] {logging_mixin.py:188} INFO - [2024-02-15T23:49:40.097+0000] {override.py:1769} INFO - Created Permission View: can delete on DAG:example_nested_branch_dag
[2024-02-15T23:49:40.104+0000] {logging_mixin.py:188} INFO - [2024-02-15T23:49:40.104+0000] {override.py:1769} INFO - Created Permission View: can read on DAG:example_nested_branch_dag
[2024-02-15T23:49:40.109+0000] {logging_mixin.py:188} INFO - [2024-02-15T23:49:40.109+0000] {override.py:1769} INFO - Created Permission View: can edit on DAG:example_nested_branch_dag
[2024-02-15T23:49:40.110+0000] {logging_mixin.py:188} INFO - [2024-02-15T23:49:40.110+0000] {dag.py:3036} INFO - Sync 1 DAGs
[2024-02-15T23:49:40.118+0000] {logging_mixin.py:188} INFO - [2024-02-15T23:49:40.117+0000] {dag.py:3058} INFO - Creating ORM DAG for example_nested_branch_dag
[2024-02-15T23:49:40.127+0000] {logging_mixin.py:188} INFO - [2024-02-15T23:49:40.126+0000] {dag.py:3823} INFO - Setting next_dagrun for example_nested_branch_dag to 2024-02-14 00:00:00+00:00, run_after=2024-02-15 00:00:00+00:00
[2024-02-15T23:49:40.139+0000] {processor.py:183} INFO - Processing /home/airflow/.local/lib/python3.8/site-packages/airflow/example_dags/example_nested_branch_dag.py took 0.128 seconds
[2024-02-15T23:50:10.514+0000] {processor.py:161} INFO - Started process (PID=134) to work on /home/airflow/.local/lib/python3.8/site-packages/airflow/example_dags/example_nested_branch_dag.py
[2024-02-15T23:50:10.515+0000] {processor.py:830} INFO - Processing file /home/airflow/.local/lib/python3.8/site-packages/airflow/example_dags/example_nested_branch_dag.py for tasks to queue
[2024-02-15T23:50:10.516+0000] {logging_mixin.py:188} INFO - [2024-02-15T23:50:10.516+0000] {dagbag.py:538} INFO - Filling up the DagBag from /home/airflow/.local/lib/python3.8/site-packages/airflow/example_dags/example_nested_branch_dag.py
[2024-02-15T23:50:10.523+0000] {processor.py:840} INFO - DAG(s) 'example_nested_branch_dag' retrieved from /home/airflow/.local/lib/python3.8/site-packages/airflow/example_dags/example_nested_branch_dag.py
[2024-02-15T23:50:10.537+0000] {logging_mixin.py:188} INFO - [2024-02-15T23:50:10.536+0000] {dag.py:3036} INFO - Sync 1 DAGs
[2024-02-15T23:50:10.552+0000] {logging_mixin.py:188} INFO - [2024-02-15T23:50:10.552+0000] {dag.py:3823} INFO - Setting next_dagrun for example_nested_branch_dag to 2024-02-14 00:00:00+00:00, run_after=2024-02-15 00:00:00+00:00
[2024-02-15T23:50:10.564+0000] {processor.py:183} INFO - Processing /home/airflow/.local/lib/python3.8/site-packages/airflow/example_dags/example_nested_branch_dag.py took 0.051 seconds
[2024-02-15T23:50:40.921+0000] {processor.py:161} INFO - Started process (PID=189) to work on /home/airflow/.local/lib/python3.8/site-packages/airflow/example_dags/example_nested_branch_dag.py
[2024-02-15T23:50:40.921+0000] {processor.py:830} INFO - Processing file /home/airflow/.local/lib/python3.8/site-packages/airflow/example_dags/example_nested_branch_dag.py for tasks to queue
[2024-02-15T23:50:40.922+0000] {logging_mixin.py:188} INFO - [2024-02-15T23:50:40.922+0000] {dagbag.py:538} INFO - Filling up the DagBag from /home/airflow/.local/lib/python3.8/site-packages/airflow/example_dags/example_nested_branch_dag.py
[2024-02-15T23:50:40.928+0000] {processor.py:840} INFO - DAG(s) 'example_nested_branch_dag' retrieved from /home/airflow/.local/lib/python3.8/site-packages/airflow/example_dags/example_nested_branch_dag.py
[2024-02-15T23:50:40.943+0000] {logging_mixin.py:188} INFO - [2024-02-15T23:50:40.943+0000] {dag.py:3036} INFO - Sync 1 DAGs
[2024-02-15T23:50:40.958+0000] {logging_mixin.py:188} INFO - [2024-02-15T23:50:40.958+0000] {dag.py:3823} INFO - Setting next_dagrun for example_nested_branch_dag to 2024-02-14 00:00:00+00:00, run_after=2024-02-15 00:00:00+00:00
[2024-02-15T23:50:40.971+0000] {processor.py:183} INFO - Processing /home/airflow/.local/lib/python3.8/site-packages/airflow/example_dags/example_nested_branch_dag.py took 0.052 seconds
[2024-02-15T23:51:11.101+0000] {processor.py:161} INFO - Started process (PID=244) to work on /home/airflow/.local/lib/python3.8/site-packages/airflow/example_dags/example_nested_branch_dag.py
[2024-02-15T23:51:11.102+0000] {processor.py:830} INFO - Processing file /home/airflow/.local/lib/python3.8/site-packages/airflow/example_dags/example_nested_branch_dag.py for tasks to queue
[2024-02-15T23:51:11.103+0000] {logging_mixin.py:188} INFO - [2024-02-15T23:51:11.103+0000] {dagbag.py:538} INFO - Filling up the DagBag from /home/airflow/.local/lib/python3.8/site-packages/airflow/example_dags/example_nested_branch_dag.py
[2024-02-15T23:51:11.109+0000] {processor.py:840} INFO - DAG(s) 'example_nested_branch_dag' retrieved from /home/airflow/.local/lib/python3.8/site-packages/airflow/example_dags/example_nested_branch_dag.py
[2024-02-15T23:51:11.124+0000] {logging_mixin.py:188} INFO - [2024-02-15T23:51:11.124+0000] {dag.py:3036} INFO - Sync 1 DAGs
[2024-02-15T23:51:11.141+0000] {logging_mixin.py:188} INFO - [2024-02-15T23:51:11.141+0000] {dag.py:3823} INFO - Setting next_dagrun for example_nested_branch_dag to 2024-02-14 00:00:00+00:00, run_after=2024-02-15 00:00:00+00:00
[2024-02-15T23:51:11.154+0000] {processor.py:183} INFO - Processing /home/airflow/.local/lib/python3.8/site-packages/airflow/example_dags/example_nested_branch_dag.py took 0.055 seconds
[2024-02-15T23:51:41.439+0000] {processor.py:161} INFO - Started process (PID=299) to work on /home/airflow/.local/lib/python3.8/site-packages/airflow/example_dags/example_nested_branch_dag.py
[2024-02-15T23:51:41.440+0000] {processor.py:830} INFO - Processing file /home/airflow/.local/lib/python3.8/site-packages/airflow/example_dags/example_nested_branch_dag.py for tasks to queue
[2024-02-15T23:51:41.442+0000] {logging_mixin.py:188} INFO - [2024-02-15T23:51:41.441+0000] {dagbag.py:538} INFO - Filling up the DagBag from /home/airflow/.local/lib/python3.8/site-packages/airflow/example_dags/example_nested_branch_dag.py
[2024-02-15T23:51:41.450+0000] {processor.py:840} INFO - DAG(s) 'example_nested_branch_dag' retrieved from /home/airflow/.local/lib/python3.8/site-packages/airflow/example_dags/example_nested_branch_dag.py
[2024-02-15T23:51:41.465+0000] {logging_mixin.py:188} INFO - [2024-02-15T23:51:41.465+0000] {dag.py:3036} INFO - Sync 1 DAGs
[2024-02-15T23:51:41.481+0000] {logging_mixin.py:188} INFO - [2024-02-15T23:51:41.481+0000] {dag.py:3823} INFO - Setting next_dagrun for example_nested_branch_dag to 2024-02-14 00:00:00+00:00, run_after=2024-02-15 00:00:00+00:00
[2024-02-15T23:51:41.496+0000] {processor.py:183} INFO - Processing /home/airflow/.local/lib/python3.8/site-packages/airflow/example_dags/example_nested_branch_dag.py took 0.058 seconds
[2024-02-15T23:52:11.834+0000] {processor.py:161} INFO - Started process (PID=354) to work on /home/airflow/.local/lib/python3.8/site-packages/airflow/example_dags/example_nested_branch_dag.py
[2024-02-15T23:52:11.834+0000] {processor.py:830} INFO - Processing file /home/airflow/.local/lib/python3.8/site-packages/airflow/example_dags/example_nested_branch_dag.py for tasks to queue
[2024-02-15T23:52:11.836+0000] {logging_mixin.py:188} INFO - [2024-02-15T23:52:11.835+0000] {dagbag.py:538} INFO - Filling up the DagBag from /home/airflow/.local/lib/python3.8/site-packages/airflow/example_dags/example_nested_branch_dag.py
[2024-02-15T23:52:11.843+0000] {processor.py:840} INFO - DAG(s) 'example_nested_branch_dag' retrieved from /home/airflow/.local/lib/python3.8/site-packages/airflow/example_dags/example_nested_branch_dag.py
[2024-02-15T23:52:11.858+0000] {logging_mixin.py:188} INFO - [2024-02-15T23:52:11.858+0000] {dag.py:3036} INFO - Sync 1 DAGs
[2024-02-15T23:52:11.874+0000] {logging_mixin.py:188} INFO - [2024-02-15T23:52:11.874+0000] {dag.py:3823} INFO - Setting next_dagrun for example_nested_branch_dag to 2024-02-14 00:00:00+00:00, run_after=2024-02-15 00:00:00+00:00
[2024-02-15T23:52:11.886+0000] {processor.py:183} INFO - Processing /home/airflow/.local/lib/python3.8/site-packages/airflow/example_dags/example_nested_branch_dag.py took 0.055 seconds
[2024-02-15T23:52:42.065+0000] {processor.py:161} INFO - Started process (PID=409) to work on /home/airflow/.local/lib/python3.8/site-packages/airflow/example_dags/example_nested_branch_dag.py
[2024-02-15T23:52:42.066+0000] {processor.py:830} INFO - Processing file /home/airflow/.local/lib/python3.8/site-packages/airflow/example_dags/example_nested_branch_dag.py for tasks to queue
[2024-02-15T23:52:42.067+0000] {logging_mixin.py:188} INFO - [2024-02-15T23:52:42.066+0000] {dagbag.py:538} INFO - Filling up the DagBag from /home/airflow/.local/lib/python3.8/site-packages/airflow/example_dags/example_nested_branch_dag.py
[2024-02-15T23:52:42.073+0000] {processor.py:840} INFO - DAG(s) 'example_nested_branch_dag' retrieved from /home/airflow/.local/lib/python3.8/site-packages/airflow/example_dags/example_nested_branch_dag.py
[2024-02-15T23:52:42.087+0000] {logging_mixin.py:188} INFO - [2024-02-15T23:52:42.087+0000] {dag.py:3036} INFO - Sync 1 DAGs
[2024-02-15T23:52:42.103+0000] {logging_mixin.py:188} INFO - [2024-02-15T23:52:42.103+0000] {dag.py:3823} INFO - Setting next_dagrun for example_nested_branch_dag to 2024-02-14 00:00:00+00:00, run_after=2024-02-15 00:00:00+00:00
[2024-02-15T23:52:42.117+0000] {processor.py:183} INFO - Processing /home/airflow/.local/lib/python3.8/site-packages/airflow/example_dags/example_nested_branch_dag.py took 0.054 seconds
[2024-02-15T23:53:12.365+0000] {processor.py:161} INFO - Started process (PID=464) to work on /home/airflow/.local/lib/python3.8/site-packages/airflow/example_dags/example_nested_branch_dag.py
[2024-02-15T23:53:12.366+0000] {processor.py:830} INFO - Processing file /home/airflow/.local/lib/python3.8/site-packages/airflow/example_dags/example_nested_branch_dag.py for tasks to queue
[2024-02-15T23:53:12.367+0000] {logging_mixin.py:188} INFO - [2024-02-15T23:53:12.367+0000] {dagbag.py:538} INFO - Filling up the DagBag from /home/airflow/.local/lib/python3.8/site-packages/airflow/example_dags/example_nested_branch_dag.py
[2024-02-15T23:53:12.373+0000] {processor.py:840} INFO - DAG(s) 'example_nested_branch_dag' retrieved from /home/airflow/.local/lib/python3.8/site-packages/airflow/example_dags/example_nested_branch_dag.py
[2024-02-15T23:53:12.388+0000] {logging_mixin.py:188} INFO - [2024-02-15T23:53:12.388+0000] {dag.py:3036} INFO - Sync 1 DAGs
[2024-02-15T23:53:12.404+0000] {logging_mixin.py:188} INFO - [2024-02-15T23:53:12.404+0000] {dag.py:3823} INFO - Setting next_dagrun for example_nested_branch_dag to 2024-02-14 00:00:00+00:00, run_after=2024-02-15 00:00:00+00:00
[2024-02-15T23:53:12.418+0000] {processor.py:183} INFO - Processing /home/airflow/.local/lib/python3.8/site-packages/airflow/example_dags/example_nested_branch_dag.py took 0.055 seconds
[2024-02-15T23:53:42.664+0000] {processor.py:161} INFO - Started process (PID=519) to work on /home/airflow/.local/lib/python3.8/site-packages/airflow/example_dags/example_nested_branch_dag.py
[2024-02-15T23:53:42.665+0000] {processor.py:830} INFO - Processing file /home/airflow/.local/lib/python3.8/site-packages/airflow/example_dags/example_nested_branch_dag.py for tasks to queue
[2024-02-15T23:53:42.666+0000] {logging_mixin.py:188} INFO - [2024-02-15T23:53:42.666+0000] {dagbag.py:538} INFO - Filling up the DagBag from /home/airflow/.local/lib/python3.8/site-packages/airflow/example_dags/example_nested_branch_dag.py
[2024-02-15T23:53:42.673+0000] {processor.py:840} INFO - DAG(s) 'example_nested_branch_dag' retrieved from /home/airflow/.local/lib/python3.8/site-packages/airflow/example_dags/example_nested_branch_dag.py
[2024-02-15T23:53:42.688+0000] {logging_mixin.py:188} INFO - [2024-02-15T23:53:42.688+0000] {dag.py:3036} INFO - Sync 1 DAGs
[2024-02-15T23:53:42.703+0000] {logging_mixin.py:188} INFO - [2024-02-15T23:53:42.703+0000] {dag.py:3823} INFO - Setting next_dagrun for example_nested_branch_dag to 2024-02-14 00:00:00+00:00, run_after=2024-02-15 00:00:00+00:00
[2024-02-15T23:53:42.715+0000] {processor.py:183} INFO - Processing /home/airflow/.local/lib/python3.8/site-packages/airflow/example_dags/example_nested_branch_dag.py took 0.053 seconds
[2024-02-15T23:54:12.873+0000] {processor.py:161} INFO - Started process (PID=574) to work on /home/airflow/.local/lib/python3.8/site-packages/airflow/example_dags/example_nested_branch_dag.py
[2024-02-15T23:54:12.873+0000] {processor.py:830} INFO - Processing file /home/airflow/.local/lib/python3.8/site-packages/airflow/example_dags/example_nested_branch_dag.py for tasks to queue
[2024-02-15T23:54:12.875+0000] {logging_mixin.py:188} INFO - [2024-02-15T23:54:12.874+0000] {dagbag.py:538} INFO - Filling up the DagBag from /home/airflow/.local/lib/python3.8/site-packages/airflow/example_dags/example_nested_branch_dag.py
[2024-02-15T23:54:12.880+0000] {processor.py:840} INFO - DAG(s) 'example_nested_branch_dag' retrieved from /home/airflow/.local/lib/python3.8/site-packages/airflow/example_dags/example_nested_branch_dag.py
[2024-02-15T23:54:12.896+0000] {logging_mixin.py:188} INFO - [2024-02-15T23:54:12.895+0000] {dag.py:3036} INFO - Sync 1 DAGs
[2024-02-15T23:54:12.911+0000] {logging_mixin.py:188} INFO - [2024-02-15T23:54:12.911+0000] {dag.py:3823} INFO - Setting next_dagrun for example_nested_branch_dag to 2024-02-14 00:00:00+00:00, run_after=2024-02-15 00:00:00+00:00
[2024-02-15T23:54:12.924+0000] {processor.py:183} INFO - Processing /home/airflow/.local/lib/python3.8/site-packages/airflow/example_dags/example_nested_branch_dag.py took 0.053 seconds
[2024-02-15T23:54:43.093+0000] {processor.py:161} INFO - Started process (PID=629) to work on /home/airflow/.local/lib/python3.8/site-packages/airflow/example_dags/example_nested_branch_dag.py
[2024-02-15T23:54:43.094+0000] {processor.py:830} INFO - Processing file /home/airflow/.local/lib/python3.8/site-packages/airflow/example_dags/example_nested_branch_dag.py for tasks to queue
[2024-02-15T23:54:43.095+0000] {logging_mixin.py:188} INFO - [2024-02-15T23:54:43.095+0000] {dagbag.py:538} INFO - Filling up the DagBag from /home/airflow/.local/lib/python3.8/site-packages/airflow/example_dags/example_nested_branch_dag.py
[2024-02-15T23:54:43.101+0000] {processor.py:840} INFO - DAG(s) 'example_nested_branch_dag' retrieved from /home/airflow/.local/lib/python3.8/site-packages/airflow/example_dags/example_nested_branch_dag.py
[2024-02-15T23:54:43.116+0000] {logging_mixin.py:188} INFO - [2024-02-15T23:54:43.116+0000] {dag.py:3036} INFO - Sync 1 DAGs
[2024-02-15T23:54:43.132+0000] {logging_mixin.py:188} INFO - [2024-02-15T23:54:43.132+0000] {dag.py:3823} INFO - Setting next_dagrun for example_nested_branch_dag to 2024-02-14 00:00:00+00:00, run_after=2024-02-15 00:00:00+00:00
[2024-02-15T23:54:43.145+0000] {processor.py:183} INFO - Processing /home/airflow/.local/lib/python3.8/site-packages/airflow/example_dags/example_nested_branch_dag.py took 0.054 seconds
[2024-02-15T23:55:13.304+0000] {processor.py:161} INFO - Started process (PID=684) to work on /home/airflow/.local/lib/python3.8/site-packages/airflow/example_dags/example_nested_branch_dag.py
[2024-02-15T23:55:13.304+0000] {processor.py:830} INFO - Processing file /home/airflow/.local/lib/python3.8/site-packages/airflow/example_dags/example_nested_branch_dag.py for tasks to queue
[2024-02-15T23:55:13.306+0000] {logging_mixin.py:188} INFO - [2024-02-15T23:55:13.305+0000] {dagbag.py:538} INFO - Filling up the DagBag from /home/airflow/.local/lib/python3.8/site-packages/airflow/example_dags/example_nested_branch_dag.py
[2024-02-15T23:55:13.312+0000] {processor.py:840} INFO - DAG(s) 'example_nested_branch_dag' retrieved from /home/airflow/.local/lib/python3.8/site-packages/airflow/example_dags/example_nested_branch_dag.py
[2024-02-15T23:55:13.334+0000] {logging_mixin.py:188} INFO - [2024-02-15T23:55:13.333+0000] {dag.py:3036} INFO - Sync 1 DAGs
[2024-02-15T23:55:13.356+0000] {logging_mixin.py:188} INFO - [2024-02-15T23:55:13.355+0000] {dag.py:3823} INFO - Setting next_dagrun for example_nested_branch_dag to 2024-02-14 00:00:00+00:00, run_after=2024-02-15 00:00:00+00:00
[2024-02-15T23:55:13.374+0000] {processor.py:183} INFO - Processing /home/airflow/.local/lib/python3.8/site-packages/airflow/example_dags/example_nested_branch_dag.py took 0.072 seconds
[2024-02-15T23:55:43.473+0000] {processor.py:161} INFO - Started process (PID=739) to work on /home/airflow/.local/lib/python3.8/site-packages/airflow/example_dags/example_nested_branch_dag.py
[2024-02-15T23:55:43.474+0000] {processor.py:830} INFO - Processing file /home/airflow/.local/lib/python3.8/site-packages/airflow/example_dags/example_nested_branch_dag.py for tasks to queue
[2024-02-15T23:55:43.475+0000] {logging_mixin.py:188} INFO - [2024-02-15T23:55:43.475+0000] {dagbag.py:538} INFO - Filling up the DagBag from /home/airflow/.local/lib/python3.8/site-packages/airflow/example_dags/example_nested_branch_dag.py
[2024-02-15T23:55:43.481+0000] {processor.py:840} INFO - DAG(s) 'example_nested_branch_dag' retrieved from /home/airflow/.local/lib/python3.8/site-packages/airflow/example_dags/example_nested_branch_dag.py
[2024-02-15T23:55:43.495+0000] {logging_mixin.py:188} INFO - [2024-02-15T23:55:43.495+0000] {dag.py:3036} INFO - Sync 1 DAGs
[2024-02-15T23:55:43.511+0000] {logging_mixin.py:188} INFO - [2024-02-15T23:55:43.511+0000] {dag.py:3823} INFO - Setting next_dagrun for example_nested_branch_dag to 2024-02-14 00:00:00+00:00, run_after=2024-02-15 00:00:00+00:00
[2024-02-15T23:55:43.523+0000] {processor.py:183} INFO - Processing /home/airflow/.local/lib/python3.8/site-packages/airflow/example_dags/example_nested_branch_dag.py took 0.052 seconds
[2024-02-15T23:56:13.688+0000] {processor.py:161} INFO - Started process (PID=794) to work on /home/airflow/.local/lib/python3.8/site-packages/airflow/example_dags/example_nested_branch_dag.py
[2024-02-15T23:56:13.688+0000] {processor.py:830} INFO - Processing file /home/airflow/.local/lib/python3.8/site-packages/airflow/example_dags/example_nested_branch_dag.py for tasks to queue
[2024-02-15T23:56:13.689+0000] {logging_mixin.py:188} INFO - [2024-02-15T23:56:13.689+0000] {dagbag.py:538} INFO - Filling up the DagBag from /home/airflow/.local/lib/python3.8/site-packages/airflow/example_dags/example_nested_branch_dag.py
[2024-02-15T23:56:13.696+0000] {processor.py:840} INFO - DAG(s) 'example_nested_branch_dag' retrieved from /home/airflow/.local/lib/python3.8/site-packages/airflow/example_dags/example_nested_branch_dag.py
[2024-02-15T23:56:13.711+0000] {logging_mixin.py:188} INFO - [2024-02-15T23:56:13.711+0000] {dag.py:3036} INFO - Sync 1 DAGs
[2024-02-15T23:56:13.726+0000] {logging_mixin.py:188} INFO - [2024-02-15T23:56:13.726+0000] {dag.py:3823} INFO - Setting next_dagrun for example_nested_branch_dag to 2024-02-14 00:00:00+00:00, run_after=2024-02-15 00:00:00+00:00
[2024-02-15T23:56:13.740+0000] {processor.py:183} INFO - Processing /home/airflow/.local/lib/python3.8/site-packages/airflow/example_dags/example_nested_branch_dag.py took 0.054 seconds
[2024-02-15T23:56:44.037+0000] {processor.py:161} INFO - Started process (PID=849) to work on /home/airflow/.local/lib/python3.8/site-packages/airflow/example_dags/example_nested_branch_dag.py
[2024-02-15T23:56:44.038+0000] {processor.py:830} INFO - Processing file /home/airflow/.local/lib/python3.8/site-packages/airflow/example_dags/example_nested_branch_dag.py for tasks to queue
[2024-02-15T23:56:44.039+0000] {logging_mixin.py:188} INFO - [2024-02-15T23:56:44.039+0000] {dagbag.py:538} INFO - Filling up the DagBag from /home/airflow/.local/lib/python3.8/site-packages/airflow/example_dags/example_nested_branch_dag.py
[2024-02-15T23:56:44.045+0000] {processor.py:840} INFO - DAG(s) 'example_nested_branch_dag' retrieved from /home/airflow/.local/lib/python3.8/site-packages/airflow/example_dags/example_nested_branch_dag.py
[2024-02-15T23:56:44.059+0000] {logging_mixin.py:188} INFO - [2024-02-15T23:56:44.059+0000] {dag.py:3036} INFO - Sync 1 DAGs
[2024-02-15T23:56:44.076+0000] {logging_mixin.py:188} INFO - [2024-02-15T23:56:44.076+0000] {dag.py:3823} INFO - Setting next_dagrun for example_nested_branch_dag to 2024-02-14 00:00:00+00:00, run_after=2024-02-15 00:00:00+00:00
[2024-02-15T23:56:44.089+0000] {processor.py:183} INFO - Processing /home/airflow/.local/lib/python3.8/site-packages/airflow/example_dags/example_nested_branch_dag.py took 0.054 seconds
[2024-02-15T23:57:14.451+0000] {processor.py:161} INFO - Started process (PID=904) to work on /home/airflow/.local/lib/python3.8/site-packages/airflow/example_dags/example_nested_branch_dag.py
[2024-02-15T23:57:14.451+0000] {processor.py:830} INFO - Processing file /home/airflow/.local/lib/python3.8/site-packages/airflow/example_dags/example_nested_branch_dag.py for tasks to queue
[2024-02-15T23:57:14.452+0000] {logging_mixin.py:188} INFO - [2024-02-15T23:57:14.452+0000] {dagbag.py:538} INFO - Filling up the DagBag from /home/airflow/.local/lib/python3.8/site-packages/airflow/example_dags/example_nested_branch_dag.py
[2024-02-15T23:57:14.461+0000] {processor.py:840} INFO - DAG(s) 'example_nested_branch_dag' retrieved from /home/airflow/.local/lib/python3.8/site-packages/airflow/example_dags/example_nested_branch_dag.py
[2024-02-15T23:57:14.476+0000] {logging_mixin.py:188} INFO - [2024-02-15T23:57:14.475+0000] {dag.py:3036} INFO - Sync 1 DAGs
[2024-02-15T23:57:14.491+0000] {logging_mixin.py:188} INFO - [2024-02-15T23:57:14.491+0000] {dag.py:3823} INFO - Setting next_dagrun for example_nested_branch_dag to 2024-02-14 00:00:00+00:00, run_after=2024-02-15 00:00:00+00:00
[2024-02-15T23:57:14.503+0000] {processor.py:183} INFO - Processing /home/airflow/.local/lib/python3.8/site-packages/airflow/example_dags/example_nested_branch_dag.py took 0.054 seconds
[2024-02-15T23:57:44.736+0000] {processor.py:161} INFO - Started process (PID=959) to work on /home/airflow/.local/lib/python3.8/site-packages/airflow/example_dags/example_nested_branch_dag.py
[2024-02-15T23:57:44.737+0000] {processor.py:830} INFO - Processing file /home/airflow/.local/lib/python3.8/site-packages/airflow/example_dags/example_nested_branch_dag.py for tasks to queue
[2024-02-15T23:57:44.738+0000] {logging_mixin.py:188} INFO - [2024-02-15T23:57:44.738+0000] {dagbag.py:538} INFO - Filling up the DagBag from /home/airflow/.local/lib/python3.8/site-packages/airflow/example_dags/example_nested_branch_dag.py
[2024-02-15T23:57:44.747+0000] {processor.py:840} INFO - DAG(s) 'example_nested_branch_dag' retrieved from /home/airflow/.local/lib/python3.8/site-packages/airflow/example_dags/example_nested_branch_dag.py
[2024-02-15T23:57:44.764+0000] {logging_mixin.py:188} INFO - [2024-02-15T23:57:44.764+0000] {dag.py:3036} INFO - Sync 1 DAGs
[2024-02-15T23:57:44.784+0000] {logging_mixin.py:188} INFO - [2024-02-15T23:57:44.784+0000] {dag.py:3823} INFO - Setting next_dagrun for example_nested_branch_dag to 2024-02-14 00:00:00+00:00, run_after=2024-02-15 00:00:00+00:00
[2024-02-15T23:57:44.797+0000] {processor.py:183} INFO - Processing /home/airflow/.local/lib/python3.8/site-packages/airflow/example_dags/example_nested_branch_dag.py took 0.062 seconds
[2024-02-15T23:58:14.934+0000] {processor.py:161} INFO - Started process (PID=1014) to work on /home/airflow/.local/lib/python3.8/site-packages/airflow/example_dags/example_nested_branch_dag.py
[2024-02-15T23:58:14.935+0000] {processor.py:830} INFO - Processing file /home/airflow/.local/lib/python3.8/site-packages/airflow/example_dags/example_nested_branch_dag.py for tasks to queue
[2024-02-15T23:58:14.936+0000] {logging_mixin.py:188} INFO - [2024-02-15T23:58:14.936+0000] {dagbag.py:538} INFO - Filling up the DagBag from /home/airflow/.local/lib/python3.8/site-packages/airflow/example_dags/example_nested_branch_dag.py
[2024-02-15T23:58:14.942+0000] {processor.py:840} INFO - DAG(s) 'example_nested_branch_dag' retrieved from /home/airflow/.local/lib/python3.8/site-packages/airflow/example_dags/example_nested_branch_dag.py
[2024-02-15T23:58:14.957+0000] {logging_mixin.py:188} INFO - [2024-02-15T23:58:14.957+0000] {dag.py:3036} INFO - Sync 1 DAGs
[2024-02-15T23:58:14.972+0000] {logging_mixin.py:188} INFO - [2024-02-15T23:58:14.972+0000] {dag.py:3823} INFO - Setting next_dagrun for example_nested_branch_dag to 2024-02-14 00:00:00+00:00, run_after=2024-02-15 00:00:00+00:00
[2024-02-15T23:58:14.985+0000] {processor.py:183} INFO - Processing /home/airflow/.local/lib/python3.8/site-packages/airflow/example_dags/example_nested_branch_dag.py took 0.053 seconds
[2024-02-15T23:58:45.143+0000] {processor.py:161} INFO - Started process (PID=1069) to work on /home/airflow/.local/lib/python3.8/site-packages/airflow/example_dags/example_nested_branch_dag.py
[2024-02-15T23:58:45.143+0000] {processor.py:830} INFO - Processing file /home/airflow/.local/lib/python3.8/site-packages/airflow/example_dags/example_nested_branch_dag.py for tasks to queue
[2024-02-15T23:58:45.145+0000] {logging_mixin.py:188} INFO - [2024-02-15T23:58:45.145+0000] {dagbag.py:538} INFO - Filling up the DagBag from /home/airflow/.local/lib/python3.8/site-packages/airflow/example_dags/example_nested_branch_dag.py
[2024-02-15T23:58:45.151+0000] {processor.py:840} INFO - DAG(s) 'example_nested_branch_dag' retrieved from /home/airflow/.local/lib/python3.8/site-packages/airflow/example_dags/example_nested_branch_dag.py
[2024-02-15T23:58:45.167+0000] {logging_mixin.py:188} INFO - [2024-02-15T23:58:45.166+0000] {dag.py:3036} INFO - Sync 1 DAGs
[2024-02-15T23:58:45.183+0000] {logging_mixin.py:188} INFO - [2024-02-15T23:58:45.183+0000] {dag.py:3823} INFO - Setting next_dagrun for example_nested_branch_dag to 2024-02-14 00:00:00+00:00, run_after=2024-02-15 00:00:00+00:00
[2024-02-15T23:58:45.196+0000] {processor.py:183} INFO - Processing /home/airflow/.local/lib/python3.8/site-packages/airflow/example_dags/example_nested_branch_dag.py took 0.056 seconds
[2024-02-15T23:59:15.216+0000] {processor.py:161} INFO - Started process (PID=1124) to work on /home/airflow/.local/lib/python3.8/site-packages/airflow/example_dags/example_nested_branch_dag.py
[2024-02-15T23:59:15.216+0000] {processor.py:830} INFO - Processing file /home/airflow/.local/lib/python3.8/site-packages/airflow/example_dags/example_nested_branch_dag.py for tasks to queue
[2024-02-15T23:59:15.217+0000] {logging_mixin.py:188} INFO - [2024-02-15T23:59:15.217+0000] {dagbag.py:538} INFO - Filling up the DagBag from /home/airflow/.local/lib/python3.8/site-packages/airflow/example_dags/example_nested_branch_dag.py
[2024-02-15T23:59:15.223+0000] {processor.py:840} INFO - DAG(s) 'example_nested_branch_dag' retrieved from /home/airflow/.local/lib/python3.8/site-packages/airflow/example_dags/example_nested_branch_dag.py
[2024-02-15T23:59:15.238+0000] {logging_mixin.py:188} INFO - [2024-02-15T23:59:15.238+0000] {dag.py:3036} INFO - Sync 1 DAGs
[2024-02-15T23:59:15.253+0000] {logging_mixin.py:188} INFO - [2024-02-15T23:59:15.253+0000] {dag.py:3823} INFO - Setting next_dagrun for example_nested_branch_dag to 2024-02-14 00:00:00+00:00, run_after=2024-02-15 00:00:00+00:00
[2024-02-15T23:59:15.266+0000] {processor.py:183} INFO - Processing /home/airflow/.local/lib/python3.8/site-packages/airflow/example_dags/example_nested_branch_dag.py took 0.052 seconds
[2024-02-15T23:59:45.418+0000] {processor.py:161} INFO - Started process (PID=1179) to work on /home/airflow/.local/lib/python3.8/site-packages/airflow/example_dags/example_nested_branch_dag.py
[2024-02-15T23:59:45.418+0000] {processor.py:830} INFO - Processing file /home/airflow/.local/lib/python3.8/site-packages/airflow/example_dags/example_nested_branch_dag.py for tasks to queue
[2024-02-15T23:59:45.420+0000] {logging_mixin.py:188} INFO - [2024-02-15T23:59:45.419+0000] {dagbag.py:538} INFO - Filling up the DagBag from /home/airflow/.local/lib/python3.8/site-packages/airflow/example_dags/example_nested_branch_dag.py
[2024-02-15T23:59:45.426+0000] {processor.py:840} INFO - DAG(s) 'example_nested_branch_dag' retrieved from /home/airflow/.local/lib/python3.8/site-packages/airflow/example_dags/example_nested_branch_dag.py
[2024-02-15T23:59:45.441+0000] {logging_mixin.py:188} INFO - [2024-02-15T23:59:45.441+0000] {dag.py:3036} INFO - Sync 1 DAGs
[2024-02-15T23:59:45.456+0000] {logging_mixin.py:188} INFO - [2024-02-15T23:59:45.456+0000] {dag.py:3823} INFO - Setting next_dagrun for example_nested_branch_dag to 2024-02-14 00:00:00+00:00, run_after=2024-02-15 00:00:00+00:00
[2024-02-15T23:59:45.469+0000] {processor.py:183} INFO - Processing /home/airflow/.local/lib/python3.8/site-packages/airflow/example_dags/example_nested_branch_dag.py took 0.053 seconds
