[2024-02-15T23:49:41.060+0000] {processor.py:161} INFO - Started process (PID=92) to work on /home/airflow/.local/lib/python3.8/site-packages/airflow/example_dags/example_external_task_marker_dag.py
[2024-02-15T23:49:41.061+0000] {processor.py:830} INFO - Processing file /home/airflow/.local/lib/python3.8/site-packages/airflow/example_dags/example_external_task_marker_dag.py for tasks to queue
[2024-02-15T23:49:41.062+0000] {logging_mixin.py:188} INFO - [2024-02-15T23:49:41.062+0000] {dagbag.py:538} INFO - Filling up the DagBag from /home/airflow/.local/lib/python3.8/site-packages/airflow/example_dags/example_external_task_marker_dag.py
[2024-02-15T23:49:41.067+0000] {processor.py:840} INFO - DAG(s) 'example_external_task_marker_parent', 'example_external_task_marker_child' retrieved from /home/airflow/.local/lib/python3.8/site-packages/airflow/example_dags/example_external_task_marker_dag.py
[2024-02-15T23:49:41.145+0000] {logging_mixin.py:188} INFO - [2024-02-15T23:49:41.144+0000] {override.py:1769} INFO - Created Permission View: can delete on DAG:example_external_task_marker_parent
[2024-02-15T23:49:41.153+0000] {logging_mixin.py:188} INFO - [2024-02-15T23:49:41.153+0000] {override.py:1769} INFO - Created Permission View: can read on DAG:example_external_task_marker_parent
[2024-02-15T23:49:41.159+0000] {logging_mixin.py:188} INFO - [2024-02-15T23:49:41.159+0000] {override.py:1769} INFO - Created Permission View: can edit on DAG:example_external_task_marker_parent
[2024-02-15T23:49:41.170+0000] {logging_mixin.py:188} INFO - [2024-02-15T23:49:41.170+0000] {override.py:1769} INFO - Created Permission View: can delete on DAG:example_external_task_marker_child
[2024-02-15T23:49:41.176+0000] {logging_mixin.py:188} INFO - [2024-02-15T23:49:41.176+0000] {override.py:1769} INFO - Created Permission View: can read on DAG:example_external_task_marker_child
[2024-02-15T23:49:41.182+0000] {logging_mixin.py:188} INFO - [2024-02-15T23:49:41.182+0000] {override.py:1769} INFO - Created Permission View: can edit on DAG:example_external_task_marker_child
[2024-02-15T23:49:41.183+0000] {logging_mixin.py:188} INFO - [2024-02-15T23:49:41.183+0000] {dag.py:3036} INFO - Sync 2 DAGs
[2024-02-15T23:49:41.192+0000] {logging_mixin.py:188} INFO - [2024-02-15T23:49:41.192+0000] {dag.py:3058} INFO - Creating ORM DAG for example_external_task_marker_parent
[2024-02-15T23:49:41.193+0000] {logging_mixin.py:188} INFO - [2024-02-15T23:49:41.193+0000] {dag.py:3058} INFO - Creating ORM DAG for example_external_task_marker_child
[2024-02-15T23:49:41.194+0000] {logging_mixin.py:188} INFO - [2024-02-15T23:49:41.194+0000] {dag.py:3823} INFO - Setting next_dagrun for example_external_task_marker_child to None, run_after=None
[2024-02-15T23:49:41.195+0000] {logging_mixin.py:188} INFO - [2024-02-15T23:49:41.195+0000] {dag.py:3823} INFO - Setting next_dagrun for example_external_task_marker_parent to None, run_after=None
[2024-02-15T23:49:41.210+0000] {processor.py:183} INFO - Processing /home/airflow/.local/lib/python3.8/site-packages/airflow/example_dags/example_external_task_marker_dag.py took 0.152 seconds
[2024-02-15T23:50:12.144+0000] {processor.py:161} INFO - Started process (PID=147) to work on /home/airflow/.local/lib/python3.8/site-packages/airflow/example_dags/example_external_task_marker_dag.py
[2024-02-15T23:50:12.145+0000] {processor.py:830} INFO - Processing file /home/airflow/.local/lib/python3.8/site-packages/airflow/example_dags/example_external_task_marker_dag.py for tasks to queue
[2024-02-15T23:50:12.146+0000] {logging_mixin.py:188} INFO - [2024-02-15T23:50:12.146+0000] {dagbag.py:538} INFO - Filling up the DagBag from /home/airflow/.local/lib/python3.8/site-packages/airflow/example_dags/example_external_task_marker_dag.py
[2024-02-15T23:50:12.150+0000] {processor.py:840} INFO - DAG(s) 'example_external_task_marker_child', 'example_external_task_marker_parent' retrieved from /home/airflow/.local/lib/python3.8/site-packages/airflow/example_dags/example_external_task_marker_dag.py
[2024-02-15T23:50:12.166+0000] {logging_mixin.py:188} INFO - [2024-02-15T23:50:12.166+0000] {dag.py:3036} INFO - Sync 2 DAGs
[2024-02-15T23:50:12.175+0000] {logging_mixin.py:188} INFO - [2024-02-15T23:50:12.175+0000] {dag.py:3823} INFO - Setting next_dagrun for example_external_task_marker_child to None, run_after=None
[2024-02-15T23:50:12.178+0000] {logging_mixin.py:188} INFO - [2024-02-15T23:50:12.178+0000] {dag.py:3823} INFO - Setting next_dagrun for example_external_task_marker_parent to None, run_after=None
[2024-02-15T23:50:12.191+0000] {processor.py:183} INFO - Processing /home/airflow/.local/lib/python3.8/site-packages/airflow/example_dags/example_external_task_marker_dag.py took 0.049 seconds
[2024-02-15T23:50:42.394+0000] {processor.py:161} INFO - Started process (PID=202) to work on /home/airflow/.local/lib/python3.8/site-packages/airflow/example_dags/example_external_task_marker_dag.py
[2024-02-15T23:50:42.395+0000] {processor.py:830} INFO - Processing file /home/airflow/.local/lib/python3.8/site-packages/airflow/example_dags/example_external_task_marker_dag.py for tasks to queue
[2024-02-15T23:50:42.396+0000] {logging_mixin.py:188} INFO - [2024-02-15T23:50:42.396+0000] {dagbag.py:538} INFO - Filling up the DagBag from /home/airflow/.local/lib/python3.8/site-packages/airflow/example_dags/example_external_task_marker_dag.py
[2024-02-15T23:50:42.400+0000] {processor.py:840} INFO - DAG(s) 'example_external_task_marker_parent', 'example_external_task_marker_child' retrieved from /home/airflow/.local/lib/python3.8/site-packages/airflow/example_dags/example_external_task_marker_dag.py
[2024-02-15T23:50:42.416+0000] {logging_mixin.py:188} INFO - [2024-02-15T23:50:42.416+0000] {dag.py:3036} INFO - Sync 2 DAGs
[2024-02-15T23:50:42.427+0000] {logging_mixin.py:188} INFO - [2024-02-15T23:50:42.427+0000] {dag.py:3823} INFO - Setting next_dagrun for example_external_task_marker_child to None, run_after=None
[2024-02-15T23:50:42.430+0000] {logging_mixin.py:188} INFO - [2024-02-15T23:50:42.430+0000] {dag.py:3823} INFO - Setting next_dagrun for example_external_task_marker_parent to None, run_after=None
[2024-02-15T23:50:42.443+0000] {processor.py:183} INFO - Processing /home/airflow/.local/lib/python3.8/site-packages/airflow/example_dags/example_external_task_marker_dag.py took 0.051 seconds
[2024-02-15T23:51:12.687+0000] {processor.py:161} INFO - Started process (PID=257) to work on /home/airflow/.local/lib/python3.8/site-packages/airflow/example_dags/example_external_task_marker_dag.py
[2024-02-15T23:51:12.688+0000] {processor.py:830} INFO - Processing file /home/airflow/.local/lib/python3.8/site-packages/airflow/example_dags/example_external_task_marker_dag.py for tasks to queue
[2024-02-15T23:51:12.689+0000] {logging_mixin.py:188} INFO - [2024-02-15T23:51:12.688+0000] {dagbag.py:538} INFO - Filling up the DagBag from /home/airflow/.local/lib/python3.8/site-packages/airflow/example_dags/example_external_task_marker_dag.py
[2024-02-15T23:51:12.692+0000] {processor.py:840} INFO - DAG(s) 'example_external_task_marker_child', 'example_external_task_marker_parent' retrieved from /home/airflow/.local/lib/python3.8/site-packages/airflow/example_dags/example_external_task_marker_dag.py
[2024-02-15T23:51:12.708+0000] {logging_mixin.py:188} INFO - [2024-02-15T23:51:12.708+0000] {dag.py:3036} INFO - Sync 2 DAGs
[2024-02-15T23:51:12.717+0000] {logging_mixin.py:188} INFO - [2024-02-15T23:51:12.716+0000] {dag.py:3823} INFO - Setting next_dagrun for example_external_task_marker_child to None, run_after=None
[2024-02-15T23:51:12.719+0000] {logging_mixin.py:188} INFO - [2024-02-15T23:51:12.719+0000] {dag.py:3823} INFO - Setting next_dagrun for example_external_task_marker_parent to None, run_after=None
[2024-02-15T23:51:12.731+0000] {processor.py:183} INFO - Processing /home/airflow/.local/lib/python3.8/site-packages/airflow/example_dags/example_external_task_marker_dag.py took 0.046 seconds
[2024-02-15T23:51:43.042+0000] {processor.py:161} INFO - Started process (PID=312) to work on /home/airflow/.local/lib/python3.8/site-packages/airflow/example_dags/example_external_task_marker_dag.py
[2024-02-15T23:51:43.043+0000] {processor.py:830} INFO - Processing file /home/airflow/.local/lib/python3.8/site-packages/airflow/example_dags/example_external_task_marker_dag.py for tasks to queue
[2024-02-15T23:51:43.044+0000] {logging_mixin.py:188} INFO - [2024-02-15T23:51:43.044+0000] {dagbag.py:538} INFO - Filling up the DagBag from /home/airflow/.local/lib/python3.8/site-packages/airflow/example_dags/example_external_task_marker_dag.py
[2024-02-15T23:51:43.049+0000] {processor.py:840} INFO - DAG(s) 'example_external_task_marker_child', 'example_external_task_marker_parent' retrieved from /home/airflow/.local/lib/python3.8/site-packages/airflow/example_dags/example_external_task_marker_dag.py
[2024-02-15T23:51:43.067+0000] {logging_mixin.py:188} INFO - [2024-02-15T23:51:43.067+0000] {dag.py:3036} INFO - Sync 2 DAGs
[2024-02-15T23:51:43.076+0000] {logging_mixin.py:188} INFO - [2024-02-15T23:51:43.075+0000] {dag.py:3823} INFO - Setting next_dagrun for example_external_task_marker_child to None, run_after=None
[2024-02-15T23:51:43.078+0000] {logging_mixin.py:188} INFO - [2024-02-15T23:51:43.078+0000] {dag.py:3823} INFO - Setting next_dagrun for example_external_task_marker_parent to None, run_after=None
[2024-02-15T23:51:43.089+0000] {processor.py:183} INFO - Processing /home/airflow/.local/lib/python3.8/site-packages/airflow/example_dags/example_external_task_marker_dag.py took 0.050 seconds
[2024-02-15T23:52:13.412+0000] {processor.py:161} INFO - Started process (PID=367) to work on /home/airflow/.local/lib/python3.8/site-packages/airflow/example_dags/example_external_task_marker_dag.py
[2024-02-15T23:52:13.413+0000] {processor.py:830} INFO - Processing file /home/airflow/.local/lib/python3.8/site-packages/airflow/example_dags/example_external_task_marker_dag.py for tasks to queue
[2024-02-15T23:52:13.414+0000] {logging_mixin.py:188} INFO - [2024-02-15T23:52:13.414+0000] {dagbag.py:538} INFO - Filling up the DagBag from /home/airflow/.local/lib/python3.8/site-packages/airflow/example_dags/example_external_task_marker_dag.py
[2024-02-15T23:52:13.417+0000] {processor.py:840} INFO - DAG(s) 'example_external_task_marker_parent', 'example_external_task_marker_child' retrieved from /home/airflow/.local/lib/python3.8/site-packages/airflow/example_dags/example_external_task_marker_dag.py
[2024-02-15T23:52:13.433+0000] {logging_mixin.py:188} INFO - [2024-02-15T23:52:13.433+0000] {dag.py:3036} INFO - Sync 2 DAGs
[2024-02-15T23:52:13.442+0000] {logging_mixin.py:188} INFO - [2024-02-15T23:52:13.442+0000] {dag.py:3823} INFO - Setting next_dagrun for example_external_task_marker_child to None, run_after=None
[2024-02-15T23:52:13.445+0000] {logging_mixin.py:188} INFO - [2024-02-15T23:52:13.444+0000] {dag.py:3823} INFO - Setting next_dagrun for example_external_task_marker_parent to None, run_after=None
[2024-02-15T23:52:13.456+0000] {processor.py:183} INFO - Processing /home/airflow/.local/lib/python3.8/site-packages/airflow/example_dags/example_external_task_marker_dag.py took 0.046 seconds
[2024-02-15T23:52:43.641+0000] {processor.py:161} INFO - Started process (PID=422) to work on /home/airflow/.local/lib/python3.8/site-packages/airflow/example_dags/example_external_task_marker_dag.py
[2024-02-15T23:52:43.642+0000] {processor.py:830} INFO - Processing file /home/airflow/.local/lib/python3.8/site-packages/airflow/example_dags/example_external_task_marker_dag.py for tasks to queue
[2024-02-15T23:52:43.643+0000] {logging_mixin.py:188} INFO - [2024-02-15T23:52:43.643+0000] {dagbag.py:538} INFO - Filling up the DagBag from /home/airflow/.local/lib/python3.8/site-packages/airflow/example_dags/example_external_task_marker_dag.py
[2024-02-15T23:52:43.647+0000] {processor.py:840} INFO - DAG(s) 'example_external_task_marker_parent', 'example_external_task_marker_child' retrieved from /home/airflow/.local/lib/python3.8/site-packages/airflow/example_dags/example_external_task_marker_dag.py
[2024-02-15T23:52:43.662+0000] {logging_mixin.py:188} INFO - [2024-02-15T23:52:43.662+0000] {dag.py:3036} INFO - Sync 2 DAGs
[2024-02-15T23:52:43.671+0000] {logging_mixin.py:188} INFO - [2024-02-15T23:52:43.671+0000] {dag.py:3823} INFO - Setting next_dagrun for example_external_task_marker_child to None, run_after=None
[2024-02-15T23:52:43.674+0000] {logging_mixin.py:188} INFO - [2024-02-15T23:52:43.673+0000] {dag.py:3823} INFO - Setting next_dagrun for example_external_task_marker_parent to None, run_after=None
[2024-02-15T23:52:43.685+0000] {processor.py:183} INFO - Processing /home/airflow/.local/lib/python3.8/site-packages/airflow/example_dags/example_external_task_marker_dag.py took 0.045 seconds
[2024-02-15T23:53:13.880+0000] {processor.py:161} INFO - Started process (PID=477) to work on /home/airflow/.local/lib/python3.8/site-packages/airflow/example_dags/example_external_task_marker_dag.py
[2024-02-15T23:53:13.880+0000] {processor.py:830} INFO - Processing file /home/airflow/.local/lib/python3.8/site-packages/airflow/example_dags/example_external_task_marker_dag.py for tasks to queue
[2024-02-15T23:53:13.882+0000] {logging_mixin.py:188} INFO - [2024-02-15T23:53:13.881+0000] {dagbag.py:538} INFO - Filling up the DagBag from /home/airflow/.local/lib/python3.8/site-packages/airflow/example_dags/example_external_task_marker_dag.py
[2024-02-15T23:53:13.885+0000] {processor.py:840} INFO - DAG(s) 'example_external_task_marker_parent', 'example_external_task_marker_child' retrieved from /home/airflow/.local/lib/python3.8/site-packages/airflow/example_dags/example_external_task_marker_dag.py
[2024-02-15T23:53:13.901+0000] {logging_mixin.py:188} INFO - [2024-02-15T23:53:13.901+0000] {dag.py:3036} INFO - Sync 2 DAGs
[2024-02-15T23:53:13.909+0000] {logging_mixin.py:188} INFO - [2024-02-15T23:53:13.909+0000] {dag.py:3823} INFO - Setting next_dagrun for example_external_task_marker_child to None, run_after=None
[2024-02-15T23:53:13.912+0000] {logging_mixin.py:188} INFO - [2024-02-15T23:53:13.912+0000] {dag.py:3823} INFO - Setting next_dagrun for example_external_task_marker_parent to None, run_after=None
[2024-02-15T23:53:13.923+0000] {processor.py:183} INFO - Processing /home/airflow/.local/lib/python3.8/site-packages/airflow/example_dags/example_external_task_marker_dag.py took 0.045 seconds
[2024-02-15T23:53:44.171+0000] {processor.py:161} INFO - Started process (PID=532) to work on /home/airflow/.local/lib/python3.8/site-packages/airflow/example_dags/example_external_task_marker_dag.py
[2024-02-15T23:53:44.171+0000] {processor.py:830} INFO - Processing file /home/airflow/.local/lib/python3.8/site-packages/airflow/example_dags/example_external_task_marker_dag.py for tasks to queue
[2024-02-15T23:53:44.173+0000] {logging_mixin.py:188} INFO - [2024-02-15T23:53:44.172+0000] {dagbag.py:538} INFO - Filling up the DagBag from /home/airflow/.local/lib/python3.8/site-packages/airflow/example_dags/example_external_task_marker_dag.py
[2024-02-15T23:53:44.176+0000] {processor.py:840} INFO - DAG(s) 'example_external_task_marker_child', 'example_external_task_marker_parent' retrieved from /home/airflow/.local/lib/python3.8/site-packages/airflow/example_dags/example_external_task_marker_dag.py
[2024-02-15T23:53:44.192+0000] {logging_mixin.py:188} INFO - [2024-02-15T23:53:44.191+0000] {dag.py:3036} INFO - Sync 2 DAGs
[2024-02-15T23:53:44.200+0000] {logging_mixin.py:188} INFO - [2024-02-15T23:53:44.200+0000] {dag.py:3823} INFO - Setting next_dagrun for example_external_task_marker_child to None, run_after=None
[2024-02-15T23:53:44.203+0000] {logging_mixin.py:188} INFO - [2024-02-15T23:53:44.203+0000] {dag.py:3823} INFO - Setting next_dagrun for example_external_task_marker_parent to None, run_after=None
[2024-02-15T23:53:44.215+0000] {processor.py:183} INFO - Processing /home/airflow/.local/lib/python3.8/site-packages/airflow/example_dags/example_external_task_marker_dag.py took 0.047 seconds
[2024-02-15T23:54:14.386+0000] {processor.py:161} INFO - Started process (PID=587) to work on /home/airflow/.local/lib/python3.8/site-packages/airflow/example_dags/example_external_task_marker_dag.py
[2024-02-15T23:54:14.386+0000] {processor.py:830} INFO - Processing file /home/airflow/.local/lib/python3.8/site-packages/airflow/example_dags/example_external_task_marker_dag.py for tasks to queue
[2024-02-15T23:54:14.387+0000] {logging_mixin.py:188} INFO - [2024-02-15T23:54:14.387+0000] {dagbag.py:538} INFO - Filling up the DagBag from /home/airflow/.local/lib/python3.8/site-packages/airflow/example_dags/example_external_task_marker_dag.py
[2024-02-15T23:54:14.391+0000] {processor.py:840} INFO - DAG(s) 'example_external_task_marker_parent', 'example_external_task_marker_child' retrieved from /home/airflow/.local/lib/python3.8/site-packages/airflow/example_dags/example_external_task_marker_dag.py
[2024-02-15T23:54:14.407+0000] {logging_mixin.py:188} INFO - [2024-02-15T23:54:14.406+0000] {dag.py:3036} INFO - Sync 2 DAGs
[2024-02-15T23:54:14.415+0000] {logging_mixin.py:188} INFO - [2024-02-15T23:54:14.415+0000] {dag.py:3823} INFO - Setting next_dagrun for example_external_task_marker_child to None, run_after=None
[2024-02-15T23:54:14.418+0000] {logging_mixin.py:188} INFO - [2024-02-15T23:54:14.418+0000] {dag.py:3823} INFO - Setting next_dagrun for example_external_task_marker_parent to None, run_after=None
[2024-02-15T23:54:14.430+0000] {processor.py:183} INFO - Processing /home/airflow/.local/lib/python3.8/site-packages/airflow/example_dags/example_external_task_marker_dag.py took 0.046 seconds
[2024-02-15T23:54:44.596+0000] {processor.py:161} INFO - Started process (PID=642) to work on /home/airflow/.local/lib/python3.8/site-packages/airflow/example_dags/example_external_task_marker_dag.py
[2024-02-15T23:54:44.597+0000] {processor.py:830} INFO - Processing file /home/airflow/.local/lib/python3.8/site-packages/airflow/example_dags/example_external_task_marker_dag.py for tasks to queue
[2024-02-15T23:54:44.598+0000] {logging_mixin.py:188} INFO - [2024-02-15T23:54:44.598+0000] {dagbag.py:538} INFO - Filling up the DagBag from /home/airflow/.local/lib/python3.8/site-packages/airflow/example_dags/example_external_task_marker_dag.py
[2024-02-15T23:54:44.602+0000] {processor.py:840} INFO - DAG(s) 'example_external_task_marker_parent', 'example_external_task_marker_child' retrieved from /home/airflow/.local/lib/python3.8/site-packages/airflow/example_dags/example_external_task_marker_dag.py
[2024-02-15T23:54:44.618+0000] {logging_mixin.py:188} INFO - [2024-02-15T23:54:44.617+0000] {dag.py:3036} INFO - Sync 2 DAGs
[2024-02-15T23:54:44.626+0000] {logging_mixin.py:188} INFO - [2024-02-15T23:54:44.626+0000] {dag.py:3823} INFO - Setting next_dagrun for example_external_task_marker_child to None, run_after=None
[2024-02-15T23:54:44.629+0000] {logging_mixin.py:188} INFO - [2024-02-15T23:54:44.629+0000] {dag.py:3823} INFO - Setting next_dagrun for example_external_task_marker_parent to None, run_after=None
[2024-02-15T23:54:44.641+0000] {processor.py:183} INFO - Processing /home/airflow/.local/lib/python3.8/site-packages/airflow/example_dags/example_external_task_marker_dag.py took 0.047 seconds
[2024-02-15T23:55:15.104+0000] {processor.py:161} INFO - Started process (PID=697) to work on /home/airflow/.local/lib/python3.8/site-packages/airflow/example_dags/example_external_task_marker_dag.py
[2024-02-15T23:55:15.105+0000] {processor.py:830} INFO - Processing file /home/airflow/.local/lib/python3.8/site-packages/airflow/example_dags/example_external_task_marker_dag.py for tasks to queue
[2024-02-15T23:55:15.106+0000] {logging_mixin.py:188} INFO - [2024-02-15T23:55:15.106+0000] {dagbag.py:538} INFO - Filling up the DagBag from /home/airflow/.local/lib/python3.8/site-packages/airflow/example_dags/example_external_task_marker_dag.py
[2024-02-15T23:55:15.109+0000] {processor.py:840} INFO - DAG(s) 'example_external_task_marker_parent', 'example_external_task_marker_child' retrieved from /home/airflow/.local/lib/python3.8/site-packages/airflow/example_dags/example_external_task_marker_dag.py
[2024-02-15T23:55:15.125+0000] {logging_mixin.py:188} INFO - [2024-02-15T23:55:15.125+0000] {dag.py:3036} INFO - Sync 2 DAGs
[2024-02-15T23:55:15.134+0000] {logging_mixin.py:188} INFO - [2024-02-15T23:55:15.134+0000] {dag.py:3823} INFO - Setting next_dagrun for example_external_task_marker_child to None, run_after=None
[2024-02-15T23:55:15.137+0000] {logging_mixin.py:188} INFO - [2024-02-15T23:55:15.137+0000] {dag.py:3823} INFO - Setting next_dagrun for example_external_task_marker_parent to None, run_after=None
[2024-02-15T23:55:15.148+0000] {processor.py:183} INFO - Processing /home/airflow/.local/lib/python3.8/site-packages/airflow/example_dags/example_external_task_marker_dag.py took 0.046 seconds
[2024-02-15T23:55:46.041+0000] {processor.py:161} INFO - Started process (PID=752) to work on /home/airflow/.local/lib/python3.8/site-packages/airflow/example_dags/example_external_task_marker_dag.py
[2024-02-15T23:55:46.042+0000] {processor.py:830} INFO - Processing file /home/airflow/.local/lib/python3.8/site-packages/airflow/example_dags/example_external_task_marker_dag.py for tasks to queue
[2024-02-15T23:55:46.043+0000] {logging_mixin.py:188} INFO - [2024-02-15T23:55:46.043+0000] {dagbag.py:538} INFO - Filling up the DagBag from /home/airflow/.local/lib/python3.8/site-packages/airflow/example_dags/example_external_task_marker_dag.py
[2024-02-15T23:55:46.047+0000] {processor.py:840} INFO - DAG(s) 'example_external_task_marker_child', 'example_external_task_marker_parent' retrieved from /home/airflow/.local/lib/python3.8/site-packages/airflow/example_dags/example_external_task_marker_dag.py
[2024-02-15T23:55:46.063+0000] {logging_mixin.py:188} INFO - [2024-02-15T23:55:46.063+0000] {dag.py:3036} INFO - Sync 2 DAGs
[2024-02-15T23:55:46.072+0000] {logging_mixin.py:188} INFO - [2024-02-15T23:55:46.072+0000] {dag.py:3823} INFO - Setting next_dagrun for example_external_task_marker_child to None, run_after=None
[2024-02-15T23:55:46.075+0000] {logging_mixin.py:188} INFO - [2024-02-15T23:55:46.075+0000] {dag.py:3823} INFO - Setting next_dagrun for example_external_task_marker_parent to None, run_after=None
[2024-02-15T23:55:46.086+0000] {processor.py:183} INFO - Processing /home/airflow/.local/lib/python3.8/site-packages/airflow/example_dags/example_external_task_marker_dag.py took 0.047 seconds
[2024-02-15T23:56:16.356+0000] {processor.py:161} INFO - Started process (PID=807) to work on /home/airflow/.local/lib/python3.8/site-packages/airflow/example_dags/example_external_task_marker_dag.py
[2024-02-15T23:56:16.357+0000] {processor.py:830} INFO - Processing file /home/airflow/.local/lib/python3.8/site-packages/airflow/example_dags/example_external_task_marker_dag.py for tasks to queue
[2024-02-15T23:56:16.358+0000] {logging_mixin.py:188} INFO - [2024-02-15T23:56:16.358+0000] {dagbag.py:538} INFO - Filling up the DagBag from /home/airflow/.local/lib/python3.8/site-packages/airflow/example_dags/example_external_task_marker_dag.py
[2024-02-15T23:56:16.362+0000] {processor.py:840} INFO - DAG(s) 'example_external_task_marker_child', 'example_external_task_marker_parent' retrieved from /home/airflow/.local/lib/python3.8/site-packages/airflow/example_dags/example_external_task_marker_dag.py
[2024-02-15T23:56:16.377+0000] {logging_mixin.py:188} INFO - [2024-02-15T23:56:16.377+0000] {dag.py:3036} INFO - Sync 2 DAGs
[2024-02-15T23:56:16.386+0000] {logging_mixin.py:188} INFO - [2024-02-15T23:56:16.386+0000] {dag.py:3823} INFO - Setting next_dagrun for example_external_task_marker_child to None, run_after=None
[2024-02-15T23:56:16.389+0000] {logging_mixin.py:188} INFO - [2024-02-15T23:56:16.389+0000] {dag.py:3823} INFO - Setting next_dagrun for example_external_task_marker_parent to None, run_after=None
[2024-02-15T23:56:16.401+0000] {processor.py:183} INFO - Processing /home/airflow/.local/lib/python3.8/site-packages/airflow/example_dags/example_external_task_marker_dag.py took 0.047 seconds
[2024-02-15T23:56:46.714+0000] {processor.py:161} INFO - Started process (PID=862) to work on /home/airflow/.local/lib/python3.8/site-packages/airflow/example_dags/example_external_task_marker_dag.py
[2024-02-15T23:56:46.715+0000] {processor.py:830} INFO - Processing file /home/airflow/.local/lib/python3.8/site-packages/airflow/example_dags/example_external_task_marker_dag.py for tasks to queue
[2024-02-15T23:56:46.716+0000] {logging_mixin.py:188} INFO - [2024-02-15T23:56:46.716+0000] {dagbag.py:538} INFO - Filling up the DagBag from /home/airflow/.local/lib/python3.8/site-packages/airflow/example_dags/example_external_task_marker_dag.py
[2024-02-15T23:56:46.719+0000] {processor.py:840} INFO - DAG(s) 'example_external_task_marker_parent', 'example_external_task_marker_child' retrieved from /home/airflow/.local/lib/python3.8/site-packages/airflow/example_dags/example_external_task_marker_dag.py
[2024-02-15T23:56:46.735+0000] {logging_mixin.py:188} INFO - [2024-02-15T23:56:46.735+0000] {dag.py:3036} INFO - Sync 2 DAGs
[2024-02-15T23:56:46.744+0000] {logging_mixin.py:188} INFO - [2024-02-15T23:56:46.744+0000] {dag.py:3823} INFO - Setting next_dagrun for example_external_task_marker_child to None, run_after=None
[2024-02-15T23:56:46.747+0000] {logging_mixin.py:188} INFO - [2024-02-15T23:56:46.747+0000] {dag.py:3823} INFO - Setting next_dagrun for example_external_task_marker_parent to None, run_after=None
[2024-02-15T23:56:46.758+0000] {processor.py:183} INFO - Processing /home/airflow/.local/lib/python3.8/site-packages/airflow/example_dags/example_external_task_marker_dag.py took 0.046 seconds
[2024-02-15T23:57:16.963+0000] {processor.py:161} INFO - Started process (PID=917) to work on /home/airflow/.local/lib/python3.8/site-packages/airflow/example_dags/example_external_task_marker_dag.py
[2024-02-15T23:57:16.964+0000] {processor.py:830} INFO - Processing file /home/airflow/.local/lib/python3.8/site-packages/airflow/example_dags/example_external_task_marker_dag.py for tasks to queue
[2024-02-15T23:57:16.965+0000] {logging_mixin.py:188} INFO - [2024-02-15T23:57:16.965+0000] {dagbag.py:538} INFO - Filling up the DagBag from /home/airflow/.local/lib/python3.8/site-packages/airflow/example_dags/example_external_task_marker_dag.py
[2024-02-15T23:57:16.969+0000] {processor.py:840} INFO - DAG(s) 'example_external_task_marker_child', 'example_external_task_marker_parent' retrieved from /home/airflow/.local/lib/python3.8/site-packages/airflow/example_dags/example_external_task_marker_dag.py
[2024-02-15T23:57:16.984+0000] {logging_mixin.py:188} INFO - [2024-02-15T23:57:16.984+0000] {dag.py:3036} INFO - Sync 2 DAGs
[2024-02-15T23:57:16.993+0000] {logging_mixin.py:188} INFO - [2024-02-15T23:57:16.992+0000] {dag.py:3823} INFO - Setting next_dagrun for example_external_task_marker_child to None, run_after=None
[2024-02-15T23:57:16.995+0000] {logging_mixin.py:188} INFO - [2024-02-15T23:57:16.995+0000] {dag.py:3823} INFO - Setting next_dagrun for example_external_task_marker_parent to None, run_after=None
[2024-02-15T23:57:17.007+0000] {processor.py:183} INFO - Processing /home/airflow/.local/lib/python3.8/site-packages/airflow/example_dags/example_external_task_marker_dag.py took 0.046 seconds
[2024-02-15T23:57:47.250+0000] {processor.py:161} INFO - Started process (PID=972) to work on /home/airflow/.local/lib/python3.8/site-packages/airflow/example_dags/example_external_task_marker_dag.py
[2024-02-15T23:57:47.250+0000] {processor.py:830} INFO - Processing file /home/airflow/.local/lib/python3.8/site-packages/airflow/example_dags/example_external_task_marker_dag.py for tasks to queue
[2024-02-15T23:57:47.251+0000] {logging_mixin.py:188} INFO - [2024-02-15T23:57:47.251+0000] {dagbag.py:538} INFO - Filling up the DagBag from /home/airflow/.local/lib/python3.8/site-packages/airflow/example_dags/example_external_task_marker_dag.py
[2024-02-15T23:57:47.255+0000] {processor.py:840} INFO - DAG(s) 'example_external_task_marker_parent', 'example_external_task_marker_child' retrieved from /home/airflow/.local/lib/python3.8/site-packages/airflow/example_dags/example_external_task_marker_dag.py
[2024-02-15T23:57:47.272+0000] {logging_mixin.py:188} INFO - [2024-02-15T23:57:47.272+0000] {dag.py:3036} INFO - Sync 2 DAGs
[2024-02-15T23:57:47.280+0000] {logging_mixin.py:188} INFO - [2024-02-15T23:57:47.280+0000] {dag.py:3823} INFO - Setting next_dagrun for example_external_task_marker_child to None, run_after=None
[2024-02-15T23:57:47.283+0000] {logging_mixin.py:188} INFO - [2024-02-15T23:57:47.283+0000] {dag.py:3823} INFO - Setting next_dagrun for example_external_task_marker_parent to None, run_after=None
[2024-02-15T23:57:47.294+0000] {processor.py:183} INFO - Processing /home/airflow/.local/lib/python3.8/site-packages/airflow/example_dags/example_external_task_marker_dag.py took 0.046 seconds
[2024-02-15T23:58:17.435+0000] {processor.py:161} INFO - Started process (PID=1027) to work on /home/airflow/.local/lib/python3.8/site-packages/airflow/example_dags/example_external_task_marker_dag.py
[2024-02-15T23:58:17.435+0000] {processor.py:830} INFO - Processing file /home/airflow/.local/lib/python3.8/site-packages/airflow/example_dags/example_external_task_marker_dag.py for tasks to queue
[2024-02-15T23:58:17.436+0000] {logging_mixin.py:188} INFO - [2024-02-15T23:58:17.436+0000] {dagbag.py:538} INFO - Filling up the DagBag from /home/airflow/.local/lib/python3.8/site-packages/airflow/example_dags/example_external_task_marker_dag.py
[2024-02-15T23:58:17.440+0000] {processor.py:840} INFO - DAG(s) 'example_external_task_marker_parent', 'example_external_task_marker_child' retrieved from /home/airflow/.local/lib/python3.8/site-packages/airflow/example_dags/example_external_task_marker_dag.py
[2024-02-15T23:58:17.457+0000] {logging_mixin.py:188} INFO - [2024-02-15T23:58:17.456+0000] {dag.py:3036} INFO - Sync 2 DAGs
[2024-02-15T23:58:17.465+0000] {logging_mixin.py:188} INFO - [2024-02-15T23:58:17.465+0000] {dag.py:3823} INFO - Setting next_dagrun for example_external_task_marker_child to None, run_after=None
[2024-02-15T23:58:17.468+0000] {logging_mixin.py:188} INFO - [2024-02-15T23:58:17.467+0000] {dag.py:3823} INFO - Setting next_dagrun for example_external_task_marker_parent to None, run_after=None
[2024-02-15T23:58:17.479+0000] {processor.py:183} INFO - Processing /home/airflow/.local/lib/python3.8/site-packages/airflow/example_dags/example_external_task_marker_dag.py took 0.046 seconds
[2024-02-15T23:58:47.597+0000] {processor.py:161} INFO - Started process (PID=1082) to work on /home/airflow/.local/lib/python3.8/site-packages/airflow/example_dags/example_external_task_marker_dag.py
[2024-02-15T23:58:47.598+0000] {processor.py:830} INFO - Processing file /home/airflow/.local/lib/python3.8/site-packages/airflow/example_dags/example_external_task_marker_dag.py for tasks to queue
[2024-02-15T23:58:47.599+0000] {logging_mixin.py:188} INFO - [2024-02-15T23:58:47.599+0000] {dagbag.py:538} INFO - Filling up the DagBag from /home/airflow/.local/lib/python3.8/site-packages/airflow/example_dags/example_external_task_marker_dag.py
[2024-02-15T23:58:47.602+0000] {processor.py:840} INFO - DAG(s) 'example_external_task_marker_child', 'example_external_task_marker_parent' retrieved from /home/airflow/.local/lib/python3.8/site-packages/airflow/example_dags/example_external_task_marker_dag.py
[2024-02-15T23:58:47.618+0000] {logging_mixin.py:188} INFO - [2024-02-15T23:58:47.618+0000] {dag.py:3036} INFO - Sync 2 DAGs
[2024-02-15T23:58:47.627+0000] {logging_mixin.py:188} INFO - [2024-02-15T23:58:47.627+0000] {dag.py:3823} INFO - Setting next_dagrun for example_external_task_marker_child to None, run_after=None
[2024-02-15T23:58:47.630+0000] {logging_mixin.py:188} INFO - [2024-02-15T23:58:47.630+0000] {dag.py:3823} INFO - Setting next_dagrun for example_external_task_marker_parent to None, run_after=None
[2024-02-15T23:58:47.641+0000] {processor.py:183} INFO - Processing /home/airflow/.local/lib/python3.8/site-packages/airflow/example_dags/example_external_task_marker_dag.py took 0.046 seconds
[2024-02-15T23:59:17.698+0000] {processor.py:161} INFO - Started process (PID=1137) to work on /home/airflow/.local/lib/python3.8/site-packages/airflow/example_dags/example_external_task_marker_dag.py
[2024-02-15T23:59:17.699+0000] {processor.py:830} INFO - Processing file /home/airflow/.local/lib/python3.8/site-packages/airflow/example_dags/example_external_task_marker_dag.py for tasks to queue
[2024-02-15T23:59:17.700+0000] {logging_mixin.py:188} INFO - [2024-02-15T23:59:17.700+0000] {dagbag.py:538} INFO - Filling up the DagBag from /home/airflow/.local/lib/python3.8/site-packages/airflow/example_dags/example_external_task_marker_dag.py
[2024-02-15T23:59:17.704+0000] {processor.py:840} INFO - DAG(s) 'example_external_task_marker_parent', 'example_external_task_marker_child' retrieved from /home/airflow/.local/lib/python3.8/site-packages/airflow/example_dags/example_external_task_marker_dag.py
[2024-02-15T23:59:17.719+0000] {logging_mixin.py:188} INFO - [2024-02-15T23:59:17.718+0000] {dag.py:3036} INFO - Sync 2 DAGs
[2024-02-15T23:59:17.727+0000] {logging_mixin.py:188} INFO - [2024-02-15T23:59:17.727+0000] {dag.py:3823} INFO - Setting next_dagrun for example_external_task_marker_child to None, run_after=None
[2024-02-15T23:59:17.730+0000] {logging_mixin.py:188} INFO - [2024-02-15T23:59:17.730+0000] {dag.py:3823} INFO - Setting next_dagrun for example_external_task_marker_parent to None, run_after=None
[2024-02-15T23:59:17.742+0000] {processor.py:183} INFO - Processing /home/airflow/.local/lib/python3.8/site-packages/airflow/example_dags/example_external_task_marker_dag.py took 0.045 seconds
[2024-02-15T23:59:47.922+0000] {processor.py:161} INFO - Started process (PID=1192) to work on /home/airflow/.local/lib/python3.8/site-packages/airflow/example_dags/example_external_task_marker_dag.py
[2024-02-15T23:59:47.923+0000] {processor.py:830} INFO - Processing file /home/airflow/.local/lib/python3.8/site-packages/airflow/example_dags/example_external_task_marker_dag.py for tasks to queue
[2024-02-15T23:59:47.924+0000] {logging_mixin.py:188} INFO - [2024-02-15T23:59:47.924+0000] {dagbag.py:538} INFO - Filling up the DagBag from /home/airflow/.local/lib/python3.8/site-packages/airflow/example_dags/example_external_task_marker_dag.py
[2024-02-15T23:59:47.927+0000] {processor.py:840} INFO - DAG(s) 'example_external_task_marker_parent', 'example_external_task_marker_child' retrieved from /home/airflow/.local/lib/python3.8/site-packages/airflow/example_dags/example_external_task_marker_dag.py
[2024-02-15T23:59:47.943+0000] {logging_mixin.py:188} INFO - [2024-02-15T23:59:47.943+0000] {dag.py:3036} INFO - Sync 2 DAGs
[2024-02-15T23:59:47.951+0000] {logging_mixin.py:188} INFO - [2024-02-15T23:59:47.951+0000] {dag.py:3823} INFO - Setting next_dagrun for example_external_task_marker_child to None, run_after=None
[2024-02-15T23:59:47.954+0000] {logging_mixin.py:188} INFO - [2024-02-15T23:59:47.954+0000] {dag.py:3823} INFO - Setting next_dagrun for example_external_task_marker_parent to None, run_after=None
[2024-02-15T23:59:47.965+0000] {processor.py:183} INFO - Processing /home/airflow/.local/lib/python3.8/site-packages/airflow/example_dags/example_external_task_marker_dag.py took 0.044 seconds
