[2024-02-15T23:49:40.477+0000] {processor.py:161} INFO - Started process (PID=84) to work on /home/airflow/.local/lib/python3.8/site-packages/airflow/example_dags/example_branch_python_dop_operator_3.py
[2024-02-15T23:49:40.477+0000] {processor.py:830} INFO - Processing file /home/airflow/.local/lib/python3.8/site-packages/airflow/example_dags/example_branch_python_dop_operator_3.py for tasks to queue
[2024-02-15T23:49:40.479+0000] {logging_mixin.py:188} INFO - [2024-02-15T23:49:40.478+0000] {dagbag.py:538} INFO - Filling up the DagBag from /home/airflow/.local/lib/python3.8/site-packages/airflow/example_dags/example_branch_python_dop_operator_3.py
[2024-02-15T23:49:40.487+0000] {processor.py:840} INFO - DAG(s) 'example_branch_dop_operator_v3' retrieved from /home/airflow/.local/lib/python3.8/site-packages/airflow/example_dags/example_branch_python_dop_operator_3.py
[2024-02-15T23:49:40.563+0000] {logging_mixin.py:188} INFO - [2024-02-15T23:49:40.562+0000] {override.py:1769} INFO - Created Permission View: can delete on DAG:example_branch_dop_operator_v3
[2024-02-15T23:49:40.572+0000] {logging_mixin.py:188} INFO - [2024-02-15T23:49:40.571+0000] {override.py:1769} INFO - Created Permission View: can read on DAG:example_branch_dop_operator_v3
[2024-02-15T23:49:40.577+0000] {logging_mixin.py:188} INFO - [2024-02-15T23:49:40.577+0000] {override.py:1769} INFO - Created Permission View: can edit on DAG:example_branch_dop_operator_v3
[2024-02-15T23:49:40.578+0000] {logging_mixin.py:188} INFO - [2024-02-15T23:49:40.578+0000] {dag.py:3036} INFO - Sync 1 DAGs
[2024-02-15T23:49:40.586+0000] {logging_mixin.py:188} INFO - [2024-02-15T23:49:40.586+0000] {dag.py:3058} INFO - Creating ORM DAG for example_branch_dop_operator_v3
[2024-02-15T23:49:40.597+0000] {logging_mixin.py:188} INFO - [2024-02-15T23:49:40.597+0000] {dag.py:3823} INFO - Setting next_dagrun for example_branch_dop_operator_v3 to 2024-02-15 23:48:00+00:00, run_after=2024-02-15 23:49:00+00:00
[2024-02-15T23:49:40.609+0000] {processor.py:183} INFO - Processing /home/airflow/.local/lib/python3.8/site-packages/airflow/example_dags/example_branch_python_dop_operator_3.py took 0.135 seconds
[2024-02-15T23:50:10.799+0000] {processor.py:161} INFO - Started process (PID=139) to work on /home/airflow/.local/lib/python3.8/site-packages/airflow/example_dags/example_branch_python_dop_operator_3.py
[2024-02-15T23:50:10.800+0000] {processor.py:830} INFO - Processing file /home/airflow/.local/lib/python3.8/site-packages/airflow/example_dags/example_branch_python_dop_operator_3.py for tasks to queue
[2024-02-15T23:50:10.801+0000] {logging_mixin.py:188} INFO - [2024-02-15T23:50:10.801+0000] {dagbag.py:538} INFO - Filling up the DagBag from /home/airflow/.local/lib/python3.8/site-packages/airflow/example_dags/example_branch_python_dop_operator_3.py
[2024-02-15T23:50:10.807+0000] {processor.py:840} INFO - DAG(s) 'example_branch_dop_operator_v3' retrieved from /home/airflow/.local/lib/python3.8/site-packages/airflow/example_dags/example_branch_python_dop_operator_3.py
[2024-02-15T23:50:10.819+0000] {logging_mixin.py:188} INFO - [2024-02-15T23:50:10.819+0000] {dag.py:3036} INFO - Sync 1 DAGs
[2024-02-15T23:50:10.837+0000] {logging_mixin.py:188} INFO - [2024-02-15T23:50:10.837+0000] {dag.py:3823} INFO - Setting next_dagrun for example_branch_dop_operator_v3 to 2024-02-15 23:49:00+00:00, run_after=2024-02-15 23:50:00+00:00
[2024-02-15T23:50:10.851+0000] {processor.py:183} INFO - Processing /home/airflow/.local/lib/python3.8/site-packages/airflow/example_dags/example_branch_python_dop_operator_3.py took 0.054 seconds
[2024-02-15T23:50:41.123+0000] {processor.py:161} INFO - Started process (PID=194) to work on /home/airflow/.local/lib/python3.8/site-packages/airflow/example_dags/example_branch_python_dop_operator_3.py
[2024-02-15T23:50:41.123+0000] {processor.py:830} INFO - Processing file /home/airflow/.local/lib/python3.8/site-packages/airflow/example_dags/example_branch_python_dop_operator_3.py for tasks to queue
[2024-02-15T23:50:41.124+0000] {logging_mixin.py:188} INFO - [2024-02-15T23:50:41.124+0000] {dagbag.py:538} INFO - Filling up the DagBag from /home/airflow/.local/lib/python3.8/site-packages/airflow/example_dags/example_branch_python_dop_operator_3.py
[2024-02-15T23:50:41.130+0000] {processor.py:840} INFO - DAG(s) 'example_branch_dop_operator_v3' retrieved from /home/airflow/.local/lib/python3.8/site-packages/airflow/example_dags/example_branch_python_dop_operator_3.py
[2024-02-15T23:50:41.144+0000] {logging_mixin.py:188} INFO - [2024-02-15T23:50:41.143+0000] {dag.py:3036} INFO - Sync 1 DAGs
[2024-02-15T23:50:41.163+0000] {logging_mixin.py:188} INFO - [2024-02-15T23:50:41.162+0000] {dag.py:3823} INFO - Setting next_dagrun for example_branch_dop_operator_v3 to 2024-02-15 23:49:00+00:00, run_after=2024-02-15 23:50:00+00:00
[2024-02-15T23:50:41.175+0000] {processor.py:183} INFO - Processing /home/airflow/.local/lib/python3.8/site-packages/airflow/example_dags/example_branch_python_dop_operator_3.py took 0.055 seconds
[2024-02-15T23:51:11.333+0000] {processor.py:161} INFO - Started process (PID=249) to work on /home/airflow/.local/lib/python3.8/site-packages/airflow/example_dags/example_branch_python_dop_operator_3.py
[2024-02-15T23:51:11.334+0000] {processor.py:830} INFO - Processing file /home/airflow/.local/lib/python3.8/site-packages/airflow/example_dags/example_branch_python_dop_operator_3.py for tasks to queue
[2024-02-15T23:51:11.335+0000] {logging_mixin.py:188} INFO - [2024-02-15T23:51:11.335+0000] {dagbag.py:538} INFO - Filling up the DagBag from /home/airflow/.local/lib/python3.8/site-packages/airflow/example_dags/example_branch_python_dop_operator_3.py
[2024-02-15T23:51:11.340+0000] {processor.py:840} INFO - DAG(s) 'example_branch_dop_operator_v3' retrieved from /home/airflow/.local/lib/python3.8/site-packages/airflow/example_dags/example_branch_python_dop_operator_3.py
[2024-02-15T23:51:11.354+0000] {logging_mixin.py:188} INFO - [2024-02-15T23:51:11.354+0000] {dag.py:3036} INFO - Sync 1 DAGs
[2024-02-15T23:51:11.372+0000] {logging_mixin.py:188} INFO - [2024-02-15T23:51:11.372+0000] {dag.py:3823} INFO - Setting next_dagrun for example_branch_dop_operator_v3 to 2024-02-15 23:50:00+00:00, run_after=2024-02-15 23:51:00+00:00
[2024-02-15T23:51:11.385+0000] {processor.py:183} INFO - Processing /home/airflow/.local/lib/python3.8/site-packages/airflow/example_dags/example_branch_python_dop_operator_3.py took 0.054 seconds
[2024-02-15T23:51:41.686+0000] {processor.py:161} INFO - Started process (PID=304) to work on /home/airflow/.local/lib/python3.8/site-packages/airflow/example_dags/example_branch_python_dop_operator_3.py
[2024-02-15T23:51:41.687+0000] {processor.py:830} INFO - Processing file /home/airflow/.local/lib/python3.8/site-packages/airflow/example_dags/example_branch_python_dop_operator_3.py for tasks to queue
[2024-02-15T23:51:41.688+0000] {logging_mixin.py:188} INFO - [2024-02-15T23:51:41.688+0000] {dagbag.py:538} INFO - Filling up the DagBag from /home/airflow/.local/lib/python3.8/site-packages/airflow/example_dags/example_branch_python_dop_operator_3.py
[2024-02-15T23:51:41.694+0000] {processor.py:840} INFO - DAG(s) 'example_branch_dop_operator_v3' retrieved from /home/airflow/.local/lib/python3.8/site-packages/airflow/example_dags/example_branch_python_dop_operator_3.py
[2024-02-15T23:51:41.707+0000] {logging_mixin.py:188} INFO - [2024-02-15T23:51:41.707+0000] {dag.py:3036} INFO - Sync 1 DAGs
[2024-02-15T23:51:41.726+0000] {logging_mixin.py:188} INFO - [2024-02-15T23:51:41.726+0000] {dag.py:3823} INFO - Setting next_dagrun for example_branch_dop_operator_v3 to 2024-02-15 23:50:00+00:00, run_after=2024-02-15 23:51:00+00:00
[2024-02-15T23:51:41.739+0000] {processor.py:183} INFO - Processing /home/airflow/.local/lib/python3.8/site-packages/airflow/example_dags/example_branch_python_dop_operator_3.py took 0.055 seconds
[2024-02-15T23:52:12.067+0000] {processor.py:161} INFO - Started process (PID=359) to work on /home/airflow/.local/lib/python3.8/site-packages/airflow/example_dags/example_branch_python_dop_operator_3.py
[2024-02-15T23:52:12.067+0000] {processor.py:830} INFO - Processing file /home/airflow/.local/lib/python3.8/site-packages/airflow/example_dags/example_branch_python_dop_operator_3.py for tasks to queue
[2024-02-15T23:52:12.068+0000] {logging_mixin.py:188} INFO - [2024-02-15T23:52:12.068+0000] {dagbag.py:538} INFO - Filling up the DagBag from /home/airflow/.local/lib/python3.8/site-packages/airflow/example_dags/example_branch_python_dop_operator_3.py
[2024-02-15T23:52:12.074+0000] {processor.py:840} INFO - DAG(s) 'example_branch_dop_operator_v3' retrieved from /home/airflow/.local/lib/python3.8/site-packages/airflow/example_dags/example_branch_python_dop_operator_3.py
[2024-02-15T23:52:12.087+0000] {logging_mixin.py:188} INFO - [2024-02-15T23:52:12.086+0000] {dag.py:3036} INFO - Sync 1 DAGs
[2024-02-15T23:52:12.105+0000] {logging_mixin.py:188} INFO - [2024-02-15T23:52:12.104+0000] {dag.py:3823} INFO - Setting next_dagrun for example_branch_dop_operator_v3 to 2024-02-15 23:51:00+00:00, run_after=2024-02-15 23:52:00+00:00
[2024-02-15T23:52:12.117+0000] {processor.py:183} INFO - Processing /home/airflow/.local/lib/python3.8/site-packages/airflow/example_dags/example_branch_python_dop_operator_3.py took 0.052 seconds
[2024-02-15T23:52:42.367+0000] {processor.py:161} INFO - Started process (PID=414) to work on /home/airflow/.local/lib/python3.8/site-packages/airflow/example_dags/example_branch_python_dop_operator_3.py
[2024-02-15T23:52:42.368+0000] {processor.py:830} INFO - Processing file /home/airflow/.local/lib/python3.8/site-packages/airflow/example_dags/example_branch_python_dop_operator_3.py for tasks to queue
[2024-02-15T23:52:42.369+0000] {logging_mixin.py:188} INFO - [2024-02-15T23:52:42.369+0000] {dagbag.py:538} INFO - Filling up the DagBag from /home/airflow/.local/lib/python3.8/site-packages/airflow/example_dags/example_branch_python_dop_operator_3.py
[2024-02-15T23:52:42.375+0000] {processor.py:840} INFO - DAG(s) 'example_branch_dop_operator_v3' retrieved from /home/airflow/.local/lib/python3.8/site-packages/airflow/example_dags/example_branch_python_dop_operator_3.py
[2024-02-15T23:52:42.388+0000] {logging_mixin.py:188} INFO - [2024-02-15T23:52:42.388+0000] {dag.py:3036} INFO - Sync 1 DAGs
[2024-02-15T23:52:42.407+0000] {logging_mixin.py:188} INFO - [2024-02-15T23:52:42.407+0000] {dag.py:3823} INFO - Setting next_dagrun for example_branch_dop_operator_v3 to 2024-02-15 23:51:00+00:00, run_after=2024-02-15 23:52:00+00:00
[2024-02-15T23:52:42.421+0000] {processor.py:183} INFO - Processing /home/airflow/.local/lib/python3.8/site-packages/airflow/example_dags/example_branch_python_dop_operator_3.py took 0.056 seconds
[2024-02-15T23:53:12.606+0000] {processor.py:161} INFO - Started process (PID=470) to work on /home/airflow/.local/lib/python3.8/site-packages/airflow/example_dags/example_branch_python_dop_operator_3.py
[2024-02-15T23:53:12.606+0000] {processor.py:830} INFO - Processing file /home/airflow/.local/lib/python3.8/site-packages/airflow/example_dags/example_branch_python_dop_operator_3.py for tasks to queue
[2024-02-15T23:53:12.607+0000] {logging_mixin.py:188} INFO - [2024-02-15T23:53:12.607+0000] {dagbag.py:538} INFO - Filling up the DagBag from /home/airflow/.local/lib/python3.8/site-packages/airflow/example_dags/example_branch_python_dop_operator_3.py
[2024-02-15T23:53:12.613+0000] {processor.py:840} INFO - DAG(s) 'example_branch_dop_operator_v3' retrieved from /home/airflow/.local/lib/python3.8/site-packages/airflow/example_dags/example_branch_python_dop_operator_3.py
[2024-02-15T23:53:12.628+0000] {logging_mixin.py:188} INFO - [2024-02-15T23:53:12.628+0000] {dag.py:3036} INFO - Sync 1 DAGs
[2024-02-15T23:53:12.648+0000] {logging_mixin.py:188} INFO - [2024-02-15T23:53:12.648+0000] {dag.py:3823} INFO - Setting next_dagrun for example_branch_dop_operator_v3 to 2024-02-15 23:52:00+00:00, run_after=2024-02-15 23:53:00+00:00
[2024-02-15T23:53:12.666+0000] {processor.py:183} INFO - Processing /home/airflow/.local/lib/python3.8/site-packages/airflow/example_dags/example_branch_python_dop_operator_3.py took 0.062 seconds
[2024-02-15T23:53:42.872+0000] {processor.py:161} INFO - Started process (PID=524) to work on /home/airflow/.local/lib/python3.8/site-packages/airflow/example_dags/example_branch_python_dop_operator_3.py
[2024-02-15T23:53:42.873+0000] {processor.py:830} INFO - Processing file /home/airflow/.local/lib/python3.8/site-packages/airflow/example_dags/example_branch_python_dop_operator_3.py for tasks to queue
[2024-02-15T23:53:42.874+0000] {logging_mixin.py:188} INFO - [2024-02-15T23:53:42.874+0000] {dagbag.py:538} INFO - Filling up the DagBag from /home/airflow/.local/lib/python3.8/site-packages/airflow/example_dags/example_branch_python_dop_operator_3.py
[2024-02-15T23:53:42.882+0000] {processor.py:840} INFO - DAG(s) 'example_branch_dop_operator_v3' retrieved from /home/airflow/.local/lib/python3.8/site-packages/airflow/example_dags/example_branch_python_dop_operator_3.py
[2024-02-15T23:53:42.899+0000] {logging_mixin.py:188} INFO - [2024-02-15T23:53:42.898+0000] {dag.py:3036} INFO - Sync 1 DAGs
[2024-02-15T23:53:42.919+0000] {logging_mixin.py:188} INFO - [2024-02-15T23:53:42.918+0000] {dag.py:3823} INFO - Setting next_dagrun for example_branch_dop_operator_v3 to 2024-02-15 23:52:00+00:00, run_after=2024-02-15 23:53:00+00:00
[2024-02-15T23:53:42.932+0000] {processor.py:183} INFO - Processing /home/airflow/.local/lib/python3.8/site-packages/airflow/example_dags/example_branch_python_dop_operator_3.py took 0.062 seconds
[2024-02-15T23:54:13.079+0000] {processor.py:161} INFO - Started process (PID=579) to work on /home/airflow/.local/lib/python3.8/site-packages/airflow/example_dags/example_branch_python_dop_operator_3.py
[2024-02-15T23:54:13.079+0000] {processor.py:830} INFO - Processing file /home/airflow/.local/lib/python3.8/site-packages/airflow/example_dags/example_branch_python_dop_operator_3.py for tasks to queue
[2024-02-15T23:54:13.081+0000] {logging_mixin.py:188} INFO - [2024-02-15T23:54:13.080+0000] {dagbag.py:538} INFO - Filling up the DagBag from /home/airflow/.local/lib/python3.8/site-packages/airflow/example_dags/example_branch_python_dop_operator_3.py
[2024-02-15T23:54:13.087+0000] {processor.py:840} INFO - DAG(s) 'example_branch_dop_operator_v3' retrieved from /home/airflow/.local/lib/python3.8/site-packages/airflow/example_dags/example_branch_python_dop_operator_3.py
[2024-02-15T23:54:13.102+0000] {logging_mixin.py:188} INFO - [2024-02-15T23:54:13.101+0000] {dag.py:3036} INFO - Sync 1 DAGs
[2024-02-15T23:54:13.123+0000] {logging_mixin.py:188} INFO - [2024-02-15T23:54:13.123+0000] {dag.py:3823} INFO - Setting next_dagrun for example_branch_dop_operator_v3 to 2024-02-15 23:53:00+00:00, run_after=2024-02-15 23:54:00+00:00
[2024-02-15T23:54:13.138+0000] {processor.py:183} INFO - Processing /home/airflow/.local/lib/python3.8/site-packages/airflow/example_dags/example_branch_python_dop_operator_3.py took 0.061 seconds
[2024-02-15T23:54:43.308+0000] {processor.py:161} INFO - Started process (PID=634) to work on /home/airflow/.local/lib/python3.8/site-packages/airflow/example_dags/example_branch_python_dop_operator_3.py
[2024-02-15T23:54:43.309+0000] {processor.py:830} INFO - Processing file /home/airflow/.local/lib/python3.8/site-packages/airflow/example_dags/example_branch_python_dop_operator_3.py for tasks to queue
[2024-02-15T23:54:43.310+0000] {logging_mixin.py:188} INFO - [2024-02-15T23:54:43.310+0000] {dagbag.py:538} INFO - Filling up the DagBag from /home/airflow/.local/lib/python3.8/site-packages/airflow/example_dags/example_branch_python_dop_operator_3.py
[2024-02-15T23:54:43.316+0000] {processor.py:840} INFO - DAG(s) 'example_branch_dop_operator_v3' retrieved from /home/airflow/.local/lib/python3.8/site-packages/airflow/example_dags/example_branch_python_dop_operator_3.py
[2024-02-15T23:54:43.330+0000] {logging_mixin.py:188} INFO - [2024-02-15T23:54:43.330+0000] {dag.py:3036} INFO - Sync 1 DAGs
[2024-02-15T23:54:43.348+0000] {logging_mixin.py:188} INFO - [2024-02-15T23:54:43.348+0000] {dag.py:3823} INFO - Setting next_dagrun for example_branch_dop_operator_v3 to 2024-02-15 23:53:00+00:00, run_after=2024-02-15 23:54:00+00:00
[2024-02-15T23:54:43.363+0000] {processor.py:183} INFO - Processing /home/airflow/.local/lib/python3.8/site-packages/airflow/example_dags/example_branch_python_dop_operator_3.py took 0.057 seconds
[2024-02-15T23:55:13.684+0000] {processor.py:161} INFO - Started process (PID=689) to work on /home/airflow/.local/lib/python3.8/site-packages/airflow/example_dags/example_branch_python_dop_operator_3.py
[2024-02-15T23:55:13.685+0000] {processor.py:830} INFO - Processing file /home/airflow/.local/lib/python3.8/site-packages/airflow/example_dags/example_branch_python_dop_operator_3.py for tasks to queue
[2024-02-15T23:55:13.687+0000] {logging_mixin.py:188} INFO - [2024-02-15T23:55:13.687+0000] {dagbag.py:538} INFO - Filling up the DagBag from /home/airflow/.local/lib/python3.8/site-packages/airflow/example_dags/example_branch_python_dop_operator_3.py
[2024-02-15T23:55:13.694+0000] {processor.py:840} INFO - DAG(s) 'example_branch_dop_operator_v3' retrieved from /home/airflow/.local/lib/python3.8/site-packages/airflow/example_dags/example_branch_python_dop_operator_3.py
[2024-02-15T23:55:13.709+0000] {logging_mixin.py:188} INFO - [2024-02-15T23:55:13.709+0000] {dag.py:3036} INFO - Sync 1 DAGs
[2024-02-15T23:55:13.729+0000] {logging_mixin.py:188} INFO - [2024-02-15T23:55:13.729+0000] {dag.py:3823} INFO - Setting next_dagrun for example_branch_dop_operator_v3 to 2024-02-15 23:54:00+00:00, run_after=2024-02-15 23:55:00+00:00
[2024-02-15T23:55:13.747+0000] {processor.py:183} INFO - Processing /home/airflow/.local/lib/python3.8/site-packages/airflow/example_dags/example_branch_python_dop_operator_3.py took 0.065 seconds
[2024-02-15T23:55:44.762+0000] {processor.py:161} INFO - Started process (PID=744) to work on /home/airflow/.local/lib/python3.8/site-packages/airflow/example_dags/example_branch_python_dop_operator_3.py
[2024-02-15T23:55:44.763+0000] {processor.py:830} INFO - Processing file /home/airflow/.local/lib/python3.8/site-packages/airflow/example_dags/example_branch_python_dop_operator_3.py for tasks to queue
[2024-02-15T23:55:44.764+0000] {logging_mixin.py:188} INFO - [2024-02-15T23:55:44.764+0000] {dagbag.py:538} INFO - Filling up the DagBag from /home/airflow/.local/lib/python3.8/site-packages/airflow/example_dags/example_branch_python_dop_operator_3.py
[2024-02-15T23:55:44.770+0000] {processor.py:840} INFO - DAG(s) 'example_branch_dop_operator_v3' retrieved from /home/airflow/.local/lib/python3.8/site-packages/airflow/example_dags/example_branch_python_dop_operator_3.py
[2024-02-15T23:55:44.781+0000] {logging_mixin.py:188} INFO - [2024-02-15T23:55:44.781+0000] {dag.py:3036} INFO - Sync 1 DAGs
[2024-02-15T23:55:44.800+0000] {logging_mixin.py:188} INFO - [2024-02-15T23:55:44.800+0000] {dag.py:3823} INFO - Setting next_dagrun for example_branch_dop_operator_v3 to 2024-02-15 23:54:00+00:00, run_after=2024-02-15 23:55:00+00:00
[2024-02-15T23:55:44.813+0000] {processor.py:183} INFO - Processing /home/airflow/.local/lib/python3.8/site-packages/airflow/example_dags/example_branch_python_dop_operator_3.py took 0.052 seconds
[2024-02-15T23:56:14.989+0000] {processor.py:161} INFO - Started process (PID=799) to work on /home/airflow/.local/lib/python3.8/site-packages/airflow/example_dags/example_branch_python_dop_operator_3.py
[2024-02-15T23:56:14.989+0000] {processor.py:830} INFO - Processing file /home/airflow/.local/lib/python3.8/site-packages/airflow/example_dags/example_branch_python_dop_operator_3.py for tasks to queue
[2024-02-15T23:56:14.991+0000] {logging_mixin.py:188} INFO - [2024-02-15T23:56:14.990+0000] {dagbag.py:538} INFO - Filling up the DagBag from /home/airflow/.local/lib/python3.8/site-packages/airflow/example_dags/example_branch_python_dop_operator_3.py
[2024-02-15T23:56:14.996+0000] {processor.py:840} INFO - DAG(s) 'example_branch_dop_operator_v3' retrieved from /home/airflow/.local/lib/python3.8/site-packages/airflow/example_dags/example_branch_python_dop_operator_3.py
[2024-02-15T23:56:15.009+0000] {logging_mixin.py:188} INFO - [2024-02-15T23:56:15.009+0000] {dag.py:3036} INFO - Sync 1 DAGs
[2024-02-15T23:56:15.029+0000] {logging_mixin.py:188} INFO - [2024-02-15T23:56:15.028+0000] {dag.py:3823} INFO - Setting next_dagrun for example_branch_dop_operator_v3 to 2024-02-15 23:55:00+00:00, run_after=2024-02-15 23:56:00+00:00
[2024-02-15T23:56:15.043+0000] {processor.py:183} INFO - Processing /home/airflow/.local/lib/python3.8/site-packages/airflow/example_dags/example_branch_python_dop_operator_3.py took 0.056 seconds
[2024-02-15T23:56:45.343+0000] {processor.py:161} INFO - Started process (PID=854) to work on /home/airflow/.local/lib/python3.8/site-packages/airflow/example_dags/example_branch_python_dop_operator_3.py
[2024-02-15T23:56:45.343+0000] {processor.py:830} INFO - Processing file /home/airflow/.local/lib/python3.8/site-packages/airflow/example_dags/example_branch_python_dop_operator_3.py for tasks to queue
[2024-02-15T23:56:45.345+0000] {logging_mixin.py:188} INFO - [2024-02-15T23:56:45.345+0000] {dagbag.py:538} INFO - Filling up the DagBag from /home/airflow/.local/lib/python3.8/site-packages/airflow/example_dags/example_branch_python_dop_operator_3.py
[2024-02-15T23:56:45.351+0000] {processor.py:840} INFO - DAG(s) 'example_branch_dop_operator_v3' retrieved from /home/airflow/.local/lib/python3.8/site-packages/airflow/example_dags/example_branch_python_dop_operator_3.py
[2024-02-15T23:56:45.365+0000] {logging_mixin.py:188} INFO - [2024-02-15T23:56:45.365+0000] {dag.py:3036} INFO - Sync 1 DAGs
[2024-02-15T23:56:45.385+0000] {logging_mixin.py:188} INFO - [2024-02-15T23:56:45.385+0000] {dag.py:3823} INFO - Setting next_dagrun for example_branch_dop_operator_v3 to 2024-02-15 23:55:00+00:00, run_after=2024-02-15 23:56:00+00:00
[2024-02-15T23:56:45.399+0000] {processor.py:183} INFO - Processing /home/airflow/.local/lib/python3.8/site-packages/airflow/example_dags/example_branch_python_dop_operator_3.py took 0.059 seconds
[2024-02-15T23:57:15.683+0000] {processor.py:161} INFO - Started process (PID=909) to work on /home/airflow/.local/lib/python3.8/site-packages/airflow/example_dags/example_branch_python_dop_operator_3.py
[2024-02-15T23:57:15.684+0000] {processor.py:830} INFO - Processing file /home/airflow/.local/lib/python3.8/site-packages/airflow/example_dags/example_branch_python_dop_operator_3.py for tasks to queue
[2024-02-15T23:57:15.685+0000] {logging_mixin.py:188} INFO - [2024-02-15T23:57:15.685+0000] {dagbag.py:538} INFO - Filling up the DagBag from /home/airflow/.local/lib/python3.8/site-packages/airflow/example_dags/example_branch_python_dop_operator_3.py
[2024-02-15T23:57:15.691+0000] {processor.py:840} INFO - DAG(s) 'example_branch_dop_operator_v3' retrieved from /home/airflow/.local/lib/python3.8/site-packages/airflow/example_dags/example_branch_python_dop_operator_3.py
[2024-02-15T23:57:15.703+0000] {logging_mixin.py:188} INFO - [2024-02-15T23:57:15.703+0000] {dag.py:3036} INFO - Sync 1 DAGs
[2024-02-15T23:57:15.722+0000] {logging_mixin.py:188} INFO - [2024-02-15T23:57:15.721+0000] {dag.py:3823} INFO - Setting next_dagrun for example_branch_dop_operator_v3 to 2024-02-15 23:56:00+00:00, run_after=2024-02-15 23:57:00+00:00
[2024-02-15T23:57:15.734+0000] {processor.py:183} INFO - Processing /home/airflow/.local/lib/python3.8/site-packages/airflow/example_dags/example_branch_python_dop_operator_3.py took 0.053 seconds
[2024-02-15T23:57:45.972+0000] {processor.py:161} INFO - Started process (PID=964) to work on /home/airflow/.local/lib/python3.8/site-packages/airflow/example_dags/example_branch_python_dop_operator_3.py
[2024-02-15T23:57:45.973+0000] {processor.py:830} INFO - Processing file /home/airflow/.local/lib/python3.8/site-packages/airflow/example_dags/example_branch_python_dop_operator_3.py for tasks to queue
[2024-02-15T23:57:45.974+0000] {logging_mixin.py:188} INFO - [2024-02-15T23:57:45.974+0000] {dagbag.py:538} INFO - Filling up the DagBag from /home/airflow/.local/lib/python3.8/site-packages/airflow/example_dags/example_branch_python_dop_operator_3.py
[2024-02-15T23:57:45.980+0000] {processor.py:840} INFO - DAG(s) 'example_branch_dop_operator_v3' retrieved from /home/airflow/.local/lib/python3.8/site-packages/airflow/example_dags/example_branch_python_dop_operator_3.py
[2024-02-15T23:57:45.994+0000] {logging_mixin.py:188} INFO - [2024-02-15T23:57:45.993+0000] {dag.py:3036} INFO - Sync 1 DAGs
[2024-02-15T23:57:46.012+0000] {logging_mixin.py:188} INFO - [2024-02-15T23:57:46.012+0000] {dag.py:3823} INFO - Setting next_dagrun for example_branch_dop_operator_v3 to 2024-02-15 23:56:00+00:00, run_after=2024-02-15 23:57:00+00:00
[2024-02-15T23:57:46.025+0000] {processor.py:183} INFO - Processing /home/airflow/.local/lib/python3.8/site-packages/airflow/example_dags/example_branch_python_dop_operator_3.py took 0.055 seconds
[2024-02-15T23:58:16.148+0000] {processor.py:161} INFO - Started process (PID=1019) to work on /home/airflow/.local/lib/python3.8/site-packages/airflow/example_dags/example_branch_python_dop_operator_3.py
[2024-02-15T23:58:16.148+0000] {processor.py:830} INFO - Processing file /home/airflow/.local/lib/python3.8/site-packages/airflow/example_dags/example_branch_python_dop_operator_3.py for tasks to queue
[2024-02-15T23:58:16.150+0000] {logging_mixin.py:188} INFO - [2024-02-15T23:58:16.149+0000] {dagbag.py:538} INFO - Filling up the DagBag from /home/airflow/.local/lib/python3.8/site-packages/airflow/example_dags/example_branch_python_dop_operator_3.py
[2024-02-15T23:58:16.155+0000] {processor.py:840} INFO - DAG(s) 'example_branch_dop_operator_v3' retrieved from /home/airflow/.local/lib/python3.8/site-packages/airflow/example_dags/example_branch_python_dop_operator_3.py
[2024-02-15T23:58:16.168+0000] {logging_mixin.py:188} INFO - [2024-02-15T23:58:16.167+0000] {dag.py:3036} INFO - Sync 1 DAGs
[2024-02-15T23:58:16.185+0000] {logging_mixin.py:188} INFO - [2024-02-15T23:58:16.185+0000] {dag.py:3823} INFO - Setting next_dagrun for example_branch_dop_operator_v3 to 2024-02-15 23:57:00+00:00, run_after=2024-02-15 23:58:00+00:00
[2024-02-15T23:58:16.199+0000] {processor.py:183} INFO - Processing /home/airflow/.local/lib/python3.8/site-packages/airflow/example_dags/example_branch_python_dop_operator_3.py took 0.053 seconds
[2024-02-15T23:58:46.308+0000] {processor.py:161} INFO - Started process (PID=1074) to work on /home/airflow/.local/lib/python3.8/site-packages/airflow/example_dags/example_branch_python_dop_operator_3.py
[2024-02-15T23:58:46.308+0000] {processor.py:830} INFO - Processing file /home/airflow/.local/lib/python3.8/site-packages/airflow/example_dags/example_branch_python_dop_operator_3.py for tasks to queue
[2024-02-15T23:58:46.309+0000] {logging_mixin.py:188} INFO - [2024-02-15T23:58:46.309+0000] {dagbag.py:538} INFO - Filling up the DagBag from /home/airflow/.local/lib/python3.8/site-packages/airflow/example_dags/example_branch_python_dop_operator_3.py
[2024-02-15T23:58:46.315+0000] {processor.py:840} INFO - DAG(s) 'example_branch_dop_operator_v3' retrieved from /home/airflow/.local/lib/python3.8/site-packages/airflow/example_dags/example_branch_python_dop_operator_3.py
[2024-02-15T23:58:46.328+0000] {logging_mixin.py:188} INFO - [2024-02-15T23:58:46.327+0000] {dag.py:3036} INFO - Sync 1 DAGs
[2024-02-15T23:58:46.346+0000] {logging_mixin.py:188} INFO - [2024-02-15T23:58:46.346+0000] {dag.py:3823} INFO - Setting next_dagrun for example_branch_dop_operator_v3 to 2024-02-15 23:57:00+00:00, run_after=2024-02-15 23:58:00+00:00
[2024-02-15T23:58:46.360+0000] {processor.py:183} INFO - Processing /home/airflow/.local/lib/python3.8/site-packages/airflow/example_dags/example_branch_python_dop_operator_3.py took 0.055 seconds
[2024-02-15T23:59:16.432+0000] {processor.py:161} INFO - Started process (PID=1129) to work on /home/airflow/.local/lib/python3.8/site-packages/airflow/example_dags/example_branch_python_dop_operator_3.py
[2024-02-15T23:59:16.433+0000] {processor.py:830} INFO - Processing file /home/airflow/.local/lib/python3.8/site-packages/airflow/example_dags/example_branch_python_dop_operator_3.py for tasks to queue
[2024-02-15T23:59:16.434+0000] {logging_mixin.py:188} INFO - [2024-02-15T23:59:16.434+0000] {dagbag.py:538} INFO - Filling up the DagBag from /home/airflow/.local/lib/python3.8/site-packages/airflow/example_dags/example_branch_python_dop_operator_3.py
[2024-02-15T23:59:16.440+0000] {processor.py:840} INFO - DAG(s) 'example_branch_dop_operator_v3' retrieved from /home/airflow/.local/lib/python3.8/site-packages/airflow/example_dags/example_branch_python_dop_operator_3.py
[2024-02-15T23:59:16.452+0000] {logging_mixin.py:188} INFO - [2024-02-15T23:59:16.452+0000] {dag.py:3036} INFO - Sync 1 DAGs
[2024-02-15T23:59:16.469+0000] {logging_mixin.py:188} INFO - [2024-02-15T23:59:16.469+0000] {dag.py:3823} INFO - Setting next_dagrun for example_branch_dop_operator_v3 to 2024-02-15 23:58:00+00:00, run_after=2024-02-15 23:59:00+00:00
[2024-02-15T23:59:16.483+0000] {processor.py:183} INFO - Processing /home/airflow/.local/lib/python3.8/site-packages/airflow/example_dags/example_branch_python_dop_operator_3.py took 0.053 seconds
[2024-02-15T23:59:46.654+0000] {processor.py:161} INFO - Started process (PID=1184) to work on /home/airflow/.local/lib/python3.8/site-packages/airflow/example_dags/example_branch_python_dop_operator_3.py
[2024-02-15T23:59:46.655+0000] {processor.py:830} INFO - Processing file /home/airflow/.local/lib/python3.8/site-packages/airflow/example_dags/example_branch_python_dop_operator_3.py for tasks to queue
[2024-02-15T23:59:46.656+0000] {logging_mixin.py:188} INFO - [2024-02-15T23:59:46.656+0000] {dagbag.py:538} INFO - Filling up the DagBag from /home/airflow/.local/lib/python3.8/site-packages/airflow/example_dags/example_branch_python_dop_operator_3.py
[2024-02-15T23:59:46.661+0000] {processor.py:840} INFO - DAG(s) 'example_branch_dop_operator_v3' retrieved from /home/airflow/.local/lib/python3.8/site-packages/airflow/example_dags/example_branch_python_dop_operator_3.py
[2024-02-15T23:59:46.673+0000] {logging_mixin.py:188} INFO - [2024-02-15T23:59:46.673+0000] {dag.py:3036} INFO - Sync 1 DAGs
[2024-02-15T23:59:46.690+0000] {logging_mixin.py:188} INFO - [2024-02-15T23:59:46.690+0000] {dag.py:3823} INFO - Setting next_dagrun for example_branch_dop_operator_v3 to 2024-02-15 23:58:00+00:00, run_after=2024-02-15 23:59:00+00:00
[2024-02-15T23:59:46.702+0000] {processor.py:183} INFO - Processing /home/airflow/.local/lib/python3.8/site-packages/airflow/example_dags/example_branch_python_dop_operator_3.py took 0.050 seconds
