[2024-02-15T23:49:39.719+0000] {processor.py:161} INFO - Started process (PID=75) to work on /home/airflow/.local/lib/python3.8/site-packages/airflow/example_dags/example_latest_only.py
[2024-02-15T23:49:39.720+0000] {processor.py:830} INFO - Processing file /home/airflow/.local/lib/python3.8/site-packages/airflow/example_dags/example_latest_only.py for tasks to queue
[2024-02-15T23:49:39.721+0000] {logging_mixin.py:188} INFO - [2024-02-15T23:49:39.721+0000] {dagbag.py:538} INFO - Filling up the DagBag from /home/airflow/.local/lib/python3.8/site-packages/airflow/example_dags/example_latest_only.py
[2024-02-15T23:49:39.726+0000] {processor.py:840} INFO - DAG(s) 'latest_only' retrieved from /home/airflow/.local/lib/python3.8/site-packages/airflow/example_dags/example_latest_only.py
[2024-02-15T23:49:39.798+0000] {logging_mixin.py:188} INFO - [2024-02-15T23:49:39.798+0000] {override.py:1769} INFO - Created Permission View: can delete on DAG:latest_only
[2024-02-15T23:49:39.805+0000] {logging_mixin.py:188} INFO - [2024-02-15T23:49:39.805+0000] {override.py:1769} INFO - Created Permission View: can read on DAG:latest_only
[2024-02-15T23:49:39.811+0000] {logging_mixin.py:188} INFO - [2024-02-15T23:49:39.810+0000] {override.py:1769} INFO - Created Permission View: can edit on DAG:latest_only
[2024-02-15T23:49:39.811+0000] {logging_mixin.py:188} INFO - [2024-02-15T23:49:39.811+0000] {dag.py:3036} INFO - Sync 1 DAGs
[2024-02-15T23:49:39.819+0000] {logging_mixin.py:188} INFO - [2024-02-15T23:49:39.819+0000] {dag.py:3058} INFO - Creating ORM DAG for latest_only
[2024-02-15T23:49:39.827+0000] {logging_mixin.py:188} INFO - [2024-02-15T23:49:39.827+0000] {dag.py:3823} INFO - Setting next_dagrun for latest_only to 2024-02-15 16:00:00+00:00, run_after=2024-02-15 20:00:00+00:00
[2024-02-15T23:49:39.841+0000] {processor.py:183} INFO - Processing /home/airflow/.local/lib/python3.8/site-packages/airflow/example_dags/example_latest_only.py took 0.124 seconds
[2024-02-15T23:50:10.378+0000] {processor.py:161} INFO - Started process (PID=130) to work on /home/airflow/.local/lib/python3.8/site-packages/airflow/example_dags/example_latest_only.py
[2024-02-15T23:50:10.379+0000] {processor.py:830} INFO - Processing file /home/airflow/.local/lib/python3.8/site-packages/airflow/example_dags/example_latest_only.py for tasks to queue
[2024-02-15T23:50:10.380+0000] {logging_mixin.py:188} INFO - [2024-02-15T23:50:10.380+0000] {dagbag.py:538} INFO - Filling up the DagBag from /home/airflow/.local/lib/python3.8/site-packages/airflow/example_dags/example_latest_only.py
[2024-02-15T23:50:10.383+0000] {processor.py:840} INFO - DAG(s) 'latest_only' retrieved from /home/airflow/.local/lib/python3.8/site-packages/airflow/example_dags/example_latest_only.py
[2024-02-15T23:50:10.397+0000] {logging_mixin.py:188} INFO - [2024-02-15T23:50:10.397+0000] {dag.py:3036} INFO - Sync 1 DAGs
[2024-02-15T23:50:10.413+0000] {logging_mixin.py:188} INFO - [2024-02-15T23:50:10.413+0000] {dag.py:3823} INFO - Setting next_dagrun for latest_only to 2024-02-15 16:00:00+00:00, run_after=2024-02-15 20:00:00+00:00
[2024-02-15T23:50:10.426+0000] {processor.py:183} INFO - Processing /home/airflow/.local/lib/python3.8/site-packages/airflow/example_dags/example_latest_only.py took 0.050 seconds
[2024-02-15T23:50:40.783+0000] {processor.py:161} INFO - Started process (PID=185) to work on /home/airflow/.local/lib/python3.8/site-packages/airflow/example_dags/example_latest_only.py
[2024-02-15T23:50:40.784+0000] {processor.py:830} INFO - Processing file /home/airflow/.local/lib/python3.8/site-packages/airflow/example_dags/example_latest_only.py for tasks to queue
[2024-02-15T23:50:40.785+0000] {logging_mixin.py:188} INFO - [2024-02-15T23:50:40.785+0000] {dagbag.py:538} INFO - Filling up the DagBag from /home/airflow/.local/lib/python3.8/site-packages/airflow/example_dags/example_latest_only.py
[2024-02-15T23:50:40.788+0000] {processor.py:840} INFO - DAG(s) 'latest_only' retrieved from /home/airflow/.local/lib/python3.8/site-packages/airflow/example_dags/example_latest_only.py
[2024-02-15T23:50:40.801+0000] {logging_mixin.py:188} INFO - [2024-02-15T23:50:40.801+0000] {dag.py:3036} INFO - Sync 1 DAGs
[2024-02-15T23:50:40.817+0000] {logging_mixin.py:188} INFO - [2024-02-15T23:50:40.817+0000] {dag.py:3823} INFO - Setting next_dagrun for latest_only to 2024-02-15 16:00:00+00:00, run_after=2024-02-15 20:00:00+00:00
[2024-02-15T23:50:40.830+0000] {processor.py:183} INFO - Processing /home/airflow/.local/lib/python3.8/site-packages/airflow/example_dags/example_latest_only.py took 0.049 seconds
[2024-02-15T23:51:10.966+0000] {processor.py:161} INFO - Started process (PID=240) to work on /home/airflow/.local/lib/python3.8/site-packages/airflow/example_dags/example_latest_only.py
[2024-02-15T23:51:10.967+0000] {processor.py:830} INFO - Processing file /home/airflow/.local/lib/python3.8/site-packages/airflow/example_dags/example_latest_only.py for tasks to queue
[2024-02-15T23:51:10.968+0000] {logging_mixin.py:188} INFO - [2024-02-15T23:51:10.968+0000] {dagbag.py:538} INFO - Filling up the DagBag from /home/airflow/.local/lib/python3.8/site-packages/airflow/example_dags/example_latest_only.py
[2024-02-15T23:51:10.971+0000] {processor.py:840} INFO - DAG(s) 'latest_only' retrieved from /home/airflow/.local/lib/python3.8/site-packages/airflow/example_dags/example_latest_only.py
[2024-02-15T23:51:10.984+0000] {logging_mixin.py:188} INFO - [2024-02-15T23:51:10.984+0000] {dag.py:3036} INFO - Sync 1 DAGs
[2024-02-15T23:51:10.998+0000] {logging_mixin.py:188} INFO - [2024-02-15T23:51:10.998+0000] {dag.py:3823} INFO - Setting next_dagrun for latest_only to 2024-02-15 16:00:00+00:00, run_after=2024-02-15 20:00:00+00:00
[2024-02-15T23:51:11.011+0000] {processor.py:183} INFO - Processing /home/airflow/.local/lib/python3.8/site-packages/airflow/example_dags/example_latest_only.py took 0.047 seconds
[2024-02-15T23:51:41.291+0000] {processor.py:161} INFO - Started process (PID=295) to work on /home/airflow/.local/lib/python3.8/site-packages/airflow/example_dags/example_latest_only.py
[2024-02-15T23:51:41.291+0000] {processor.py:830} INFO - Processing file /home/airflow/.local/lib/python3.8/site-packages/airflow/example_dags/example_latest_only.py for tasks to queue
[2024-02-15T23:51:41.293+0000] {logging_mixin.py:188} INFO - [2024-02-15T23:51:41.292+0000] {dagbag.py:538} INFO - Filling up the DagBag from /home/airflow/.local/lib/python3.8/site-packages/airflow/example_dags/example_latest_only.py
[2024-02-15T23:51:41.296+0000] {processor.py:840} INFO - DAG(s) 'latest_only' retrieved from /home/airflow/.local/lib/python3.8/site-packages/airflow/example_dags/example_latest_only.py
[2024-02-15T23:51:41.311+0000] {logging_mixin.py:188} INFO - [2024-02-15T23:51:41.310+0000] {dag.py:3036} INFO - Sync 1 DAGs
[2024-02-15T23:51:41.328+0000] {logging_mixin.py:188} INFO - [2024-02-15T23:51:41.327+0000] {dag.py:3823} INFO - Setting next_dagrun for latest_only to 2024-02-15 16:00:00+00:00, run_after=2024-02-15 20:00:00+00:00
[2024-02-15T23:51:41.341+0000] {processor.py:183} INFO - Processing /home/airflow/.local/lib/python3.8/site-packages/airflow/example_dags/example_latest_only.py took 0.053 seconds
[2024-02-15T23:52:11.692+0000] {processor.py:161} INFO - Started process (PID=350) to work on /home/airflow/.local/lib/python3.8/site-packages/airflow/example_dags/example_latest_only.py
[2024-02-15T23:52:11.693+0000] {processor.py:830} INFO - Processing file /home/airflow/.local/lib/python3.8/site-packages/airflow/example_dags/example_latest_only.py for tasks to queue
[2024-02-15T23:52:11.694+0000] {logging_mixin.py:188} INFO - [2024-02-15T23:52:11.694+0000] {dagbag.py:538} INFO - Filling up the DagBag from /home/airflow/.local/lib/python3.8/site-packages/airflow/example_dags/example_latest_only.py
[2024-02-15T23:52:11.697+0000] {processor.py:840} INFO - DAG(s) 'latest_only' retrieved from /home/airflow/.local/lib/python3.8/site-packages/airflow/example_dags/example_latest_only.py
[2024-02-15T23:52:11.711+0000] {logging_mixin.py:188} INFO - [2024-02-15T23:52:11.711+0000] {dag.py:3036} INFO - Sync 1 DAGs
[2024-02-15T23:52:11.727+0000] {logging_mixin.py:188} INFO - [2024-02-15T23:52:11.727+0000] {dag.py:3823} INFO - Setting next_dagrun for latest_only to 2024-02-15 16:00:00+00:00, run_after=2024-02-15 20:00:00+00:00
[2024-02-15T23:52:11.740+0000] {processor.py:183} INFO - Processing /home/airflow/.local/lib/python3.8/site-packages/airflow/example_dags/example_latest_only.py took 0.050 seconds
[2024-02-15T23:52:41.929+0000] {processor.py:161} INFO - Started process (PID=405) to work on /home/airflow/.local/lib/python3.8/site-packages/airflow/example_dags/example_latest_only.py
[2024-02-15T23:52:41.930+0000] {processor.py:830} INFO - Processing file /home/airflow/.local/lib/python3.8/site-packages/airflow/example_dags/example_latest_only.py for tasks to queue
[2024-02-15T23:52:41.931+0000] {logging_mixin.py:188} INFO - [2024-02-15T23:52:41.931+0000] {dagbag.py:538} INFO - Filling up the DagBag from /home/airflow/.local/lib/python3.8/site-packages/airflow/example_dags/example_latest_only.py
[2024-02-15T23:52:41.934+0000] {processor.py:840} INFO - DAG(s) 'latest_only' retrieved from /home/airflow/.local/lib/python3.8/site-packages/airflow/example_dags/example_latest_only.py
[2024-02-15T23:52:41.948+0000] {logging_mixin.py:188} INFO - [2024-02-15T23:52:41.948+0000] {dag.py:3036} INFO - Sync 1 DAGs
[2024-02-15T23:52:41.964+0000] {logging_mixin.py:188} INFO - [2024-02-15T23:52:41.964+0000] {dag.py:3823} INFO - Setting next_dagrun for latest_only to 2024-02-15 16:00:00+00:00, run_after=2024-02-15 20:00:00+00:00
[2024-02-15T23:52:41.978+0000] {processor.py:183} INFO - Processing /home/airflow/.local/lib/python3.8/site-packages/airflow/example_dags/example_latest_only.py took 0.050 seconds
[2024-02-15T23:53:12.226+0000] {processor.py:161} INFO - Started process (PID=460) to work on /home/airflow/.local/lib/python3.8/site-packages/airflow/example_dags/example_latest_only.py
[2024-02-15T23:53:12.226+0000] {processor.py:830} INFO - Processing file /home/airflow/.local/lib/python3.8/site-packages/airflow/example_dags/example_latest_only.py for tasks to queue
[2024-02-15T23:53:12.228+0000] {logging_mixin.py:188} INFO - [2024-02-15T23:53:12.227+0000] {dagbag.py:538} INFO - Filling up the DagBag from /home/airflow/.local/lib/python3.8/site-packages/airflow/example_dags/example_latest_only.py
[2024-02-15T23:53:12.231+0000] {processor.py:840} INFO - DAG(s) 'latest_only' retrieved from /home/airflow/.local/lib/python3.8/site-packages/airflow/example_dags/example_latest_only.py
[2024-02-15T23:53:12.244+0000] {logging_mixin.py:188} INFO - [2024-02-15T23:53:12.243+0000] {dag.py:3036} INFO - Sync 1 DAGs
[2024-02-15T23:53:12.258+0000] {logging_mixin.py:188} INFO - [2024-02-15T23:53:12.258+0000] {dag.py:3823} INFO - Setting next_dagrun for latest_only to 2024-02-15 16:00:00+00:00, run_after=2024-02-15 20:00:00+00:00
[2024-02-15T23:53:12.271+0000] {processor.py:183} INFO - Processing /home/airflow/.local/lib/python3.8/site-packages/airflow/example_dags/example_latest_only.py took 0.047 seconds
[2024-02-15T23:53:42.527+0000] {processor.py:161} INFO - Started process (PID=515) to work on /home/airflow/.local/lib/python3.8/site-packages/airflow/example_dags/example_latest_only.py
[2024-02-15T23:53:42.528+0000] {processor.py:830} INFO - Processing file /home/airflow/.local/lib/python3.8/site-packages/airflow/example_dags/example_latest_only.py for tasks to queue
[2024-02-15T23:53:42.529+0000] {logging_mixin.py:188} INFO - [2024-02-15T23:53:42.528+0000] {dagbag.py:538} INFO - Filling up the DagBag from /home/airflow/.local/lib/python3.8/site-packages/airflow/example_dags/example_latest_only.py
[2024-02-15T23:53:42.532+0000] {processor.py:840} INFO - DAG(s) 'latest_only' retrieved from /home/airflow/.local/lib/python3.8/site-packages/airflow/example_dags/example_latest_only.py
[2024-02-15T23:53:42.546+0000] {logging_mixin.py:188} INFO - [2024-02-15T23:53:42.545+0000] {dag.py:3036} INFO - Sync 1 DAGs
[2024-02-15T23:53:42.560+0000] {logging_mixin.py:188} INFO - [2024-02-15T23:53:42.560+0000] {dag.py:3823} INFO - Setting next_dagrun for latest_only to 2024-02-15 16:00:00+00:00, run_after=2024-02-15 20:00:00+00:00
[2024-02-15T23:53:42.573+0000] {processor.py:183} INFO - Processing /home/airflow/.local/lib/python3.8/site-packages/airflow/example_dags/example_latest_only.py took 0.047 seconds
[2024-02-15T23:54:12.735+0000] {processor.py:161} INFO - Started process (PID=570) to work on /home/airflow/.local/lib/python3.8/site-packages/airflow/example_dags/example_latest_only.py
[2024-02-15T23:54:12.736+0000] {processor.py:830} INFO - Processing file /home/airflow/.local/lib/python3.8/site-packages/airflow/example_dags/example_latest_only.py for tasks to queue
[2024-02-15T23:54:12.737+0000] {logging_mixin.py:188} INFO - [2024-02-15T23:54:12.737+0000] {dagbag.py:538} INFO - Filling up the DagBag from /home/airflow/.local/lib/python3.8/site-packages/airflow/example_dags/example_latest_only.py
[2024-02-15T23:54:12.740+0000] {processor.py:840} INFO - DAG(s) 'latest_only' retrieved from /home/airflow/.local/lib/python3.8/site-packages/airflow/example_dags/example_latest_only.py
[2024-02-15T23:54:12.753+0000] {logging_mixin.py:188} INFO - [2024-02-15T23:54:12.753+0000] {dag.py:3036} INFO - Sync 1 DAGs
[2024-02-15T23:54:12.767+0000] {logging_mixin.py:188} INFO - [2024-02-15T23:54:12.767+0000] {dag.py:3823} INFO - Setting next_dagrun for latest_only to 2024-02-15 16:00:00+00:00, run_after=2024-02-15 20:00:00+00:00
[2024-02-15T23:54:12.780+0000] {processor.py:183} INFO - Processing /home/airflow/.local/lib/python3.8/site-packages/airflow/example_dags/example_latest_only.py took 0.046 seconds
[2024-02-15T23:54:42.954+0000] {processor.py:161} INFO - Started process (PID=625) to work on /home/airflow/.local/lib/python3.8/site-packages/airflow/example_dags/example_latest_only.py
[2024-02-15T23:54:42.955+0000] {processor.py:830} INFO - Processing file /home/airflow/.local/lib/python3.8/site-packages/airflow/example_dags/example_latest_only.py for tasks to queue
[2024-02-15T23:54:42.956+0000] {logging_mixin.py:188} INFO - [2024-02-15T23:54:42.956+0000] {dagbag.py:538} INFO - Filling up the DagBag from /home/airflow/.local/lib/python3.8/site-packages/airflow/example_dags/example_latest_only.py
[2024-02-15T23:54:42.959+0000] {processor.py:840} INFO - DAG(s) 'latest_only' retrieved from /home/airflow/.local/lib/python3.8/site-packages/airflow/example_dags/example_latest_only.py
[2024-02-15T23:54:42.973+0000] {logging_mixin.py:188} INFO - [2024-02-15T23:54:42.973+0000] {dag.py:3036} INFO - Sync 1 DAGs
[2024-02-15T23:54:42.988+0000] {logging_mixin.py:188} INFO - [2024-02-15T23:54:42.988+0000] {dag.py:3823} INFO - Setting next_dagrun for latest_only to 2024-02-15 16:00:00+00:00, run_after=2024-02-15 20:00:00+00:00
[2024-02-15T23:54:43.003+0000] {processor.py:183} INFO - Processing /home/airflow/.local/lib/python3.8/site-packages/airflow/example_dags/example_latest_only.py took 0.051 seconds
[2024-02-15T23:55:13.153+0000] {processor.py:161} INFO - Started process (PID=680) to work on /home/airflow/.local/lib/python3.8/site-packages/airflow/example_dags/example_latest_only.py
[2024-02-15T23:55:13.154+0000] {processor.py:830} INFO - Processing file /home/airflow/.local/lib/python3.8/site-packages/airflow/example_dags/example_latest_only.py for tasks to queue
[2024-02-15T23:55:13.155+0000] {logging_mixin.py:188} INFO - [2024-02-15T23:55:13.155+0000] {dagbag.py:538} INFO - Filling up the DagBag from /home/airflow/.local/lib/python3.8/site-packages/airflow/example_dags/example_latest_only.py
[2024-02-15T23:55:13.158+0000] {processor.py:840} INFO - DAG(s) 'latest_only' retrieved from /home/airflow/.local/lib/python3.8/site-packages/airflow/example_dags/example_latest_only.py
[2024-02-15T23:55:13.172+0000] {logging_mixin.py:188} INFO - [2024-02-15T23:55:13.172+0000] {dag.py:3036} INFO - Sync 1 DAGs
[2024-02-15T23:55:13.187+0000] {logging_mixin.py:188} INFO - [2024-02-15T23:55:13.186+0000] {dag.py:3823} INFO - Setting next_dagrun for latest_only to 2024-02-15 16:00:00+00:00, run_after=2024-02-15 20:00:00+00:00
[2024-02-15T23:55:13.200+0000] {processor.py:183} INFO - Processing /home/airflow/.local/lib/python3.8/site-packages/airflow/example_dags/example_latest_only.py took 0.048 seconds
[2024-02-15T23:55:43.342+0000] {processor.py:161} INFO - Started process (PID=735) to work on /home/airflow/.local/lib/python3.8/site-packages/airflow/example_dags/example_latest_only.py
[2024-02-15T23:55:43.343+0000] {processor.py:830} INFO - Processing file /home/airflow/.local/lib/python3.8/site-packages/airflow/example_dags/example_latest_only.py for tasks to queue
[2024-02-15T23:55:43.344+0000] {logging_mixin.py:188} INFO - [2024-02-15T23:55:43.343+0000] {dagbag.py:538} INFO - Filling up the DagBag from /home/airflow/.local/lib/python3.8/site-packages/airflow/example_dags/example_latest_only.py
[2024-02-15T23:55:43.347+0000] {processor.py:840} INFO - DAG(s) 'latest_only' retrieved from /home/airflow/.local/lib/python3.8/site-packages/airflow/example_dags/example_latest_only.py
[2024-02-15T23:55:43.360+0000] {logging_mixin.py:188} INFO - [2024-02-15T23:55:43.359+0000] {dag.py:3036} INFO - Sync 1 DAGs
[2024-02-15T23:55:43.374+0000] {logging_mixin.py:188} INFO - [2024-02-15T23:55:43.374+0000] {dag.py:3823} INFO - Setting next_dagrun for latest_only to 2024-02-15 16:00:00+00:00, run_after=2024-02-15 20:00:00+00:00
[2024-02-15T23:55:43.387+0000] {processor.py:183} INFO - Processing /home/airflow/.local/lib/python3.8/site-packages/airflow/example_dags/example_latest_only.py took 0.047 seconds
[2024-02-15T23:56:13.555+0000] {processor.py:161} INFO - Started process (PID=790) to work on /home/airflow/.local/lib/python3.8/site-packages/airflow/example_dags/example_latest_only.py
[2024-02-15T23:56:13.555+0000] {processor.py:830} INFO - Processing file /home/airflow/.local/lib/python3.8/site-packages/airflow/example_dags/example_latest_only.py for tasks to queue
[2024-02-15T23:56:13.557+0000] {logging_mixin.py:188} INFO - [2024-02-15T23:56:13.556+0000] {dagbag.py:538} INFO - Filling up the DagBag from /home/airflow/.local/lib/python3.8/site-packages/airflow/example_dags/example_latest_only.py
[2024-02-15T23:56:13.560+0000] {processor.py:840} INFO - DAG(s) 'latest_only' retrieved from /home/airflow/.local/lib/python3.8/site-packages/airflow/example_dags/example_latest_only.py
[2024-02-15T23:56:13.572+0000] {logging_mixin.py:188} INFO - [2024-02-15T23:56:13.572+0000] {dag.py:3036} INFO - Sync 1 DAGs
[2024-02-15T23:56:13.587+0000] {logging_mixin.py:188} INFO - [2024-02-15T23:56:13.586+0000] {dag.py:3823} INFO - Setting next_dagrun for latest_only to 2024-02-15 16:00:00+00:00, run_after=2024-02-15 20:00:00+00:00
[2024-02-15T23:56:13.600+0000] {processor.py:183} INFO - Processing /home/airflow/.local/lib/python3.8/site-packages/airflow/example_dags/example_latest_only.py took 0.047 seconds
[2024-02-15T23:56:43.905+0000] {processor.py:161} INFO - Started process (PID=845) to work on /home/airflow/.local/lib/python3.8/site-packages/airflow/example_dags/example_latest_only.py
[2024-02-15T23:56:43.905+0000] {processor.py:830} INFO - Processing file /home/airflow/.local/lib/python3.8/site-packages/airflow/example_dags/example_latest_only.py for tasks to queue
[2024-02-15T23:56:43.907+0000] {logging_mixin.py:188} INFO - [2024-02-15T23:56:43.906+0000] {dagbag.py:538} INFO - Filling up the DagBag from /home/airflow/.local/lib/python3.8/site-packages/airflow/example_dags/example_latest_only.py
[2024-02-15T23:56:43.910+0000] {processor.py:840} INFO - DAG(s) 'latest_only' retrieved from /home/airflow/.local/lib/python3.8/site-packages/airflow/example_dags/example_latest_only.py
[2024-02-15T23:56:43.924+0000] {logging_mixin.py:188} INFO - [2024-02-15T23:56:43.924+0000] {dag.py:3036} INFO - Sync 1 DAGs
[2024-02-15T23:56:43.938+0000] {logging_mixin.py:188} INFO - [2024-02-15T23:56:43.938+0000] {dag.py:3823} INFO - Setting next_dagrun for latest_only to 2024-02-15 16:00:00+00:00, run_after=2024-02-15 20:00:00+00:00
[2024-02-15T23:56:43.951+0000] {processor.py:183} INFO - Processing /home/airflow/.local/lib/python3.8/site-packages/airflow/example_dags/example_latest_only.py took 0.048 seconds
[2024-02-15T23:57:14.254+0000] {processor.py:161} INFO - Started process (PID=900) to work on /home/airflow/.local/lib/python3.8/site-packages/airflow/example_dags/example_latest_only.py
[2024-02-15T23:57:14.255+0000] {processor.py:830} INFO - Processing file /home/airflow/.local/lib/python3.8/site-packages/airflow/example_dags/example_latest_only.py for tasks to queue
[2024-02-15T23:57:14.256+0000] {logging_mixin.py:188} INFO - [2024-02-15T23:57:14.256+0000] {dagbag.py:538} INFO - Filling up the DagBag from /home/airflow/.local/lib/python3.8/site-packages/airflow/example_dags/example_latest_only.py
[2024-02-15T23:57:14.259+0000] {processor.py:840} INFO - DAG(s) 'latest_only' retrieved from /home/airflow/.local/lib/python3.8/site-packages/airflow/example_dags/example_latest_only.py
[2024-02-15T23:57:14.272+0000] {logging_mixin.py:188} INFO - [2024-02-15T23:57:14.271+0000] {dag.py:3036} INFO - Sync 1 DAGs
[2024-02-15T23:57:14.286+0000] {logging_mixin.py:188} INFO - [2024-02-15T23:57:14.286+0000] {dag.py:3823} INFO - Setting next_dagrun for latest_only to 2024-02-15 16:00:00+00:00, run_after=2024-02-15 20:00:00+00:00
[2024-02-15T23:57:14.299+0000] {processor.py:183} INFO - Processing /home/airflow/.local/lib/python3.8/site-packages/airflow/example_dags/example_latest_only.py took 0.048 seconds
[2024-02-15T23:57:44.597+0000] {processor.py:161} INFO - Started process (PID=955) to work on /home/airflow/.local/lib/python3.8/site-packages/airflow/example_dags/example_latest_only.py
[2024-02-15T23:57:44.598+0000] {processor.py:830} INFO - Processing file /home/airflow/.local/lib/python3.8/site-packages/airflow/example_dags/example_latest_only.py for tasks to queue
[2024-02-15T23:57:44.599+0000] {logging_mixin.py:188} INFO - [2024-02-15T23:57:44.599+0000] {dagbag.py:538} INFO - Filling up the DagBag from /home/airflow/.local/lib/python3.8/site-packages/airflow/example_dags/example_latest_only.py
[2024-02-15T23:57:44.602+0000] {processor.py:840} INFO - DAG(s) 'latest_only' retrieved from /home/airflow/.local/lib/python3.8/site-packages/airflow/example_dags/example_latest_only.py
[2024-02-15T23:57:44.616+0000] {logging_mixin.py:188} INFO - [2024-02-15T23:57:44.615+0000] {dag.py:3036} INFO - Sync 1 DAGs
[2024-02-15T23:57:44.631+0000] {logging_mixin.py:188} INFO - [2024-02-15T23:57:44.631+0000] {dag.py:3823} INFO - Setting next_dagrun for latest_only to 2024-02-15 16:00:00+00:00, run_after=2024-02-15 20:00:00+00:00
[2024-02-15T23:57:44.644+0000] {processor.py:183} INFO - Processing /home/airflow/.local/lib/python3.8/site-packages/airflow/example_dags/example_latest_only.py took 0.048 seconds
[2024-02-15T23:58:14.799+0000] {processor.py:161} INFO - Started process (PID=1010) to work on /home/airflow/.local/lib/python3.8/site-packages/airflow/example_dags/example_latest_only.py
[2024-02-15T23:58:14.800+0000] {processor.py:830} INFO - Processing file /home/airflow/.local/lib/python3.8/site-packages/airflow/example_dags/example_latest_only.py for tasks to queue
[2024-02-15T23:58:14.801+0000] {logging_mixin.py:188} INFO - [2024-02-15T23:58:14.801+0000] {dagbag.py:538} INFO - Filling up the DagBag from /home/airflow/.local/lib/python3.8/site-packages/airflow/example_dags/example_latest_only.py
[2024-02-15T23:58:14.804+0000] {processor.py:840} INFO - DAG(s) 'latest_only' retrieved from /home/airflow/.local/lib/python3.8/site-packages/airflow/example_dags/example_latest_only.py
[2024-02-15T23:58:14.818+0000] {logging_mixin.py:188} INFO - [2024-02-15T23:58:14.817+0000] {dag.py:3036} INFO - Sync 1 DAGs
[2024-02-15T23:58:14.832+0000] {logging_mixin.py:188} INFO - [2024-02-15T23:58:14.832+0000] {dag.py:3823} INFO - Setting next_dagrun for latest_only to 2024-02-15 16:00:00+00:00, run_after=2024-02-15 20:00:00+00:00
[2024-02-15T23:58:14.845+0000] {processor.py:183} INFO - Processing /home/airflow/.local/lib/python3.8/site-packages/airflow/example_dags/example_latest_only.py took 0.048 seconds
[2024-02-15T23:58:44.944+0000] {processor.py:161} INFO - Started process (PID=1065) to work on /home/airflow/.local/lib/python3.8/site-packages/airflow/example_dags/example_latest_only.py
[2024-02-15T23:58:44.944+0000] {processor.py:830} INFO - Processing file /home/airflow/.local/lib/python3.8/site-packages/airflow/example_dags/example_latest_only.py for tasks to queue
[2024-02-15T23:58:44.946+0000] {logging_mixin.py:188} INFO - [2024-02-15T23:58:44.945+0000] {dagbag.py:538} INFO - Filling up the DagBag from /home/airflow/.local/lib/python3.8/site-packages/airflow/example_dags/example_latest_only.py
[2024-02-15T23:58:44.949+0000] {processor.py:840} INFO - DAG(s) 'latest_only' retrieved from /home/airflow/.local/lib/python3.8/site-packages/airflow/example_dags/example_latest_only.py
[2024-02-15T23:58:44.962+0000] {logging_mixin.py:188} INFO - [2024-02-15T23:58:44.961+0000] {dag.py:3036} INFO - Sync 1 DAGs
[2024-02-15T23:58:44.977+0000] {logging_mixin.py:188} INFO - [2024-02-15T23:58:44.977+0000] {dag.py:3823} INFO - Setting next_dagrun for latest_only to 2024-02-15 16:00:00+00:00, run_after=2024-02-15 20:00:00+00:00
[2024-02-15T23:58:44.989+0000] {processor.py:183} INFO - Processing /home/airflow/.local/lib/python3.8/site-packages/airflow/example_dags/example_latest_only.py took 0.047 seconds
[2024-02-15T23:59:15.089+0000] {processor.py:161} INFO - Started process (PID=1120) to work on /home/airflow/.local/lib/python3.8/site-packages/airflow/example_dags/example_latest_only.py
[2024-02-15T23:59:15.090+0000] {processor.py:830} INFO - Processing file /home/airflow/.local/lib/python3.8/site-packages/airflow/example_dags/example_latest_only.py for tasks to queue
[2024-02-15T23:59:15.091+0000] {logging_mixin.py:188} INFO - [2024-02-15T23:59:15.091+0000] {dagbag.py:538} INFO - Filling up the DagBag from /home/airflow/.local/lib/python3.8/site-packages/airflow/example_dags/example_latest_only.py
[2024-02-15T23:59:15.094+0000] {processor.py:840} INFO - DAG(s) 'latest_only' retrieved from /home/airflow/.local/lib/python3.8/site-packages/airflow/example_dags/example_latest_only.py
[2024-02-15T23:59:15.106+0000] {logging_mixin.py:188} INFO - [2024-02-15T23:59:15.106+0000] {dag.py:3036} INFO - Sync 1 DAGs
[2024-02-15T23:59:15.120+0000] {logging_mixin.py:188} INFO - [2024-02-15T23:59:15.120+0000] {dag.py:3823} INFO - Setting next_dagrun for latest_only to 2024-02-15 16:00:00+00:00, run_after=2024-02-15 20:00:00+00:00
[2024-02-15T23:59:15.133+0000] {processor.py:183} INFO - Processing /home/airflow/.local/lib/python3.8/site-packages/airflow/example_dags/example_latest_only.py took 0.045 seconds
[2024-02-15T23:59:45.273+0000] {processor.py:161} INFO - Started process (PID=1175) to work on /home/airflow/.local/lib/python3.8/site-packages/airflow/example_dags/example_latest_only.py
[2024-02-15T23:59:45.274+0000] {processor.py:830} INFO - Processing file /home/airflow/.local/lib/python3.8/site-packages/airflow/example_dags/example_latest_only.py for tasks to queue
[2024-02-15T23:59:45.275+0000] {logging_mixin.py:188} INFO - [2024-02-15T23:59:45.275+0000] {dagbag.py:538} INFO - Filling up the DagBag from /home/airflow/.local/lib/python3.8/site-packages/airflow/example_dags/example_latest_only.py
[2024-02-15T23:59:45.279+0000] {processor.py:840} INFO - DAG(s) 'latest_only' retrieved from /home/airflow/.local/lib/python3.8/site-packages/airflow/example_dags/example_latest_only.py
[2024-02-15T23:59:45.292+0000] {logging_mixin.py:188} INFO - [2024-02-15T23:59:45.292+0000] {dag.py:3036} INFO - Sync 1 DAGs
[2024-02-15T23:59:45.309+0000] {logging_mixin.py:188} INFO - [2024-02-15T23:59:45.309+0000] {dag.py:3823} INFO - Setting next_dagrun for latest_only to 2024-02-15 16:00:00+00:00, run_after=2024-02-15 20:00:00+00:00
[2024-02-15T23:59:45.322+0000] {processor.py:183} INFO - Processing /home/airflow/.local/lib/python3.8/site-packages/airflow/example_dags/example_latest_only.py took 0.050 seconds
