[2024-02-15T23:49:40.309+0000] {processor.py:161} INFO - Started process (PID=82) to work on /home/airflow/.local/lib/python3.8/site-packages/airflow/example_dags/example_branch_datetime_operator.py
[2024-02-15T23:49:40.310+0000] {processor.py:830} INFO - Processing file /home/airflow/.local/lib/python3.8/site-packages/airflow/example_dags/example_branch_datetime_operator.py for tasks to queue
[2024-02-15T23:49:40.311+0000] {logging_mixin.py:188} INFO - [2024-02-15T23:49:40.311+0000] {dagbag.py:538} INFO - Filling up the DagBag from /home/airflow/.local/lib/python3.8/site-packages/airflow/example_dags/example_branch_datetime_operator.py
[2024-02-15T23:49:40.320+0000] {processor.py:840} INFO - DAG(s) 'example_branch_datetime_operator_2', 'example_branch_datetime_operator', 'example_branch_datetime_operator_3' retrieved from /home/airflow/.local/lib/python3.8/site-packages/airflow/example_dags/example_branch_datetime_operator.py
[2024-02-15T23:49:40.394+0000] {logging_mixin.py:188} INFO - [2024-02-15T23:49:40.394+0000] {override.py:1769} INFO - Created Permission View: can delete on DAG:example_branch_datetime_operator_2
[2024-02-15T23:49:40.402+0000] {logging_mixin.py:188} INFO - [2024-02-15T23:49:40.402+0000] {override.py:1769} INFO - Created Permission View: can read on DAG:example_branch_datetime_operator_2
[2024-02-15T23:49:40.407+0000] {logging_mixin.py:188} INFO - [2024-02-15T23:49:40.407+0000] {override.py:1769} INFO - Created Permission View: can edit on DAG:example_branch_datetime_operator_2
[2024-02-15T23:49:40.417+0000] {logging_mixin.py:188} INFO - [2024-02-15T23:49:40.417+0000] {override.py:1769} INFO - Created Permission View: can delete on DAG:example_branch_datetime_operator
[2024-02-15T23:49:40.422+0000] {logging_mixin.py:188} INFO - [2024-02-15T23:49:40.422+0000] {override.py:1769} INFO - Created Permission View: can read on DAG:example_branch_datetime_operator
[2024-02-15T23:49:40.427+0000] {logging_mixin.py:188} INFO - [2024-02-15T23:49:40.426+0000] {override.py:1769} INFO - Created Permission View: can edit on DAG:example_branch_datetime_operator
[2024-02-15T23:49:40.436+0000] {logging_mixin.py:188} INFO - [2024-02-15T23:49:40.435+0000] {override.py:1769} INFO - Created Permission View: can delete on DAG:example_branch_datetime_operator_3
[2024-02-15T23:49:40.440+0000] {logging_mixin.py:188} INFO - [2024-02-15T23:49:40.440+0000] {override.py:1769} INFO - Created Permission View: can read on DAG:example_branch_datetime_operator_3
[2024-02-15T23:49:40.445+0000] {logging_mixin.py:188} INFO - [2024-02-15T23:49:40.445+0000] {override.py:1769} INFO - Created Permission View: can edit on DAG:example_branch_datetime_operator_3
[2024-02-15T23:49:40.446+0000] {logging_mixin.py:188} INFO - [2024-02-15T23:49:40.445+0000] {dag.py:3036} INFO - Sync 3 DAGs
[2024-02-15T23:49:40.453+0000] {logging_mixin.py:188} INFO - [2024-02-15T23:49:40.453+0000] {dag.py:3058} INFO - Creating ORM DAG for example_branch_datetime_operator_3
[2024-02-15T23:49:40.454+0000] {logging_mixin.py:188} INFO - [2024-02-15T23:49:40.454+0000] {dag.py:3058} INFO - Creating ORM DAG for example_branch_datetime_operator_2
[2024-02-15T23:49:40.455+0000] {logging_mixin.py:188} INFO - [2024-02-15T23:49:40.454+0000] {dag.py:3058} INFO - Creating ORM DAG for example_branch_datetime_operator
[2024-02-15T23:49:40.463+0000] {logging_mixin.py:188} INFO - [2024-02-15T23:49:40.463+0000] {dag.py:3823} INFO - Setting next_dagrun for example_branch_datetime_operator to 2024-02-14 00:00:00+00:00, run_after=2024-02-15 00:00:00+00:00
[2024-02-15T23:49:40.465+0000] {logging_mixin.py:188} INFO - [2024-02-15T23:49:40.465+0000] {dag.py:3823} INFO - Setting next_dagrun for example_branch_datetime_operator_2 to 2024-02-14 00:00:00+00:00, run_after=2024-02-15 00:00:00+00:00
[2024-02-15T23:49:40.467+0000] {logging_mixin.py:188} INFO - [2024-02-15T23:49:40.467+0000] {dag.py:3823} INFO - Setting next_dagrun for example_branch_datetime_operator_3 to 2024-02-14 00:00:00+00:00, run_after=2024-02-15 00:00:00+00:00
[2024-02-15T23:49:40.481+0000] {processor.py:183} INFO - Processing /home/airflow/.local/lib/python3.8/site-packages/airflow/example_dags/example_branch_datetime_operator.py took 0.174 seconds
[2024-02-15T23:50:10.719+0000] {processor.py:161} INFO - Started process (PID=138) to work on /home/airflow/.local/lib/python3.8/site-packages/airflow/example_dags/example_branch_datetime_operator.py
[2024-02-15T23:50:10.720+0000] {processor.py:830} INFO - Processing file /home/airflow/.local/lib/python3.8/site-packages/airflow/example_dags/example_branch_datetime_operator.py for tasks to queue
[2024-02-15T23:50:10.721+0000] {logging_mixin.py:188} INFO - [2024-02-15T23:50:10.721+0000] {dagbag.py:538} INFO - Filling up the DagBag from /home/airflow/.local/lib/python3.8/site-packages/airflow/example_dags/example_branch_datetime_operator.py
[2024-02-15T23:50:10.728+0000] {processor.py:840} INFO - DAG(s) 'example_branch_datetime_operator_2', 'example_branch_datetime_operator_3', 'example_branch_datetime_operator' retrieved from /home/airflow/.local/lib/python3.8/site-packages/airflow/example_dags/example_branch_datetime_operator.py
[2024-02-15T23:50:10.746+0000] {logging_mixin.py:188} INFO - [2024-02-15T23:50:10.746+0000] {dag.py:3036} INFO - Sync 3 DAGs
[2024-02-15T23:50:10.761+0000] {logging_mixin.py:188} INFO - [2024-02-15T23:50:10.761+0000] {dag.py:3823} INFO - Setting next_dagrun for example_branch_datetime_operator to 2024-02-14 00:00:00+00:00, run_after=2024-02-15 00:00:00+00:00
[2024-02-15T23:50:10.765+0000] {logging_mixin.py:188} INFO - [2024-02-15T23:50:10.765+0000] {dag.py:3823} INFO - Setting next_dagrun for example_branch_datetime_operator_2 to 2024-02-14 00:00:00+00:00, run_after=2024-02-15 00:00:00+00:00
[2024-02-15T23:50:10.767+0000] {logging_mixin.py:188} INFO - [2024-02-15T23:50:10.767+0000] {dag.py:3823} INFO - Setting next_dagrun for example_branch_datetime_operator_3 to 2024-02-14 00:00:00+00:00, run_after=2024-02-15 00:00:00+00:00
[2024-02-15T23:50:10.778+0000] {processor.py:183} INFO - Processing /home/airflow/.local/lib/python3.8/site-packages/airflow/example_dags/example_branch_datetime_operator.py took 0.061 seconds
[2024-02-15T23:50:41.045+0000] {processor.py:161} INFO - Started process (PID=192) to work on /home/airflow/.local/lib/python3.8/site-packages/airflow/example_dags/example_branch_datetime_operator.py
[2024-02-15T23:50:41.045+0000] {processor.py:830} INFO - Processing file /home/airflow/.local/lib/python3.8/site-packages/airflow/example_dags/example_branch_datetime_operator.py for tasks to queue
[2024-02-15T23:50:41.047+0000] {logging_mixin.py:188} INFO - [2024-02-15T23:50:41.046+0000] {dagbag.py:538} INFO - Filling up the DagBag from /home/airflow/.local/lib/python3.8/site-packages/airflow/example_dags/example_branch_datetime_operator.py
[2024-02-15T23:50:41.053+0000] {processor.py:840} INFO - DAG(s) 'example_branch_datetime_operator', 'example_branch_datetime_operator_3', 'example_branch_datetime_operator_2' retrieved from /home/airflow/.local/lib/python3.8/site-packages/airflow/example_dags/example_branch_datetime_operator.py
[2024-02-15T23:50:41.072+0000] {logging_mixin.py:188} INFO - [2024-02-15T23:50:41.072+0000] {dag.py:3036} INFO - Sync 3 DAGs
[2024-02-15T23:50:41.088+0000] {logging_mixin.py:188} INFO - [2024-02-15T23:50:41.088+0000] {dag.py:3823} INFO - Setting next_dagrun for example_branch_datetime_operator to 2024-02-14 00:00:00+00:00, run_after=2024-02-15 00:00:00+00:00
[2024-02-15T23:50:41.092+0000] {logging_mixin.py:188} INFO - [2024-02-15T23:50:41.092+0000] {dag.py:3823} INFO - Setting next_dagrun for example_branch_datetime_operator_2 to 2024-02-14 00:00:00+00:00, run_after=2024-02-15 00:00:00+00:00
[2024-02-15T23:50:41.094+0000] {logging_mixin.py:188} INFO - [2024-02-15T23:50:41.094+0000] {dag.py:3823} INFO - Setting next_dagrun for example_branch_datetime_operator_3 to 2024-02-14 00:00:00+00:00, run_after=2024-02-15 00:00:00+00:00
[2024-02-15T23:50:41.105+0000] {processor.py:183} INFO - Processing /home/airflow/.local/lib/python3.8/site-packages/airflow/example_dags/example_branch_datetime_operator.py took 0.063 seconds
[2024-02-15T23:51:11.240+0000] {processor.py:161} INFO - Started process (PID=247) to work on /home/airflow/.local/lib/python3.8/site-packages/airflow/example_dags/example_branch_datetime_operator.py
[2024-02-15T23:51:11.241+0000] {processor.py:830} INFO - Processing file /home/airflow/.local/lib/python3.8/site-packages/airflow/example_dags/example_branch_datetime_operator.py for tasks to queue
[2024-02-15T23:51:11.242+0000] {logging_mixin.py:188} INFO - [2024-02-15T23:51:11.242+0000] {dagbag.py:538} INFO - Filling up the DagBag from /home/airflow/.local/lib/python3.8/site-packages/airflow/example_dags/example_branch_datetime_operator.py
[2024-02-15T23:51:11.251+0000] {processor.py:840} INFO - DAG(s) 'example_branch_datetime_operator_2', 'example_branch_datetime_operator', 'example_branch_datetime_operator_3' retrieved from /home/airflow/.local/lib/python3.8/site-packages/airflow/example_dags/example_branch_datetime_operator.py
[2024-02-15T23:51:11.273+0000] {logging_mixin.py:188} INFO - [2024-02-15T23:51:11.273+0000] {dag.py:3036} INFO - Sync 3 DAGs
[2024-02-15T23:51:11.292+0000] {logging_mixin.py:188} INFO - [2024-02-15T23:51:11.292+0000] {dag.py:3823} INFO - Setting next_dagrun for example_branch_datetime_operator to 2024-02-14 00:00:00+00:00, run_after=2024-02-15 00:00:00+00:00
[2024-02-15T23:51:11.296+0000] {logging_mixin.py:188} INFO - [2024-02-15T23:51:11.296+0000] {dag.py:3823} INFO - Setting next_dagrun for example_branch_datetime_operator_2 to 2024-02-14 00:00:00+00:00, run_after=2024-02-15 00:00:00+00:00
[2024-02-15T23:51:11.299+0000] {logging_mixin.py:188} INFO - [2024-02-15T23:51:11.299+0000] {dag.py:3823} INFO - Setting next_dagrun for example_branch_datetime_operator_3 to 2024-02-14 00:00:00+00:00, run_after=2024-02-15 00:00:00+00:00
[2024-02-15T23:51:11.313+0000] {processor.py:183} INFO - Processing /home/airflow/.local/lib/python3.8/site-packages/airflow/example_dags/example_branch_datetime_operator.py took 0.076 seconds
[2024-02-15T23:51:41.521+0000] {processor.py:161} INFO - Started process (PID=302) to work on /home/airflow/.local/lib/python3.8/site-packages/airflow/example_dags/example_branch_datetime_operator.py
[2024-02-15T23:51:41.521+0000] {processor.py:830} INFO - Processing file /home/airflow/.local/lib/python3.8/site-packages/airflow/example_dags/example_branch_datetime_operator.py for tasks to queue
[2024-02-15T23:51:41.522+0000] {logging_mixin.py:188} INFO - [2024-02-15T23:51:41.522+0000] {dagbag.py:538} INFO - Filling up the DagBag from /home/airflow/.local/lib/python3.8/site-packages/airflow/example_dags/example_branch_datetime_operator.py
[2024-02-15T23:51:41.529+0000] {processor.py:840} INFO - DAG(s) 'example_branch_datetime_operator', 'example_branch_datetime_operator_3', 'example_branch_datetime_operator_2' retrieved from /home/airflow/.local/lib/python3.8/site-packages/airflow/example_dags/example_branch_datetime_operator.py
[2024-02-15T23:51:41.549+0000] {logging_mixin.py:188} INFO - [2024-02-15T23:51:41.549+0000] {dag.py:3036} INFO - Sync 3 DAGs
[2024-02-15T23:51:41.566+0000] {logging_mixin.py:188} INFO - [2024-02-15T23:51:41.566+0000] {dag.py:3823} INFO - Setting next_dagrun for example_branch_datetime_operator to 2024-02-14 00:00:00+00:00, run_after=2024-02-15 00:00:00+00:00
[2024-02-15T23:51:41.570+0000] {logging_mixin.py:188} INFO - [2024-02-15T23:51:41.570+0000] {dag.py:3823} INFO - Setting next_dagrun for example_branch_datetime_operator_2 to 2024-02-14 00:00:00+00:00, run_after=2024-02-15 00:00:00+00:00
[2024-02-15T23:51:41.572+0000] {logging_mixin.py:188} INFO - [2024-02-15T23:51:41.572+0000] {dag.py:3823} INFO - Setting next_dagrun for example_branch_datetime_operator_3 to 2024-02-14 00:00:00+00:00, run_after=2024-02-15 00:00:00+00:00
[2024-02-15T23:51:41.584+0000] {processor.py:183} INFO - Processing /home/airflow/.local/lib/python3.8/site-packages/airflow/example_dags/example_branch_datetime_operator.py took 0.066 seconds
[2024-02-15T23:52:11.989+0000] {processor.py:161} INFO - Started process (PID=357) to work on /home/airflow/.local/lib/python3.8/site-packages/airflow/example_dags/example_branch_datetime_operator.py
[2024-02-15T23:52:11.989+0000] {processor.py:830} INFO - Processing file /home/airflow/.local/lib/python3.8/site-packages/airflow/example_dags/example_branch_datetime_operator.py for tasks to queue
[2024-02-15T23:52:11.990+0000] {logging_mixin.py:188} INFO - [2024-02-15T23:52:11.990+0000] {dagbag.py:538} INFO - Filling up the DagBag from /home/airflow/.local/lib/python3.8/site-packages/airflow/example_dags/example_branch_datetime_operator.py
[2024-02-15T23:52:11.997+0000] {processor.py:840} INFO - DAG(s) 'example_branch_datetime_operator_2', 'example_branch_datetime_operator_3', 'example_branch_datetime_operator' retrieved from /home/airflow/.local/lib/python3.8/site-packages/airflow/example_dags/example_branch_datetime_operator.py
[2024-02-15T23:52:12.016+0000] {logging_mixin.py:188} INFO - [2024-02-15T23:52:12.016+0000] {dag.py:3036} INFO - Sync 3 DAGs
[2024-02-15T23:52:12.032+0000] {logging_mixin.py:188} INFO - [2024-02-15T23:52:12.032+0000] {dag.py:3823} INFO - Setting next_dagrun for example_branch_datetime_operator to 2024-02-14 00:00:00+00:00, run_after=2024-02-15 00:00:00+00:00
[2024-02-15T23:52:12.036+0000] {logging_mixin.py:188} INFO - [2024-02-15T23:52:12.036+0000] {dag.py:3823} INFO - Setting next_dagrun for example_branch_datetime_operator_2 to 2024-02-14 00:00:00+00:00, run_after=2024-02-15 00:00:00+00:00
[2024-02-15T23:52:12.038+0000] {logging_mixin.py:188} INFO - [2024-02-15T23:52:12.038+0000] {dag.py:3823} INFO - Setting next_dagrun for example_branch_datetime_operator_3 to 2024-02-14 00:00:00+00:00, run_after=2024-02-15 00:00:00+00:00
[2024-02-15T23:52:12.050+0000] {processor.py:183} INFO - Processing /home/airflow/.local/lib/python3.8/site-packages/airflow/example_dags/example_branch_datetime_operator.py took 0.063 seconds
[2024-02-15T23:52:42.203+0000] {processor.py:161} INFO - Started process (PID=412) to work on /home/airflow/.local/lib/python3.8/site-packages/airflow/example_dags/example_branch_datetime_operator.py
[2024-02-15T23:52:42.203+0000] {processor.py:830} INFO - Processing file /home/airflow/.local/lib/python3.8/site-packages/airflow/example_dags/example_branch_datetime_operator.py for tasks to queue
[2024-02-15T23:52:42.204+0000] {logging_mixin.py:188} INFO - [2024-02-15T23:52:42.204+0000] {dagbag.py:538} INFO - Filling up the DagBag from /home/airflow/.local/lib/python3.8/site-packages/airflow/example_dags/example_branch_datetime_operator.py
[2024-02-15T23:52:42.212+0000] {processor.py:840} INFO - DAG(s) 'example_branch_datetime_operator_2', 'example_branch_datetime_operator_3', 'example_branch_datetime_operator' retrieved from /home/airflow/.local/lib/python3.8/site-packages/airflow/example_dags/example_branch_datetime_operator.py
[2024-02-15T23:52:42.232+0000] {logging_mixin.py:188} INFO - [2024-02-15T23:52:42.232+0000] {dag.py:3036} INFO - Sync 3 DAGs
[2024-02-15T23:52:42.250+0000] {logging_mixin.py:188} INFO - [2024-02-15T23:52:42.250+0000] {dag.py:3823} INFO - Setting next_dagrun for example_branch_datetime_operator to 2024-02-14 00:00:00+00:00, run_after=2024-02-15 00:00:00+00:00
[2024-02-15T23:52:42.255+0000] {logging_mixin.py:188} INFO - [2024-02-15T23:52:42.255+0000] {dag.py:3823} INFO - Setting next_dagrun for example_branch_datetime_operator_2 to 2024-02-14 00:00:00+00:00, run_after=2024-02-15 00:00:00+00:00
[2024-02-15T23:52:42.258+0000] {logging_mixin.py:188} INFO - [2024-02-15T23:52:42.258+0000] {dag.py:3823} INFO - Setting next_dagrun for example_branch_datetime_operator_3 to 2024-02-14 00:00:00+00:00, run_after=2024-02-15 00:00:00+00:00
[2024-02-15T23:52:42.270+0000] {processor.py:183} INFO - Processing /home/airflow/.local/lib/python3.8/site-packages/airflow/example_dags/example_branch_datetime_operator.py took 0.069 seconds
[2024-02-15T23:53:12.500+0000] {processor.py:161} INFO - Started process (PID=467) to work on /home/airflow/.local/lib/python3.8/site-packages/airflow/example_dags/example_branch_datetime_operator.py
[2024-02-15T23:53:12.501+0000] {processor.py:830} INFO - Processing file /home/airflow/.local/lib/python3.8/site-packages/airflow/example_dags/example_branch_datetime_operator.py for tasks to queue
[2024-02-15T23:53:12.502+0000] {logging_mixin.py:188} INFO - [2024-02-15T23:53:12.502+0000] {dagbag.py:538} INFO - Filling up the DagBag from /home/airflow/.local/lib/python3.8/site-packages/airflow/example_dags/example_branch_datetime_operator.py
[2024-02-15T23:53:12.509+0000] {processor.py:840} INFO - DAG(s) 'example_branch_datetime_operator_3', 'example_branch_datetime_operator', 'example_branch_datetime_operator_2' retrieved from /home/airflow/.local/lib/python3.8/site-packages/airflow/example_dags/example_branch_datetime_operator.py
[2024-02-15T23:53:12.531+0000] {logging_mixin.py:188} INFO - [2024-02-15T23:53:12.531+0000] {dag.py:3036} INFO - Sync 3 DAGs
[2024-02-15T23:53:12.547+0000] {logging_mixin.py:188} INFO - [2024-02-15T23:53:12.547+0000] {dag.py:3823} INFO - Setting next_dagrun for example_branch_datetime_operator to 2024-02-14 00:00:00+00:00, run_after=2024-02-15 00:00:00+00:00
[2024-02-15T23:53:12.551+0000] {logging_mixin.py:188} INFO - [2024-02-15T23:53:12.551+0000] {dag.py:3823} INFO - Setting next_dagrun for example_branch_datetime_operator_2 to 2024-02-14 00:00:00+00:00, run_after=2024-02-15 00:00:00+00:00
[2024-02-15T23:53:12.553+0000] {logging_mixin.py:188} INFO - [2024-02-15T23:53:12.553+0000] {dag.py:3823} INFO - Setting next_dagrun for example_branch_datetime_operator_3 to 2024-02-14 00:00:00+00:00, run_after=2024-02-15 00:00:00+00:00
[2024-02-15T23:53:12.567+0000] {processor.py:183} INFO - Processing /home/airflow/.local/lib/python3.8/site-packages/airflow/example_dags/example_branch_datetime_operator.py took 0.069 seconds
[2024-02-15T23:53:42.789+0000] {processor.py:161} INFO - Started process (PID=522) to work on /home/airflow/.local/lib/python3.8/site-packages/airflow/example_dags/example_branch_datetime_operator.py
[2024-02-15T23:53:42.790+0000] {processor.py:830} INFO - Processing file /home/airflow/.local/lib/python3.8/site-packages/airflow/example_dags/example_branch_datetime_operator.py for tasks to queue
[2024-02-15T23:53:42.791+0000] {logging_mixin.py:188} INFO - [2024-02-15T23:53:42.791+0000] {dagbag.py:538} INFO - Filling up the DagBag from /home/airflow/.local/lib/python3.8/site-packages/airflow/example_dags/example_branch_datetime_operator.py
[2024-02-15T23:53:42.798+0000] {processor.py:840} INFO - DAG(s) 'example_branch_datetime_operator_3', 'example_branch_datetime_operator_2', 'example_branch_datetime_operator' retrieved from /home/airflow/.local/lib/python3.8/site-packages/airflow/example_dags/example_branch_datetime_operator.py
[2024-02-15T23:53:42.818+0000] {logging_mixin.py:188} INFO - [2024-02-15T23:53:42.818+0000] {dag.py:3036} INFO - Sync 3 DAGs
[2024-02-15T23:53:42.835+0000] {logging_mixin.py:188} INFO - [2024-02-15T23:53:42.835+0000] {dag.py:3823} INFO - Setting next_dagrun for example_branch_datetime_operator to 2024-02-14 00:00:00+00:00, run_after=2024-02-15 00:00:00+00:00
[2024-02-15T23:53:42.839+0000] {logging_mixin.py:188} INFO - [2024-02-15T23:53:42.839+0000] {dag.py:3823} INFO - Setting next_dagrun for example_branch_datetime_operator_2 to 2024-02-14 00:00:00+00:00, run_after=2024-02-15 00:00:00+00:00
[2024-02-15T23:53:42.841+0000] {logging_mixin.py:188} INFO - [2024-02-15T23:53:42.841+0000] {dag.py:3823} INFO - Setting next_dagrun for example_branch_datetime_operator_3 to 2024-02-14 00:00:00+00:00, run_after=2024-02-15 00:00:00+00:00
[2024-02-15T23:53:42.853+0000] {processor.py:183} INFO - Processing /home/airflow/.local/lib/python3.8/site-packages/airflow/example_dags/example_branch_datetime_operator.py took 0.066 seconds
[2024-02-15T23:54:12.999+0000] {processor.py:161} INFO - Started process (PID=577) to work on /home/airflow/.local/lib/python3.8/site-packages/airflow/example_dags/example_branch_datetime_operator.py
[2024-02-15T23:54:13.000+0000] {processor.py:830} INFO - Processing file /home/airflow/.local/lib/python3.8/site-packages/airflow/example_dags/example_branch_datetime_operator.py for tasks to queue
[2024-02-15T23:54:13.001+0000] {logging_mixin.py:188} INFO - [2024-02-15T23:54:13.001+0000] {dagbag.py:538} INFO - Filling up the DagBag from /home/airflow/.local/lib/python3.8/site-packages/airflow/example_dags/example_branch_datetime_operator.py
[2024-02-15T23:54:13.008+0000] {processor.py:840} INFO - DAG(s) 'example_branch_datetime_operator_3', 'example_branch_datetime_operator_2', 'example_branch_datetime_operator' retrieved from /home/airflow/.local/lib/python3.8/site-packages/airflow/example_dags/example_branch_datetime_operator.py
[2024-02-15T23:54:13.027+0000] {logging_mixin.py:188} INFO - [2024-02-15T23:54:13.027+0000] {dag.py:3036} INFO - Sync 3 DAGs
[2024-02-15T23:54:13.043+0000] {logging_mixin.py:188} INFO - [2024-02-15T23:54:13.043+0000] {dag.py:3823} INFO - Setting next_dagrun for example_branch_datetime_operator to 2024-02-14 00:00:00+00:00, run_after=2024-02-15 00:00:00+00:00
[2024-02-15T23:54:13.047+0000] {logging_mixin.py:188} INFO - [2024-02-15T23:54:13.046+0000] {dag.py:3823} INFO - Setting next_dagrun for example_branch_datetime_operator_2 to 2024-02-14 00:00:00+00:00, run_after=2024-02-15 00:00:00+00:00
[2024-02-15T23:54:13.049+0000] {logging_mixin.py:188} INFO - [2024-02-15T23:54:13.049+0000] {dag.py:3823} INFO - Setting next_dagrun for example_branch_datetime_operator_3 to 2024-02-14 00:00:00+00:00, run_after=2024-02-15 00:00:00+00:00
[2024-02-15T23:54:13.060+0000] {processor.py:183} INFO - Processing /home/airflow/.local/lib/python3.8/site-packages/airflow/example_dags/example_branch_datetime_operator.py took 0.063 seconds
[2024-02-15T23:54:43.225+0000] {processor.py:161} INFO - Started process (PID=632) to work on /home/airflow/.local/lib/python3.8/site-packages/airflow/example_dags/example_branch_datetime_operator.py
[2024-02-15T23:54:43.226+0000] {processor.py:830} INFO - Processing file /home/airflow/.local/lib/python3.8/site-packages/airflow/example_dags/example_branch_datetime_operator.py for tasks to queue
[2024-02-15T23:54:43.227+0000] {logging_mixin.py:188} INFO - [2024-02-15T23:54:43.227+0000] {dagbag.py:538} INFO - Filling up the DagBag from /home/airflow/.local/lib/python3.8/site-packages/airflow/example_dags/example_branch_datetime_operator.py
[2024-02-15T23:54:43.234+0000] {processor.py:840} INFO - DAG(s) 'example_branch_datetime_operator', 'example_branch_datetime_operator_2', 'example_branch_datetime_operator_3' retrieved from /home/airflow/.local/lib/python3.8/site-packages/airflow/example_dags/example_branch_datetime_operator.py
[2024-02-15T23:54:43.255+0000] {logging_mixin.py:188} INFO - [2024-02-15T23:54:43.255+0000] {dag.py:3036} INFO - Sync 3 DAGs
[2024-02-15T23:54:43.272+0000] {logging_mixin.py:188} INFO - [2024-02-15T23:54:43.272+0000] {dag.py:3823} INFO - Setting next_dagrun for example_branch_datetime_operator to 2024-02-14 00:00:00+00:00, run_after=2024-02-15 00:00:00+00:00
[2024-02-15T23:54:43.276+0000] {logging_mixin.py:188} INFO - [2024-02-15T23:54:43.276+0000] {dag.py:3823} INFO - Setting next_dagrun for example_branch_datetime_operator_2 to 2024-02-14 00:00:00+00:00, run_after=2024-02-15 00:00:00+00:00
[2024-02-15T23:54:43.278+0000] {logging_mixin.py:188} INFO - [2024-02-15T23:54:43.278+0000] {dag.py:3823} INFO - Setting next_dagrun for example_branch_datetime_operator_3 to 2024-02-14 00:00:00+00:00, run_after=2024-02-15 00:00:00+00:00
[2024-02-15T23:54:43.290+0000] {processor.py:183} INFO - Processing /home/airflow/.local/lib/python3.8/site-packages/airflow/example_dags/example_branch_datetime_operator.py took 0.067 seconds
[2024-02-15T23:55:13.589+0000] {processor.py:161} INFO - Started process (PID=687) to work on /home/airflow/.local/lib/python3.8/site-packages/airflow/example_dags/example_branch_datetime_operator.py
[2024-02-15T23:55:13.590+0000] {processor.py:830} INFO - Processing file /home/airflow/.local/lib/python3.8/site-packages/airflow/example_dags/example_branch_datetime_operator.py for tasks to queue
[2024-02-15T23:55:13.591+0000] {logging_mixin.py:188} INFO - [2024-02-15T23:55:13.591+0000] {dagbag.py:538} INFO - Filling up the DagBag from /home/airflow/.local/lib/python3.8/site-packages/airflow/example_dags/example_branch_datetime_operator.py
[2024-02-15T23:55:13.598+0000] {processor.py:840} INFO - DAG(s) 'example_branch_datetime_operator_2', 'example_branch_datetime_operator_3', 'example_branch_datetime_operator' retrieved from /home/airflow/.local/lib/python3.8/site-packages/airflow/example_dags/example_branch_datetime_operator.py
[2024-02-15T23:55:13.620+0000] {logging_mixin.py:188} INFO - [2024-02-15T23:55:13.620+0000] {dag.py:3036} INFO - Sync 3 DAGs
[2024-02-15T23:55:13.638+0000] {logging_mixin.py:188} INFO - [2024-02-15T23:55:13.638+0000] {dag.py:3823} INFO - Setting next_dagrun for example_branch_datetime_operator to 2024-02-14 00:00:00+00:00, run_after=2024-02-15 00:00:00+00:00
[2024-02-15T23:55:13.642+0000] {logging_mixin.py:188} INFO - [2024-02-15T23:55:13.642+0000] {dag.py:3823} INFO - Setting next_dagrun for example_branch_datetime_operator_2 to 2024-02-14 00:00:00+00:00, run_after=2024-02-15 00:00:00+00:00
[2024-02-15T23:55:13.645+0000] {logging_mixin.py:188} INFO - [2024-02-15T23:55:13.645+0000] {dag.py:3823} INFO - Setting next_dagrun for example_branch_datetime_operator_3 to 2024-02-14 00:00:00+00:00, run_after=2024-02-15 00:00:00+00:00
[2024-02-15T23:55:13.662+0000] {processor.py:183} INFO - Processing /home/airflow/.local/lib/python3.8/site-packages/airflow/example_dags/example_branch_datetime_operator.py took 0.075 seconds
[2024-02-15T23:55:43.682+0000] {processor.py:161} INFO - Started process (PID=742) to work on /home/airflow/.local/lib/python3.8/site-packages/airflow/example_dags/example_branch_datetime_operator.py
[2024-02-15T23:55:43.683+0000] {processor.py:830} INFO - Processing file /home/airflow/.local/lib/python3.8/site-packages/airflow/example_dags/example_branch_datetime_operator.py for tasks to queue
[2024-02-15T23:55:43.684+0000] {logging_mixin.py:188} INFO - [2024-02-15T23:55:43.684+0000] {dagbag.py:538} INFO - Filling up the DagBag from /home/airflow/.local/lib/python3.8/site-packages/airflow/example_dags/example_branch_datetime_operator.py
[2024-02-15T23:55:43.691+0000] {processor.py:840} INFO - DAG(s) 'example_branch_datetime_operator_3', 'example_branch_datetime_operator_2', 'example_branch_datetime_operator' retrieved from /home/airflow/.local/lib/python3.8/site-packages/airflow/example_dags/example_branch_datetime_operator.py
[2024-02-15T23:55:43.710+0000] {logging_mixin.py:188} INFO - [2024-02-15T23:55:43.710+0000] {dag.py:3036} INFO - Sync 3 DAGs
[2024-02-15T23:55:43.725+0000] {logging_mixin.py:188} INFO - [2024-02-15T23:55:43.725+0000] {dag.py:3823} INFO - Setting next_dagrun for example_branch_datetime_operator to 2024-02-14 00:00:00+00:00, run_after=2024-02-15 00:00:00+00:00
[2024-02-15T23:55:43.729+0000] {logging_mixin.py:188} INFO - [2024-02-15T23:55:43.729+0000] {dag.py:3823} INFO - Setting next_dagrun for example_branch_datetime_operator_2 to 2024-02-14 00:00:00+00:00, run_after=2024-02-15 00:00:00+00:00
[2024-02-15T23:55:43.731+0000] {logging_mixin.py:188} INFO - [2024-02-15T23:55:43.731+0000] {dag.py:3823} INFO - Setting next_dagrun for example_branch_datetime_operator_3 to 2024-02-14 00:00:00+00:00, run_after=2024-02-15 00:00:00+00:00
[2024-02-15T23:55:43.742+0000] {processor.py:183} INFO - Processing /home/airflow/.local/lib/python3.8/site-packages/airflow/example_dags/example_branch_datetime_operator.py took 0.062 seconds
[2024-02-15T23:56:13.906+0000] {processor.py:161} INFO - Started process (PID=797) to work on /home/airflow/.local/lib/python3.8/site-packages/airflow/example_dags/example_branch_datetime_operator.py
[2024-02-15T23:56:13.907+0000] {processor.py:830} INFO - Processing file /home/airflow/.local/lib/python3.8/site-packages/airflow/example_dags/example_branch_datetime_operator.py for tasks to queue
[2024-02-15T23:56:13.908+0000] {logging_mixin.py:188} INFO - [2024-02-15T23:56:13.907+0000] {dagbag.py:538} INFO - Filling up the DagBag from /home/airflow/.local/lib/python3.8/site-packages/airflow/example_dags/example_branch_datetime_operator.py
[2024-02-15T23:56:13.914+0000] {processor.py:840} INFO - DAG(s) 'example_branch_datetime_operator_2', 'example_branch_datetime_operator', 'example_branch_datetime_operator_3' retrieved from /home/airflow/.local/lib/python3.8/site-packages/airflow/example_dags/example_branch_datetime_operator.py
[2024-02-15T23:56:13.933+0000] {logging_mixin.py:188} INFO - [2024-02-15T23:56:13.933+0000] {dag.py:3036} INFO - Sync 3 DAGs
[2024-02-15T23:56:13.949+0000] {logging_mixin.py:188} INFO - [2024-02-15T23:56:13.949+0000] {dag.py:3823} INFO - Setting next_dagrun for example_branch_datetime_operator to 2024-02-14 00:00:00+00:00, run_after=2024-02-15 00:00:00+00:00
[2024-02-15T23:56:13.953+0000] {logging_mixin.py:188} INFO - [2024-02-15T23:56:13.953+0000] {dag.py:3823} INFO - Setting next_dagrun for example_branch_datetime_operator_2 to 2024-02-14 00:00:00+00:00, run_after=2024-02-15 00:00:00+00:00
[2024-02-15T23:56:13.955+0000] {logging_mixin.py:188} INFO - [2024-02-15T23:56:13.955+0000] {dag.py:3823} INFO - Setting next_dagrun for example_branch_datetime_operator_3 to 2024-02-14 00:00:00+00:00, run_after=2024-02-15 00:00:00+00:00
[2024-02-15T23:56:13.966+0000] {processor.py:183} INFO - Processing /home/airflow/.local/lib/python3.8/site-packages/airflow/example_dags/example_branch_datetime_operator.py took 0.062 seconds
[2024-02-15T23:56:44.253+0000] {processor.py:161} INFO - Started process (PID=852) to work on /home/airflow/.local/lib/python3.8/site-packages/airflow/example_dags/example_branch_datetime_operator.py
[2024-02-15T23:56:44.254+0000] {processor.py:830} INFO - Processing file /home/airflow/.local/lib/python3.8/site-packages/airflow/example_dags/example_branch_datetime_operator.py for tasks to queue
[2024-02-15T23:56:44.255+0000] {logging_mixin.py:188} INFO - [2024-02-15T23:56:44.255+0000] {dagbag.py:538} INFO - Filling up the DagBag from /home/airflow/.local/lib/python3.8/site-packages/airflow/example_dags/example_branch_datetime_operator.py
[2024-02-15T23:56:44.262+0000] {processor.py:840} INFO - DAG(s) 'example_branch_datetime_operator_3', 'example_branch_datetime_operator_2', 'example_branch_datetime_operator' retrieved from /home/airflow/.local/lib/python3.8/site-packages/airflow/example_dags/example_branch_datetime_operator.py
[2024-02-15T23:56:44.280+0000] {logging_mixin.py:188} INFO - [2024-02-15T23:56:44.280+0000] {dag.py:3036} INFO - Sync 3 DAGs
[2024-02-15T23:56:44.296+0000] {logging_mixin.py:188} INFO - [2024-02-15T23:56:44.296+0000] {dag.py:3823} INFO - Setting next_dagrun for example_branch_datetime_operator to 2024-02-14 00:00:00+00:00, run_after=2024-02-15 00:00:00+00:00
[2024-02-15T23:56:44.300+0000] {logging_mixin.py:188} INFO - [2024-02-15T23:56:44.300+0000] {dag.py:3823} INFO - Setting next_dagrun for example_branch_datetime_operator_2 to 2024-02-14 00:00:00+00:00, run_after=2024-02-15 00:00:00+00:00
[2024-02-15T23:56:44.302+0000] {logging_mixin.py:188} INFO - [2024-02-15T23:56:44.302+0000] {dag.py:3823} INFO - Setting next_dagrun for example_branch_datetime_operator_3 to 2024-02-14 00:00:00+00:00, run_after=2024-02-15 00:00:00+00:00
[2024-02-15T23:56:44.317+0000] {processor.py:183} INFO - Processing /home/airflow/.local/lib/python3.8/site-packages/airflow/example_dags/example_branch_datetime_operator.py took 0.066 seconds
[2024-02-15T23:57:14.602+0000] {processor.py:161} INFO - Started process (PID=907) to work on /home/airflow/.local/lib/python3.8/site-packages/airflow/example_dags/example_branch_datetime_operator.py
[2024-02-15T23:57:14.603+0000] {processor.py:830} INFO - Processing file /home/airflow/.local/lib/python3.8/site-packages/airflow/example_dags/example_branch_datetime_operator.py for tasks to queue
[2024-02-15T23:57:14.604+0000] {logging_mixin.py:188} INFO - [2024-02-15T23:57:14.604+0000] {dagbag.py:538} INFO - Filling up the DagBag from /home/airflow/.local/lib/python3.8/site-packages/airflow/example_dags/example_branch_datetime_operator.py
[2024-02-15T23:57:14.611+0000] {processor.py:840} INFO - DAG(s) 'example_branch_datetime_operator', 'example_branch_datetime_operator_2', 'example_branch_datetime_operator_3' retrieved from /home/airflow/.local/lib/python3.8/site-packages/airflow/example_dags/example_branch_datetime_operator.py
[2024-02-15T23:57:14.630+0000] {logging_mixin.py:188} INFO - [2024-02-15T23:57:14.630+0000] {dag.py:3036} INFO - Sync 3 DAGs
[2024-02-15T23:57:14.646+0000] {logging_mixin.py:188} INFO - [2024-02-15T23:57:14.645+0000] {dag.py:3823} INFO - Setting next_dagrun for example_branch_datetime_operator to 2024-02-14 00:00:00+00:00, run_after=2024-02-15 00:00:00+00:00
[2024-02-15T23:57:14.649+0000] {logging_mixin.py:188} INFO - [2024-02-15T23:57:14.649+0000] {dag.py:3823} INFO - Setting next_dagrun for example_branch_datetime_operator_2 to 2024-02-14 00:00:00+00:00, run_after=2024-02-15 00:00:00+00:00
[2024-02-15T23:57:14.651+0000] {logging_mixin.py:188} INFO - [2024-02-15T23:57:14.651+0000] {dag.py:3823} INFO - Setting next_dagrun for example_branch_datetime_operator_3 to 2024-02-14 00:00:00+00:00, run_after=2024-02-15 00:00:00+00:00
[2024-02-15T23:57:14.664+0000] {processor.py:183} INFO - Processing /home/airflow/.local/lib/python3.8/site-packages/airflow/example_dags/example_branch_datetime_operator.py took 0.064 seconds
[2024-02-15T23:57:44.878+0000] {processor.py:161} INFO - Started process (PID=962) to work on /home/airflow/.local/lib/python3.8/site-packages/airflow/example_dags/example_branch_datetime_operator.py
[2024-02-15T23:57:44.878+0000] {processor.py:830} INFO - Processing file /home/airflow/.local/lib/python3.8/site-packages/airflow/example_dags/example_branch_datetime_operator.py for tasks to queue
[2024-02-15T23:57:44.879+0000] {logging_mixin.py:188} INFO - [2024-02-15T23:57:44.879+0000] {dagbag.py:538} INFO - Filling up the DagBag from /home/airflow/.local/lib/python3.8/site-packages/airflow/example_dags/example_branch_datetime_operator.py
[2024-02-15T23:57:44.886+0000] {processor.py:840} INFO - DAG(s) 'example_branch_datetime_operator', 'example_branch_datetime_operator_2', 'example_branch_datetime_operator_3' retrieved from /home/airflow/.local/lib/python3.8/site-packages/airflow/example_dags/example_branch_datetime_operator.py
[2024-02-15T23:57:44.908+0000] {logging_mixin.py:188} INFO - [2024-02-15T23:57:44.908+0000] {dag.py:3036} INFO - Sync 3 DAGs
[2024-02-15T23:57:44.925+0000] {logging_mixin.py:188} INFO - [2024-02-15T23:57:44.925+0000] {dag.py:3823} INFO - Setting next_dagrun for example_branch_datetime_operator to 2024-02-14 00:00:00+00:00, run_after=2024-02-15 00:00:00+00:00
[2024-02-15T23:57:44.929+0000] {logging_mixin.py:188} INFO - [2024-02-15T23:57:44.929+0000] {dag.py:3823} INFO - Setting next_dagrun for example_branch_datetime_operator_2 to 2024-02-14 00:00:00+00:00, run_after=2024-02-15 00:00:00+00:00
[2024-02-15T23:57:44.932+0000] {logging_mixin.py:188} INFO - [2024-02-15T23:57:44.932+0000] {dag.py:3823} INFO - Setting next_dagrun for example_branch_datetime_operator_3 to 2024-02-14 00:00:00+00:00, run_after=2024-02-15 00:00:00+00:00
[2024-02-15T23:57:44.944+0000] {processor.py:183} INFO - Processing /home/airflow/.local/lib/python3.8/site-packages/airflow/example_dags/example_branch_datetime_operator.py took 0.068 seconds
[2024-02-15T23:58:15.061+0000] {processor.py:161} INFO - Started process (PID=1017) to work on /home/airflow/.local/lib/python3.8/site-packages/airflow/example_dags/example_branch_datetime_operator.py
[2024-02-15T23:58:15.061+0000] {processor.py:830} INFO - Processing file /home/airflow/.local/lib/python3.8/site-packages/airflow/example_dags/example_branch_datetime_operator.py for tasks to queue
[2024-02-15T23:58:15.063+0000] {logging_mixin.py:188} INFO - [2024-02-15T23:58:15.062+0000] {dagbag.py:538} INFO - Filling up the DagBag from /home/airflow/.local/lib/python3.8/site-packages/airflow/example_dags/example_branch_datetime_operator.py
[2024-02-15T23:58:15.069+0000] {processor.py:840} INFO - DAG(s) 'example_branch_datetime_operator_3', 'example_branch_datetime_operator', 'example_branch_datetime_operator_2' retrieved from /home/airflow/.local/lib/python3.8/site-packages/airflow/example_dags/example_branch_datetime_operator.py
[2024-02-15T23:58:15.088+0000] {logging_mixin.py:188} INFO - [2024-02-15T23:58:15.088+0000] {dag.py:3036} INFO - Sync 3 DAGs
[2024-02-15T23:58:15.105+0000] {logging_mixin.py:188} INFO - [2024-02-15T23:58:15.105+0000] {dag.py:3823} INFO - Setting next_dagrun for example_branch_datetime_operator to 2024-02-14 00:00:00+00:00, run_after=2024-02-15 00:00:00+00:00
[2024-02-15T23:58:15.109+0000] {logging_mixin.py:188} INFO - [2024-02-15T23:58:15.108+0000] {dag.py:3823} INFO - Setting next_dagrun for example_branch_datetime_operator_2 to 2024-02-14 00:00:00+00:00, run_after=2024-02-15 00:00:00+00:00
[2024-02-15T23:58:15.111+0000] {logging_mixin.py:188} INFO - [2024-02-15T23:58:15.111+0000] {dag.py:3823} INFO - Setting next_dagrun for example_branch_datetime_operator_3 to 2024-02-14 00:00:00+00:00, run_after=2024-02-15 00:00:00+00:00
[2024-02-15T23:58:15.123+0000] {processor.py:183} INFO - Processing /home/airflow/.local/lib/python3.8/site-packages/airflow/example_dags/example_branch_datetime_operator.py took 0.064 seconds
[2024-02-15T23:58:45.219+0000] {processor.py:161} INFO - Started process (PID=1072) to work on /home/airflow/.local/lib/python3.8/site-packages/airflow/example_dags/example_branch_datetime_operator.py
[2024-02-15T23:58:45.220+0000] {processor.py:830} INFO - Processing file /home/airflow/.local/lib/python3.8/site-packages/airflow/example_dags/example_branch_datetime_operator.py for tasks to queue
[2024-02-15T23:58:45.221+0000] {logging_mixin.py:188} INFO - [2024-02-15T23:58:45.221+0000] {dagbag.py:538} INFO - Filling up the DagBag from /home/airflow/.local/lib/python3.8/site-packages/airflow/example_dags/example_branch_datetime_operator.py
[2024-02-15T23:58:45.228+0000] {processor.py:840} INFO - DAG(s) 'example_branch_datetime_operator_3', 'example_branch_datetime_operator_2', 'example_branch_datetime_operator' retrieved from /home/airflow/.local/lib/python3.8/site-packages/airflow/example_dags/example_branch_datetime_operator.py
[2024-02-15T23:58:45.248+0000] {logging_mixin.py:188} INFO - [2024-02-15T23:58:45.248+0000] {dag.py:3036} INFO - Sync 3 DAGs
[2024-02-15T23:58:45.264+0000] {logging_mixin.py:188} INFO - [2024-02-15T23:58:45.264+0000] {dag.py:3823} INFO - Setting next_dagrun for example_branch_datetime_operator to 2024-02-14 00:00:00+00:00, run_after=2024-02-15 00:00:00+00:00
[2024-02-15T23:58:45.268+0000] {logging_mixin.py:188} INFO - [2024-02-15T23:58:45.267+0000] {dag.py:3823} INFO - Setting next_dagrun for example_branch_datetime_operator_2 to 2024-02-14 00:00:00+00:00, run_after=2024-02-15 00:00:00+00:00
[2024-02-15T23:58:45.270+0000] {logging_mixin.py:188} INFO - [2024-02-15T23:58:45.269+0000] {dag.py:3823} INFO - Setting next_dagrun for example_branch_datetime_operator_3 to 2024-02-14 00:00:00+00:00, run_after=2024-02-15 00:00:00+00:00
[2024-02-15T23:58:45.280+0000] {processor.py:183} INFO - Processing /home/airflow/.local/lib/python3.8/site-packages/airflow/example_dags/example_branch_datetime_operator.py took 0.063 seconds
[2024-02-15T23:59:15.347+0000] {processor.py:161} INFO - Started process (PID=1127) to work on /home/airflow/.local/lib/python3.8/site-packages/airflow/example_dags/example_branch_datetime_operator.py
[2024-02-15T23:59:15.348+0000] {processor.py:830} INFO - Processing file /home/airflow/.local/lib/python3.8/site-packages/airflow/example_dags/example_branch_datetime_operator.py for tasks to queue
[2024-02-15T23:59:15.349+0000] {logging_mixin.py:188} INFO - [2024-02-15T23:59:15.349+0000] {dagbag.py:538} INFO - Filling up the DagBag from /home/airflow/.local/lib/python3.8/site-packages/airflow/example_dags/example_branch_datetime_operator.py
[2024-02-15T23:59:15.356+0000] {processor.py:840} INFO - DAG(s) 'example_branch_datetime_operator', 'example_branch_datetime_operator_3', 'example_branch_datetime_operator_2' retrieved from /home/airflow/.local/lib/python3.8/site-packages/airflow/example_dags/example_branch_datetime_operator.py
[2024-02-15T23:59:15.375+0000] {logging_mixin.py:188} INFO - [2024-02-15T23:59:15.374+0000] {dag.py:3036} INFO - Sync 3 DAGs
[2024-02-15T23:59:15.390+0000] {logging_mixin.py:188} INFO - [2024-02-15T23:59:15.390+0000] {dag.py:3823} INFO - Setting next_dagrun for example_branch_datetime_operator to 2024-02-14 00:00:00+00:00, run_after=2024-02-15 00:00:00+00:00
[2024-02-15T23:59:15.394+0000] {logging_mixin.py:188} INFO - [2024-02-15T23:59:15.394+0000] {dag.py:3823} INFO - Setting next_dagrun for example_branch_datetime_operator_2 to 2024-02-14 00:00:00+00:00, run_after=2024-02-15 00:00:00+00:00
[2024-02-15T23:59:15.396+0000] {logging_mixin.py:188} INFO - [2024-02-15T23:59:15.396+0000] {dag.py:3823} INFO - Setting next_dagrun for example_branch_datetime_operator_3 to 2024-02-14 00:00:00+00:00, run_after=2024-02-15 00:00:00+00:00
[2024-02-15T23:59:15.407+0000] {processor.py:183} INFO - Processing /home/airflow/.local/lib/python3.8/site-packages/airflow/example_dags/example_branch_datetime_operator.py took 0.061 seconds
[2024-02-15T23:59:45.568+0000] {processor.py:161} INFO - Started process (PID=1182) to work on /home/airflow/.local/lib/python3.8/site-packages/airflow/example_dags/example_branch_datetime_operator.py
[2024-02-15T23:59:45.568+0000] {processor.py:830} INFO - Processing file /home/airflow/.local/lib/python3.8/site-packages/airflow/example_dags/example_branch_datetime_operator.py for tasks to queue
[2024-02-15T23:59:45.569+0000] {logging_mixin.py:188} INFO - [2024-02-15T23:59:45.569+0000] {dagbag.py:538} INFO - Filling up the DagBag from /home/airflow/.local/lib/python3.8/site-packages/airflow/example_dags/example_branch_datetime_operator.py
[2024-02-15T23:59:45.576+0000] {processor.py:840} INFO - DAG(s) 'example_branch_datetime_operator', 'example_branch_datetime_operator_3', 'example_branch_datetime_operator_2' retrieved from /home/airflow/.local/lib/python3.8/site-packages/airflow/example_dags/example_branch_datetime_operator.py
[2024-02-15T23:59:45.594+0000] {logging_mixin.py:188} INFO - [2024-02-15T23:59:45.594+0000] {dag.py:3036} INFO - Sync 3 DAGs
[2024-02-15T23:59:45.609+0000] {logging_mixin.py:188} INFO - [2024-02-15T23:59:45.609+0000] {dag.py:3823} INFO - Setting next_dagrun for example_branch_datetime_operator to 2024-02-14 00:00:00+00:00, run_after=2024-02-15 00:00:00+00:00
[2024-02-15T23:59:45.613+0000] {logging_mixin.py:188} INFO - [2024-02-15T23:59:45.613+0000] {dag.py:3823} INFO - Setting next_dagrun for example_branch_datetime_operator_2 to 2024-02-14 00:00:00+00:00, run_after=2024-02-15 00:00:00+00:00
[2024-02-15T23:59:45.615+0000] {logging_mixin.py:188} INFO - [2024-02-15T23:59:45.615+0000] {dag.py:3823} INFO - Setting next_dagrun for example_branch_datetime_operator_3 to 2024-02-14 00:00:00+00:00, run_after=2024-02-15 00:00:00+00:00
[2024-02-15T23:59:45.626+0000] {processor.py:183} INFO - Processing /home/airflow/.local/lib/python3.8/site-packages/airflow/example_dags/example_branch_datetime_operator.py took 0.060 seconds
