[2024-02-15T23:49:37.418+0000] {processor.py:161} INFO - Started process (PID=53) to work on /home/airflow/.local/lib/python3.8/site-packages/airflow/example_dags/example_xcom.py
[2024-02-15T23:49:37.419+0000] {processor.py:830} INFO - Processing file /home/airflow/.local/lib/python3.8/site-packages/airflow/example_dags/example_xcom.py for tasks to queue
[2024-02-15T23:49:37.421+0000] {logging_mixin.py:188} INFO - [2024-02-15T23:49:37.420+0000] {dagbag.py:538} INFO - Filling up the DagBag from /home/airflow/.local/lib/python3.8/site-packages/airflow/example_dags/example_xcom.py
[2024-02-15T23:49:37.428+0000] {processor.py:840} INFO - DAG(s) 'example_xcom' retrieved from /home/airflow/.local/lib/python3.8/site-packages/airflow/example_dags/example_xcom.py
[2024-02-15T23:49:37.508+0000] {logging_mixin.py:188} INFO - [2024-02-15T23:49:37.508+0000] {override.py:1769} INFO - Created Permission View: can delete on DAG:example_xcom
[2024-02-15T23:49:37.517+0000] {logging_mixin.py:188} INFO - [2024-02-15T23:49:37.517+0000] {override.py:1769} INFO - Created Permission View: can read on DAG:example_xcom
[2024-02-15T23:49:37.523+0000] {logging_mixin.py:188} INFO - [2024-02-15T23:49:37.523+0000] {override.py:1769} INFO - Created Permission View: can edit on DAG:example_xcom
[2024-02-15T23:49:37.523+0000] {logging_mixin.py:188} INFO - [2024-02-15T23:49:37.523+0000] {dag.py:3036} INFO - Sync 1 DAGs
[2024-02-15T23:49:37.534+0000] {logging_mixin.py:188} INFO - [2024-02-15T23:49:37.534+0000] {dag.py:3058} INFO - Creating ORM DAG for example_xcom
[2024-02-15T23:49:37.542+0000] {logging_mixin.py:188} INFO - [2024-02-15T23:49:37.542+0000] {dag.py:3823} INFO - Setting next_dagrun for example_xcom to 2021-01-01 00:00:00+00:00, run_after=2021-01-01 00:00:00+00:00
[2024-02-15T23:49:37.558+0000] {processor.py:183} INFO - Processing /home/airflow/.local/lib/python3.8/site-packages/airflow/example_dags/example_xcom.py took 0.142 seconds
[2024-02-15T23:50:08.519+0000] {processor.py:161} INFO - Started process (PID=108) to work on /home/airflow/.local/lib/python3.8/site-packages/airflow/example_dags/example_xcom.py
[2024-02-15T23:50:08.520+0000] {processor.py:830} INFO - Processing file /home/airflow/.local/lib/python3.8/site-packages/airflow/example_dags/example_xcom.py for tasks to queue
[2024-02-15T23:50:08.521+0000] {logging_mixin.py:188} INFO - [2024-02-15T23:50:08.521+0000] {dagbag.py:538} INFO - Filling up the DagBag from /home/airflow/.local/lib/python3.8/site-packages/airflow/example_dags/example_xcom.py
[2024-02-15T23:50:08.525+0000] {processor.py:840} INFO - DAG(s) 'example_xcom' retrieved from /home/airflow/.local/lib/python3.8/site-packages/airflow/example_dags/example_xcom.py
[2024-02-15T23:50:08.540+0000] {logging_mixin.py:188} INFO - [2024-02-15T23:50:08.540+0000] {dag.py:3036} INFO - Sync 1 DAGs
[2024-02-15T23:50:08.554+0000] {logging_mixin.py:188} INFO - [2024-02-15T23:50:08.554+0000] {dag.py:3823} INFO - Setting next_dagrun for example_xcom to 2021-01-01 00:00:00+00:00, run_after=2021-01-01 00:00:00+00:00
[2024-02-15T23:50:08.567+0000] {processor.py:183} INFO - Processing /home/airflow/.local/lib/python3.8/site-packages/airflow/example_dags/example_xcom.py took 0.049 seconds
[2024-02-15T23:50:38.771+0000] {processor.py:161} INFO - Started process (PID=163) to work on /home/airflow/.local/lib/python3.8/site-packages/airflow/example_dags/example_xcom.py
[2024-02-15T23:50:38.771+0000] {processor.py:830} INFO - Processing file /home/airflow/.local/lib/python3.8/site-packages/airflow/example_dags/example_xcom.py for tasks to queue
[2024-02-15T23:50:38.772+0000] {logging_mixin.py:188} INFO - [2024-02-15T23:50:38.772+0000] {dagbag.py:538} INFO - Filling up the DagBag from /home/airflow/.local/lib/python3.8/site-packages/airflow/example_dags/example_xcom.py
[2024-02-15T23:50:38.777+0000] {processor.py:840} INFO - DAG(s) 'example_xcom' retrieved from /home/airflow/.local/lib/python3.8/site-packages/airflow/example_dags/example_xcom.py
[2024-02-15T23:50:38.793+0000] {logging_mixin.py:188} INFO - [2024-02-15T23:50:38.793+0000] {dag.py:3036} INFO - Sync 1 DAGs
[2024-02-15T23:50:38.809+0000] {logging_mixin.py:188} INFO - [2024-02-15T23:50:38.809+0000] {dag.py:3823} INFO - Setting next_dagrun for example_xcom to 2021-01-01 00:00:00+00:00, run_after=2021-01-01 00:00:00+00:00
[2024-02-15T23:50:38.823+0000] {processor.py:183} INFO - Processing /home/airflow/.local/lib/python3.8/site-packages/airflow/example_dags/example_xcom.py took 0.054 seconds
[2024-02-15T23:51:09.014+0000] {processor.py:161} INFO - Started process (PID=218) to work on /home/airflow/.local/lib/python3.8/site-packages/airflow/example_dags/example_xcom.py
[2024-02-15T23:51:09.014+0000] {processor.py:830} INFO - Processing file /home/airflow/.local/lib/python3.8/site-packages/airflow/example_dags/example_xcom.py for tasks to queue
[2024-02-15T23:51:09.015+0000] {logging_mixin.py:188} INFO - [2024-02-15T23:51:09.015+0000] {dagbag.py:538} INFO - Filling up the DagBag from /home/airflow/.local/lib/python3.8/site-packages/airflow/example_dags/example_xcom.py
[2024-02-15T23:51:09.021+0000] {processor.py:840} INFO - DAG(s) 'example_xcom' retrieved from /home/airflow/.local/lib/python3.8/site-packages/airflow/example_dags/example_xcom.py
[2024-02-15T23:51:09.033+0000] {logging_mixin.py:188} INFO - [2024-02-15T23:51:09.033+0000] {dag.py:3036} INFO - Sync 1 DAGs
[2024-02-15T23:51:09.049+0000] {logging_mixin.py:188} INFO - [2024-02-15T23:51:09.048+0000] {dag.py:3823} INFO - Setting next_dagrun for example_xcom to 2021-01-01 00:00:00+00:00, run_after=2021-01-01 00:00:00+00:00
[2024-02-15T23:51:09.062+0000] {processor.py:183} INFO - Processing /home/airflow/.local/lib/python3.8/site-packages/airflow/example_dags/example_xcom.py took 0.050 seconds
[2024-02-15T23:51:39.313+0000] {processor.py:161} INFO - Started process (PID=273) to work on /home/airflow/.local/lib/python3.8/site-packages/airflow/example_dags/example_xcom.py
[2024-02-15T23:51:39.314+0000] {processor.py:830} INFO - Processing file /home/airflow/.local/lib/python3.8/site-packages/airflow/example_dags/example_xcom.py for tasks to queue
[2024-02-15T23:51:39.315+0000] {logging_mixin.py:188} INFO - [2024-02-15T23:51:39.315+0000] {dagbag.py:538} INFO - Filling up the DagBag from /home/airflow/.local/lib/python3.8/site-packages/airflow/example_dags/example_xcom.py
[2024-02-15T23:51:39.320+0000] {processor.py:840} INFO - DAG(s) 'example_xcom' retrieved from /home/airflow/.local/lib/python3.8/site-packages/airflow/example_dags/example_xcom.py
[2024-02-15T23:51:39.333+0000] {logging_mixin.py:188} INFO - [2024-02-15T23:51:39.333+0000] {dag.py:3036} INFO - Sync 1 DAGs
[2024-02-15T23:51:39.348+0000] {logging_mixin.py:188} INFO - [2024-02-15T23:51:39.347+0000] {dag.py:3823} INFO - Setting next_dagrun for example_xcom to 2021-01-01 00:00:00+00:00, run_after=2021-01-01 00:00:00+00:00
[2024-02-15T23:51:39.361+0000] {processor.py:183} INFO - Processing /home/airflow/.local/lib/python3.8/site-packages/airflow/example_dags/example_xcom.py took 0.049 seconds
[2024-02-15T23:52:09.689+0000] {processor.py:161} INFO - Started process (PID=328) to work on /home/airflow/.local/lib/python3.8/site-packages/airflow/example_dags/example_xcom.py
[2024-02-15T23:52:09.689+0000] {processor.py:830} INFO - Processing file /home/airflow/.local/lib/python3.8/site-packages/airflow/example_dags/example_xcom.py for tasks to queue
[2024-02-15T23:52:09.691+0000] {logging_mixin.py:188} INFO - [2024-02-15T23:52:09.690+0000] {dagbag.py:538} INFO - Filling up the DagBag from /home/airflow/.local/lib/python3.8/site-packages/airflow/example_dags/example_xcom.py
[2024-02-15T23:52:09.695+0000] {processor.py:840} INFO - DAG(s) 'example_xcom' retrieved from /home/airflow/.local/lib/python3.8/site-packages/airflow/example_dags/example_xcom.py
[2024-02-15T23:52:09.710+0000] {logging_mixin.py:188} INFO - [2024-02-15T23:52:09.709+0000] {dag.py:3036} INFO - Sync 1 DAGs
[2024-02-15T23:52:09.725+0000] {logging_mixin.py:188} INFO - [2024-02-15T23:52:09.725+0000] {dag.py:3823} INFO - Setting next_dagrun for example_xcom to 2021-01-01 00:00:00+00:00, run_after=2021-01-01 00:00:00+00:00
[2024-02-15T23:52:09.738+0000] {processor.py:183} INFO - Processing /home/airflow/.local/lib/python3.8/site-packages/airflow/example_dags/example_xcom.py took 0.051 seconds
[2024-02-15T23:52:40.034+0000] {processor.py:161} INFO - Started process (PID=383) to work on /home/airflow/.local/lib/python3.8/site-packages/airflow/example_dags/example_xcom.py
[2024-02-15T23:52:40.035+0000] {processor.py:830} INFO - Processing file /home/airflow/.local/lib/python3.8/site-packages/airflow/example_dags/example_xcom.py for tasks to queue
[2024-02-15T23:52:40.036+0000] {logging_mixin.py:188} INFO - [2024-02-15T23:52:40.036+0000] {dagbag.py:538} INFO - Filling up the DagBag from /home/airflow/.local/lib/python3.8/site-packages/airflow/example_dags/example_xcom.py
[2024-02-15T23:52:40.041+0000] {processor.py:840} INFO - DAG(s) 'example_xcom' retrieved from /home/airflow/.local/lib/python3.8/site-packages/airflow/example_dags/example_xcom.py
[2024-02-15T23:52:40.055+0000] {logging_mixin.py:188} INFO - [2024-02-15T23:52:40.055+0000] {dag.py:3036} INFO - Sync 1 DAGs
[2024-02-15T23:52:40.070+0000] {logging_mixin.py:188} INFO - [2024-02-15T23:52:40.070+0000] {dag.py:3823} INFO - Setting next_dagrun for example_xcom to 2021-01-01 00:00:00+00:00, run_after=2021-01-01 00:00:00+00:00
[2024-02-15T23:52:40.083+0000] {processor.py:183} INFO - Processing /home/airflow/.local/lib/python3.8/site-packages/airflow/example_dags/example_xcom.py took 0.051 seconds
[2024-02-15T23:53:10.232+0000] {processor.py:161} INFO - Started process (PID=438) to work on /home/airflow/.local/lib/python3.8/site-packages/airflow/example_dags/example_xcom.py
[2024-02-15T23:53:10.233+0000] {processor.py:830} INFO - Processing file /home/airflow/.local/lib/python3.8/site-packages/airflow/example_dags/example_xcom.py for tasks to queue
[2024-02-15T23:53:10.234+0000] {logging_mixin.py:188} INFO - [2024-02-15T23:53:10.234+0000] {dagbag.py:538} INFO - Filling up the DagBag from /home/airflow/.local/lib/python3.8/site-packages/airflow/example_dags/example_xcom.py
[2024-02-15T23:53:10.239+0000] {processor.py:840} INFO - DAG(s) 'example_xcom' retrieved from /home/airflow/.local/lib/python3.8/site-packages/airflow/example_dags/example_xcom.py
[2024-02-15T23:53:10.253+0000] {logging_mixin.py:188} INFO - [2024-02-15T23:53:10.253+0000] {dag.py:3036} INFO - Sync 1 DAGs
[2024-02-15T23:53:10.267+0000] {logging_mixin.py:188} INFO - [2024-02-15T23:53:10.267+0000] {dag.py:3823} INFO - Setting next_dagrun for example_xcom to 2021-01-01 00:00:00+00:00, run_after=2021-01-01 00:00:00+00:00
[2024-02-15T23:53:10.280+0000] {processor.py:183} INFO - Processing /home/airflow/.local/lib/python3.8/site-packages/airflow/example_dags/example_xcom.py took 0.050 seconds
[2024-02-15T23:53:40.473+0000] {processor.py:161} INFO - Started process (PID=493) to work on /home/airflow/.local/lib/python3.8/site-packages/airflow/example_dags/example_xcom.py
[2024-02-15T23:53:40.474+0000] {processor.py:830} INFO - Processing file /home/airflow/.local/lib/python3.8/site-packages/airflow/example_dags/example_xcom.py for tasks to queue
[2024-02-15T23:53:40.475+0000] {logging_mixin.py:188} INFO - [2024-02-15T23:53:40.474+0000] {dagbag.py:538} INFO - Filling up the DagBag from /home/airflow/.local/lib/python3.8/site-packages/airflow/example_dags/example_xcom.py
[2024-02-15T23:53:40.479+0000] {processor.py:840} INFO - DAG(s) 'example_xcom' retrieved from /home/airflow/.local/lib/python3.8/site-packages/airflow/example_dags/example_xcom.py
[2024-02-15T23:53:40.494+0000] {logging_mixin.py:188} INFO - [2024-02-15T23:53:40.494+0000] {dag.py:3036} INFO - Sync 1 DAGs
[2024-02-15T23:53:40.508+0000] {logging_mixin.py:188} INFO - [2024-02-15T23:53:40.508+0000] {dag.py:3823} INFO - Setting next_dagrun for example_xcom to 2021-01-01 00:00:00+00:00, run_after=2021-01-01 00:00:00+00:00
[2024-02-15T23:53:40.521+0000] {processor.py:183} INFO - Processing /home/airflow/.local/lib/python3.8/site-packages/airflow/example_dags/example_xcom.py took 0.050 seconds
[2024-02-15T23:54:10.762+0000] {processor.py:161} INFO - Started process (PID=548) to work on /home/airflow/.local/lib/python3.8/site-packages/airflow/example_dags/example_xcom.py
[2024-02-15T23:54:10.762+0000] {processor.py:830} INFO - Processing file /home/airflow/.local/lib/python3.8/site-packages/airflow/example_dags/example_xcom.py for tasks to queue
[2024-02-15T23:54:10.764+0000] {logging_mixin.py:188} INFO - [2024-02-15T23:54:10.763+0000] {dagbag.py:538} INFO - Filling up the DagBag from /home/airflow/.local/lib/python3.8/site-packages/airflow/example_dags/example_xcom.py
[2024-02-15T23:54:10.768+0000] {processor.py:840} INFO - DAG(s) 'example_xcom' retrieved from /home/airflow/.local/lib/python3.8/site-packages/airflow/example_dags/example_xcom.py
[2024-02-15T23:54:10.782+0000] {logging_mixin.py:188} INFO - [2024-02-15T23:54:10.782+0000] {dag.py:3036} INFO - Sync 1 DAGs
[2024-02-15T23:54:10.797+0000] {logging_mixin.py:188} INFO - [2024-02-15T23:54:10.797+0000] {dag.py:3823} INFO - Setting next_dagrun for example_xcom to 2021-01-01 00:00:00+00:00, run_after=2021-01-01 00:00:00+00:00
[2024-02-15T23:54:10.810+0000] {processor.py:183} INFO - Processing /home/airflow/.local/lib/python3.8/site-packages/airflow/example_dags/example_xcom.py took 0.050 seconds
[2024-02-15T23:54:40.986+0000] {processor.py:161} INFO - Started process (PID=603) to work on /home/airflow/.local/lib/python3.8/site-packages/airflow/example_dags/example_xcom.py
[2024-02-15T23:54:40.987+0000] {processor.py:830} INFO - Processing file /home/airflow/.local/lib/python3.8/site-packages/airflow/example_dags/example_xcom.py for tasks to queue
[2024-02-15T23:54:40.988+0000] {logging_mixin.py:188} INFO - [2024-02-15T23:54:40.988+0000] {dagbag.py:538} INFO - Filling up the DagBag from /home/airflow/.local/lib/python3.8/site-packages/airflow/example_dags/example_xcom.py
[2024-02-15T23:54:40.993+0000] {processor.py:840} INFO - DAG(s) 'example_xcom' retrieved from /home/airflow/.local/lib/python3.8/site-packages/airflow/example_dags/example_xcom.py
[2024-02-15T23:54:41.007+0000] {logging_mixin.py:188} INFO - [2024-02-15T23:54:41.007+0000] {dag.py:3036} INFO - Sync 1 DAGs
[2024-02-15T23:54:41.023+0000] {logging_mixin.py:188} INFO - [2024-02-15T23:54:41.022+0000] {dag.py:3823} INFO - Setting next_dagrun for example_xcom to 2021-01-01 00:00:00+00:00, run_after=2021-01-01 00:00:00+00:00
[2024-02-15T23:54:41.036+0000] {processor.py:183} INFO - Processing /home/airflow/.local/lib/python3.8/site-packages/airflow/example_dags/example_xcom.py took 0.052 seconds
[2024-02-15T23:55:11.181+0000] {processor.py:161} INFO - Started process (PID=658) to work on /home/airflow/.local/lib/python3.8/site-packages/airflow/example_dags/example_xcom.py
[2024-02-15T23:55:11.181+0000] {processor.py:830} INFO - Processing file /home/airflow/.local/lib/python3.8/site-packages/airflow/example_dags/example_xcom.py for tasks to queue
[2024-02-15T23:55:11.183+0000] {logging_mixin.py:188} INFO - [2024-02-15T23:55:11.183+0000] {dagbag.py:538} INFO - Filling up the DagBag from /home/airflow/.local/lib/python3.8/site-packages/airflow/example_dags/example_xcom.py
[2024-02-15T23:55:11.187+0000] {processor.py:840} INFO - DAG(s) 'example_xcom' retrieved from /home/airflow/.local/lib/python3.8/site-packages/airflow/example_dags/example_xcom.py
[2024-02-15T23:55:11.201+0000] {logging_mixin.py:188} INFO - [2024-02-15T23:55:11.200+0000] {dag.py:3036} INFO - Sync 1 DAGs
[2024-02-15T23:55:11.215+0000] {logging_mixin.py:188} INFO - [2024-02-15T23:55:11.215+0000] {dag.py:3823} INFO - Setting next_dagrun for example_xcom to 2021-01-01 00:00:00+00:00, run_after=2021-01-01 00:00:00+00:00
[2024-02-15T23:55:11.228+0000] {processor.py:183} INFO - Processing /home/airflow/.local/lib/python3.8/site-packages/airflow/example_dags/example_xcom.py took 0.049 seconds
[2024-02-15T23:55:41.405+0000] {processor.py:161} INFO - Started process (PID=713) to work on /home/airflow/.local/lib/python3.8/site-packages/airflow/example_dags/example_xcom.py
[2024-02-15T23:55:41.405+0000] {processor.py:830} INFO - Processing file /home/airflow/.local/lib/python3.8/site-packages/airflow/example_dags/example_xcom.py for tasks to queue
[2024-02-15T23:55:41.407+0000] {logging_mixin.py:188} INFO - [2024-02-15T23:55:41.406+0000] {dagbag.py:538} INFO - Filling up the DagBag from /home/airflow/.local/lib/python3.8/site-packages/airflow/example_dags/example_xcom.py
[2024-02-15T23:55:41.411+0000] {processor.py:840} INFO - DAG(s) 'example_xcom' retrieved from /home/airflow/.local/lib/python3.8/site-packages/airflow/example_dags/example_xcom.py
[2024-02-15T23:55:41.425+0000] {logging_mixin.py:188} INFO - [2024-02-15T23:55:41.425+0000] {dag.py:3036} INFO - Sync 1 DAGs
[2024-02-15T23:55:41.440+0000] {logging_mixin.py:188} INFO - [2024-02-15T23:55:41.440+0000] {dag.py:3823} INFO - Setting next_dagrun for example_xcom to 2021-01-01 00:00:00+00:00, run_after=2021-01-01 00:00:00+00:00
[2024-02-15T23:55:41.453+0000] {processor.py:183} INFO - Processing /home/airflow/.local/lib/python3.8/site-packages/airflow/example_dags/example_xcom.py took 0.050 seconds
[2024-02-15T23:56:11.623+0000] {processor.py:161} INFO - Started process (PID=768) to work on /home/airflow/.local/lib/python3.8/site-packages/airflow/example_dags/example_xcom.py
[2024-02-15T23:56:11.624+0000] {processor.py:830} INFO - Processing file /home/airflow/.local/lib/python3.8/site-packages/airflow/example_dags/example_xcom.py for tasks to queue
[2024-02-15T23:56:11.625+0000] {logging_mixin.py:188} INFO - [2024-02-15T23:56:11.625+0000] {dagbag.py:538} INFO - Filling up the DagBag from /home/airflow/.local/lib/python3.8/site-packages/airflow/example_dags/example_xcom.py
[2024-02-15T23:56:11.629+0000] {processor.py:840} INFO - DAG(s) 'example_xcom' retrieved from /home/airflow/.local/lib/python3.8/site-packages/airflow/example_dags/example_xcom.py
[2024-02-15T23:56:11.643+0000] {logging_mixin.py:188} INFO - [2024-02-15T23:56:11.643+0000] {dag.py:3036} INFO - Sync 1 DAGs
[2024-02-15T23:56:11.657+0000] {logging_mixin.py:188} INFO - [2024-02-15T23:56:11.657+0000] {dag.py:3823} INFO - Setting next_dagrun for example_xcom to 2021-01-01 00:00:00+00:00, run_after=2021-01-01 00:00:00+00:00
[2024-02-15T23:56:11.670+0000] {processor.py:183} INFO - Processing /home/airflow/.local/lib/python3.8/site-packages/airflow/example_dags/example_xcom.py took 0.048 seconds
[2024-02-15T23:56:42.008+0000] {processor.py:161} INFO - Started process (PID=823) to work on /home/airflow/.local/lib/python3.8/site-packages/airflow/example_dags/example_xcom.py
[2024-02-15T23:56:42.009+0000] {processor.py:830} INFO - Processing file /home/airflow/.local/lib/python3.8/site-packages/airflow/example_dags/example_xcom.py for tasks to queue
[2024-02-15T23:56:42.010+0000] {logging_mixin.py:188} INFO - [2024-02-15T23:56:42.010+0000] {dagbag.py:538} INFO - Filling up the DagBag from /home/airflow/.local/lib/python3.8/site-packages/airflow/example_dags/example_xcom.py
[2024-02-15T23:56:42.015+0000] {processor.py:840} INFO - DAG(s) 'example_xcom' retrieved from /home/airflow/.local/lib/python3.8/site-packages/airflow/example_dags/example_xcom.py
[2024-02-15T23:56:42.029+0000] {logging_mixin.py:188} INFO - [2024-02-15T23:56:42.029+0000] {dag.py:3036} INFO - Sync 1 DAGs
[2024-02-15T23:56:42.043+0000] {logging_mixin.py:188} INFO - [2024-02-15T23:56:42.043+0000] {dag.py:3823} INFO - Setting next_dagrun for example_xcom to 2021-01-01 00:00:00+00:00, run_after=2021-01-01 00:00:00+00:00
[2024-02-15T23:56:42.055+0000] {processor.py:183} INFO - Processing /home/airflow/.local/lib/python3.8/site-packages/airflow/example_dags/example_xcom.py took 0.049 seconds
[2024-02-15T23:57:12.348+0000] {processor.py:161} INFO - Started process (PID=878) to work on /home/airflow/.local/lib/python3.8/site-packages/airflow/example_dags/example_xcom.py
[2024-02-15T23:57:12.349+0000] {processor.py:830} INFO - Processing file /home/airflow/.local/lib/python3.8/site-packages/airflow/example_dags/example_xcom.py for tasks to queue
[2024-02-15T23:57:12.350+0000] {logging_mixin.py:188} INFO - [2024-02-15T23:57:12.350+0000] {dagbag.py:538} INFO - Filling up the DagBag from /home/airflow/.local/lib/python3.8/site-packages/airflow/example_dags/example_xcom.py
[2024-02-15T23:57:12.356+0000] {processor.py:840} INFO - DAG(s) 'example_xcom' retrieved from /home/airflow/.local/lib/python3.8/site-packages/airflow/example_dags/example_xcom.py
[2024-02-15T23:57:12.369+0000] {logging_mixin.py:188} INFO - [2024-02-15T23:57:12.369+0000] {dag.py:3036} INFO - Sync 1 DAGs
[2024-02-15T23:57:12.384+0000] {logging_mixin.py:188} INFO - [2024-02-15T23:57:12.384+0000] {dag.py:3823} INFO - Setting next_dagrun for example_xcom to 2021-01-01 00:00:00+00:00, run_after=2021-01-01 00:00:00+00:00
[2024-02-15T23:57:12.397+0000] {processor.py:183} INFO - Processing /home/airflow/.local/lib/python3.8/site-packages/airflow/example_dags/example_xcom.py took 0.051 seconds
[2024-02-15T23:57:42.573+0000] {processor.py:161} INFO - Started process (PID=933) to work on /home/airflow/.local/lib/python3.8/site-packages/airflow/example_dags/example_xcom.py
[2024-02-15T23:57:42.574+0000] {processor.py:830} INFO - Processing file /home/airflow/.local/lib/python3.8/site-packages/airflow/example_dags/example_xcom.py for tasks to queue
[2024-02-15T23:57:42.575+0000] {logging_mixin.py:188} INFO - [2024-02-15T23:57:42.575+0000] {dagbag.py:538} INFO - Filling up the DagBag from /home/airflow/.local/lib/python3.8/site-packages/airflow/example_dags/example_xcom.py
[2024-02-15T23:57:42.579+0000] {processor.py:840} INFO - DAG(s) 'example_xcom' retrieved from /home/airflow/.local/lib/python3.8/site-packages/airflow/example_dags/example_xcom.py
[2024-02-15T23:57:42.593+0000] {logging_mixin.py:188} INFO - [2024-02-15T23:57:42.593+0000] {dag.py:3036} INFO - Sync 1 DAGs
[2024-02-15T23:57:42.608+0000] {logging_mixin.py:188} INFO - [2024-02-15T23:57:42.607+0000] {dag.py:3823} INFO - Setting next_dagrun for example_xcom to 2021-01-01 00:00:00+00:00, run_after=2021-01-01 00:00:00+00:00
[2024-02-15T23:57:42.621+0000] {processor.py:183} INFO - Processing /home/airflow/.local/lib/python3.8/site-packages/airflow/example_dags/example_xcom.py took 0.050 seconds
[2024-02-15T23:58:12.855+0000] {processor.py:161} INFO - Started process (PID=988) to work on /home/airflow/.local/lib/python3.8/site-packages/airflow/example_dags/example_xcom.py
[2024-02-15T23:58:12.855+0000] {processor.py:830} INFO - Processing file /home/airflow/.local/lib/python3.8/site-packages/airflow/example_dags/example_xcom.py for tasks to queue
[2024-02-15T23:58:12.856+0000] {logging_mixin.py:188} INFO - [2024-02-15T23:58:12.856+0000] {dagbag.py:538} INFO - Filling up the DagBag from /home/airflow/.local/lib/python3.8/site-packages/airflow/example_dags/example_xcom.py
[2024-02-15T23:58:12.861+0000] {processor.py:840} INFO - DAG(s) 'example_xcom' retrieved from /home/airflow/.local/lib/python3.8/site-packages/airflow/example_dags/example_xcom.py
[2024-02-15T23:58:12.875+0000] {logging_mixin.py:188} INFO - [2024-02-15T23:58:12.875+0000] {dag.py:3036} INFO - Sync 1 DAGs
[2024-02-15T23:58:12.890+0000] {logging_mixin.py:188} INFO - [2024-02-15T23:58:12.889+0000] {dag.py:3823} INFO - Setting next_dagrun for example_xcom to 2021-01-01 00:00:00+00:00, run_after=2021-01-01 00:00:00+00:00
[2024-02-15T23:58:12.903+0000] {processor.py:183} INFO - Processing /home/airflow/.local/lib/python3.8/site-packages/airflow/example_dags/example_xcom.py took 0.051 seconds
[2024-02-15T23:58:43.045+0000] {processor.py:161} INFO - Started process (PID=1043) to work on /home/airflow/.local/lib/python3.8/site-packages/airflow/example_dags/example_xcom.py
[2024-02-15T23:58:43.046+0000] {processor.py:830} INFO - Processing file /home/airflow/.local/lib/python3.8/site-packages/airflow/example_dags/example_xcom.py for tasks to queue
[2024-02-15T23:58:43.047+0000] {logging_mixin.py:188} INFO - [2024-02-15T23:58:43.047+0000] {dagbag.py:538} INFO - Filling up the DagBag from /home/airflow/.local/lib/python3.8/site-packages/airflow/example_dags/example_xcom.py
[2024-02-15T23:58:43.051+0000] {processor.py:840} INFO - DAG(s) 'example_xcom' retrieved from /home/airflow/.local/lib/python3.8/site-packages/airflow/example_dags/example_xcom.py
[2024-02-15T23:58:43.065+0000] {logging_mixin.py:188} INFO - [2024-02-15T23:58:43.065+0000] {dag.py:3036} INFO - Sync 1 DAGs
[2024-02-15T23:58:43.079+0000] {logging_mixin.py:188} INFO - [2024-02-15T23:58:43.079+0000] {dag.py:3823} INFO - Setting next_dagrun for example_xcom to 2021-01-01 00:00:00+00:00, run_after=2021-01-01 00:00:00+00:00
[2024-02-15T23:58:43.092+0000] {processor.py:183} INFO - Processing /home/airflow/.local/lib/python3.8/site-packages/airflow/example_dags/example_xcom.py took 0.049 seconds
[2024-02-15T23:59:13.181+0000] {processor.py:161} INFO - Started process (PID=1098) to work on /home/airflow/.local/lib/python3.8/site-packages/airflow/example_dags/example_xcom.py
[2024-02-15T23:59:13.182+0000] {processor.py:830} INFO - Processing file /home/airflow/.local/lib/python3.8/site-packages/airflow/example_dags/example_xcom.py for tasks to queue
[2024-02-15T23:59:13.183+0000] {logging_mixin.py:188} INFO - [2024-02-15T23:59:13.183+0000] {dagbag.py:538} INFO - Filling up the DagBag from /home/airflow/.local/lib/python3.8/site-packages/airflow/example_dags/example_xcom.py
[2024-02-15T23:59:13.187+0000] {processor.py:840} INFO - DAG(s) 'example_xcom' retrieved from /home/airflow/.local/lib/python3.8/site-packages/airflow/example_dags/example_xcom.py
[2024-02-15T23:59:13.202+0000] {logging_mixin.py:188} INFO - [2024-02-15T23:59:13.202+0000] {dag.py:3036} INFO - Sync 1 DAGs
[2024-02-15T23:59:13.216+0000] {logging_mixin.py:188} INFO - [2024-02-15T23:59:13.216+0000] {dag.py:3823} INFO - Setting next_dagrun for example_xcom to 2021-01-01 00:00:00+00:00, run_after=2021-01-01 00:00:00+00:00
[2024-02-15T23:59:13.230+0000] {processor.py:183} INFO - Processing /home/airflow/.local/lib/python3.8/site-packages/airflow/example_dags/example_xcom.py took 0.050 seconds
[2024-02-15T23:59:43.292+0000] {processor.py:161} INFO - Started process (PID=1153) to work on /home/airflow/.local/lib/python3.8/site-packages/airflow/example_dags/example_xcom.py
[2024-02-15T23:59:43.293+0000] {processor.py:830} INFO - Processing file /home/airflow/.local/lib/python3.8/site-packages/airflow/example_dags/example_xcom.py for tasks to queue
[2024-02-15T23:59:43.294+0000] {logging_mixin.py:188} INFO - [2024-02-15T23:59:43.294+0000] {dagbag.py:538} INFO - Filling up the DagBag from /home/airflow/.local/lib/python3.8/site-packages/airflow/example_dags/example_xcom.py
[2024-02-15T23:59:43.299+0000] {processor.py:840} INFO - DAG(s) 'example_xcom' retrieved from /home/airflow/.local/lib/python3.8/site-packages/airflow/example_dags/example_xcom.py
[2024-02-15T23:59:43.314+0000] {logging_mixin.py:188} INFO - [2024-02-15T23:59:43.314+0000] {dag.py:3036} INFO - Sync 1 DAGs
[2024-02-15T23:59:43.328+0000] {logging_mixin.py:188} INFO - [2024-02-15T23:59:43.328+0000] {dag.py:3823} INFO - Setting next_dagrun for example_xcom to 2021-01-01 00:00:00+00:00, run_after=2021-01-01 00:00:00+00:00
[2024-02-15T23:59:43.341+0000] {processor.py:183} INFO - Processing /home/airflow/.local/lib/python3.8/site-packages/airflow/example_dags/example_xcom.py took 0.050 seconds
