[2024-02-15T23:49:40.773+0000] {processor.py:161} INFO - Started process (PID=88) to work on /home/airflow/.local/lib/python3.8/site-packages/airflow/example_dags/example_latest_only_with_trigger.py
[2024-02-15T23:49:40.774+0000] {processor.py:830} INFO - Processing file /home/airflow/.local/lib/python3.8/site-packages/airflow/example_dags/example_latest_only_with_trigger.py for tasks to queue
[2024-02-15T23:49:40.775+0000] {logging_mixin.py:188} INFO - [2024-02-15T23:49:40.775+0000] {dagbag.py:538} INFO - Filling up the DagBag from /home/airflow/.local/lib/python3.8/site-packages/airflow/example_dags/example_latest_only_with_trigger.py
[2024-02-15T23:49:40.781+0000] {processor.py:840} INFO - DAG(s) 'latest_only_with_trigger' retrieved from /home/airflow/.local/lib/python3.8/site-packages/airflow/example_dags/example_latest_only_with_trigger.py
[2024-02-15T23:49:40.854+0000] {logging_mixin.py:188} INFO - [2024-02-15T23:49:40.854+0000] {override.py:1769} INFO - Created Permission View: can delete on DAG:latest_only_with_trigger
[2024-02-15T23:49:40.862+0000] {logging_mixin.py:188} INFO - [2024-02-15T23:49:40.862+0000] {override.py:1769} INFO - Created Permission View: can read on DAG:latest_only_with_trigger
[2024-02-15T23:49:40.867+0000] {logging_mixin.py:188} INFO - [2024-02-15T23:49:40.867+0000] {override.py:1769} INFO - Created Permission View: can edit on DAG:latest_only_with_trigger
[2024-02-15T23:49:40.867+0000] {logging_mixin.py:188} INFO - [2024-02-15T23:49:40.867+0000] {dag.py:3036} INFO - Sync 1 DAGs
[2024-02-15T23:49:40.875+0000] {logging_mixin.py:188} INFO - [2024-02-15T23:49:40.875+0000] {dag.py:3058} INFO - Creating ORM DAG for latest_only_with_trigger
[2024-02-15T23:49:40.884+0000] {logging_mixin.py:188} INFO - [2024-02-15T23:49:40.884+0000] {dag.py:3823} INFO - Setting next_dagrun for latest_only_with_trigger to 2024-02-15 16:00:00+00:00, run_after=2024-02-15 20:00:00+00:00
[2024-02-15T23:49:40.897+0000] {processor.py:183} INFO - Processing /home/airflow/.local/lib/python3.8/site-packages/airflow/example_dags/example_latest_only_with_trigger.py took 0.125 seconds
[2024-02-15T23:50:11.009+0000] {processor.py:161} INFO - Started process (PID=143) to work on /home/airflow/.local/lib/python3.8/site-packages/airflow/example_dags/example_latest_only_with_trigger.py
[2024-02-15T23:50:11.009+0000] {processor.py:830} INFO - Processing file /home/airflow/.local/lib/python3.8/site-packages/airflow/example_dags/example_latest_only_with_trigger.py for tasks to queue
[2024-02-15T23:50:11.011+0000] {logging_mixin.py:188} INFO - [2024-02-15T23:50:11.010+0000] {dagbag.py:538} INFO - Filling up the DagBag from /home/airflow/.local/lib/python3.8/site-packages/airflow/example_dags/example_latest_only_with_trigger.py
[2024-02-15T23:50:11.014+0000] {processor.py:840} INFO - DAG(s) 'latest_only_with_trigger' retrieved from /home/airflow/.local/lib/python3.8/site-packages/airflow/example_dags/example_latest_only_with_trigger.py
[2024-02-15T23:50:11.028+0000] {logging_mixin.py:188} INFO - [2024-02-15T23:50:11.028+0000] {dag.py:3036} INFO - Sync 1 DAGs
[2024-02-15T23:50:11.042+0000] {logging_mixin.py:188} INFO - [2024-02-15T23:50:11.042+0000] {dag.py:3823} INFO - Setting next_dagrun for latest_only_with_trigger to 2024-02-15 16:00:00+00:00, run_after=2024-02-15 20:00:00+00:00
[2024-02-15T23:50:11.055+0000] {processor.py:183} INFO - Processing /home/airflow/.local/lib/python3.8/site-packages/airflow/example_dags/example_latest_only_with_trigger.py took 0.048 seconds
[2024-02-15T23:50:41.254+0000] {processor.py:161} INFO - Started process (PID=198) to work on /home/airflow/.local/lib/python3.8/site-packages/airflow/example_dags/example_latest_only_with_trigger.py
[2024-02-15T23:50:41.254+0000] {processor.py:830} INFO - Processing file /home/airflow/.local/lib/python3.8/site-packages/airflow/example_dags/example_latest_only_with_trigger.py for tasks to queue
[2024-02-15T23:50:41.255+0000] {logging_mixin.py:188} INFO - [2024-02-15T23:50:41.255+0000] {dagbag.py:538} INFO - Filling up the DagBag from /home/airflow/.local/lib/python3.8/site-packages/airflow/example_dags/example_latest_only_with_trigger.py
[2024-02-15T23:50:41.259+0000] {processor.py:840} INFO - DAG(s) 'latest_only_with_trigger' retrieved from /home/airflow/.local/lib/python3.8/site-packages/airflow/example_dags/example_latest_only_with_trigger.py
[2024-02-15T23:50:41.272+0000] {logging_mixin.py:188} INFO - [2024-02-15T23:50:41.272+0000] {dag.py:3036} INFO - Sync 1 DAGs
[2024-02-15T23:50:41.289+0000] {logging_mixin.py:188} INFO - [2024-02-15T23:50:41.289+0000] {dag.py:3823} INFO - Setting next_dagrun for latest_only_with_trigger to 2024-02-15 16:00:00+00:00, run_after=2024-02-15 20:00:00+00:00
[2024-02-15T23:50:41.302+0000] {processor.py:183} INFO - Processing /home/airflow/.local/lib/python3.8/site-packages/airflow/example_dags/example_latest_only_with_trigger.py took 0.050 seconds
[2024-02-15T23:51:11.550+0000] {processor.py:161} INFO - Started process (PID=253) to work on /home/airflow/.local/lib/python3.8/site-packages/airflow/example_dags/example_latest_only_with_trigger.py
[2024-02-15T23:51:11.551+0000] {processor.py:830} INFO - Processing file /home/airflow/.local/lib/python3.8/site-packages/airflow/example_dags/example_latest_only_with_trigger.py for tasks to queue
[2024-02-15T23:51:11.552+0000] {logging_mixin.py:188} INFO - [2024-02-15T23:51:11.552+0000] {dagbag.py:538} INFO - Filling up the DagBag from /home/airflow/.local/lib/python3.8/site-packages/airflow/example_dags/example_latest_only_with_trigger.py
[2024-02-15T23:51:11.556+0000] {processor.py:840} INFO - DAG(s) 'latest_only_with_trigger' retrieved from /home/airflow/.local/lib/python3.8/site-packages/airflow/example_dags/example_latest_only_with_trigger.py
[2024-02-15T23:51:11.569+0000] {logging_mixin.py:188} INFO - [2024-02-15T23:51:11.569+0000] {dag.py:3036} INFO - Sync 1 DAGs
[2024-02-15T23:51:11.583+0000] {logging_mixin.py:188} INFO - [2024-02-15T23:51:11.583+0000] {dag.py:3823} INFO - Setting next_dagrun for latest_only_with_trigger to 2024-02-15 16:00:00+00:00, run_after=2024-02-15 20:00:00+00:00
[2024-02-15T23:51:11.596+0000] {processor.py:183} INFO - Processing /home/airflow/.local/lib/python3.8/site-packages/airflow/example_dags/example_latest_only_with_trigger.py took 0.048 seconds
[2024-02-15T23:51:41.907+0000] {processor.py:161} INFO - Started process (PID=308) to work on /home/airflow/.local/lib/python3.8/site-packages/airflow/example_dags/example_latest_only_with_trigger.py
[2024-02-15T23:51:41.908+0000] {processor.py:830} INFO - Processing file /home/airflow/.local/lib/python3.8/site-packages/airflow/example_dags/example_latest_only_with_trigger.py for tasks to queue
[2024-02-15T23:51:41.909+0000] {logging_mixin.py:188} INFO - [2024-02-15T23:51:41.909+0000] {dagbag.py:538} INFO - Filling up the DagBag from /home/airflow/.local/lib/python3.8/site-packages/airflow/example_dags/example_latest_only_with_trigger.py
[2024-02-15T23:51:41.913+0000] {processor.py:840} INFO - DAG(s) 'latest_only_with_trigger' retrieved from /home/airflow/.local/lib/python3.8/site-packages/airflow/example_dags/example_latest_only_with_trigger.py
[2024-02-15T23:51:41.926+0000] {logging_mixin.py:188} INFO - [2024-02-15T23:51:41.926+0000] {dag.py:3036} INFO - Sync 1 DAGs
[2024-02-15T23:51:41.942+0000] {logging_mixin.py:188} INFO - [2024-02-15T23:51:41.942+0000] {dag.py:3823} INFO - Setting next_dagrun for latest_only_with_trigger to 2024-02-15 16:00:00+00:00, run_after=2024-02-15 20:00:00+00:00
[2024-02-15T23:51:41.956+0000] {processor.py:183} INFO - Processing /home/airflow/.local/lib/python3.8/site-packages/airflow/example_dags/example_latest_only_with_trigger.py took 0.051 seconds
[2024-02-15T23:52:12.270+0000] {processor.py:161} INFO - Started process (PID=363) to work on /home/airflow/.local/lib/python3.8/site-packages/airflow/example_dags/example_latest_only_with_trigger.py
[2024-02-15T23:52:12.271+0000] {processor.py:830} INFO - Processing file /home/airflow/.local/lib/python3.8/site-packages/airflow/example_dags/example_latest_only_with_trigger.py for tasks to queue
[2024-02-15T23:52:12.272+0000] {logging_mixin.py:188} INFO - [2024-02-15T23:52:12.272+0000] {dagbag.py:538} INFO - Filling up the DagBag from /home/airflow/.local/lib/python3.8/site-packages/airflow/example_dags/example_latest_only_with_trigger.py
[2024-02-15T23:52:12.275+0000] {processor.py:840} INFO - DAG(s) 'latest_only_with_trigger' retrieved from /home/airflow/.local/lib/python3.8/site-packages/airflow/example_dags/example_latest_only_with_trigger.py
[2024-02-15T23:52:12.290+0000] {logging_mixin.py:188} INFO - [2024-02-15T23:52:12.290+0000] {dag.py:3036} INFO - Sync 1 DAGs
[2024-02-15T23:52:12.304+0000] {logging_mixin.py:188} INFO - [2024-02-15T23:52:12.304+0000] {dag.py:3823} INFO - Setting next_dagrun for latest_only_with_trigger to 2024-02-15 16:00:00+00:00, run_after=2024-02-15 20:00:00+00:00
[2024-02-15T23:52:12.316+0000] {processor.py:183} INFO - Processing /home/airflow/.local/lib/python3.8/site-packages/airflow/example_dags/example_latest_only_with_trigger.py took 0.048 seconds
[2024-02-15T23:52:42.507+0000] {processor.py:161} INFO - Started process (PID=418) to work on /home/airflow/.local/lib/python3.8/site-packages/airflow/example_dags/example_latest_only_with_trigger.py
[2024-02-15T23:52:42.507+0000] {processor.py:830} INFO - Processing file /home/airflow/.local/lib/python3.8/site-packages/airflow/example_dags/example_latest_only_with_trigger.py for tasks to queue
[2024-02-15T23:52:42.508+0000] {logging_mixin.py:188} INFO - [2024-02-15T23:52:42.508+0000] {dagbag.py:538} INFO - Filling up the DagBag from /home/airflow/.local/lib/python3.8/site-packages/airflow/example_dags/example_latest_only_with_trigger.py
[2024-02-15T23:52:42.512+0000] {processor.py:840} INFO - DAG(s) 'latest_only_with_trigger' retrieved from /home/airflow/.local/lib/python3.8/site-packages/airflow/example_dags/example_latest_only_with_trigger.py
[2024-02-15T23:52:42.525+0000] {logging_mixin.py:188} INFO - [2024-02-15T23:52:42.525+0000] {dag.py:3036} INFO - Sync 1 DAGs
[2024-02-15T23:52:42.540+0000] {logging_mixin.py:188} INFO - [2024-02-15T23:52:42.540+0000] {dag.py:3823} INFO - Setting next_dagrun for latest_only_with_trigger to 2024-02-15 16:00:00+00:00, run_after=2024-02-15 20:00:00+00:00
[2024-02-15T23:52:42.552+0000] {processor.py:183} INFO - Processing /home/airflow/.local/lib/python3.8/site-packages/airflow/example_dags/example_latest_only_with_trigger.py took 0.048 seconds
[2024-02-15T23:53:12.737+0000] {processor.py:161} INFO - Started process (PID=473) to work on /home/airflow/.local/lib/python3.8/site-packages/airflow/example_dags/example_latest_only_with_trigger.py
[2024-02-15T23:53:12.738+0000] {processor.py:830} INFO - Processing file /home/airflow/.local/lib/python3.8/site-packages/airflow/example_dags/example_latest_only_with_trigger.py for tasks to queue
[2024-02-15T23:53:12.739+0000] {logging_mixin.py:188} INFO - [2024-02-15T23:53:12.739+0000] {dagbag.py:538} INFO - Filling up the DagBag from /home/airflow/.local/lib/python3.8/site-packages/airflow/example_dags/example_latest_only_with_trigger.py
[2024-02-15T23:53:12.743+0000] {processor.py:840} INFO - DAG(s) 'latest_only_with_trigger' retrieved from /home/airflow/.local/lib/python3.8/site-packages/airflow/example_dags/example_latest_only_with_trigger.py
[2024-02-15T23:53:12.758+0000] {logging_mixin.py:188} INFO - [2024-02-15T23:53:12.757+0000] {dag.py:3036} INFO - Sync 1 DAGs
[2024-02-15T23:53:12.773+0000] {logging_mixin.py:188} INFO - [2024-02-15T23:53:12.772+0000] {dag.py:3823} INFO - Setting next_dagrun for latest_only_with_trigger to 2024-02-15 16:00:00+00:00, run_after=2024-02-15 20:00:00+00:00
[2024-02-15T23:53:12.786+0000] {processor.py:183} INFO - Processing /home/airflow/.local/lib/python3.8/site-packages/airflow/example_dags/example_latest_only_with_trigger.py took 0.051 seconds
[2024-02-15T23:53:43.022+0000] {processor.py:161} INFO - Started process (PID=528) to work on /home/airflow/.local/lib/python3.8/site-packages/airflow/example_dags/example_latest_only_with_trigger.py
[2024-02-15T23:53:43.023+0000] {processor.py:830} INFO - Processing file /home/airflow/.local/lib/python3.8/site-packages/airflow/example_dags/example_latest_only_with_trigger.py for tasks to queue
[2024-02-15T23:53:43.024+0000] {logging_mixin.py:188} INFO - [2024-02-15T23:53:43.024+0000] {dagbag.py:538} INFO - Filling up the DagBag from /home/airflow/.local/lib/python3.8/site-packages/airflow/example_dags/example_latest_only_with_trigger.py
[2024-02-15T23:53:43.028+0000] {processor.py:840} INFO - DAG(s) 'latest_only_with_trigger' retrieved from /home/airflow/.local/lib/python3.8/site-packages/airflow/example_dags/example_latest_only_with_trigger.py
[2024-02-15T23:53:43.042+0000] {logging_mixin.py:188} INFO - [2024-02-15T23:53:43.042+0000] {dag.py:3036} INFO - Sync 1 DAGs
[2024-02-15T23:53:43.057+0000] {logging_mixin.py:188} INFO - [2024-02-15T23:53:43.057+0000] {dag.py:3823} INFO - Setting next_dagrun for latest_only_with_trigger to 2024-02-15 16:00:00+00:00, run_after=2024-02-15 20:00:00+00:00
[2024-02-15T23:53:43.072+0000] {processor.py:183} INFO - Processing /home/airflow/.local/lib/python3.8/site-packages/airflow/example_dags/example_latest_only_with_trigger.py took 0.051 seconds
[2024-02-15T23:54:13.226+0000] {processor.py:161} INFO - Started process (PID=583) to work on /home/airflow/.local/lib/python3.8/site-packages/airflow/example_dags/example_latest_only_with_trigger.py
[2024-02-15T23:54:13.227+0000] {processor.py:830} INFO - Processing file /home/airflow/.local/lib/python3.8/site-packages/airflow/example_dags/example_latest_only_with_trigger.py for tasks to queue
[2024-02-15T23:54:13.228+0000] {logging_mixin.py:188} INFO - [2024-02-15T23:54:13.228+0000] {dagbag.py:538} INFO - Filling up the DagBag from /home/airflow/.local/lib/python3.8/site-packages/airflow/example_dags/example_latest_only_with_trigger.py
[2024-02-15T23:54:13.232+0000] {processor.py:840} INFO - DAG(s) 'latest_only_with_trigger' retrieved from /home/airflow/.local/lib/python3.8/site-packages/airflow/example_dags/example_latest_only_with_trigger.py
[2024-02-15T23:54:13.250+0000] {logging_mixin.py:188} INFO - [2024-02-15T23:54:13.250+0000] {dag.py:3036} INFO - Sync 1 DAGs
[2024-02-15T23:54:13.267+0000] {logging_mixin.py:188} INFO - [2024-02-15T23:54:13.267+0000] {dag.py:3823} INFO - Setting next_dagrun for latest_only_with_trigger to 2024-02-15 16:00:00+00:00, run_after=2024-02-15 20:00:00+00:00
[2024-02-15T23:54:13.283+0000] {processor.py:183} INFO - Processing /home/airflow/.local/lib/python3.8/site-packages/airflow/example_dags/example_latest_only_with_trigger.py took 0.059 seconds
[2024-02-15T23:54:43.448+0000] {processor.py:161} INFO - Started process (PID=638) to work on /home/airflow/.local/lib/python3.8/site-packages/airflow/example_dags/example_latest_only_with_trigger.py
[2024-02-15T23:54:43.448+0000] {processor.py:830} INFO - Processing file /home/airflow/.local/lib/python3.8/site-packages/airflow/example_dags/example_latest_only_with_trigger.py for tasks to queue
[2024-02-15T23:54:43.450+0000] {logging_mixin.py:188} INFO - [2024-02-15T23:54:43.449+0000] {dagbag.py:538} INFO - Filling up the DagBag from /home/airflow/.local/lib/python3.8/site-packages/airflow/example_dags/example_latest_only_with_trigger.py
[2024-02-15T23:54:43.453+0000] {processor.py:840} INFO - DAG(s) 'latest_only_with_trigger' retrieved from /home/airflow/.local/lib/python3.8/site-packages/airflow/example_dags/example_latest_only_with_trigger.py
[2024-02-15T23:54:43.468+0000] {logging_mixin.py:188} INFO - [2024-02-15T23:54:43.468+0000] {dag.py:3036} INFO - Sync 1 DAGs
[2024-02-15T23:54:43.483+0000] {logging_mixin.py:188} INFO - [2024-02-15T23:54:43.483+0000] {dag.py:3823} INFO - Setting next_dagrun for latest_only_with_trigger to 2024-02-15 16:00:00+00:00, run_after=2024-02-15 20:00:00+00:00
[2024-02-15T23:54:43.496+0000] {processor.py:183} INFO - Processing /home/airflow/.local/lib/python3.8/site-packages/airflow/example_dags/example_latest_only_with_trigger.py took 0.051 seconds
[2024-02-15T23:55:13.913+0000] {processor.py:161} INFO - Started process (PID=693) to work on /home/airflow/.local/lib/python3.8/site-packages/airflow/example_dags/example_latest_only_with_trigger.py
[2024-02-15T23:55:13.913+0000] {processor.py:830} INFO - Processing file /home/airflow/.local/lib/python3.8/site-packages/airflow/example_dags/example_latest_only_with_trigger.py for tasks to queue
[2024-02-15T23:55:13.914+0000] {logging_mixin.py:188} INFO - [2024-02-15T23:55:13.914+0000] {dagbag.py:538} INFO - Filling up the DagBag from /home/airflow/.local/lib/python3.8/site-packages/airflow/example_dags/example_latest_only_with_trigger.py
[2024-02-15T23:55:13.918+0000] {processor.py:840} INFO - DAG(s) 'latest_only_with_trigger' retrieved from /home/airflow/.local/lib/python3.8/site-packages/airflow/example_dags/example_latest_only_with_trigger.py
[2024-02-15T23:55:13.931+0000] {logging_mixin.py:188} INFO - [2024-02-15T23:55:13.931+0000] {dag.py:3036} INFO - Sync 1 DAGs
[2024-02-15T23:55:13.946+0000] {logging_mixin.py:188} INFO - [2024-02-15T23:55:13.945+0000] {dag.py:3823} INFO - Setting next_dagrun for latest_only_with_trigger to 2024-02-15 16:00:00+00:00, run_after=2024-02-15 20:00:00+00:00
[2024-02-15T23:55:13.959+0000] {processor.py:183} INFO - Processing /home/airflow/.local/lib/python3.8/site-packages/airflow/example_dags/example_latest_only_with_trigger.py took 0.048 seconds
[2024-02-15T23:55:44.901+0000] {processor.py:161} INFO - Started process (PID=748) to work on /home/airflow/.local/lib/python3.8/site-packages/airflow/example_dags/example_latest_only_with_trigger.py
[2024-02-15T23:55:44.902+0000] {processor.py:830} INFO - Processing file /home/airflow/.local/lib/python3.8/site-packages/airflow/example_dags/example_latest_only_with_trigger.py for tasks to queue
[2024-02-15T23:55:44.903+0000] {logging_mixin.py:188} INFO - [2024-02-15T23:55:44.903+0000] {dagbag.py:538} INFO - Filling up the DagBag from /home/airflow/.local/lib/python3.8/site-packages/airflow/example_dags/example_latest_only_with_trigger.py
[2024-02-15T23:55:44.907+0000] {processor.py:840} INFO - DAG(s) 'latest_only_with_trigger' retrieved from /home/airflow/.local/lib/python3.8/site-packages/airflow/example_dags/example_latest_only_with_trigger.py
[2024-02-15T23:55:44.922+0000] {logging_mixin.py:188} INFO - [2024-02-15T23:55:44.921+0000] {dag.py:3036} INFO - Sync 1 DAGs
[2024-02-15T23:55:44.937+0000] {logging_mixin.py:188} INFO - [2024-02-15T23:55:44.937+0000] {dag.py:3823} INFO - Setting next_dagrun for latest_only_with_trigger to 2024-02-15 16:00:00+00:00, run_after=2024-02-15 20:00:00+00:00
[2024-02-15T23:55:44.950+0000] {processor.py:183} INFO - Processing /home/airflow/.local/lib/python3.8/site-packages/airflow/example_dags/example_latest_only_with_trigger.py took 0.051 seconds
[2024-02-15T23:56:15.137+0000] {processor.py:161} INFO - Started process (PID=803) to work on /home/airflow/.local/lib/python3.8/site-packages/airflow/example_dags/example_latest_only_with_trigger.py
[2024-02-15T23:56:15.137+0000] {processor.py:830} INFO - Processing file /home/airflow/.local/lib/python3.8/site-packages/airflow/example_dags/example_latest_only_with_trigger.py for tasks to queue
[2024-02-15T23:56:15.138+0000] {logging_mixin.py:188} INFO - [2024-02-15T23:56:15.138+0000] {dagbag.py:538} INFO - Filling up the DagBag from /home/airflow/.local/lib/python3.8/site-packages/airflow/example_dags/example_latest_only_with_trigger.py
[2024-02-15T23:56:15.143+0000] {processor.py:840} INFO - DAG(s) 'latest_only_with_trigger' retrieved from /home/airflow/.local/lib/python3.8/site-packages/airflow/example_dags/example_latest_only_with_trigger.py
[2024-02-15T23:56:15.158+0000] {logging_mixin.py:188} INFO - [2024-02-15T23:56:15.157+0000] {dag.py:3036} INFO - Sync 1 DAGs
[2024-02-15T23:56:15.174+0000] {logging_mixin.py:188} INFO - [2024-02-15T23:56:15.174+0000] {dag.py:3823} INFO - Setting next_dagrun for latest_only_with_trigger to 2024-02-15 16:00:00+00:00, run_after=2024-02-15 20:00:00+00:00
[2024-02-15T23:56:15.188+0000] {processor.py:183} INFO - Processing /home/airflow/.local/lib/python3.8/site-packages/airflow/example_dags/example_latest_only_with_trigger.py took 0.053 seconds
[2024-02-15T23:56:45.492+0000] {processor.py:161} INFO - Started process (PID=858) to work on /home/airflow/.local/lib/python3.8/site-packages/airflow/example_dags/example_latest_only_with_trigger.py
[2024-02-15T23:56:45.493+0000] {processor.py:830} INFO - Processing file /home/airflow/.local/lib/python3.8/site-packages/airflow/example_dags/example_latest_only_with_trigger.py for tasks to queue
[2024-02-15T23:56:45.494+0000] {logging_mixin.py:188} INFO - [2024-02-15T23:56:45.494+0000] {dagbag.py:538} INFO - Filling up the DagBag from /home/airflow/.local/lib/python3.8/site-packages/airflow/example_dags/example_latest_only_with_trigger.py
[2024-02-15T23:56:45.498+0000] {processor.py:840} INFO - DAG(s) 'latest_only_with_trigger' retrieved from /home/airflow/.local/lib/python3.8/site-packages/airflow/example_dags/example_latest_only_with_trigger.py
[2024-02-15T23:56:45.512+0000] {logging_mixin.py:188} INFO - [2024-02-15T23:56:45.512+0000] {dag.py:3036} INFO - Sync 1 DAGs
[2024-02-15T23:56:45.528+0000] {logging_mixin.py:188} INFO - [2024-02-15T23:56:45.528+0000] {dag.py:3823} INFO - Setting next_dagrun for latest_only_with_trigger to 2024-02-15 16:00:00+00:00, run_after=2024-02-15 20:00:00+00:00
[2024-02-15T23:56:45.542+0000] {processor.py:183} INFO - Processing /home/airflow/.local/lib/python3.8/site-packages/airflow/example_dags/example_latest_only_with_trigger.py took 0.051 seconds
[2024-02-15T23:57:15.820+0000] {processor.py:161} INFO - Started process (PID=913) to work on /home/airflow/.local/lib/python3.8/site-packages/airflow/example_dags/example_latest_only_with_trigger.py
[2024-02-15T23:57:15.821+0000] {processor.py:830} INFO - Processing file /home/airflow/.local/lib/python3.8/site-packages/airflow/example_dags/example_latest_only_with_trigger.py for tasks to queue
[2024-02-15T23:57:15.822+0000] {logging_mixin.py:188} INFO - [2024-02-15T23:57:15.822+0000] {dagbag.py:538} INFO - Filling up the DagBag from /home/airflow/.local/lib/python3.8/site-packages/airflow/example_dags/example_latest_only_with_trigger.py
[2024-02-15T23:57:15.826+0000] {processor.py:840} INFO - DAG(s) 'latest_only_with_trigger' retrieved from /home/airflow/.local/lib/python3.8/site-packages/airflow/example_dags/example_latest_only_with_trigger.py
[2024-02-15T23:57:15.840+0000] {logging_mixin.py:188} INFO - [2024-02-15T23:57:15.840+0000] {dag.py:3036} INFO - Sync 1 DAGs
[2024-02-15T23:57:15.854+0000] {logging_mixin.py:188} INFO - [2024-02-15T23:57:15.854+0000] {dag.py:3823} INFO - Setting next_dagrun for latest_only_with_trigger to 2024-02-15 16:00:00+00:00, run_after=2024-02-15 20:00:00+00:00
[2024-02-15T23:57:15.866+0000] {processor.py:183} INFO - Processing /home/airflow/.local/lib/python3.8/site-packages/airflow/example_dags/example_latest_only_with_trigger.py took 0.048 seconds
[2024-02-15T23:57:46.113+0000] {processor.py:161} INFO - Started process (PID=968) to work on /home/airflow/.local/lib/python3.8/site-packages/airflow/example_dags/example_latest_only_with_trigger.py
[2024-02-15T23:57:46.114+0000] {processor.py:830} INFO - Processing file /home/airflow/.local/lib/python3.8/site-packages/airflow/example_dags/example_latest_only_with_trigger.py for tasks to queue
[2024-02-15T23:57:46.115+0000] {logging_mixin.py:188} INFO - [2024-02-15T23:57:46.115+0000] {dagbag.py:538} INFO - Filling up the DagBag from /home/airflow/.local/lib/python3.8/site-packages/airflow/example_dags/example_latest_only_with_trigger.py
[2024-02-15T23:57:46.118+0000] {processor.py:840} INFO - DAG(s) 'latest_only_with_trigger' retrieved from /home/airflow/.local/lib/python3.8/site-packages/airflow/example_dags/example_latest_only_with_trigger.py
[2024-02-15T23:57:46.132+0000] {logging_mixin.py:188} INFO - [2024-02-15T23:57:46.132+0000] {dag.py:3036} INFO - Sync 1 DAGs
[2024-02-15T23:57:46.146+0000] {logging_mixin.py:188} INFO - [2024-02-15T23:57:46.146+0000] {dag.py:3823} INFO - Setting next_dagrun for latest_only_with_trigger to 2024-02-15 16:00:00+00:00, run_after=2024-02-15 20:00:00+00:00
[2024-02-15T23:57:46.158+0000] {processor.py:183} INFO - Processing /home/airflow/.local/lib/python3.8/site-packages/airflow/example_dags/example_latest_only_with_trigger.py took 0.047 seconds
[2024-02-15T23:58:16.293+0000] {processor.py:161} INFO - Started process (PID=1023) to work on /home/airflow/.local/lib/python3.8/site-packages/airflow/example_dags/example_latest_only_with_trigger.py
[2024-02-15T23:58:16.294+0000] {processor.py:830} INFO - Processing file /home/airflow/.local/lib/python3.8/site-packages/airflow/example_dags/example_latest_only_with_trigger.py for tasks to queue
[2024-02-15T23:58:16.295+0000] {logging_mixin.py:188} INFO - [2024-02-15T23:58:16.295+0000] {dagbag.py:538} INFO - Filling up the DagBag from /home/airflow/.local/lib/python3.8/site-packages/airflow/example_dags/example_latest_only_with_trigger.py
[2024-02-15T23:58:16.299+0000] {processor.py:840} INFO - DAG(s) 'latest_only_with_trigger' retrieved from /home/airflow/.local/lib/python3.8/site-packages/airflow/example_dags/example_latest_only_with_trigger.py
[2024-02-15T23:58:16.314+0000] {logging_mixin.py:188} INFO - [2024-02-15T23:58:16.314+0000] {dag.py:3036} INFO - Sync 1 DAGs
[2024-02-15T23:58:16.328+0000] {logging_mixin.py:188} INFO - [2024-02-15T23:58:16.328+0000] {dag.py:3823} INFO - Setting next_dagrun for latest_only_with_trigger to 2024-02-15 16:00:00+00:00, run_after=2024-02-15 20:00:00+00:00
[2024-02-15T23:58:16.342+0000] {processor.py:183} INFO - Processing /home/airflow/.local/lib/python3.8/site-packages/airflow/example_dags/example_latest_only_with_trigger.py took 0.051 seconds
[2024-02-15T23:58:46.451+0000] {processor.py:161} INFO - Started process (PID=1078) to work on /home/airflow/.local/lib/python3.8/site-packages/airflow/example_dags/example_latest_only_with_trigger.py
[2024-02-15T23:58:46.451+0000] {processor.py:830} INFO - Processing file /home/airflow/.local/lib/python3.8/site-packages/airflow/example_dags/example_latest_only_with_trigger.py for tasks to queue
[2024-02-15T23:58:46.452+0000] {logging_mixin.py:188} INFO - [2024-02-15T23:58:46.452+0000] {dagbag.py:538} INFO - Filling up the DagBag from /home/airflow/.local/lib/python3.8/site-packages/airflow/example_dags/example_latest_only_with_trigger.py
[2024-02-15T23:58:46.456+0000] {processor.py:840} INFO - DAG(s) 'latest_only_with_trigger' retrieved from /home/airflow/.local/lib/python3.8/site-packages/airflow/example_dags/example_latest_only_with_trigger.py
[2024-02-15T23:58:46.471+0000] {logging_mixin.py:188} INFO - [2024-02-15T23:58:46.471+0000] {dag.py:3036} INFO - Sync 1 DAGs
[2024-02-15T23:58:46.486+0000] {logging_mixin.py:188} INFO - [2024-02-15T23:58:46.486+0000] {dag.py:3823} INFO - Setting next_dagrun for latest_only_with_trigger to 2024-02-15 16:00:00+00:00, run_after=2024-02-15 20:00:00+00:00
[2024-02-15T23:58:46.498+0000] {processor.py:183} INFO - Processing /home/airflow/.local/lib/python3.8/site-packages/airflow/example_dags/example_latest_only_with_trigger.py took 0.049 seconds
[2024-02-15T23:59:16.567+0000] {processor.py:161} INFO - Started process (PID=1133) to work on /home/airflow/.local/lib/python3.8/site-packages/airflow/example_dags/example_latest_only_with_trigger.py
[2024-02-15T23:59:16.568+0000] {processor.py:830} INFO - Processing file /home/airflow/.local/lib/python3.8/site-packages/airflow/example_dags/example_latest_only_with_trigger.py for tasks to queue
[2024-02-15T23:59:16.569+0000] {logging_mixin.py:188} INFO - [2024-02-15T23:59:16.569+0000] {dagbag.py:538} INFO - Filling up the DagBag from /home/airflow/.local/lib/python3.8/site-packages/airflow/example_dags/example_latest_only_with_trigger.py
[2024-02-15T23:59:16.572+0000] {processor.py:840} INFO - DAG(s) 'latest_only_with_trigger' retrieved from /home/airflow/.local/lib/python3.8/site-packages/airflow/example_dags/example_latest_only_with_trigger.py
[2024-02-15T23:59:16.585+0000] {logging_mixin.py:188} INFO - [2024-02-15T23:59:16.585+0000] {dag.py:3036} INFO - Sync 1 DAGs
[2024-02-15T23:59:16.599+0000] {logging_mixin.py:188} INFO - [2024-02-15T23:59:16.599+0000] {dag.py:3823} INFO - Setting next_dagrun for latest_only_with_trigger to 2024-02-15 16:00:00+00:00, run_after=2024-02-15 20:00:00+00:00
[2024-02-15T23:59:16.611+0000] {processor.py:183} INFO - Processing /home/airflow/.local/lib/python3.8/site-packages/airflow/example_dags/example_latest_only_with_trigger.py took 0.046 seconds
[2024-02-15T23:59:46.786+0000] {processor.py:161} INFO - Started process (PID=1188) to work on /home/airflow/.local/lib/python3.8/site-packages/airflow/example_dags/example_latest_only_with_trigger.py
[2024-02-15T23:59:46.786+0000] {processor.py:830} INFO - Processing file /home/airflow/.local/lib/python3.8/site-packages/airflow/example_dags/example_latest_only_with_trigger.py for tasks to queue
[2024-02-15T23:59:46.787+0000] {logging_mixin.py:188} INFO - [2024-02-15T23:59:46.787+0000] {dagbag.py:538} INFO - Filling up the DagBag from /home/airflow/.local/lib/python3.8/site-packages/airflow/example_dags/example_latest_only_with_trigger.py
[2024-02-15T23:59:46.791+0000] {processor.py:840} INFO - DAG(s) 'latest_only_with_trigger' retrieved from /home/airflow/.local/lib/python3.8/site-packages/airflow/example_dags/example_latest_only_with_trigger.py
[2024-02-15T23:59:46.804+0000] {logging_mixin.py:188} INFO - [2024-02-15T23:59:46.804+0000] {dag.py:3036} INFO - Sync 1 DAGs
[2024-02-15T23:59:46.817+0000] {logging_mixin.py:188} INFO - [2024-02-15T23:59:46.817+0000] {dag.py:3823} INFO - Setting next_dagrun for latest_only_with_trigger to 2024-02-15 16:00:00+00:00, run_after=2024-02-15 20:00:00+00:00
[2024-02-15T23:59:46.830+0000] {processor.py:183} INFO - Processing /home/airflow/.local/lib/python3.8/site-packages/airflow/example_dags/example_latest_only_with_trigger.py took 0.046 seconds
