[2024-02-15T23:49:38.463+0000] {processor.py:161} INFO - Started process (PID=62) to work on /home/airflow/.local/lib/python3.8/site-packages/airflow/example_dags/example_datasets.py
[2024-02-15T23:49:38.464+0000] {processor.py:830} INFO - Processing file /home/airflow/.local/lib/python3.8/site-packages/airflow/example_dags/example_datasets.py for tasks to queue
[2024-02-15T23:49:38.465+0000] {logging_mixin.py:188} INFO - [2024-02-15T23:49:38.465+0000] {dagbag.py:538} INFO - Filling up the DagBag from /home/airflow/.local/lib/python3.8/site-packages/airflow/example_dags/example_datasets.py
[2024-02-15T23:49:38.474+0000] {processor.py:840} INFO - DAG(s) 'dataset_consumes_1', 'dataset_consumes_1_never_scheduled', 'dataset_consumes_unknown_never_scheduled', 'dataset_consumes_1_and_2', 'dataset_produces_1', 'dataset_produces_2' retrieved from /home/airflow/.local/lib/python3.8/site-packages/airflow/example_dags/example_datasets.py
[2024-02-15T23:49:38.554+0000] {logging_mixin.py:188} INFO - [2024-02-15T23:49:38.554+0000] {override.py:1769} INFO - Created Permission View: can delete on DAG:dataset_consumes_1
[2024-02-15T23:49:38.562+0000] {logging_mixin.py:188} INFO - [2024-02-15T23:49:38.562+0000] {override.py:1769} INFO - Created Permission View: can read on DAG:dataset_consumes_1
[2024-02-15T23:49:38.568+0000] {logging_mixin.py:188} INFO - [2024-02-15T23:49:38.568+0000] {override.py:1769} INFO - Created Permission View: can edit on DAG:dataset_consumes_1
[2024-02-15T23:49:38.579+0000] {logging_mixin.py:188} INFO - [2024-02-15T23:49:38.579+0000] {override.py:1769} INFO - Created Permission View: can delete on DAG:dataset_consumes_1_never_scheduled
[2024-02-15T23:49:38.584+0000] {logging_mixin.py:188} INFO - [2024-02-15T23:49:38.584+0000] {override.py:1769} INFO - Created Permission View: can read on DAG:dataset_consumes_1_never_scheduled
[2024-02-15T23:49:38.590+0000] {logging_mixin.py:188} INFO - [2024-02-15T23:49:38.590+0000] {override.py:1769} INFO - Created Permission View: can edit on DAG:dataset_consumes_1_never_scheduled
[2024-02-15T23:49:38.600+0000] {logging_mixin.py:188} INFO - [2024-02-15T23:49:38.600+0000] {override.py:1769} INFO - Created Permission View: can delete on DAG:dataset_consumes_unknown_never_scheduled
[2024-02-15T23:49:38.606+0000] {logging_mixin.py:188} INFO - [2024-02-15T23:49:38.606+0000] {override.py:1769} INFO - Created Permission View: can read on DAG:dataset_consumes_unknown_never_scheduled
[2024-02-15T23:49:38.610+0000] {logging_mixin.py:188} INFO - [2024-02-15T23:49:38.610+0000] {override.py:1769} INFO - Created Permission View: can edit on DAG:dataset_consumes_unknown_never_scheduled
[2024-02-15T23:49:38.620+0000] {logging_mixin.py:188} INFO - [2024-02-15T23:49:38.620+0000] {override.py:1769} INFO - Created Permission View: can delete on DAG:dataset_consumes_1_and_2
[2024-02-15T23:49:38.625+0000] {logging_mixin.py:188} INFO - [2024-02-15T23:49:38.625+0000] {override.py:1769} INFO - Created Permission View: can read on DAG:dataset_consumes_1_and_2
[2024-02-15T23:49:38.631+0000] {logging_mixin.py:188} INFO - [2024-02-15T23:49:38.630+0000] {override.py:1769} INFO - Created Permission View: can edit on DAG:dataset_consumes_1_and_2
[2024-02-15T23:49:38.640+0000] {logging_mixin.py:188} INFO - [2024-02-15T23:49:38.640+0000] {override.py:1769} INFO - Created Permission View: can delete on DAG:dataset_produces_1
[2024-02-15T23:49:38.646+0000] {logging_mixin.py:188} INFO - [2024-02-15T23:49:38.646+0000] {override.py:1769} INFO - Created Permission View: can read on DAG:dataset_produces_1
[2024-02-15T23:49:38.651+0000] {logging_mixin.py:188} INFO - [2024-02-15T23:49:38.651+0000] {override.py:1769} INFO - Created Permission View: can edit on DAG:dataset_produces_1
[2024-02-15T23:49:38.661+0000] {logging_mixin.py:188} INFO - [2024-02-15T23:49:38.660+0000] {override.py:1769} INFO - Created Permission View: can delete on DAG:dataset_produces_2
[2024-02-15T23:49:38.667+0000] {logging_mixin.py:188} INFO - [2024-02-15T23:49:38.666+0000] {override.py:1769} INFO - Created Permission View: can read on DAG:dataset_produces_2
[2024-02-15T23:49:38.672+0000] {logging_mixin.py:188} INFO - [2024-02-15T23:49:38.672+0000] {override.py:1769} INFO - Created Permission View: can edit on DAG:dataset_produces_2
[2024-02-15T23:49:38.673+0000] {logging_mixin.py:188} INFO - [2024-02-15T23:49:38.673+0000] {dag.py:3036} INFO - Sync 6 DAGs
[2024-02-15T23:49:38.682+0000] {logging_mixin.py:188} INFO - [2024-02-15T23:49:38.681+0000] {dag.py:3058} INFO - Creating ORM DAG for dataset_consumes_1
[2024-02-15T23:49:38.683+0000] {logging_mixin.py:188} INFO - [2024-02-15T23:49:38.682+0000] {dag.py:3058} INFO - Creating ORM DAG for dataset_consumes_unknown_never_scheduled
[2024-02-15T23:49:38.683+0000] {logging_mixin.py:188} INFO - [2024-02-15T23:49:38.683+0000] {dag.py:3058} INFO - Creating ORM DAG for dataset_consumes_1_never_scheduled
[2024-02-15T23:49:38.684+0000] {logging_mixin.py:188} INFO - [2024-02-15T23:49:38.684+0000] {dag.py:3058} INFO - Creating ORM DAG for dataset_consumes_1_and_2
[2024-02-15T23:49:38.685+0000] {logging_mixin.py:188} INFO - [2024-02-15T23:49:38.685+0000] {dag.py:3058} INFO - Creating ORM DAG for dataset_produces_2
[2024-02-15T23:49:38.685+0000] {logging_mixin.py:188} INFO - [2024-02-15T23:49:38.685+0000] {dag.py:3058} INFO - Creating ORM DAG for dataset_produces_1
[2024-02-15T23:49:38.694+0000] {logging_mixin.py:188} INFO - [2024-02-15T23:49:38.694+0000] {dag.py:3823} INFO - Setting next_dagrun for dataset_consumes_1 to None, run_after=None
[2024-02-15T23:49:38.694+0000] {logging_mixin.py:188} INFO - [2024-02-15T23:49:38.694+0000] {dag.py:3823} INFO - Setting next_dagrun for dataset_consumes_1_and_2 to None, run_after=None
[2024-02-15T23:49:38.695+0000] {logging_mixin.py:188} INFO - [2024-02-15T23:49:38.695+0000] {dag.py:3823} INFO - Setting next_dagrun for dataset_consumes_1_never_scheduled to None, run_after=None
[2024-02-15T23:49:38.696+0000] {logging_mixin.py:188} INFO - [2024-02-15T23:49:38.696+0000] {dag.py:3823} INFO - Setting next_dagrun for dataset_consumes_unknown_never_scheduled to None, run_after=None
[2024-02-15T23:49:38.698+0000] {logging_mixin.py:188} INFO - [2024-02-15T23:49:38.697+0000] {dag.py:3823} INFO - Setting next_dagrun for dataset_produces_1 to 2024-02-14 00:00:00+00:00, run_after=2024-02-15 00:00:00+00:00
[2024-02-15T23:49:38.698+0000] {logging_mixin.py:188} INFO - [2024-02-15T23:49:38.698+0000] {dag.py:3823} INFO - Setting next_dagrun for dataset_produces_2 to None, run_after=None
[2024-02-15T23:49:38.729+0000] {processor.py:183} INFO - Processing /home/airflow/.local/lib/python3.8/site-packages/airflow/example_dags/example_datasets.py took 0.268 seconds
[2024-02-15T23:50:08.868+0000] {processor.py:161} INFO - Started process (PID=117) to work on /home/airflow/.local/lib/python3.8/site-packages/airflow/example_dags/example_datasets.py
[2024-02-15T23:50:08.869+0000] {processor.py:830} INFO - Processing file /home/airflow/.local/lib/python3.8/site-packages/airflow/example_dags/example_datasets.py for tasks to queue
[2024-02-15T23:50:08.870+0000] {logging_mixin.py:188} INFO - [2024-02-15T23:50:08.870+0000] {dagbag.py:538} INFO - Filling up the DagBag from /home/airflow/.local/lib/python3.8/site-packages/airflow/example_dags/example_datasets.py
[2024-02-15T23:50:08.877+0000] {processor.py:840} INFO - DAG(s) 'dataset_produces_1', 'dataset_consumes_unknown_never_scheduled', 'dataset_consumes_1_and_2', 'dataset_consumes_1_never_scheduled', 'dataset_produces_2', 'dataset_consumes_1' retrieved from /home/airflow/.local/lib/python3.8/site-packages/airflow/example_dags/example_datasets.py
[2024-02-15T23:50:08.903+0000] {logging_mixin.py:188} INFO - [2024-02-15T23:50:08.903+0000] {dag.py:3036} INFO - Sync 6 DAGs
[2024-02-15T23:50:08.918+0000] {logging_mixin.py:188} INFO - [2024-02-15T23:50:08.918+0000] {dag.py:3823} INFO - Setting next_dagrun for dataset_consumes_1 to None, run_after=None
[2024-02-15T23:50:08.921+0000] {logging_mixin.py:188} INFO - [2024-02-15T23:50:08.921+0000] {dag.py:3823} INFO - Setting next_dagrun for dataset_consumes_1_and_2 to None, run_after=None
[2024-02-15T23:50:08.922+0000] {logging_mixin.py:188} INFO - [2024-02-15T23:50:08.922+0000] {dag.py:3823} INFO - Setting next_dagrun for dataset_consumes_1_never_scheduled to None, run_after=None
[2024-02-15T23:50:08.923+0000] {logging_mixin.py:188} INFO - [2024-02-15T23:50:08.923+0000] {dag.py:3823} INFO - Setting next_dagrun for dataset_consumes_unknown_never_scheduled to None, run_after=None
[2024-02-15T23:50:08.925+0000] {logging_mixin.py:188} INFO - [2024-02-15T23:50:08.925+0000] {dag.py:3823} INFO - Setting next_dagrun for dataset_produces_1 to 2024-02-14 00:00:00+00:00, run_after=2024-02-15 00:00:00+00:00
[2024-02-15T23:50:08.926+0000] {logging_mixin.py:188} INFO - [2024-02-15T23:50:08.926+0000] {dag.py:3823} INFO - Setting next_dagrun for dataset_produces_2 to None, run_after=None
[2024-02-15T23:50:08.949+0000] {processor.py:183} INFO - Processing /home/airflow/.local/lib/python3.8/site-packages/airflow/example_dags/example_datasets.py took 0.082 seconds
[2024-02-15T23:50:39.211+0000] {processor.py:161} INFO - Started process (PID=172) to work on /home/airflow/.local/lib/python3.8/site-packages/airflow/example_dags/example_datasets.py
[2024-02-15T23:50:39.212+0000] {processor.py:830} INFO - Processing file /home/airflow/.local/lib/python3.8/site-packages/airflow/example_dags/example_datasets.py for tasks to queue
[2024-02-15T23:50:39.213+0000] {logging_mixin.py:188} INFO - [2024-02-15T23:50:39.213+0000] {dagbag.py:538} INFO - Filling up the DagBag from /home/airflow/.local/lib/python3.8/site-packages/airflow/example_dags/example_datasets.py
[2024-02-15T23:50:39.219+0000] {processor.py:840} INFO - DAG(s) 'dataset_consumes_1_and_2', 'dataset_produces_1', 'dataset_consumes_1', 'dataset_produces_2', 'dataset_consumes_1_never_scheduled', 'dataset_consumes_unknown_never_scheduled' retrieved from /home/airflow/.local/lib/python3.8/site-packages/airflow/example_dags/example_datasets.py
[2024-02-15T23:50:39.246+0000] {logging_mixin.py:188} INFO - [2024-02-15T23:50:39.246+0000] {dag.py:3036} INFO - Sync 6 DAGs
[2024-02-15T23:50:39.262+0000] {logging_mixin.py:188} INFO - [2024-02-15T23:50:39.262+0000] {dag.py:3823} INFO - Setting next_dagrun for dataset_consumes_1 to None, run_after=None
[2024-02-15T23:50:39.265+0000] {logging_mixin.py:188} INFO - [2024-02-15T23:50:39.265+0000] {dag.py:3823} INFO - Setting next_dagrun for dataset_consumes_1_and_2 to None, run_after=None
[2024-02-15T23:50:39.266+0000] {logging_mixin.py:188} INFO - [2024-02-15T23:50:39.266+0000] {dag.py:3823} INFO - Setting next_dagrun for dataset_consumes_1_never_scheduled to None, run_after=None
[2024-02-15T23:50:39.267+0000] {logging_mixin.py:188} INFO - [2024-02-15T23:50:39.267+0000] {dag.py:3823} INFO - Setting next_dagrun for dataset_consumes_unknown_never_scheduled to None, run_after=None
[2024-02-15T23:50:39.269+0000] {logging_mixin.py:188} INFO - [2024-02-15T23:50:39.269+0000] {dag.py:3823} INFO - Setting next_dagrun for dataset_produces_1 to 2024-02-14 00:00:00+00:00, run_after=2024-02-15 00:00:00+00:00
[2024-02-15T23:50:39.270+0000] {logging_mixin.py:188} INFO - [2024-02-15T23:50:39.270+0000] {dag.py:3823} INFO - Setting next_dagrun for dataset_produces_2 to None, run_after=None
[2024-02-15T23:50:39.294+0000] {processor.py:183} INFO - Processing /home/airflow/.local/lib/python3.8/site-packages/airflow/example_dags/example_datasets.py took 0.086 seconds
[2024-02-15T23:51:09.382+0000] {processor.py:161} INFO - Started process (PID=227) to work on /home/airflow/.local/lib/python3.8/site-packages/airflow/example_dags/example_datasets.py
[2024-02-15T23:51:09.383+0000] {processor.py:830} INFO - Processing file /home/airflow/.local/lib/python3.8/site-packages/airflow/example_dags/example_datasets.py for tasks to queue
[2024-02-15T23:51:09.384+0000] {logging_mixin.py:188} INFO - [2024-02-15T23:51:09.384+0000] {dagbag.py:538} INFO - Filling up the DagBag from /home/airflow/.local/lib/python3.8/site-packages/airflow/example_dags/example_datasets.py
[2024-02-15T23:51:09.390+0000] {processor.py:840} INFO - DAG(s) 'dataset_consumes_1', 'dataset_produces_2', 'dataset_consumes_unknown_never_scheduled', 'dataset_produces_1', 'dataset_consumes_1_and_2', 'dataset_consumes_1_never_scheduled' retrieved from /home/airflow/.local/lib/python3.8/site-packages/airflow/example_dags/example_datasets.py
[2024-02-15T23:51:09.414+0000] {logging_mixin.py:188} INFO - [2024-02-15T23:51:09.414+0000] {dag.py:3036} INFO - Sync 6 DAGs
[2024-02-15T23:51:09.431+0000] {logging_mixin.py:188} INFO - [2024-02-15T23:51:09.430+0000] {dag.py:3823} INFO - Setting next_dagrun for dataset_consumes_1 to None, run_after=None
[2024-02-15T23:51:09.433+0000] {logging_mixin.py:188} INFO - [2024-02-15T23:51:09.433+0000] {dag.py:3823} INFO - Setting next_dagrun for dataset_consumes_1_and_2 to None, run_after=None
[2024-02-15T23:51:09.435+0000] {logging_mixin.py:188} INFO - [2024-02-15T23:51:09.435+0000] {dag.py:3823} INFO - Setting next_dagrun for dataset_consumes_1_never_scheduled to None, run_after=None
[2024-02-15T23:51:09.436+0000] {logging_mixin.py:188} INFO - [2024-02-15T23:51:09.435+0000] {dag.py:3823} INFO - Setting next_dagrun for dataset_consumes_unknown_never_scheduled to None, run_after=None
[2024-02-15T23:51:09.438+0000] {logging_mixin.py:188} INFO - [2024-02-15T23:51:09.438+0000] {dag.py:3823} INFO - Setting next_dagrun for dataset_produces_1 to 2024-02-14 00:00:00+00:00, run_after=2024-02-15 00:00:00+00:00
[2024-02-15T23:51:09.439+0000] {logging_mixin.py:188} INFO - [2024-02-15T23:51:09.439+0000] {dag.py:3823} INFO - Setting next_dagrun for dataset_produces_2 to None, run_after=None
[2024-02-15T23:51:09.461+0000] {processor.py:183} INFO - Processing /home/airflow/.local/lib/python3.8/site-packages/airflow/example_dags/example_datasets.py took 0.080 seconds
[2024-02-15T23:51:39.656+0000] {processor.py:161} INFO - Started process (PID=281) to work on /home/airflow/.local/lib/python3.8/site-packages/airflow/example_dags/example_datasets.py
[2024-02-15T23:51:39.657+0000] {processor.py:830} INFO - Processing file /home/airflow/.local/lib/python3.8/site-packages/airflow/example_dags/example_datasets.py for tasks to queue
[2024-02-15T23:51:39.658+0000] {logging_mixin.py:188} INFO - [2024-02-15T23:51:39.658+0000] {dagbag.py:538} INFO - Filling up the DagBag from /home/airflow/.local/lib/python3.8/site-packages/airflow/example_dags/example_datasets.py
[2024-02-15T23:51:39.665+0000] {processor.py:840} INFO - DAG(s) 'dataset_consumes_1', 'dataset_produces_1', 'dataset_consumes_1_never_scheduled', 'dataset_produces_2', 'dataset_consumes_unknown_never_scheduled', 'dataset_consumes_1_and_2' retrieved from /home/airflow/.local/lib/python3.8/site-packages/airflow/example_dags/example_datasets.py
[2024-02-15T23:51:39.692+0000] {logging_mixin.py:188} INFO - [2024-02-15T23:51:39.692+0000] {dag.py:3036} INFO - Sync 6 DAGs
[2024-02-15T23:51:39.710+0000] {logging_mixin.py:188} INFO - [2024-02-15T23:51:39.710+0000] {dag.py:3823} INFO - Setting next_dagrun for dataset_consumes_1 to None, run_after=None
[2024-02-15T23:51:39.713+0000] {logging_mixin.py:188} INFO - [2024-02-15T23:51:39.713+0000] {dag.py:3823} INFO - Setting next_dagrun for dataset_consumes_1_and_2 to None, run_after=None
[2024-02-15T23:51:39.714+0000] {logging_mixin.py:188} INFO - [2024-02-15T23:51:39.714+0000] {dag.py:3823} INFO - Setting next_dagrun for dataset_consumes_1_never_scheduled to None, run_after=None
[2024-02-15T23:51:39.715+0000] {logging_mixin.py:188} INFO - [2024-02-15T23:51:39.715+0000] {dag.py:3823} INFO - Setting next_dagrun for dataset_consumes_unknown_never_scheduled to None, run_after=None
[2024-02-15T23:51:39.717+0000] {logging_mixin.py:188} INFO - [2024-02-15T23:51:39.717+0000] {dag.py:3823} INFO - Setting next_dagrun for dataset_produces_1 to 2024-02-14 00:00:00+00:00, run_after=2024-02-15 00:00:00+00:00
[2024-02-15T23:51:39.718+0000] {logging_mixin.py:188} INFO - [2024-02-15T23:51:39.718+0000] {dag.py:3823} INFO - Setting next_dagrun for dataset_produces_2 to None, run_after=None
[2024-02-15T23:51:39.740+0000] {processor.py:183} INFO - Processing /home/airflow/.local/lib/python3.8/site-packages/airflow/example_dags/example_datasets.py took 0.085 seconds
[2024-02-15T23:52:10.120+0000] {processor.py:161} INFO - Started process (PID=337) to work on /home/airflow/.local/lib/python3.8/site-packages/airflow/example_dags/example_datasets.py
[2024-02-15T23:52:10.121+0000] {processor.py:830} INFO - Processing file /home/airflow/.local/lib/python3.8/site-packages/airflow/example_dags/example_datasets.py for tasks to queue
[2024-02-15T23:52:10.122+0000] {logging_mixin.py:188} INFO - [2024-02-15T23:52:10.121+0000] {dagbag.py:538} INFO - Filling up the DagBag from /home/airflow/.local/lib/python3.8/site-packages/airflow/example_dags/example_datasets.py
[2024-02-15T23:52:10.128+0000] {processor.py:840} INFO - DAG(s) 'dataset_produces_1', 'dataset_consumes_1_never_scheduled', 'dataset_consumes_unknown_never_scheduled', 'dataset_consumes_1_and_2', 'dataset_consumes_1', 'dataset_produces_2' retrieved from /home/airflow/.local/lib/python3.8/site-packages/airflow/example_dags/example_datasets.py
[2024-02-15T23:52:10.151+0000] {logging_mixin.py:188} INFO - [2024-02-15T23:52:10.150+0000] {dag.py:3036} INFO - Sync 6 DAGs
[2024-02-15T23:52:10.166+0000] {logging_mixin.py:188} INFO - [2024-02-15T23:52:10.166+0000] {dag.py:3823} INFO - Setting next_dagrun for dataset_consumes_1 to None, run_after=None
[2024-02-15T23:52:10.169+0000] {logging_mixin.py:188} INFO - [2024-02-15T23:52:10.169+0000] {dag.py:3823} INFO - Setting next_dagrun for dataset_consumes_1_and_2 to None, run_after=None
[2024-02-15T23:52:10.170+0000] {logging_mixin.py:188} INFO - [2024-02-15T23:52:10.170+0000] {dag.py:3823} INFO - Setting next_dagrun for dataset_consumes_1_never_scheduled to None, run_after=None
[2024-02-15T23:52:10.171+0000] {logging_mixin.py:188} INFO - [2024-02-15T23:52:10.171+0000] {dag.py:3823} INFO - Setting next_dagrun for dataset_consumes_unknown_never_scheduled to None, run_after=None
[2024-02-15T23:52:10.173+0000] {logging_mixin.py:188} INFO - [2024-02-15T23:52:10.173+0000] {dag.py:3823} INFO - Setting next_dagrun for dataset_produces_1 to 2024-02-14 00:00:00+00:00, run_after=2024-02-15 00:00:00+00:00
[2024-02-15T23:52:10.174+0000] {logging_mixin.py:188} INFO - [2024-02-15T23:52:10.174+0000] {dag.py:3823} INFO - Setting next_dagrun for dataset_produces_2 to None, run_after=None
[2024-02-15T23:52:10.195+0000] {processor.py:183} INFO - Processing /home/airflow/.local/lib/python3.8/site-packages/airflow/example_dags/example_datasets.py took 0.077 seconds
[2024-02-15T23:52:40.436+0000] {processor.py:161} INFO - Started process (PID=392) to work on /home/airflow/.local/lib/python3.8/site-packages/airflow/example_dags/example_datasets.py
[2024-02-15T23:52:40.436+0000] {processor.py:830} INFO - Processing file /home/airflow/.local/lib/python3.8/site-packages/airflow/example_dags/example_datasets.py for tasks to queue
[2024-02-15T23:52:40.437+0000] {logging_mixin.py:188} INFO - [2024-02-15T23:52:40.437+0000] {dagbag.py:538} INFO - Filling up the DagBag from /home/airflow/.local/lib/python3.8/site-packages/airflow/example_dags/example_datasets.py
[2024-02-15T23:52:40.443+0000] {processor.py:840} INFO - DAG(s) 'dataset_produces_2', 'dataset_consumes_1_and_2', 'dataset_consumes_unknown_never_scheduled', 'dataset_produces_1', 'dataset_consumes_1', 'dataset_consumes_1_never_scheduled' retrieved from /home/airflow/.local/lib/python3.8/site-packages/airflow/example_dags/example_datasets.py
[2024-02-15T23:52:40.467+0000] {logging_mixin.py:188} INFO - [2024-02-15T23:52:40.467+0000] {dag.py:3036} INFO - Sync 6 DAGs
[2024-02-15T23:52:40.484+0000] {logging_mixin.py:188} INFO - [2024-02-15T23:52:40.484+0000] {dag.py:3823} INFO - Setting next_dagrun for dataset_consumes_1 to None, run_after=None
[2024-02-15T23:52:40.486+0000] {logging_mixin.py:188} INFO - [2024-02-15T23:52:40.486+0000] {dag.py:3823} INFO - Setting next_dagrun for dataset_consumes_1_and_2 to None, run_after=None
[2024-02-15T23:52:40.488+0000] {logging_mixin.py:188} INFO - [2024-02-15T23:52:40.487+0000] {dag.py:3823} INFO - Setting next_dagrun for dataset_consumes_1_never_scheduled to None, run_after=None
[2024-02-15T23:52:40.489+0000] {logging_mixin.py:188} INFO - [2024-02-15T23:52:40.488+0000] {dag.py:3823} INFO - Setting next_dagrun for dataset_consumes_unknown_never_scheduled to None, run_after=None
[2024-02-15T23:52:40.491+0000] {logging_mixin.py:188} INFO - [2024-02-15T23:52:40.491+0000] {dag.py:3823} INFO - Setting next_dagrun for dataset_produces_1 to 2024-02-14 00:00:00+00:00, run_after=2024-02-15 00:00:00+00:00
[2024-02-15T23:52:40.492+0000] {logging_mixin.py:188} INFO - [2024-02-15T23:52:40.492+0000] {dag.py:3823} INFO - Setting next_dagrun for dataset_produces_2 to None, run_after=None
[2024-02-15T23:52:40.516+0000] {processor.py:183} INFO - Processing /home/airflow/.local/lib/python3.8/site-packages/airflow/example_dags/example_datasets.py took 0.082 seconds
[2024-02-15T23:53:10.645+0000] {processor.py:161} INFO - Started process (PID=447) to work on /home/airflow/.local/lib/python3.8/site-packages/airflow/example_dags/example_datasets.py
[2024-02-15T23:53:10.646+0000] {processor.py:830} INFO - Processing file /home/airflow/.local/lib/python3.8/site-packages/airflow/example_dags/example_datasets.py for tasks to queue
[2024-02-15T23:53:10.647+0000] {logging_mixin.py:188} INFO - [2024-02-15T23:53:10.647+0000] {dagbag.py:538} INFO - Filling up the DagBag from /home/airflow/.local/lib/python3.8/site-packages/airflow/example_dags/example_datasets.py
[2024-02-15T23:53:10.653+0000] {processor.py:840} INFO - DAG(s) 'dataset_produces_1', 'dataset_consumes_1_and_2', 'dataset_produces_2', 'dataset_consumes_1', 'dataset_consumes_unknown_never_scheduled', 'dataset_consumes_1_never_scheduled' retrieved from /home/airflow/.local/lib/python3.8/site-packages/airflow/example_dags/example_datasets.py
[2024-02-15T23:53:10.679+0000] {logging_mixin.py:188} INFO - [2024-02-15T23:53:10.678+0000] {dag.py:3036} INFO - Sync 6 DAGs
[2024-02-15T23:53:10.695+0000] {logging_mixin.py:188} INFO - [2024-02-15T23:53:10.694+0000] {dag.py:3823} INFO - Setting next_dagrun for dataset_consumes_1 to None, run_after=None
[2024-02-15T23:53:10.697+0000] {logging_mixin.py:188} INFO - [2024-02-15T23:53:10.697+0000] {dag.py:3823} INFO - Setting next_dagrun for dataset_consumes_1_and_2 to None, run_after=None
[2024-02-15T23:53:10.698+0000] {logging_mixin.py:188} INFO - [2024-02-15T23:53:10.698+0000] {dag.py:3823} INFO - Setting next_dagrun for dataset_consumes_1_never_scheduled to None, run_after=None
[2024-02-15T23:53:10.699+0000] {logging_mixin.py:188} INFO - [2024-02-15T23:53:10.699+0000] {dag.py:3823} INFO - Setting next_dagrun for dataset_consumes_unknown_never_scheduled to None, run_after=None
[2024-02-15T23:53:10.702+0000] {logging_mixin.py:188} INFO - [2024-02-15T23:53:10.701+0000] {dag.py:3823} INFO - Setting next_dagrun for dataset_produces_1 to 2024-02-14 00:00:00+00:00, run_after=2024-02-15 00:00:00+00:00
[2024-02-15T23:53:10.702+0000] {logging_mixin.py:188} INFO - [2024-02-15T23:53:10.702+0000] {dag.py:3823} INFO - Setting next_dagrun for dataset_produces_2 to None, run_after=None
[2024-02-15T23:53:10.725+0000] {processor.py:183} INFO - Processing /home/airflow/.local/lib/python3.8/site-packages/airflow/example_dags/example_datasets.py took 0.082 seconds
[2024-02-15T23:53:40.856+0000] {processor.py:161} INFO - Started process (PID=502) to work on /home/airflow/.local/lib/python3.8/site-packages/airflow/example_dags/example_datasets.py
[2024-02-15T23:53:40.857+0000] {processor.py:830} INFO - Processing file /home/airflow/.local/lib/python3.8/site-packages/airflow/example_dags/example_datasets.py for tasks to queue
[2024-02-15T23:53:40.858+0000] {logging_mixin.py:188} INFO - [2024-02-15T23:53:40.857+0000] {dagbag.py:538} INFO - Filling up the DagBag from /home/airflow/.local/lib/python3.8/site-packages/airflow/example_dags/example_datasets.py
[2024-02-15T23:53:40.864+0000] {processor.py:840} INFO - DAG(s) 'dataset_consumes_1_never_scheduled', 'dataset_consumes_1', 'dataset_produces_2', 'dataset_consumes_unknown_never_scheduled', 'dataset_produces_1', 'dataset_consumes_1_and_2' retrieved from /home/airflow/.local/lib/python3.8/site-packages/airflow/example_dags/example_datasets.py
[2024-02-15T23:53:40.889+0000] {logging_mixin.py:188} INFO - [2024-02-15T23:53:40.889+0000] {dag.py:3036} INFO - Sync 6 DAGs
[2024-02-15T23:53:40.905+0000] {logging_mixin.py:188} INFO - [2024-02-15T23:53:40.905+0000] {dag.py:3823} INFO - Setting next_dagrun for dataset_consumes_1 to None, run_after=None
[2024-02-15T23:53:40.908+0000] {logging_mixin.py:188} INFO - [2024-02-15T23:53:40.908+0000] {dag.py:3823} INFO - Setting next_dagrun for dataset_consumes_1_and_2 to None, run_after=None
[2024-02-15T23:53:40.909+0000] {logging_mixin.py:188} INFO - [2024-02-15T23:53:40.909+0000] {dag.py:3823} INFO - Setting next_dagrun for dataset_consumes_1_never_scheduled to None, run_after=None
[2024-02-15T23:53:40.910+0000] {logging_mixin.py:188} INFO - [2024-02-15T23:53:40.910+0000] {dag.py:3823} INFO - Setting next_dagrun for dataset_consumes_unknown_never_scheduled to None, run_after=None
[2024-02-15T23:53:40.912+0000] {logging_mixin.py:188} INFO - [2024-02-15T23:53:40.912+0000] {dag.py:3823} INFO - Setting next_dagrun for dataset_produces_1 to 2024-02-14 00:00:00+00:00, run_after=2024-02-15 00:00:00+00:00
[2024-02-15T23:53:40.913+0000] {logging_mixin.py:188} INFO - [2024-02-15T23:53:40.913+0000] {dag.py:3823} INFO - Setting next_dagrun for dataset_produces_2 to None, run_after=None
[2024-02-15T23:53:40.937+0000] {processor.py:183} INFO - Processing /home/airflow/.local/lib/python3.8/site-packages/airflow/example_dags/example_datasets.py took 0.083 seconds
[2024-02-15T23:54:11.195+0000] {processor.py:161} INFO - Started process (PID=557) to work on /home/airflow/.local/lib/python3.8/site-packages/airflow/example_dags/example_datasets.py
[2024-02-15T23:54:11.196+0000] {processor.py:830} INFO - Processing file /home/airflow/.local/lib/python3.8/site-packages/airflow/example_dags/example_datasets.py for tasks to queue
[2024-02-15T23:54:11.197+0000] {logging_mixin.py:188} INFO - [2024-02-15T23:54:11.197+0000] {dagbag.py:538} INFO - Filling up the DagBag from /home/airflow/.local/lib/python3.8/site-packages/airflow/example_dags/example_datasets.py
[2024-02-15T23:54:11.204+0000] {processor.py:840} INFO - DAG(s) 'dataset_consumes_unknown_never_scheduled', 'dataset_produces_1', 'dataset_produces_2', 'dataset_consumes_1_never_scheduled', 'dataset_consumes_1', 'dataset_consumes_1_and_2' retrieved from /home/airflow/.local/lib/python3.8/site-packages/airflow/example_dags/example_datasets.py
[2024-02-15T23:54:11.228+0000] {logging_mixin.py:188} INFO - [2024-02-15T23:54:11.228+0000] {dag.py:3036} INFO - Sync 6 DAGs
[2024-02-15T23:54:11.245+0000] {logging_mixin.py:188} INFO - [2024-02-15T23:54:11.245+0000] {dag.py:3823} INFO - Setting next_dagrun for dataset_consumes_1 to None, run_after=None
[2024-02-15T23:54:11.248+0000] {logging_mixin.py:188} INFO - [2024-02-15T23:54:11.247+0000] {dag.py:3823} INFO - Setting next_dagrun for dataset_consumes_1_and_2 to None, run_after=None
[2024-02-15T23:54:11.249+0000] {logging_mixin.py:188} INFO - [2024-02-15T23:54:11.249+0000] {dag.py:3823} INFO - Setting next_dagrun for dataset_consumes_1_never_scheduled to None, run_after=None
[2024-02-15T23:54:11.250+0000] {logging_mixin.py:188} INFO - [2024-02-15T23:54:11.250+0000] {dag.py:3823} INFO - Setting next_dagrun for dataset_consumes_unknown_never_scheduled to None, run_after=None
[2024-02-15T23:54:11.252+0000] {logging_mixin.py:188} INFO - [2024-02-15T23:54:11.252+0000] {dag.py:3823} INFO - Setting next_dagrun for dataset_produces_1 to 2024-02-14 00:00:00+00:00, run_after=2024-02-15 00:00:00+00:00
[2024-02-15T23:54:11.253+0000] {logging_mixin.py:188} INFO - [2024-02-15T23:54:11.253+0000] {dag.py:3823} INFO - Setting next_dagrun for dataset_produces_2 to None, run_after=None
[2024-02-15T23:54:11.275+0000] {processor.py:183} INFO - Processing /home/airflow/.local/lib/python3.8/site-packages/airflow/example_dags/example_datasets.py took 0.082 seconds
[2024-02-15T23:54:41.370+0000] {processor.py:161} INFO - Started process (PID=612) to work on /home/airflow/.local/lib/python3.8/site-packages/airflow/example_dags/example_datasets.py
[2024-02-15T23:54:41.370+0000] {processor.py:830} INFO - Processing file /home/airflow/.local/lib/python3.8/site-packages/airflow/example_dags/example_datasets.py for tasks to queue
[2024-02-15T23:54:41.372+0000] {logging_mixin.py:188} INFO - [2024-02-15T23:54:41.371+0000] {dagbag.py:538} INFO - Filling up the DagBag from /home/airflow/.local/lib/python3.8/site-packages/airflow/example_dags/example_datasets.py
[2024-02-15T23:54:41.378+0000] {processor.py:840} INFO - DAG(s) 'dataset_consumes_1_never_scheduled', 'dataset_produces_1', 'dataset_produces_2', 'dataset_consumes_1_and_2', 'dataset_consumes_1', 'dataset_consumes_unknown_never_scheduled' retrieved from /home/airflow/.local/lib/python3.8/site-packages/airflow/example_dags/example_datasets.py
[2024-02-15T23:54:41.403+0000] {logging_mixin.py:188} INFO - [2024-02-15T23:54:41.403+0000] {dag.py:3036} INFO - Sync 6 DAGs
[2024-02-15T23:54:41.419+0000] {logging_mixin.py:188} INFO - [2024-02-15T23:54:41.418+0000] {dag.py:3823} INFO - Setting next_dagrun for dataset_consumes_1 to None, run_after=None
[2024-02-15T23:54:41.421+0000] {logging_mixin.py:188} INFO - [2024-02-15T23:54:41.421+0000] {dag.py:3823} INFO - Setting next_dagrun for dataset_consumes_1_and_2 to None, run_after=None
[2024-02-15T23:54:41.422+0000] {logging_mixin.py:188} INFO - [2024-02-15T23:54:41.422+0000] {dag.py:3823} INFO - Setting next_dagrun for dataset_consumes_1_never_scheduled to None, run_after=None
[2024-02-15T23:54:41.423+0000] {logging_mixin.py:188} INFO - [2024-02-15T23:54:41.423+0000] {dag.py:3823} INFO - Setting next_dagrun for dataset_consumes_unknown_never_scheduled to None, run_after=None
[2024-02-15T23:54:41.425+0000] {logging_mixin.py:188} INFO - [2024-02-15T23:54:41.425+0000] {dag.py:3823} INFO - Setting next_dagrun for dataset_produces_1 to 2024-02-14 00:00:00+00:00, run_after=2024-02-15 00:00:00+00:00
[2024-02-15T23:54:41.426+0000] {logging_mixin.py:188} INFO - [2024-02-15T23:54:41.426+0000] {dag.py:3823} INFO - Setting next_dagrun for dataset_produces_2 to None, run_after=None
[2024-02-15T23:54:41.449+0000] {processor.py:183} INFO - Processing /home/airflow/.local/lib/python3.8/site-packages/airflow/example_dags/example_datasets.py took 0.082 seconds
[2024-02-15T23:55:11.522+0000] {processor.py:161} INFO - Started process (PID=666) to work on /home/airflow/.local/lib/python3.8/site-packages/airflow/example_dags/example_datasets.py
[2024-02-15T23:55:11.523+0000] {processor.py:830} INFO - Processing file /home/airflow/.local/lib/python3.8/site-packages/airflow/example_dags/example_datasets.py for tasks to queue
[2024-02-15T23:55:11.524+0000] {logging_mixin.py:188} INFO - [2024-02-15T23:55:11.524+0000] {dagbag.py:538} INFO - Filling up the DagBag from /home/airflow/.local/lib/python3.8/site-packages/airflow/example_dags/example_datasets.py
[2024-02-15T23:55:11.532+0000] {processor.py:840} INFO - DAG(s) 'dataset_consumes_1_never_scheduled', 'dataset_produces_2', 'dataset_consumes_1_and_2', 'dataset_consumes_unknown_never_scheduled', 'dataset_consumes_1', 'dataset_produces_1' retrieved from /home/airflow/.local/lib/python3.8/site-packages/airflow/example_dags/example_datasets.py
[2024-02-15T23:55:11.559+0000] {logging_mixin.py:188} INFO - [2024-02-15T23:55:11.559+0000] {dag.py:3036} INFO - Sync 6 DAGs
[2024-02-15T23:55:11.577+0000] {logging_mixin.py:188} INFO - [2024-02-15T23:55:11.577+0000] {dag.py:3823} INFO - Setting next_dagrun for dataset_consumes_1 to None, run_after=None
[2024-02-15T23:55:11.579+0000] {logging_mixin.py:188} INFO - [2024-02-15T23:55:11.579+0000] {dag.py:3823} INFO - Setting next_dagrun for dataset_consumes_1_and_2 to None, run_after=None
[2024-02-15T23:55:11.580+0000] {logging_mixin.py:188} INFO - [2024-02-15T23:55:11.580+0000] {dag.py:3823} INFO - Setting next_dagrun for dataset_consumes_1_never_scheduled to None, run_after=None
[2024-02-15T23:55:11.581+0000] {logging_mixin.py:188} INFO - [2024-02-15T23:55:11.581+0000] {dag.py:3823} INFO - Setting next_dagrun for dataset_consumes_unknown_never_scheduled to None, run_after=None
[2024-02-15T23:55:11.584+0000] {logging_mixin.py:188} INFO - [2024-02-15T23:55:11.584+0000] {dag.py:3823} INFO - Setting next_dagrun for dataset_produces_1 to 2024-02-14 00:00:00+00:00, run_after=2024-02-15 00:00:00+00:00
[2024-02-15T23:55:11.585+0000] {logging_mixin.py:188} INFO - [2024-02-15T23:55:11.585+0000] {dag.py:3823} INFO - Setting next_dagrun for dataset_produces_2 to None, run_after=None
[2024-02-15T23:55:11.607+0000] {processor.py:183} INFO - Processing /home/airflow/.local/lib/python3.8/site-packages/airflow/example_dags/example_datasets.py took 0.087 seconds
[2024-02-15T23:55:41.821+0000] {processor.py:161} INFO - Started process (PID=722) to work on /home/airflow/.local/lib/python3.8/site-packages/airflow/example_dags/example_datasets.py
[2024-02-15T23:55:41.822+0000] {processor.py:830} INFO - Processing file /home/airflow/.local/lib/python3.8/site-packages/airflow/example_dags/example_datasets.py for tasks to queue
[2024-02-15T23:55:41.823+0000] {logging_mixin.py:188} INFO - [2024-02-15T23:55:41.823+0000] {dagbag.py:538} INFO - Filling up the DagBag from /home/airflow/.local/lib/python3.8/site-packages/airflow/example_dags/example_datasets.py
[2024-02-15T23:55:41.830+0000] {processor.py:840} INFO - DAG(s) 'dataset_consumes_unknown_never_scheduled', 'dataset_consumes_1_and_2', 'dataset_produces_1', 'dataset_produces_2', 'dataset_consumes_1_never_scheduled', 'dataset_consumes_1' retrieved from /home/airflow/.local/lib/python3.8/site-packages/airflow/example_dags/example_datasets.py
[2024-02-15T23:55:41.856+0000] {logging_mixin.py:188} INFO - [2024-02-15T23:55:41.856+0000] {dag.py:3036} INFO - Sync 6 DAGs
[2024-02-15T23:55:41.872+0000] {logging_mixin.py:188} INFO - [2024-02-15T23:55:41.871+0000] {dag.py:3823} INFO - Setting next_dagrun for dataset_consumes_1 to None, run_after=None
[2024-02-15T23:55:41.875+0000] {logging_mixin.py:188} INFO - [2024-02-15T23:55:41.875+0000] {dag.py:3823} INFO - Setting next_dagrun for dataset_consumes_1_and_2 to None, run_after=None
[2024-02-15T23:55:41.876+0000] {logging_mixin.py:188} INFO - [2024-02-15T23:55:41.876+0000] {dag.py:3823} INFO - Setting next_dagrun for dataset_consumes_1_never_scheduled to None, run_after=None
[2024-02-15T23:55:41.877+0000] {logging_mixin.py:188} INFO - [2024-02-15T23:55:41.877+0000] {dag.py:3823} INFO - Setting next_dagrun for dataset_consumes_unknown_never_scheduled to None, run_after=None
[2024-02-15T23:55:41.880+0000] {logging_mixin.py:188} INFO - [2024-02-15T23:55:41.880+0000] {dag.py:3823} INFO - Setting next_dagrun for dataset_produces_1 to 2024-02-14 00:00:00+00:00, run_after=2024-02-15 00:00:00+00:00
[2024-02-15T23:55:41.881+0000] {logging_mixin.py:188} INFO - [2024-02-15T23:55:41.881+0000] {dag.py:3823} INFO - Setting next_dagrun for dataset_produces_2 to None, run_after=None
[2024-02-15T23:55:41.904+0000] {processor.py:183} INFO - Processing /home/airflow/.local/lib/python3.8/site-packages/airflow/example_dags/example_datasets.py took 0.085 seconds
[2024-02-15T23:56:12.033+0000] {processor.py:161} INFO - Started process (PID=777) to work on /home/airflow/.local/lib/python3.8/site-packages/airflow/example_dags/example_datasets.py
[2024-02-15T23:56:12.034+0000] {processor.py:830} INFO - Processing file /home/airflow/.local/lib/python3.8/site-packages/airflow/example_dags/example_datasets.py for tasks to queue
[2024-02-15T23:56:12.035+0000] {logging_mixin.py:188} INFO - [2024-02-15T23:56:12.035+0000] {dagbag.py:538} INFO - Filling up the DagBag from /home/airflow/.local/lib/python3.8/site-packages/airflow/example_dags/example_datasets.py
[2024-02-15T23:56:12.041+0000] {processor.py:840} INFO - DAG(s) 'dataset_consumes_1', 'dataset_produces_1', 'dataset_consumes_1_and_2', 'dataset_produces_2', 'dataset_consumes_unknown_never_scheduled', 'dataset_consumes_1_never_scheduled' retrieved from /home/airflow/.local/lib/python3.8/site-packages/airflow/example_dags/example_datasets.py
[2024-02-15T23:56:12.065+0000] {logging_mixin.py:188} INFO - [2024-02-15T23:56:12.065+0000] {dag.py:3036} INFO - Sync 6 DAGs
[2024-02-15T23:56:12.080+0000] {logging_mixin.py:188} INFO - [2024-02-15T23:56:12.080+0000] {dag.py:3823} INFO - Setting next_dagrun for dataset_consumes_1 to None, run_after=None
[2024-02-15T23:56:12.083+0000] {logging_mixin.py:188} INFO - [2024-02-15T23:56:12.083+0000] {dag.py:3823} INFO - Setting next_dagrun for dataset_consumes_1_and_2 to None, run_after=None
[2024-02-15T23:56:12.084+0000] {logging_mixin.py:188} INFO - [2024-02-15T23:56:12.084+0000] {dag.py:3823} INFO - Setting next_dagrun for dataset_consumes_1_never_scheduled to None, run_after=None
[2024-02-15T23:56:12.085+0000] {logging_mixin.py:188} INFO - [2024-02-15T23:56:12.085+0000] {dag.py:3823} INFO - Setting next_dagrun for dataset_consumes_unknown_never_scheduled to None, run_after=None
[2024-02-15T23:56:12.087+0000] {logging_mixin.py:188} INFO - [2024-02-15T23:56:12.087+0000] {dag.py:3823} INFO - Setting next_dagrun for dataset_produces_1 to 2024-02-14 00:00:00+00:00, run_after=2024-02-15 00:00:00+00:00
[2024-02-15T23:56:12.089+0000] {logging_mixin.py:188} INFO - [2024-02-15T23:56:12.088+0000] {dag.py:3823} INFO - Setting next_dagrun for dataset_produces_2 to None, run_after=None
[2024-02-15T23:56:12.111+0000] {processor.py:183} INFO - Processing /home/airflow/.local/lib/python3.8/site-packages/airflow/example_dags/example_datasets.py took 0.079 seconds
[2024-02-15T23:56:42.415+0000] {processor.py:161} INFO - Started process (PID=832) to work on /home/airflow/.local/lib/python3.8/site-packages/airflow/example_dags/example_datasets.py
[2024-02-15T23:56:42.416+0000] {processor.py:830} INFO - Processing file /home/airflow/.local/lib/python3.8/site-packages/airflow/example_dags/example_datasets.py for tasks to queue
[2024-02-15T23:56:42.417+0000] {logging_mixin.py:188} INFO - [2024-02-15T23:56:42.417+0000] {dagbag.py:538} INFO - Filling up the DagBag from /home/airflow/.local/lib/python3.8/site-packages/airflow/example_dags/example_datasets.py
[2024-02-15T23:56:42.423+0000] {processor.py:840} INFO - DAG(s) 'dataset_produces_2', 'dataset_produces_1', 'dataset_consumes_1_never_scheduled', 'dataset_consumes_1', 'dataset_consumes_1_and_2', 'dataset_consumes_unknown_never_scheduled' retrieved from /home/airflow/.local/lib/python3.8/site-packages/airflow/example_dags/example_datasets.py
[2024-02-15T23:56:42.448+0000] {logging_mixin.py:188} INFO - [2024-02-15T23:56:42.448+0000] {dag.py:3036} INFO - Sync 6 DAGs
[2024-02-15T23:56:42.463+0000] {logging_mixin.py:188} INFO - [2024-02-15T23:56:42.463+0000] {dag.py:3823} INFO - Setting next_dagrun for dataset_consumes_1 to None, run_after=None
[2024-02-15T23:56:42.466+0000] {logging_mixin.py:188} INFO - [2024-02-15T23:56:42.466+0000] {dag.py:3823} INFO - Setting next_dagrun for dataset_consumes_1_and_2 to None, run_after=None
[2024-02-15T23:56:42.467+0000] {logging_mixin.py:188} INFO - [2024-02-15T23:56:42.467+0000] {dag.py:3823} INFO - Setting next_dagrun for dataset_consumes_1_never_scheduled to None, run_after=None
[2024-02-15T23:56:42.468+0000] {logging_mixin.py:188} INFO - [2024-02-15T23:56:42.468+0000] {dag.py:3823} INFO - Setting next_dagrun for dataset_consumes_unknown_never_scheduled to None, run_after=None
[2024-02-15T23:56:42.470+0000] {logging_mixin.py:188} INFO - [2024-02-15T23:56:42.470+0000] {dag.py:3823} INFO - Setting next_dagrun for dataset_produces_1 to 2024-02-14 00:00:00+00:00, run_after=2024-02-15 00:00:00+00:00
[2024-02-15T23:56:42.471+0000] {logging_mixin.py:188} INFO - [2024-02-15T23:56:42.471+0000] {dag.py:3823} INFO - Setting next_dagrun for dataset_produces_2 to None, run_after=None
[2024-02-15T23:56:42.496+0000] {processor.py:183} INFO - Processing /home/airflow/.local/lib/python3.8/site-packages/airflow/example_dags/example_datasets.py took 0.082 seconds
[2024-02-15T23:57:12.755+0000] {processor.py:161} INFO - Started process (PID=887) to work on /home/airflow/.local/lib/python3.8/site-packages/airflow/example_dags/example_datasets.py
[2024-02-15T23:57:12.756+0000] {processor.py:830} INFO - Processing file /home/airflow/.local/lib/python3.8/site-packages/airflow/example_dags/example_datasets.py for tasks to queue
[2024-02-15T23:57:12.757+0000] {logging_mixin.py:188} INFO - [2024-02-15T23:57:12.757+0000] {dagbag.py:538} INFO - Filling up the DagBag from /home/airflow/.local/lib/python3.8/site-packages/airflow/example_dags/example_datasets.py
[2024-02-15T23:57:12.763+0000] {processor.py:840} INFO - DAG(s) 'dataset_consumes_1', 'dataset_consumes_unknown_never_scheduled', 'dataset_produces_1', 'dataset_consumes_1_never_scheduled', 'dataset_produces_2', 'dataset_consumes_1_and_2' retrieved from /home/airflow/.local/lib/python3.8/site-packages/airflow/example_dags/example_datasets.py
[2024-02-15T23:57:12.789+0000] {logging_mixin.py:188} INFO - [2024-02-15T23:57:12.789+0000] {dag.py:3036} INFO - Sync 6 DAGs
[2024-02-15T23:57:12.805+0000] {logging_mixin.py:188} INFO - [2024-02-15T23:57:12.805+0000] {dag.py:3823} INFO - Setting next_dagrun for dataset_consumes_1 to None, run_after=None
[2024-02-15T23:57:12.808+0000] {logging_mixin.py:188} INFO - [2024-02-15T23:57:12.808+0000] {dag.py:3823} INFO - Setting next_dagrun for dataset_consumes_1_and_2 to None, run_after=None
[2024-02-15T23:57:12.809+0000] {logging_mixin.py:188} INFO - [2024-02-15T23:57:12.809+0000] {dag.py:3823} INFO - Setting next_dagrun for dataset_consumes_1_never_scheduled to None, run_after=None
[2024-02-15T23:57:12.810+0000] {logging_mixin.py:188} INFO - [2024-02-15T23:57:12.810+0000] {dag.py:3823} INFO - Setting next_dagrun for dataset_consumes_unknown_never_scheduled to None, run_after=None
[2024-02-15T23:57:12.812+0000] {logging_mixin.py:188} INFO - [2024-02-15T23:57:12.812+0000] {dag.py:3823} INFO - Setting next_dagrun for dataset_produces_1 to 2024-02-14 00:00:00+00:00, run_after=2024-02-15 00:00:00+00:00
[2024-02-15T23:57:12.813+0000] {logging_mixin.py:188} INFO - [2024-02-15T23:57:12.813+0000] {dag.py:3823} INFO - Setting next_dagrun for dataset_produces_2 to None, run_after=None
[2024-02-15T23:57:12.836+0000] {processor.py:183} INFO - Processing /home/airflow/.local/lib/python3.8/site-packages/airflow/example_dags/example_datasets.py took 0.083 seconds
[2024-02-15T23:57:43.019+0000] {processor.py:161} INFO - Started process (PID=942) to work on /home/airflow/.local/lib/python3.8/site-packages/airflow/example_dags/example_datasets.py
[2024-02-15T23:57:43.020+0000] {processor.py:830} INFO - Processing file /home/airflow/.local/lib/python3.8/site-packages/airflow/example_dags/example_datasets.py for tasks to queue
[2024-02-15T23:57:43.021+0000] {logging_mixin.py:188} INFO - [2024-02-15T23:57:43.020+0000] {dagbag.py:538} INFO - Filling up the DagBag from /home/airflow/.local/lib/python3.8/site-packages/airflow/example_dags/example_datasets.py
[2024-02-15T23:57:43.027+0000] {processor.py:840} INFO - DAG(s) 'dataset_produces_2', 'dataset_produces_1', 'dataset_consumes_1_never_scheduled', 'dataset_consumes_unknown_never_scheduled', 'dataset_consumes_1_and_2', 'dataset_consumes_1' retrieved from /home/airflow/.local/lib/python3.8/site-packages/airflow/example_dags/example_datasets.py
[2024-02-15T23:57:43.051+0000] {logging_mixin.py:188} INFO - [2024-02-15T23:57:43.051+0000] {dag.py:3036} INFO - Sync 6 DAGs
[2024-02-15T23:57:43.067+0000] {logging_mixin.py:188} INFO - [2024-02-15T23:57:43.067+0000] {dag.py:3823} INFO - Setting next_dagrun for dataset_consumes_1 to None, run_after=None
[2024-02-15T23:57:43.070+0000] {logging_mixin.py:188} INFO - [2024-02-15T23:57:43.070+0000] {dag.py:3823} INFO - Setting next_dagrun for dataset_consumes_1_and_2 to None, run_after=None
[2024-02-15T23:57:43.071+0000] {logging_mixin.py:188} INFO - [2024-02-15T23:57:43.071+0000] {dag.py:3823} INFO - Setting next_dagrun for dataset_consumes_1_never_scheduled to None, run_after=None
[2024-02-15T23:57:43.072+0000] {logging_mixin.py:188} INFO - [2024-02-15T23:57:43.072+0000] {dag.py:3823} INFO - Setting next_dagrun for dataset_consumes_unknown_never_scheduled to None, run_after=None
[2024-02-15T23:57:43.074+0000] {logging_mixin.py:188} INFO - [2024-02-15T23:57:43.074+0000] {dag.py:3823} INFO - Setting next_dagrun for dataset_produces_1 to 2024-02-14 00:00:00+00:00, run_after=2024-02-15 00:00:00+00:00
[2024-02-15T23:57:43.075+0000] {logging_mixin.py:188} INFO - [2024-02-15T23:57:43.075+0000] {dag.py:3823} INFO - Setting next_dagrun for dataset_produces_2 to None, run_after=None
[2024-02-15T23:57:43.097+0000] {processor.py:183} INFO - Processing /home/airflow/.local/lib/python3.8/site-packages/airflow/example_dags/example_datasets.py took 0.080 seconds
[2024-02-15T23:58:13.235+0000] {processor.py:161} INFO - Started process (PID=997) to work on /home/airflow/.local/lib/python3.8/site-packages/airflow/example_dags/example_datasets.py
[2024-02-15T23:58:13.236+0000] {processor.py:830} INFO - Processing file /home/airflow/.local/lib/python3.8/site-packages/airflow/example_dags/example_datasets.py for tasks to queue
[2024-02-15T23:58:13.237+0000] {logging_mixin.py:188} INFO - [2024-02-15T23:58:13.237+0000] {dagbag.py:538} INFO - Filling up the DagBag from /home/airflow/.local/lib/python3.8/site-packages/airflow/example_dags/example_datasets.py
[2024-02-15T23:58:13.243+0000] {processor.py:840} INFO - DAG(s) 'dataset_produces_2', 'dataset_produces_1', 'dataset_consumes_1_and_2', 'dataset_consumes_1', 'dataset_consumes_1_never_scheduled', 'dataset_consumes_unknown_never_scheduled' retrieved from /home/airflow/.local/lib/python3.8/site-packages/airflow/example_dags/example_datasets.py
[2024-02-15T23:58:13.267+0000] {logging_mixin.py:188} INFO - [2024-02-15T23:58:13.267+0000] {dag.py:3036} INFO - Sync 6 DAGs
[2024-02-15T23:58:13.283+0000] {logging_mixin.py:188} INFO - [2024-02-15T23:58:13.283+0000] {dag.py:3823} INFO - Setting next_dagrun for dataset_consumes_1 to None, run_after=None
[2024-02-15T23:58:13.286+0000] {logging_mixin.py:188} INFO - [2024-02-15T23:58:13.286+0000] {dag.py:3823} INFO - Setting next_dagrun for dataset_consumes_1_and_2 to None, run_after=None
[2024-02-15T23:58:13.287+0000] {logging_mixin.py:188} INFO - [2024-02-15T23:58:13.287+0000] {dag.py:3823} INFO - Setting next_dagrun for dataset_consumes_1_never_scheduled to None, run_after=None
[2024-02-15T23:58:13.288+0000] {logging_mixin.py:188} INFO - [2024-02-15T23:58:13.288+0000] {dag.py:3823} INFO - Setting next_dagrun for dataset_consumes_unknown_never_scheduled to None, run_after=None
[2024-02-15T23:58:13.290+0000] {logging_mixin.py:188} INFO - [2024-02-15T23:58:13.290+0000] {dag.py:3823} INFO - Setting next_dagrun for dataset_produces_1 to 2024-02-14 00:00:00+00:00, run_after=2024-02-15 00:00:00+00:00
[2024-02-15T23:58:13.292+0000] {logging_mixin.py:188} INFO - [2024-02-15T23:58:13.291+0000] {dag.py:3823} INFO - Setting next_dagrun for dataset_produces_2 to None, run_after=None
[2024-02-15T23:58:13.313+0000] {processor.py:183} INFO - Processing /home/airflow/.local/lib/python3.8/site-packages/airflow/example_dags/example_datasets.py took 0.080 seconds
[2024-02-15T23:58:43.380+0000] {processor.py:161} INFO - Started process (PID=1051) to work on /home/airflow/.local/lib/python3.8/site-packages/airflow/example_dags/example_datasets.py
[2024-02-15T23:58:43.380+0000] {processor.py:830} INFO - Processing file /home/airflow/.local/lib/python3.8/site-packages/airflow/example_dags/example_datasets.py for tasks to queue
[2024-02-15T23:58:43.381+0000] {logging_mixin.py:188} INFO - [2024-02-15T23:58:43.381+0000] {dagbag.py:538} INFO - Filling up the DagBag from /home/airflow/.local/lib/python3.8/site-packages/airflow/example_dags/example_datasets.py
[2024-02-15T23:58:43.388+0000] {processor.py:840} INFO - DAG(s) 'dataset_consumes_1_never_scheduled', 'dataset_produces_1', 'dataset_consumes_1_and_2', 'dataset_consumes_unknown_never_scheduled', 'dataset_produces_2', 'dataset_consumes_1' retrieved from /home/airflow/.local/lib/python3.8/site-packages/airflow/example_dags/example_datasets.py
[2024-02-15T23:58:43.414+0000] {logging_mixin.py:188} INFO - [2024-02-15T23:58:43.414+0000] {dag.py:3036} INFO - Sync 6 DAGs
[2024-02-15T23:58:43.432+0000] {logging_mixin.py:188} INFO - [2024-02-15T23:58:43.431+0000] {dag.py:3823} INFO - Setting next_dagrun for dataset_consumes_1 to None, run_after=None
[2024-02-15T23:58:43.435+0000] {logging_mixin.py:188} INFO - [2024-02-15T23:58:43.435+0000] {dag.py:3823} INFO - Setting next_dagrun for dataset_consumes_1_and_2 to None, run_after=None
[2024-02-15T23:58:43.436+0000] {logging_mixin.py:188} INFO - [2024-02-15T23:58:43.436+0000] {dag.py:3823} INFO - Setting next_dagrun for dataset_consumes_1_never_scheduled to None, run_after=None
[2024-02-15T23:58:43.437+0000] {logging_mixin.py:188} INFO - [2024-02-15T23:58:43.437+0000] {dag.py:3823} INFO - Setting next_dagrun for dataset_consumes_unknown_never_scheduled to None, run_after=None
[2024-02-15T23:58:43.440+0000] {logging_mixin.py:188} INFO - [2024-02-15T23:58:43.439+0000] {dag.py:3823} INFO - Setting next_dagrun for dataset_produces_1 to 2024-02-14 00:00:00+00:00, run_after=2024-02-15 00:00:00+00:00
[2024-02-15T23:58:43.441+0000] {logging_mixin.py:188} INFO - [2024-02-15T23:58:43.441+0000] {dag.py:3823} INFO - Setting next_dagrun for dataset_produces_2 to None, run_after=None
[2024-02-15T23:58:43.463+0000] {processor.py:183} INFO - Processing /home/airflow/.local/lib/python3.8/site-packages/airflow/example_dags/example_datasets.py took 0.086 seconds
[2024-02-15T23:59:13.524+0000] {processor.py:161} INFO - Started process (PID=1106) to work on /home/airflow/.local/lib/python3.8/site-packages/airflow/example_dags/example_datasets.py
[2024-02-15T23:59:13.525+0000] {processor.py:830} INFO - Processing file /home/airflow/.local/lib/python3.8/site-packages/airflow/example_dags/example_datasets.py for tasks to queue
[2024-02-15T23:59:13.526+0000] {logging_mixin.py:188} INFO - [2024-02-15T23:59:13.526+0000] {dagbag.py:538} INFO - Filling up the DagBag from /home/airflow/.local/lib/python3.8/site-packages/airflow/example_dags/example_datasets.py
[2024-02-15T23:59:13.532+0000] {processor.py:840} INFO - DAG(s) 'dataset_consumes_1_and_2', 'dataset_consumes_1', 'dataset_produces_1', 'dataset_consumes_1_never_scheduled', 'dataset_consumes_unknown_never_scheduled', 'dataset_produces_2' retrieved from /home/airflow/.local/lib/python3.8/site-packages/airflow/example_dags/example_datasets.py
[2024-02-15T23:59:13.557+0000] {logging_mixin.py:188} INFO - [2024-02-15T23:59:13.556+0000] {dag.py:3036} INFO - Sync 6 DAGs
[2024-02-15T23:59:13.572+0000] {logging_mixin.py:188} INFO - [2024-02-15T23:59:13.572+0000] {dag.py:3823} INFO - Setting next_dagrun for dataset_consumes_1 to None, run_after=None
[2024-02-15T23:59:13.574+0000] {logging_mixin.py:188} INFO - [2024-02-15T23:59:13.574+0000] {dag.py:3823} INFO - Setting next_dagrun for dataset_consumes_1_and_2 to None, run_after=None
[2024-02-15T23:59:13.575+0000] {logging_mixin.py:188} INFO - [2024-02-15T23:59:13.575+0000] {dag.py:3823} INFO - Setting next_dagrun for dataset_consumes_1_never_scheduled to None, run_after=None
[2024-02-15T23:59:13.576+0000] {logging_mixin.py:188} INFO - [2024-02-15T23:59:13.576+0000] {dag.py:3823} INFO - Setting next_dagrun for dataset_consumes_unknown_never_scheduled to None, run_after=None
[2024-02-15T23:59:13.578+0000] {logging_mixin.py:188} INFO - [2024-02-15T23:59:13.578+0000] {dag.py:3823} INFO - Setting next_dagrun for dataset_produces_1 to 2024-02-14 00:00:00+00:00, run_after=2024-02-15 00:00:00+00:00
[2024-02-15T23:59:13.579+0000] {logging_mixin.py:188} INFO - [2024-02-15T23:59:13.579+0000] {dag.py:3823} INFO - Setting next_dagrun for dataset_produces_2 to None, run_after=None
[2024-02-15T23:59:13.604+0000] {processor.py:183} INFO - Processing /home/airflow/.local/lib/python3.8/site-packages/airflow/example_dags/example_datasets.py took 0.081 seconds
[2024-02-15T23:59:43.622+0000] {processor.py:161} INFO - Started process (PID=1161) to work on /home/airflow/.local/lib/python3.8/site-packages/airflow/example_dags/example_datasets.py
[2024-02-15T23:59:43.623+0000] {processor.py:830} INFO - Processing file /home/airflow/.local/lib/python3.8/site-packages/airflow/example_dags/example_datasets.py for tasks to queue
[2024-02-15T23:59:43.624+0000] {logging_mixin.py:188} INFO - [2024-02-15T23:59:43.623+0000] {dagbag.py:538} INFO - Filling up the DagBag from /home/airflow/.local/lib/python3.8/site-packages/airflow/example_dags/example_datasets.py
[2024-02-15T23:59:43.629+0000] {processor.py:840} INFO - DAG(s) 'dataset_consumes_1_and_2', 'dataset_consumes_unknown_never_scheduled', 'dataset_consumes_1', 'dataset_consumes_1_never_scheduled', 'dataset_produces_2', 'dataset_produces_1' retrieved from /home/airflow/.local/lib/python3.8/site-packages/airflow/example_dags/example_datasets.py
[2024-02-15T23:59:43.656+0000] {logging_mixin.py:188} INFO - [2024-02-15T23:59:43.656+0000] {dag.py:3036} INFO - Sync 6 DAGs
[2024-02-15T23:59:43.671+0000] {logging_mixin.py:188} INFO - [2024-02-15T23:59:43.671+0000] {dag.py:3823} INFO - Setting next_dagrun for dataset_consumes_1 to None, run_after=None
[2024-02-15T23:59:43.673+0000] {logging_mixin.py:188} INFO - [2024-02-15T23:59:43.673+0000] {dag.py:3823} INFO - Setting next_dagrun for dataset_consumes_1_and_2 to None, run_after=None
[2024-02-15T23:59:43.674+0000] {logging_mixin.py:188} INFO - [2024-02-15T23:59:43.674+0000] {dag.py:3823} INFO - Setting next_dagrun for dataset_consumes_1_never_scheduled to None, run_after=None
[2024-02-15T23:59:43.675+0000] {logging_mixin.py:188} INFO - [2024-02-15T23:59:43.675+0000] {dag.py:3823} INFO - Setting next_dagrun for dataset_consumes_unknown_never_scheduled to None, run_after=None
[2024-02-15T23:59:43.677+0000] {logging_mixin.py:188} INFO - [2024-02-15T23:59:43.677+0000] {dag.py:3823} INFO - Setting next_dagrun for dataset_produces_1 to 2024-02-14 00:00:00+00:00, run_after=2024-02-15 00:00:00+00:00
[2024-02-15T23:59:43.678+0000] {logging_mixin.py:188} INFO - [2024-02-15T23:59:43.678+0000] {dag.py:3823} INFO - Setting next_dagrun for dataset_produces_2 to None, run_after=None
[2024-02-15T23:59:43.699+0000] {processor.py:183} INFO - Processing /home/airflow/.local/lib/python3.8/site-packages/airflow/example_dags/example_datasets.py took 0.079 seconds
