[2024-02-15T23:49:39.866+0000] {processor.py:161} INFO - Started process (PID=77) to work on /home/airflow/.local/lib/python3.8/site-packages/airflow/example_dags/example_sla_dag.py
[2024-02-15T23:49:39.866+0000] {processor.py:830} INFO - Processing file /home/airflow/.local/lib/python3.8/site-packages/airflow/example_dags/example_sla_dag.py for tasks to queue
[2024-02-15T23:49:39.867+0000] {logging_mixin.py:188} INFO - [2024-02-15T23:49:39.867+0000] {dagbag.py:538} INFO - Filling up the DagBag from /home/airflow/.local/lib/python3.8/site-packages/airflow/example_dags/example_sla_dag.py
[2024-02-15T23:49:39.875+0000] {processor.py:840} INFO - DAG(s) 'example_sla_dag' retrieved from /home/airflow/.local/lib/python3.8/site-packages/airflow/example_dags/example_sla_dag.py
[2024-02-15T23:49:39.949+0000] {logging_mixin.py:188} INFO - [2024-02-15T23:49:39.948+0000] {override.py:1769} INFO - Created Permission View: can delete on DAG:example_sla_dag
[2024-02-15T23:49:39.957+0000] {logging_mixin.py:188} INFO - [2024-02-15T23:49:39.957+0000] {override.py:1769} INFO - Created Permission View: can read on DAG:example_sla_dag
[2024-02-15T23:49:39.962+0000] {logging_mixin.py:188} INFO - [2024-02-15T23:49:39.962+0000] {override.py:1769} INFO - Created Permission View: can edit on DAG:example_sla_dag
[2024-02-15T23:49:39.963+0000] {logging_mixin.py:188} INFO - [2024-02-15T23:49:39.963+0000] {dag.py:3036} INFO - Sync 1 DAGs
[2024-02-15T23:49:39.971+0000] {logging_mixin.py:188} INFO - [2024-02-15T23:49:39.971+0000] {dag.py:3058} INFO - Creating ORM DAG for example_sla_dag
[2024-02-15T23:49:39.982+0000] {logging_mixin.py:188} INFO - [2024-02-15T23:49:39.981+0000] {dag.py:3823} INFO - Setting next_dagrun for example_sla_dag to 2024-02-15 23:46:00+00:00, run_after=2024-02-15 23:48:00+00:00
[2024-02-15T23:49:39.993+0000] {processor.py:183} INFO - Processing /home/airflow/.local/lib/python3.8/site-packages/airflow/example_dags/example_sla_dag.py took 0.129 seconds
[2024-02-15T23:50:10.445+0000] {processor.py:161} INFO - Started process (PID=132) to work on /home/airflow/.local/lib/python3.8/site-packages/airflow/example_dags/example_sla_dag.py
[2024-02-15T23:50:10.446+0000] {processor.py:830} INFO - Processing file /home/airflow/.local/lib/python3.8/site-packages/airflow/example_dags/example_sla_dag.py for tasks to queue
[2024-02-15T23:50:10.447+0000] {logging_mixin.py:188} INFO - [2024-02-15T23:50:10.447+0000] {dagbag.py:538} INFO - Filling up the DagBag from /home/airflow/.local/lib/python3.8/site-packages/airflow/example_dags/example_sla_dag.py
[2024-02-15T23:50:10.452+0000] {processor.py:840} INFO - DAG(s) 'example_sla_dag' retrieved from /home/airflow/.local/lib/python3.8/site-packages/airflow/example_dags/example_sla_dag.py
[2024-02-15T23:50:10.464+0000] {logging_mixin.py:188} INFO - [2024-02-15T23:50:10.464+0000] {dag.py:3036} INFO - Sync 1 DAGs
[2024-02-15T23:50:10.481+0000] {logging_mixin.py:188} INFO - [2024-02-15T23:50:10.481+0000] {dag.py:3823} INFO - Setting next_dagrun for example_sla_dag to 2024-02-15 23:48:00+00:00, run_after=2024-02-15 23:50:00+00:00
[2024-02-15T23:50:10.495+0000] {processor.py:183} INFO - Processing /home/airflow/.local/lib/python3.8/site-packages/airflow/example_dags/example_sla_dag.py took 0.052 seconds
[2024-02-15T23:50:40.852+0000] {processor.py:161} INFO - Started process (PID=187) to work on /home/airflow/.local/lib/python3.8/site-packages/airflow/example_dags/example_sla_dag.py
[2024-02-15T23:50:40.853+0000] {processor.py:830} INFO - Processing file /home/airflow/.local/lib/python3.8/site-packages/airflow/example_dags/example_sla_dag.py for tasks to queue
[2024-02-15T23:50:40.854+0000] {logging_mixin.py:188} INFO - [2024-02-15T23:50:40.854+0000] {dagbag.py:538} INFO - Filling up the DagBag from /home/airflow/.local/lib/python3.8/site-packages/airflow/example_dags/example_sla_dag.py
[2024-02-15T23:50:40.859+0000] {processor.py:840} INFO - DAG(s) 'example_sla_dag' retrieved from /home/airflow/.local/lib/python3.8/site-packages/airflow/example_dags/example_sla_dag.py
[2024-02-15T23:50:40.872+0000] {logging_mixin.py:188} INFO - [2024-02-15T23:50:40.872+0000] {dag.py:3036} INFO - Sync 1 DAGs
[2024-02-15T23:50:40.889+0000] {logging_mixin.py:188} INFO - [2024-02-15T23:50:40.889+0000] {dag.py:3823} INFO - Setting next_dagrun for example_sla_dag to 2024-02-15 23:48:00+00:00, run_after=2024-02-15 23:50:00+00:00
[2024-02-15T23:50:40.902+0000] {processor.py:183} INFO - Processing /home/airflow/.local/lib/python3.8/site-packages/airflow/example_dags/example_sla_dag.py took 0.052 seconds
[2024-02-15T23:51:11.034+0000] {processor.py:161} INFO - Started process (PID=242) to work on /home/airflow/.local/lib/python3.8/site-packages/airflow/example_dags/example_sla_dag.py
[2024-02-15T23:51:11.035+0000] {processor.py:830} INFO - Processing file /home/airflow/.local/lib/python3.8/site-packages/airflow/example_dags/example_sla_dag.py for tasks to queue
[2024-02-15T23:51:11.036+0000] {logging_mixin.py:188} INFO - [2024-02-15T23:51:11.035+0000] {dagbag.py:538} INFO - Filling up the DagBag from /home/airflow/.local/lib/python3.8/site-packages/airflow/example_dags/example_sla_dag.py
[2024-02-15T23:51:11.041+0000] {processor.py:840} INFO - DAG(s) 'example_sla_dag' retrieved from /home/airflow/.local/lib/python3.8/site-packages/airflow/example_dags/example_sla_dag.py
[2024-02-15T23:51:11.054+0000] {logging_mixin.py:188} INFO - [2024-02-15T23:51:11.053+0000] {dag.py:3036} INFO - Sync 1 DAGs
[2024-02-15T23:51:11.070+0000] {logging_mixin.py:188} INFO - [2024-02-15T23:51:11.070+0000] {dag.py:3823} INFO - Setting next_dagrun for example_sla_dag to 2024-02-15 23:48:00+00:00, run_after=2024-02-15 23:50:00+00:00
[2024-02-15T23:51:11.083+0000] {processor.py:183} INFO - Processing /home/airflow/.local/lib/python3.8/site-packages/airflow/example_dags/example_sla_dag.py took 0.051 seconds
[2024-02-15T23:51:41.367+0000] {processor.py:161} INFO - Started process (PID=297) to work on /home/airflow/.local/lib/python3.8/site-packages/airflow/example_dags/example_sla_dag.py
[2024-02-15T23:51:41.367+0000] {processor.py:830} INFO - Processing file /home/airflow/.local/lib/python3.8/site-packages/airflow/example_dags/example_sla_dag.py for tasks to queue
[2024-02-15T23:51:41.369+0000] {logging_mixin.py:188} INFO - [2024-02-15T23:51:41.369+0000] {dagbag.py:538} INFO - Filling up the DagBag from /home/airflow/.local/lib/python3.8/site-packages/airflow/example_dags/example_sla_dag.py
[2024-02-15T23:51:41.375+0000] {processor.py:840} INFO - DAG(s) 'example_sla_dag' retrieved from /home/airflow/.local/lib/python3.8/site-packages/airflow/example_dags/example_sla_dag.py
[2024-02-15T23:51:41.389+0000] {logging_mixin.py:188} INFO - [2024-02-15T23:51:41.389+0000] {dag.py:3036} INFO - Sync 1 DAGs
[2024-02-15T23:51:41.407+0000] {logging_mixin.py:188} INFO - [2024-02-15T23:51:41.406+0000] {dag.py:3823} INFO - Setting next_dagrun for example_sla_dag to 2024-02-15 23:48:00+00:00, run_after=2024-02-15 23:50:00+00:00
[2024-02-15T23:51:41.421+0000] {processor.py:183} INFO - Processing /home/airflow/.local/lib/python3.8/site-packages/airflow/example_dags/example_sla_dag.py took 0.056 seconds
[2024-02-15T23:52:11.763+0000] {processor.py:161} INFO - Started process (PID=352) to work on /home/airflow/.local/lib/python3.8/site-packages/airflow/example_dags/example_sla_dag.py
[2024-02-15T23:52:11.764+0000] {processor.py:830} INFO - Processing file /home/airflow/.local/lib/python3.8/site-packages/airflow/example_dags/example_sla_dag.py for tasks to queue
[2024-02-15T23:52:11.765+0000] {logging_mixin.py:188} INFO - [2024-02-15T23:52:11.765+0000] {dagbag.py:538} INFO - Filling up the DagBag from /home/airflow/.local/lib/python3.8/site-packages/airflow/example_dags/example_sla_dag.py
[2024-02-15T23:52:11.771+0000] {processor.py:840} INFO - DAG(s) 'example_sla_dag' retrieved from /home/airflow/.local/lib/python3.8/site-packages/airflow/example_dags/example_sla_dag.py
[2024-02-15T23:52:11.785+0000] {logging_mixin.py:188} INFO - [2024-02-15T23:52:11.784+0000] {dag.py:3036} INFO - Sync 1 DAGs
[2024-02-15T23:52:11.802+0000] {logging_mixin.py:188} INFO - [2024-02-15T23:52:11.802+0000] {dag.py:3823} INFO - Setting next_dagrun for example_sla_dag to 2024-02-15 23:50:00+00:00, run_after=2024-02-15 23:52:00+00:00
[2024-02-15T23:52:11.816+0000] {processor.py:183} INFO - Processing /home/airflow/.local/lib/python3.8/site-packages/airflow/example_dags/example_sla_dag.py took 0.054 seconds
[2024-02-15T23:52:41.997+0000] {processor.py:161} INFO - Started process (PID=407) to work on /home/airflow/.local/lib/python3.8/site-packages/airflow/example_dags/example_sla_dag.py
[2024-02-15T23:52:41.997+0000] {processor.py:830} INFO - Processing file /home/airflow/.local/lib/python3.8/site-packages/airflow/example_dags/example_sla_dag.py for tasks to queue
[2024-02-15T23:52:41.998+0000] {logging_mixin.py:188} INFO - [2024-02-15T23:52:41.998+0000] {dagbag.py:538} INFO - Filling up the DagBag from /home/airflow/.local/lib/python3.8/site-packages/airflow/example_dags/example_sla_dag.py
[2024-02-15T23:52:42.004+0000] {processor.py:840} INFO - DAG(s) 'example_sla_dag' retrieved from /home/airflow/.local/lib/python3.8/site-packages/airflow/example_dags/example_sla_dag.py
[2024-02-15T23:52:42.016+0000] {logging_mixin.py:188} INFO - [2024-02-15T23:52:42.016+0000] {dag.py:3036} INFO - Sync 1 DAGs
[2024-02-15T23:52:42.034+0000] {logging_mixin.py:188} INFO - [2024-02-15T23:52:42.033+0000] {dag.py:3823} INFO - Setting next_dagrun for example_sla_dag to 2024-02-15 23:50:00+00:00, run_after=2024-02-15 23:52:00+00:00
[2024-02-15T23:52:42.047+0000] {processor.py:183} INFO - Processing /home/airflow/.local/lib/python3.8/site-packages/airflow/example_dags/example_sla_dag.py took 0.052 seconds
[2024-02-15T23:53:12.294+0000] {processor.py:161} INFO - Started process (PID=462) to work on /home/airflow/.local/lib/python3.8/site-packages/airflow/example_dags/example_sla_dag.py
[2024-02-15T23:53:12.294+0000] {processor.py:830} INFO - Processing file /home/airflow/.local/lib/python3.8/site-packages/airflow/example_dags/example_sla_dag.py for tasks to queue
[2024-02-15T23:53:12.295+0000] {logging_mixin.py:188} INFO - [2024-02-15T23:53:12.295+0000] {dagbag.py:538} INFO - Filling up the DagBag from /home/airflow/.local/lib/python3.8/site-packages/airflow/example_dags/example_sla_dag.py
[2024-02-15T23:53:12.301+0000] {processor.py:840} INFO - DAG(s) 'example_sla_dag' retrieved from /home/airflow/.local/lib/python3.8/site-packages/airflow/example_dags/example_sla_dag.py
[2024-02-15T23:53:12.313+0000] {logging_mixin.py:188} INFO - [2024-02-15T23:53:12.313+0000] {dag.py:3036} INFO - Sync 1 DAGs
[2024-02-15T23:53:12.330+0000] {logging_mixin.py:188} INFO - [2024-02-15T23:53:12.330+0000] {dag.py:3823} INFO - Setting next_dagrun for example_sla_dag to 2024-02-15 23:50:00+00:00, run_after=2024-02-15 23:52:00+00:00
[2024-02-15T23:53:12.343+0000] {processor.py:183} INFO - Processing /home/airflow/.local/lib/python3.8/site-packages/airflow/example_dags/example_sla_dag.py took 0.051 seconds
[2024-02-15T23:53:42.595+0000] {processor.py:161} INFO - Started process (PID=517) to work on /home/airflow/.local/lib/python3.8/site-packages/airflow/example_dags/example_sla_dag.py
[2024-02-15T23:53:42.596+0000] {processor.py:830} INFO - Processing file /home/airflow/.local/lib/python3.8/site-packages/airflow/example_dags/example_sla_dag.py for tasks to queue
[2024-02-15T23:53:42.597+0000] {logging_mixin.py:188} INFO - [2024-02-15T23:53:42.597+0000] {dagbag.py:538} INFO - Filling up the DagBag from /home/airflow/.local/lib/python3.8/site-packages/airflow/example_dags/example_sla_dag.py
[2024-02-15T23:53:42.602+0000] {processor.py:840} INFO - DAG(s) 'example_sla_dag' retrieved from /home/airflow/.local/lib/python3.8/site-packages/airflow/example_dags/example_sla_dag.py
[2024-02-15T23:53:42.615+0000] {logging_mixin.py:188} INFO - [2024-02-15T23:53:42.614+0000] {dag.py:3036} INFO - Sync 1 DAGs
[2024-02-15T23:53:42.631+0000] {logging_mixin.py:188} INFO - [2024-02-15T23:53:42.631+0000] {dag.py:3823} INFO - Setting next_dagrun for example_sla_dag to 2024-02-15 23:50:00+00:00, run_after=2024-02-15 23:52:00+00:00
[2024-02-15T23:53:42.643+0000] {processor.py:183} INFO - Processing /home/airflow/.local/lib/python3.8/site-packages/airflow/example_dags/example_sla_dag.py took 0.050 seconds
[2024-02-15T23:54:12.801+0000] {processor.py:161} INFO - Started process (PID=572) to work on /home/airflow/.local/lib/python3.8/site-packages/airflow/example_dags/example_sla_dag.py
[2024-02-15T23:54:12.802+0000] {processor.py:830} INFO - Processing file /home/airflow/.local/lib/python3.8/site-packages/airflow/example_dags/example_sla_dag.py for tasks to queue
[2024-02-15T23:54:12.803+0000] {logging_mixin.py:188} INFO - [2024-02-15T23:54:12.803+0000] {dagbag.py:538} INFO - Filling up the DagBag from /home/airflow/.local/lib/python3.8/site-packages/airflow/example_dags/example_sla_dag.py
[2024-02-15T23:54:12.808+0000] {processor.py:840} INFO - DAG(s) 'example_sla_dag' retrieved from /home/airflow/.local/lib/python3.8/site-packages/airflow/example_dags/example_sla_dag.py
[2024-02-15T23:54:12.821+0000] {logging_mixin.py:188} INFO - [2024-02-15T23:54:12.821+0000] {dag.py:3036} INFO - Sync 1 DAGs
[2024-02-15T23:54:12.840+0000] {logging_mixin.py:188} INFO - [2024-02-15T23:54:12.840+0000] {dag.py:3823} INFO - Setting next_dagrun for example_sla_dag to 2024-02-15 23:52:00+00:00, run_after=2024-02-15 23:54:00+00:00
[2024-02-15T23:54:12.853+0000] {processor.py:183} INFO - Processing /home/airflow/.local/lib/python3.8/site-packages/airflow/example_dags/example_sla_dag.py took 0.054 seconds
[2024-02-15T23:54:43.025+0000] {processor.py:161} INFO - Started process (PID=627) to work on /home/airflow/.local/lib/python3.8/site-packages/airflow/example_dags/example_sla_dag.py
[2024-02-15T23:54:43.026+0000] {processor.py:830} INFO - Processing file /home/airflow/.local/lib/python3.8/site-packages/airflow/example_dags/example_sla_dag.py for tasks to queue
[2024-02-15T23:54:43.027+0000] {logging_mixin.py:188} INFO - [2024-02-15T23:54:43.027+0000] {dagbag.py:538} INFO - Filling up the DagBag from /home/airflow/.local/lib/python3.8/site-packages/airflow/example_dags/example_sla_dag.py
[2024-02-15T23:54:43.032+0000] {processor.py:840} INFO - DAG(s) 'example_sla_dag' retrieved from /home/airflow/.local/lib/python3.8/site-packages/airflow/example_dags/example_sla_dag.py
[2024-02-15T23:54:43.045+0000] {logging_mixin.py:188} INFO - [2024-02-15T23:54:43.045+0000] {dag.py:3036} INFO - Sync 1 DAGs
[2024-02-15T23:54:43.062+0000] {logging_mixin.py:188} INFO - [2024-02-15T23:54:43.062+0000] {dag.py:3823} INFO - Setting next_dagrun for example_sla_dag to 2024-02-15 23:52:00+00:00, run_after=2024-02-15 23:54:00+00:00
[2024-02-15T23:54:43.075+0000] {processor.py:183} INFO - Processing /home/airflow/.local/lib/python3.8/site-packages/airflow/example_dags/example_sla_dag.py took 0.051 seconds
[2024-02-15T23:55:13.224+0000] {processor.py:161} INFO - Started process (PID=682) to work on /home/airflow/.local/lib/python3.8/site-packages/airflow/example_dags/example_sla_dag.py
[2024-02-15T23:55:13.225+0000] {processor.py:830} INFO - Processing file /home/airflow/.local/lib/python3.8/site-packages/airflow/example_dags/example_sla_dag.py for tasks to queue
[2024-02-15T23:55:13.226+0000] {logging_mixin.py:188} INFO - [2024-02-15T23:55:13.226+0000] {dagbag.py:538} INFO - Filling up the DagBag from /home/airflow/.local/lib/python3.8/site-packages/airflow/example_dags/example_sla_dag.py
[2024-02-15T23:55:13.233+0000] {processor.py:840} INFO - DAG(s) 'example_sla_dag' retrieved from /home/airflow/.local/lib/python3.8/site-packages/airflow/example_dags/example_sla_dag.py
[2024-02-15T23:55:13.248+0000] {logging_mixin.py:188} INFO - [2024-02-15T23:55:13.248+0000] {dag.py:3036} INFO - Sync 1 DAGs
[2024-02-15T23:55:13.267+0000] {logging_mixin.py:188} INFO - [2024-02-15T23:55:13.267+0000] {dag.py:3823} INFO - Setting next_dagrun for example_sla_dag to 2024-02-15 23:52:00+00:00, run_after=2024-02-15 23:54:00+00:00
[2024-02-15T23:55:13.281+0000] {processor.py:183} INFO - Processing /home/airflow/.local/lib/python3.8/site-packages/airflow/example_dags/example_sla_dag.py took 0.059 seconds
[2024-02-15T23:55:43.406+0000] {processor.py:161} INFO - Started process (PID=737) to work on /home/airflow/.local/lib/python3.8/site-packages/airflow/example_dags/example_sla_dag.py
[2024-02-15T23:55:43.407+0000] {processor.py:830} INFO - Processing file /home/airflow/.local/lib/python3.8/site-packages/airflow/example_dags/example_sla_dag.py for tasks to queue
[2024-02-15T23:55:43.408+0000] {logging_mixin.py:188} INFO - [2024-02-15T23:55:43.408+0000] {dagbag.py:538} INFO - Filling up the DagBag from /home/airflow/.local/lib/python3.8/site-packages/airflow/example_dags/example_sla_dag.py
[2024-02-15T23:55:43.413+0000] {processor.py:840} INFO - DAG(s) 'example_sla_dag' retrieved from /home/airflow/.local/lib/python3.8/site-packages/airflow/example_dags/example_sla_dag.py
[2024-02-15T23:55:43.425+0000] {logging_mixin.py:188} INFO - [2024-02-15T23:55:43.425+0000] {dag.py:3036} INFO - Sync 1 DAGs
[2024-02-15T23:55:43.442+0000] {logging_mixin.py:188} INFO - [2024-02-15T23:55:43.442+0000] {dag.py:3823} INFO - Setting next_dagrun for example_sla_dag to 2024-02-15 23:52:00+00:00, run_after=2024-02-15 23:54:00+00:00
[2024-02-15T23:55:43.455+0000] {processor.py:183} INFO - Processing /home/airflow/.local/lib/python3.8/site-packages/airflow/example_dags/example_sla_dag.py took 0.050 seconds
[2024-02-15T23:56:13.618+0000] {processor.py:161} INFO - Started process (PID=792) to work on /home/airflow/.local/lib/python3.8/site-packages/airflow/example_dags/example_sla_dag.py
[2024-02-15T23:56:13.619+0000] {processor.py:830} INFO - Processing file /home/airflow/.local/lib/python3.8/site-packages/airflow/example_dags/example_sla_dag.py for tasks to queue
[2024-02-15T23:56:13.620+0000] {logging_mixin.py:188} INFO - [2024-02-15T23:56:13.620+0000] {dagbag.py:538} INFO - Filling up the DagBag from /home/airflow/.local/lib/python3.8/site-packages/airflow/example_dags/example_sla_dag.py
[2024-02-15T23:56:13.625+0000] {processor.py:840} INFO - DAG(s) 'example_sla_dag' retrieved from /home/airflow/.local/lib/python3.8/site-packages/airflow/example_dags/example_sla_dag.py
[2024-02-15T23:56:13.637+0000] {logging_mixin.py:188} INFO - [2024-02-15T23:56:13.637+0000] {dag.py:3036} INFO - Sync 1 DAGs
[2024-02-15T23:56:13.654+0000] {logging_mixin.py:188} INFO - [2024-02-15T23:56:13.653+0000] {dag.py:3823} INFO - Setting next_dagrun for example_sla_dag to 2024-02-15 23:54:00+00:00, run_after=2024-02-15 23:56:00+00:00
[2024-02-15T23:56:13.668+0000] {processor.py:183} INFO - Processing /home/airflow/.local/lib/python3.8/site-packages/airflow/example_dags/example_sla_dag.py took 0.051 seconds
[2024-02-15T23:56:43.971+0000] {processor.py:161} INFO - Started process (PID=847) to work on /home/airflow/.local/lib/python3.8/site-packages/airflow/example_dags/example_sla_dag.py
[2024-02-15T23:56:43.971+0000] {processor.py:830} INFO - Processing file /home/airflow/.local/lib/python3.8/site-packages/airflow/example_dags/example_sla_dag.py for tasks to queue
[2024-02-15T23:56:43.972+0000] {logging_mixin.py:188} INFO - [2024-02-15T23:56:43.972+0000] {dagbag.py:538} INFO - Filling up the DagBag from /home/airflow/.local/lib/python3.8/site-packages/airflow/example_dags/example_sla_dag.py
[2024-02-15T23:56:43.977+0000] {processor.py:840} INFO - DAG(s) 'example_sla_dag' retrieved from /home/airflow/.local/lib/python3.8/site-packages/airflow/example_dags/example_sla_dag.py
[2024-02-15T23:56:43.989+0000] {logging_mixin.py:188} INFO - [2024-02-15T23:56:43.989+0000] {dag.py:3036} INFO - Sync 1 DAGs
[2024-02-15T23:56:44.006+0000] {logging_mixin.py:188} INFO - [2024-02-15T23:56:44.006+0000] {dag.py:3823} INFO - Setting next_dagrun for example_sla_dag to 2024-02-15 23:54:00+00:00, run_after=2024-02-15 23:56:00+00:00
[2024-02-15T23:56:44.019+0000] {processor.py:183} INFO - Processing /home/airflow/.local/lib/python3.8/site-packages/airflow/example_dags/example_sla_dag.py took 0.050 seconds
[2024-02-15T23:57:14.383+0000] {processor.py:161} INFO - Started process (PID=902) to work on /home/airflow/.local/lib/python3.8/site-packages/airflow/example_dags/example_sla_dag.py
[2024-02-15T23:57:14.384+0000] {processor.py:830} INFO - Processing file /home/airflow/.local/lib/python3.8/site-packages/airflow/example_dags/example_sla_dag.py for tasks to queue
[2024-02-15T23:57:14.385+0000] {logging_mixin.py:188} INFO - [2024-02-15T23:57:14.385+0000] {dagbag.py:538} INFO - Filling up the DagBag from /home/airflow/.local/lib/python3.8/site-packages/airflow/example_dags/example_sla_dag.py
[2024-02-15T23:57:14.390+0000] {processor.py:840} INFO - DAG(s) 'example_sla_dag' retrieved from /home/airflow/.local/lib/python3.8/site-packages/airflow/example_dags/example_sla_dag.py
[2024-02-15T23:57:14.403+0000] {logging_mixin.py:188} INFO - [2024-02-15T23:57:14.403+0000] {dag.py:3036} INFO - Sync 1 DAGs
[2024-02-15T23:57:14.420+0000] {logging_mixin.py:188} INFO - [2024-02-15T23:57:14.420+0000] {dag.py:3823} INFO - Setting next_dagrun for example_sla_dag to 2024-02-15 23:54:00+00:00, run_after=2024-02-15 23:56:00+00:00
[2024-02-15T23:57:14.433+0000] {processor.py:183} INFO - Processing /home/airflow/.local/lib/python3.8/site-packages/airflow/example_dags/example_sla_dag.py took 0.052 seconds
[2024-02-15T23:57:44.664+0000] {processor.py:161} INFO - Started process (PID=957) to work on /home/airflow/.local/lib/python3.8/site-packages/airflow/example_dags/example_sla_dag.py
[2024-02-15T23:57:44.665+0000] {processor.py:830} INFO - Processing file /home/airflow/.local/lib/python3.8/site-packages/airflow/example_dags/example_sla_dag.py for tasks to queue
[2024-02-15T23:57:44.666+0000] {logging_mixin.py:188} INFO - [2024-02-15T23:57:44.666+0000] {dagbag.py:538} INFO - Filling up the DagBag from /home/airflow/.local/lib/python3.8/site-packages/airflow/example_dags/example_sla_dag.py
[2024-02-15T23:57:44.672+0000] {processor.py:840} INFO - DAG(s) 'example_sla_dag' retrieved from /home/airflow/.local/lib/python3.8/site-packages/airflow/example_dags/example_sla_dag.py
[2024-02-15T23:57:44.684+0000] {logging_mixin.py:188} INFO - [2024-02-15T23:57:44.684+0000] {dag.py:3036} INFO - Sync 1 DAGs
[2024-02-15T23:57:44.701+0000] {logging_mixin.py:188} INFO - [2024-02-15T23:57:44.701+0000] {dag.py:3823} INFO - Setting next_dagrun for example_sla_dag to 2024-02-15 23:54:00+00:00, run_after=2024-02-15 23:56:00+00:00
[2024-02-15T23:57:44.714+0000] {processor.py:183} INFO - Processing /home/airflow/.local/lib/python3.8/site-packages/airflow/example_dags/example_sla_dag.py took 0.051 seconds
[2024-02-15T23:58:14.864+0000] {processor.py:161} INFO - Started process (PID=1012) to work on /home/airflow/.local/lib/python3.8/site-packages/airflow/example_dags/example_sla_dag.py
[2024-02-15T23:58:14.865+0000] {processor.py:830} INFO - Processing file /home/airflow/.local/lib/python3.8/site-packages/airflow/example_dags/example_sla_dag.py for tasks to queue
[2024-02-15T23:58:14.866+0000] {logging_mixin.py:188} INFO - [2024-02-15T23:58:14.866+0000] {dagbag.py:538} INFO - Filling up the DagBag from /home/airflow/.local/lib/python3.8/site-packages/airflow/example_dags/example_sla_dag.py
[2024-02-15T23:58:14.871+0000] {processor.py:840} INFO - DAG(s) 'example_sla_dag' retrieved from /home/airflow/.local/lib/python3.8/site-packages/airflow/example_dags/example_sla_dag.py
[2024-02-15T23:58:14.884+0000] {logging_mixin.py:188} INFO - [2024-02-15T23:58:14.884+0000] {dag.py:3036} INFO - Sync 1 DAGs
[2024-02-15T23:58:14.900+0000] {logging_mixin.py:188} INFO - [2024-02-15T23:58:14.900+0000] {dag.py:3823} INFO - Setting next_dagrun for example_sla_dag to 2024-02-15 23:56:00+00:00, run_after=2024-02-15 23:58:00+00:00
[2024-02-15T23:58:14.912+0000] {processor.py:183} INFO - Processing /home/airflow/.local/lib/python3.8/site-packages/airflow/example_dags/example_sla_dag.py took 0.049 seconds
[2024-02-15T23:58:45.071+0000] {processor.py:161} INFO - Started process (PID=1067) to work on /home/airflow/.local/lib/python3.8/site-packages/airflow/example_dags/example_sla_dag.py
[2024-02-15T23:58:45.072+0000] {processor.py:830} INFO - Processing file /home/airflow/.local/lib/python3.8/site-packages/airflow/example_dags/example_sla_dag.py for tasks to queue
[2024-02-15T23:58:45.073+0000] {logging_mixin.py:188} INFO - [2024-02-15T23:58:45.073+0000] {dagbag.py:538} INFO - Filling up the DagBag from /home/airflow/.local/lib/python3.8/site-packages/airflow/example_dags/example_sla_dag.py
[2024-02-15T23:58:45.078+0000] {processor.py:840} INFO - DAG(s) 'example_sla_dag' retrieved from /home/airflow/.local/lib/python3.8/site-packages/airflow/example_dags/example_sla_dag.py
[2024-02-15T23:58:45.092+0000] {logging_mixin.py:188} INFO - [2024-02-15T23:58:45.092+0000] {dag.py:3036} INFO - Sync 1 DAGs
[2024-02-15T23:58:45.110+0000] {logging_mixin.py:188} INFO - [2024-02-15T23:58:45.110+0000] {dag.py:3823} INFO - Setting next_dagrun for example_sla_dag to 2024-02-15 23:56:00+00:00, run_after=2024-02-15 23:58:00+00:00
[2024-02-15T23:58:45.124+0000] {processor.py:183} INFO - Processing /home/airflow/.local/lib/python3.8/site-packages/airflow/example_dags/example_sla_dag.py took 0.054 seconds
[2024-02-15T23:59:15.151+0000] {processor.py:161} INFO - Started process (PID=1122) to work on /home/airflow/.local/lib/python3.8/site-packages/airflow/example_dags/example_sla_dag.py
[2024-02-15T23:59:15.151+0000] {processor.py:830} INFO - Processing file /home/airflow/.local/lib/python3.8/site-packages/airflow/example_dags/example_sla_dag.py for tasks to queue
[2024-02-15T23:59:15.152+0000] {logging_mixin.py:188} INFO - [2024-02-15T23:59:15.152+0000] {dagbag.py:538} INFO - Filling up the DagBag from /home/airflow/.local/lib/python3.8/site-packages/airflow/example_dags/example_sla_dag.py
[2024-02-15T23:59:15.157+0000] {processor.py:840} INFO - DAG(s) 'example_sla_dag' retrieved from /home/airflow/.local/lib/python3.8/site-packages/airflow/example_dags/example_sla_dag.py
[2024-02-15T23:59:15.168+0000] {logging_mixin.py:188} INFO - [2024-02-15T23:59:15.168+0000] {dag.py:3036} INFO - Sync 1 DAGs
[2024-02-15T23:59:15.184+0000] {logging_mixin.py:188} INFO - [2024-02-15T23:59:15.184+0000] {dag.py:3823} INFO - Setting next_dagrun for example_sla_dag to 2024-02-15 23:56:00+00:00, run_after=2024-02-15 23:58:00+00:00
[2024-02-15T23:59:15.197+0000] {processor.py:183} INFO - Processing /home/airflow/.local/lib/python3.8/site-packages/airflow/example_dags/example_sla_dag.py took 0.048 seconds
[2024-02-15T23:59:45.347+0000] {processor.py:161} INFO - Started process (PID=1177) to work on /home/airflow/.local/lib/python3.8/site-packages/airflow/example_dags/example_sla_dag.py
[2024-02-15T23:59:45.348+0000] {processor.py:830} INFO - Processing file /home/airflow/.local/lib/python3.8/site-packages/airflow/example_dags/example_sla_dag.py for tasks to queue
[2024-02-15T23:59:45.349+0000] {logging_mixin.py:188} INFO - [2024-02-15T23:59:45.348+0000] {dagbag.py:538} INFO - Filling up the DagBag from /home/airflow/.local/lib/python3.8/site-packages/airflow/example_dags/example_sla_dag.py
[2024-02-15T23:59:45.354+0000] {processor.py:840} INFO - DAG(s) 'example_sla_dag' retrieved from /home/airflow/.local/lib/python3.8/site-packages/airflow/example_dags/example_sla_dag.py
[2024-02-15T23:59:45.367+0000] {logging_mixin.py:188} INFO - [2024-02-15T23:59:45.367+0000] {dag.py:3036} INFO - Sync 1 DAGs
[2024-02-15T23:59:45.385+0000] {logging_mixin.py:188} INFO - [2024-02-15T23:59:45.385+0000] {dag.py:3823} INFO - Setting next_dagrun for example_sla_dag to 2024-02-15 23:56:00+00:00, run_after=2024-02-15 23:58:00+00:00
[2024-02-15T23:59:45.399+0000] {processor.py:183} INFO - Processing /home/airflow/.local/lib/python3.8/site-packages/airflow/example_dags/example_sla_dag.py took 0.054 seconds
