[2024-02-15T23:49:40.633+0000] {processor.py:161} INFO - Started process (PID=86) to work on /home/airflow/.local/lib/python3.8/site-packages/airflow/example_dags/example_trigger_controller_dag.py
[2024-02-15T23:49:40.634+0000] {processor.py:830} INFO - Processing file /home/airflow/.local/lib/python3.8/site-packages/airflow/example_dags/example_trigger_controller_dag.py for tasks to queue
[2024-02-15T23:49:40.636+0000] {logging_mixin.py:188} INFO - [2024-02-15T23:49:40.635+0000] {dagbag.py:538} INFO - Filling up the DagBag from /home/airflow/.local/lib/python3.8/site-packages/airflow/example_dags/example_trigger_controller_dag.py
[2024-02-15T23:49:40.641+0000] {processor.py:840} INFO - DAG(s) 'example_trigger_controller_dag' retrieved from /home/airflow/.local/lib/python3.8/site-packages/airflow/example_dags/example_trigger_controller_dag.py
[2024-02-15T23:49:40.715+0000] {logging_mixin.py:188} INFO - [2024-02-15T23:49:40.715+0000] {override.py:1769} INFO - Created Permission View: can delete on DAG:example_trigger_controller_dag
[2024-02-15T23:49:40.723+0000] {logging_mixin.py:188} INFO - [2024-02-15T23:49:40.722+0000] {override.py:1769} INFO - Created Permission View: can read on DAG:example_trigger_controller_dag
[2024-02-15T23:49:40.728+0000] {logging_mixin.py:188} INFO - [2024-02-15T23:49:40.727+0000] {override.py:1769} INFO - Created Permission View: can edit on DAG:example_trigger_controller_dag
[2024-02-15T23:49:40.728+0000] {logging_mixin.py:188} INFO - [2024-02-15T23:49:40.728+0000] {dag.py:3036} INFO - Sync 1 DAGs
[2024-02-15T23:49:40.736+0000] {logging_mixin.py:188} INFO - [2024-02-15T23:49:40.735+0000] {dag.py:3058} INFO - Creating ORM DAG for example_trigger_controller_dag
[2024-02-15T23:49:40.743+0000] {logging_mixin.py:188} INFO - [2024-02-15T23:49:40.743+0000] {dag.py:3823} INFO - Setting next_dagrun for example_trigger_controller_dag to 2021-01-01 00:00:00+00:00, run_after=2021-01-01 00:00:00+00:00
[2024-02-15T23:49:40.755+0000] {processor.py:183} INFO - Processing /home/airflow/.local/lib/python3.8/site-packages/airflow/example_dags/example_trigger_controller_dag.py took 0.123 seconds
[2024-02-15T23:50:10.874+0000] {processor.py:161} INFO - Started process (PID=141) to work on /home/airflow/.local/lib/python3.8/site-packages/airflow/example_dags/example_trigger_controller_dag.py
[2024-02-15T23:50:10.875+0000] {processor.py:830} INFO - Processing file /home/airflow/.local/lib/python3.8/site-packages/airflow/example_dags/example_trigger_controller_dag.py for tasks to queue
[2024-02-15T23:50:10.876+0000] {logging_mixin.py:188} INFO - [2024-02-15T23:50:10.876+0000] {dagbag.py:538} INFO - Filling up the DagBag from /home/airflow/.local/lib/python3.8/site-packages/airflow/example_dags/example_trigger_controller_dag.py
[2024-02-15T23:50:10.879+0000] {processor.py:840} INFO - DAG(s) 'example_trigger_controller_dag' retrieved from /home/airflow/.local/lib/python3.8/site-packages/airflow/example_dags/example_trigger_controller_dag.py
[2024-02-15T23:50:10.892+0000] {logging_mixin.py:188} INFO - [2024-02-15T23:50:10.892+0000] {dag.py:3036} INFO - Sync 1 DAGs
[2024-02-15T23:50:10.906+0000] {logging_mixin.py:188} INFO - [2024-02-15T23:50:10.906+0000] {dag.py:3823} INFO - Setting next_dagrun for example_trigger_controller_dag to 2021-01-01 00:00:00+00:00, run_after=2021-01-01 00:00:00+00:00
[2024-02-15T23:50:10.919+0000] {processor.py:183} INFO - Processing /home/airflow/.local/lib/python3.8/site-packages/airflow/example_dags/example_trigger_controller_dag.py took 0.046 seconds
[2024-02-15T23:50:41.192+0000] {processor.py:161} INFO - Started process (PID=196) to work on /home/airflow/.local/lib/python3.8/site-packages/airflow/example_dags/example_trigger_controller_dag.py
[2024-02-15T23:50:41.193+0000] {processor.py:830} INFO - Processing file /home/airflow/.local/lib/python3.8/site-packages/airflow/example_dags/example_trigger_controller_dag.py for tasks to queue
[2024-02-15T23:50:41.194+0000] {logging_mixin.py:188} INFO - [2024-02-15T23:50:41.194+0000] {dagbag.py:538} INFO - Filling up the DagBag from /home/airflow/.local/lib/python3.8/site-packages/airflow/example_dags/example_trigger_controller_dag.py
[2024-02-15T23:50:41.197+0000] {processor.py:840} INFO - DAG(s) 'example_trigger_controller_dag' retrieved from /home/airflow/.local/lib/python3.8/site-packages/airflow/example_dags/example_trigger_controller_dag.py
[2024-02-15T23:50:41.209+0000] {logging_mixin.py:188} INFO - [2024-02-15T23:50:41.209+0000] {dag.py:3036} INFO - Sync 1 DAGs
[2024-02-15T23:50:41.225+0000] {logging_mixin.py:188} INFO - [2024-02-15T23:50:41.225+0000] {dag.py:3823} INFO - Setting next_dagrun for example_trigger_controller_dag to 2021-01-01 00:00:00+00:00, run_after=2021-01-01 00:00:00+00:00
[2024-02-15T23:50:41.237+0000] {processor.py:183} INFO - Processing /home/airflow/.local/lib/python3.8/site-packages/airflow/example_dags/example_trigger_controller_dag.py took 0.047 seconds
[2024-02-15T23:51:11.483+0000] {processor.py:161} INFO - Started process (PID=251) to work on /home/airflow/.local/lib/python3.8/site-packages/airflow/example_dags/example_trigger_controller_dag.py
[2024-02-15T23:51:11.484+0000] {processor.py:830} INFO - Processing file /home/airflow/.local/lib/python3.8/site-packages/airflow/example_dags/example_trigger_controller_dag.py for tasks to queue
[2024-02-15T23:51:11.485+0000] {logging_mixin.py:188} INFO - [2024-02-15T23:51:11.485+0000] {dagbag.py:538} INFO - Filling up the DagBag from /home/airflow/.local/lib/python3.8/site-packages/airflow/example_dags/example_trigger_controller_dag.py
[2024-02-15T23:51:11.488+0000] {processor.py:840} INFO - DAG(s) 'example_trigger_controller_dag' retrieved from /home/airflow/.local/lib/python3.8/site-packages/airflow/example_dags/example_trigger_controller_dag.py
[2024-02-15T23:51:11.501+0000] {logging_mixin.py:188} INFO - [2024-02-15T23:51:11.500+0000] {dag.py:3036} INFO - Sync 1 DAGs
[2024-02-15T23:51:11.516+0000] {logging_mixin.py:188} INFO - [2024-02-15T23:51:11.516+0000] {dag.py:3823} INFO - Setting next_dagrun for example_trigger_controller_dag to 2021-01-01 00:00:00+00:00, run_after=2021-01-01 00:00:00+00:00
[2024-02-15T23:51:11.529+0000] {processor.py:183} INFO - Processing /home/airflow/.local/lib/python3.8/site-packages/airflow/example_dags/example_trigger_controller_dag.py took 0.048 seconds
[2024-02-15T23:51:41.762+0000] {processor.py:161} INFO - Started process (PID=306) to work on /home/airflow/.local/lib/python3.8/site-packages/airflow/example_dags/example_trigger_controller_dag.py
[2024-02-15T23:51:41.763+0000] {processor.py:830} INFO - Processing file /home/airflow/.local/lib/python3.8/site-packages/airflow/example_dags/example_trigger_controller_dag.py for tasks to queue
[2024-02-15T23:51:41.764+0000] {logging_mixin.py:188} INFO - [2024-02-15T23:51:41.764+0000] {dagbag.py:538} INFO - Filling up the DagBag from /home/airflow/.local/lib/python3.8/site-packages/airflow/example_dags/example_trigger_controller_dag.py
[2024-02-15T23:51:41.767+0000] {processor.py:840} INFO - DAG(s) 'example_trigger_controller_dag' retrieved from /home/airflow/.local/lib/python3.8/site-packages/airflow/example_dags/example_trigger_controller_dag.py
[2024-02-15T23:51:41.780+0000] {logging_mixin.py:188} INFO - [2024-02-15T23:51:41.780+0000] {dag.py:3036} INFO - Sync 1 DAGs
[2024-02-15T23:51:41.796+0000] {logging_mixin.py:188} INFO - [2024-02-15T23:51:41.795+0000] {dag.py:3823} INFO - Setting next_dagrun for example_trigger_controller_dag to 2021-01-01 00:00:00+00:00, run_after=2021-01-01 00:00:00+00:00
[2024-02-15T23:51:41.808+0000] {processor.py:183} INFO - Processing /home/airflow/.local/lib/python3.8/site-packages/airflow/example_dags/example_trigger_controller_dag.py took 0.048 seconds
[2024-02-15T23:52:12.137+0000] {processor.py:161} INFO - Started process (PID=361) to work on /home/airflow/.local/lib/python3.8/site-packages/airflow/example_dags/example_trigger_controller_dag.py
[2024-02-15T23:52:12.138+0000] {processor.py:830} INFO - Processing file /home/airflow/.local/lib/python3.8/site-packages/airflow/example_dags/example_trigger_controller_dag.py for tasks to queue
[2024-02-15T23:52:12.139+0000] {logging_mixin.py:188} INFO - [2024-02-15T23:52:12.139+0000] {dagbag.py:538} INFO - Filling up the DagBag from /home/airflow/.local/lib/python3.8/site-packages/airflow/example_dags/example_trigger_controller_dag.py
[2024-02-15T23:52:12.141+0000] {processor.py:840} INFO - DAG(s) 'example_trigger_controller_dag' retrieved from /home/airflow/.local/lib/python3.8/site-packages/airflow/example_dags/example_trigger_controller_dag.py
[2024-02-15T23:52:12.154+0000] {logging_mixin.py:188} INFO - [2024-02-15T23:52:12.154+0000] {dag.py:3036} INFO - Sync 1 DAGs
[2024-02-15T23:52:12.170+0000] {logging_mixin.py:188} INFO - [2024-02-15T23:52:12.169+0000] {dag.py:3823} INFO - Setting next_dagrun for example_trigger_controller_dag to 2021-01-01 00:00:00+00:00, run_after=2021-01-01 00:00:00+00:00
[2024-02-15T23:52:12.182+0000] {processor.py:183} INFO - Processing /home/airflow/.local/lib/python3.8/site-packages/airflow/example_dags/example_trigger_controller_dag.py took 0.047 seconds
[2024-02-15T23:52:42.367+0000] {processor.py:161} INFO - Started process (PID=415) to work on /home/airflow/.local/lib/python3.8/site-packages/airflow/example_dags/example_trigger_controller_dag.py
[2024-02-15T23:52:42.368+0000] {processor.py:830} INFO - Processing file /home/airflow/.local/lib/python3.8/site-packages/airflow/example_dags/example_trigger_controller_dag.py for tasks to queue
[2024-02-15T23:52:42.369+0000] {logging_mixin.py:188} INFO - [2024-02-15T23:52:42.369+0000] {dagbag.py:538} INFO - Filling up the DagBag from /home/airflow/.local/lib/python3.8/site-packages/airflow/example_dags/example_trigger_controller_dag.py
[2024-02-15T23:52:42.372+0000] {processor.py:840} INFO - DAG(s) 'example_trigger_controller_dag' retrieved from /home/airflow/.local/lib/python3.8/site-packages/airflow/example_dags/example_trigger_controller_dag.py
[2024-02-15T23:52:42.385+0000] {logging_mixin.py:188} INFO - [2024-02-15T23:52:42.385+0000] {dag.py:3036} INFO - Sync 1 DAGs
[2024-02-15T23:52:42.400+0000] {logging_mixin.py:188} INFO - [2024-02-15T23:52:42.400+0000] {dag.py:3823} INFO - Setting next_dagrun for example_trigger_controller_dag to 2021-01-01 00:00:00+00:00, run_after=2021-01-01 00:00:00+00:00
[2024-02-15T23:52:42.413+0000] {processor.py:183} INFO - Processing /home/airflow/.local/lib/python3.8/site-packages/airflow/example_dags/example_trigger_controller_dag.py took 0.048 seconds
[2024-02-15T23:53:12.586+0000] {processor.py:161} INFO - Started process (PID=469) to work on /home/airflow/.local/lib/python3.8/site-packages/airflow/example_dags/example_trigger_controller_dag.py
[2024-02-15T23:53:12.587+0000] {processor.py:830} INFO - Processing file /home/airflow/.local/lib/python3.8/site-packages/airflow/example_dags/example_trigger_controller_dag.py for tasks to queue
[2024-02-15T23:53:12.588+0000] {logging_mixin.py:188} INFO - [2024-02-15T23:53:12.588+0000] {dagbag.py:538} INFO - Filling up the DagBag from /home/airflow/.local/lib/python3.8/site-packages/airflow/example_dags/example_trigger_controller_dag.py
[2024-02-15T23:53:12.591+0000] {processor.py:840} INFO - DAG(s) 'example_trigger_controller_dag' retrieved from /home/airflow/.local/lib/python3.8/site-packages/airflow/example_dags/example_trigger_controller_dag.py
[2024-02-15T23:53:12.606+0000] {logging_mixin.py:188} INFO - [2024-02-15T23:53:12.606+0000] {dag.py:3036} INFO - Sync 1 DAGs
[2024-02-15T23:53:12.624+0000] {logging_mixin.py:188} INFO - [2024-02-15T23:53:12.623+0000] {dag.py:3823} INFO - Setting next_dagrun for example_trigger_controller_dag to 2021-01-01 00:00:00+00:00, run_after=2021-01-01 00:00:00+00:00
[2024-02-15T23:53:12.639+0000] {processor.py:183} INFO - Processing /home/airflow/.local/lib/python3.8/site-packages/airflow/example_dags/example_trigger_controller_dag.py took 0.055 seconds
[2024-02-15T23:53:42.901+0000] {processor.py:161} INFO - Started process (PID=525) to work on /home/airflow/.local/lib/python3.8/site-packages/airflow/example_dags/example_trigger_controller_dag.py
[2024-02-15T23:53:42.902+0000] {processor.py:830} INFO - Processing file /home/airflow/.local/lib/python3.8/site-packages/airflow/example_dags/example_trigger_controller_dag.py for tasks to queue
[2024-02-15T23:53:42.903+0000] {logging_mixin.py:188} INFO - [2024-02-15T23:53:42.903+0000] {dagbag.py:538} INFO - Filling up the DagBag from /home/airflow/.local/lib/python3.8/site-packages/airflow/example_dags/example_trigger_controller_dag.py
[2024-02-15T23:53:42.906+0000] {processor.py:840} INFO - DAG(s) 'example_trigger_controller_dag' retrieved from /home/airflow/.local/lib/python3.8/site-packages/airflow/example_dags/example_trigger_controller_dag.py
[2024-02-15T23:53:42.919+0000] {logging_mixin.py:188} INFO - [2024-02-15T23:53:42.918+0000] {dag.py:3036} INFO - Sync 1 DAGs
[2024-02-15T23:53:42.934+0000] {logging_mixin.py:188} INFO - [2024-02-15T23:53:42.934+0000] {dag.py:3823} INFO - Setting next_dagrun for example_trigger_controller_dag to 2021-01-01 00:00:00+00:00, run_after=2021-01-01 00:00:00+00:00
[2024-02-15T23:53:42.950+0000] {processor.py:183} INFO - Processing /home/airflow/.local/lib/python3.8/site-packages/airflow/example_dags/example_trigger_controller_dag.py took 0.051 seconds
[2024-02-15T23:54:13.157+0000] {processor.py:161} INFO - Started process (PID=581) to work on /home/airflow/.local/lib/python3.8/site-packages/airflow/example_dags/example_trigger_controller_dag.py
[2024-02-15T23:54:13.158+0000] {processor.py:830} INFO - Processing file /home/airflow/.local/lib/python3.8/site-packages/airflow/example_dags/example_trigger_controller_dag.py for tasks to queue
[2024-02-15T23:54:13.159+0000] {logging_mixin.py:188} INFO - [2024-02-15T23:54:13.159+0000] {dagbag.py:538} INFO - Filling up the DagBag from /home/airflow/.local/lib/python3.8/site-packages/airflow/example_dags/example_trigger_controller_dag.py
[2024-02-15T23:54:13.162+0000] {processor.py:840} INFO - DAG(s) 'example_trigger_controller_dag' retrieved from /home/airflow/.local/lib/python3.8/site-packages/airflow/example_dags/example_trigger_controller_dag.py
[2024-02-15T23:54:13.176+0000] {logging_mixin.py:188} INFO - [2024-02-15T23:54:13.176+0000] {dag.py:3036} INFO - Sync 1 DAGs
[2024-02-15T23:54:13.193+0000] {logging_mixin.py:188} INFO - [2024-02-15T23:54:13.192+0000] {dag.py:3823} INFO - Setting next_dagrun for example_trigger_controller_dag to 2021-01-01 00:00:00+00:00, run_after=2021-01-01 00:00:00+00:00
[2024-02-15T23:54:13.208+0000] {processor.py:183} INFO - Processing /home/airflow/.local/lib/python3.8/site-packages/airflow/example_dags/example_trigger_controller_dag.py took 0.053 seconds
[2024-02-15T23:54:43.382+0000] {processor.py:161} INFO - Started process (PID=636) to work on /home/airflow/.local/lib/python3.8/site-packages/airflow/example_dags/example_trigger_controller_dag.py
[2024-02-15T23:54:43.382+0000] {processor.py:830} INFO - Processing file /home/airflow/.local/lib/python3.8/site-packages/airflow/example_dags/example_trigger_controller_dag.py for tasks to queue
[2024-02-15T23:54:43.383+0000] {logging_mixin.py:188} INFO - [2024-02-15T23:54:43.383+0000] {dagbag.py:538} INFO - Filling up the DagBag from /home/airflow/.local/lib/python3.8/site-packages/airflow/example_dags/example_trigger_controller_dag.py
[2024-02-15T23:54:43.387+0000] {processor.py:840} INFO - DAG(s) 'example_trigger_controller_dag' retrieved from /home/airflow/.local/lib/python3.8/site-packages/airflow/example_dags/example_trigger_controller_dag.py
[2024-02-15T23:54:43.402+0000] {logging_mixin.py:188} INFO - [2024-02-15T23:54:43.401+0000] {dag.py:3036} INFO - Sync 1 DAGs
[2024-02-15T23:54:43.417+0000] {logging_mixin.py:188} INFO - [2024-02-15T23:54:43.416+0000] {dag.py:3823} INFO - Setting next_dagrun for example_trigger_controller_dag to 2021-01-01 00:00:00+00:00, run_after=2021-01-01 00:00:00+00:00
[2024-02-15T23:54:43.430+0000] {processor.py:183} INFO - Processing /home/airflow/.local/lib/python3.8/site-packages/airflow/example_dags/example_trigger_controller_dag.py took 0.050 seconds
[2024-02-15T23:55:13.772+0000] {processor.py:161} INFO - Started process (PID=691) to work on /home/airflow/.local/lib/python3.8/site-packages/airflow/example_dags/example_trigger_controller_dag.py
[2024-02-15T23:55:13.772+0000] {processor.py:830} INFO - Processing file /home/airflow/.local/lib/python3.8/site-packages/airflow/example_dags/example_trigger_controller_dag.py for tasks to queue
[2024-02-15T23:55:13.774+0000] {logging_mixin.py:188} INFO - [2024-02-15T23:55:13.773+0000] {dagbag.py:538} INFO - Filling up the DagBag from /home/airflow/.local/lib/python3.8/site-packages/airflow/example_dags/example_trigger_controller_dag.py
[2024-02-15T23:55:13.777+0000] {processor.py:840} INFO - DAG(s) 'example_trigger_controller_dag' retrieved from /home/airflow/.local/lib/python3.8/site-packages/airflow/example_dags/example_trigger_controller_dag.py
[2024-02-15T23:55:13.791+0000] {logging_mixin.py:188} INFO - [2024-02-15T23:55:13.791+0000] {dag.py:3036} INFO - Sync 1 DAGs
[2024-02-15T23:55:13.806+0000] {logging_mixin.py:188} INFO - [2024-02-15T23:55:13.806+0000] {dag.py:3823} INFO - Setting next_dagrun for example_trigger_controller_dag to 2021-01-01 00:00:00+00:00, run_after=2021-01-01 00:00:00+00:00
[2024-02-15T23:55:13.820+0000] {processor.py:183} INFO - Processing /home/airflow/.local/lib/python3.8/site-packages/airflow/example_dags/example_trigger_controller_dag.py took 0.051 seconds
[2024-02-15T23:55:44.833+0000] {processor.py:161} INFO - Started process (PID=746) to work on /home/airflow/.local/lib/python3.8/site-packages/airflow/example_dags/example_trigger_controller_dag.py
[2024-02-15T23:55:44.834+0000] {processor.py:830} INFO - Processing file /home/airflow/.local/lib/python3.8/site-packages/airflow/example_dags/example_trigger_controller_dag.py for tasks to queue
[2024-02-15T23:55:44.835+0000] {logging_mixin.py:188} INFO - [2024-02-15T23:55:44.835+0000] {dagbag.py:538} INFO - Filling up the DagBag from /home/airflow/.local/lib/python3.8/site-packages/airflow/example_dags/example_trigger_controller_dag.py
[2024-02-15T23:55:44.838+0000] {processor.py:840} INFO - DAG(s) 'example_trigger_controller_dag' retrieved from /home/airflow/.local/lib/python3.8/site-packages/airflow/example_dags/example_trigger_controller_dag.py
[2024-02-15T23:55:44.851+0000] {logging_mixin.py:188} INFO - [2024-02-15T23:55:44.850+0000] {dag.py:3036} INFO - Sync 1 DAGs
[2024-02-15T23:55:44.865+0000] {logging_mixin.py:188} INFO - [2024-02-15T23:55:44.865+0000] {dag.py:3823} INFO - Setting next_dagrun for example_trigger_controller_dag to 2021-01-01 00:00:00+00:00, run_after=2021-01-01 00:00:00+00:00
[2024-02-15T23:55:44.878+0000] {processor.py:183} INFO - Processing /home/airflow/.local/lib/python3.8/site-packages/airflow/example_dags/example_trigger_controller_dag.py took 0.047 seconds
[2024-02-15T23:56:15.067+0000] {processor.py:161} INFO - Started process (PID=801) to work on /home/airflow/.local/lib/python3.8/site-packages/airflow/example_dags/example_trigger_controller_dag.py
[2024-02-15T23:56:15.068+0000] {processor.py:830} INFO - Processing file /home/airflow/.local/lib/python3.8/site-packages/airflow/example_dags/example_trigger_controller_dag.py for tasks to queue
[2024-02-15T23:56:15.069+0000] {logging_mixin.py:188} INFO - [2024-02-15T23:56:15.069+0000] {dagbag.py:538} INFO - Filling up the DagBag from /home/airflow/.local/lib/python3.8/site-packages/airflow/example_dags/example_trigger_controller_dag.py
[2024-02-15T23:56:15.072+0000] {processor.py:840} INFO - DAG(s) 'example_trigger_controller_dag' retrieved from /home/airflow/.local/lib/python3.8/site-packages/airflow/example_dags/example_trigger_controller_dag.py
[2024-02-15T23:56:15.086+0000] {logging_mixin.py:188} INFO - [2024-02-15T23:56:15.085+0000] {dag.py:3036} INFO - Sync 1 DAGs
[2024-02-15T23:56:15.101+0000] {logging_mixin.py:188} INFO - [2024-02-15T23:56:15.100+0000] {dag.py:3823} INFO - Setting next_dagrun for example_trigger_controller_dag to 2021-01-01 00:00:00+00:00, run_after=2021-01-01 00:00:00+00:00
[2024-02-15T23:56:15.114+0000] {processor.py:183} INFO - Processing /home/airflow/.local/lib/python3.8/site-packages/airflow/example_dags/example_trigger_controller_dag.py took 0.049 seconds
[2024-02-15T23:56:45.423+0000] {processor.py:161} INFO - Started process (PID=856) to work on /home/airflow/.local/lib/python3.8/site-packages/airflow/example_dags/example_trigger_controller_dag.py
[2024-02-15T23:56:45.423+0000] {processor.py:830} INFO - Processing file /home/airflow/.local/lib/python3.8/site-packages/airflow/example_dags/example_trigger_controller_dag.py for tasks to queue
[2024-02-15T23:56:45.425+0000] {logging_mixin.py:188} INFO - [2024-02-15T23:56:45.425+0000] {dagbag.py:538} INFO - Filling up the DagBag from /home/airflow/.local/lib/python3.8/site-packages/airflow/example_dags/example_trigger_controller_dag.py
[2024-02-15T23:56:45.428+0000] {processor.py:840} INFO - DAG(s) 'example_trigger_controller_dag' retrieved from /home/airflow/.local/lib/python3.8/site-packages/airflow/example_dags/example_trigger_controller_dag.py
[2024-02-15T23:56:45.441+0000] {logging_mixin.py:188} INFO - [2024-02-15T23:56:45.441+0000] {dag.py:3036} INFO - Sync 1 DAGs
[2024-02-15T23:56:45.456+0000] {logging_mixin.py:188} INFO - [2024-02-15T23:56:45.456+0000] {dag.py:3823} INFO - Setting next_dagrun for example_trigger_controller_dag to 2021-01-01 00:00:00+00:00, run_after=2021-01-01 00:00:00+00:00
[2024-02-15T23:56:45.470+0000] {processor.py:183} INFO - Processing /home/airflow/.local/lib/python3.8/site-packages/airflow/example_dags/example_trigger_controller_dag.py took 0.049 seconds
[2024-02-15T23:57:15.755+0000] {processor.py:161} INFO - Started process (PID=911) to work on /home/airflow/.local/lib/python3.8/site-packages/airflow/example_dags/example_trigger_controller_dag.py
[2024-02-15T23:57:15.755+0000] {processor.py:830} INFO - Processing file /home/airflow/.local/lib/python3.8/site-packages/airflow/example_dags/example_trigger_controller_dag.py for tasks to queue
[2024-02-15T23:57:15.757+0000] {logging_mixin.py:188} INFO - [2024-02-15T23:57:15.756+0000] {dagbag.py:538} INFO - Filling up the DagBag from /home/airflow/.local/lib/python3.8/site-packages/airflow/example_dags/example_trigger_controller_dag.py
[2024-02-15T23:57:15.759+0000] {processor.py:840} INFO - DAG(s) 'example_trigger_controller_dag' retrieved from /home/airflow/.local/lib/python3.8/site-packages/airflow/example_dags/example_trigger_controller_dag.py
[2024-02-15T23:57:15.772+0000] {logging_mixin.py:188} INFO - [2024-02-15T23:57:15.772+0000] {dag.py:3036} INFO - Sync 1 DAGs
[2024-02-15T23:57:15.787+0000] {logging_mixin.py:188} INFO - [2024-02-15T23:57:15.787+0000] {dag.py:3823} INFO - Setting next_dagrun for example_trigger_controller_dag to 2021-01-01 00:00:00+00:00, run_after=2021-01-01 00:00:00+00:00
[2024-02-15T23:57:15.799+0000] {processor.py:183} INFO - Processing /home/airflow/.local/lib/python3.8/site-packages/airflow/example_dags/example_trigger_controller_dag.py took 0.047 seconds
[2024-02-15T23:57:46.048+0000] {processor.py:161} INFO - Started process (PID=966) to work on /home/airflow/.local/lib/python3.8/site-packages/airflow/example_dags/example_trigger_controller_dag.py
[2024-02-15T23:57:46.048+0000] {processor.py:830} INFO - Processing file /home/airflow/.local/lib/python3.8/site-packages/airflow/example_dags/example_trigger_controller_dag.py for tasks to queue
[2024-02-15T23:57:46.049+0000] {logging_mixin.py:188} INFO - [2024-02-15T23:57:46.049+0000] {dagbag.py:538} INFO - Filling up the DagBag from /home/airflow/.local/lib/python3.8/site-packages/airflow/example_dags/example_trigger_controller_dag.py
[2024-02-15T23:57:46.052+0000] {processor.py:840} INFO - DAG(s) 'example_trigger_controller_dag' retrieved from /home/airflow/.local/lib/python3.8/site-packages/airflow/example_dags/example_trigger_controller_dag.py
[2024-02-15T23:57:46.065+0000] {logging_mixin.py:188} INFO - [2024-02-15T23:57:46.065+0000] {dag.py:3036} INFO - Sync 1 DAGs
[2024-02-15T23:57:46.079+0000] {logging_mixin.py:188} INFO - [2024-02-15T23:57:46.079+0000] {dag.py:3823} INFO - Setting next_dagrun for example_trigger_controller_dag to 2021-01-01 00:00:00+00:00, run_after=2021-01-01 00:00:00+00:00
[2024-02-15T23:57:46.092+0000] {processor.py:183} INFO - Processing /home/airflow/.local/lib/python3.8/site-packages/airflow/example_dags/example_trigger_controller_dag.py took 0.046 seconds
[2024-02-15T23:58:16.220+0000] {processor.py:161} INFO - Started process (PID=1021) to work on /home/airflow/.local/lib/python3.8/site-packages/airflow/example_dags/example_trigger_controller_dag.py
[2024-02-15T23:58:16.221+0000] {processor.py:830} INFO - Processing file /home/airflow/.local/lib/python3.8/site-packages/airflow/example_dags/example_trigger_controller_dag.py for tasks to queue
[2024-02-15T23:58:16.222+0000] {logging_mixin.py:188} INFO - [2024-02-15T23:58:16.222+0000] {dagbag.py:538} INFO - Filling up the DagBag from /home/airflow/.local/lib/python3.8/site-packages/airflow/example_dags/example_trigger_controller_dag.py
[2024-02-15T23:58:16.225+0000] {processor.py:840} INFO - DAG(s) 'example_trigger_controller_dag' retrieved from /home/airflow/.local/lib/python3.8/site-packages/airflow/example_dags/example_trigger_controller_dag.py
[2024-02-15T23:58:16.239+0000] {logging_mixin.py:188} INFO - [2024-02-15T23:58:16.238+0000] {dag.py:3036} INFO - Sync 1 DAGs
[2024-02-15T23:58:16.254+0000] {logging_mixin.py:188} INFO - [2024-02-15T23:58:16.254+0000] {dag.py:3823} INFO - Setting next_dagrun for example_trigger_controller_dag to 2021-01-01 00:00:00+00:00, run_after=2021-01-01 00:00:00+00:00
[2024-02-15T23:58:16.269+0000] {processor.py:183} INFO - Processing /home/airflow/.local/lib/python3.8/site-packages/airflow/example_dags/example_trigger_controller_dag.py took 0.051 seconds
[2024-02-15T23:58:46.383+0000] {processor.py:161} INFO - Started process (PID=1076) to work on /home/airflow/.local/lib/python3.8/site-packages/airflow/example_dags/example_trigger_controller_dag.py
[2024-02-15T23:58:46.383+0000] {processor.py:830} INFO - Processing file /home/airflow/.local/lib/python3.8/site-packages/airflow/example_dags/example_trigger_controller_dag.py for tasks to queue
[2024-02-15T23:58:46.385+0000] {logging_mixin.py:188} INFO - [2024-02-15T23:58:46.384+0000] {dagbag.py:538} INFO - Filling up the DagBag from /home/airflow/.local/lib/python3.8/site-packages/airflow/example_dags/example_trigger_controller_dag.py
[2024-02-15T23:58:46.388+0000] {processor.py:840} INFO - DAG(s) 'example_trigger_controller_dag' retrieved from /home/airflow/.local/lib/python3.8/site-packages/airflow/example_dags/example_trigger_controller_dag.py
[2024-02-15T23:58:46.400+0000] {logging_mixin.py:188} INFO - [2024-02-15T23:58:46.400+0000] {dag.py:3036} INFO - Sync 1 DAGs
[2024-02-15T23:58:46.415+0000] {logging_mixin.py:188} INFO - [2024-02-15T23:58:46.415+0000] {dag.py:3823} INFO - Setting next_dagrun for example_trigger_controller_dag to 2021-01-01 00:00:00+00:00, run_after=2021-01-01 00:00:00+00:00
[2024-02-15T23:58:46.427+0000] {processor.py:183} INFO - Processing /home/airflow/.local/lib/python3.8/site-packages/airflow/example_dags/example_trigger_controller_dag.py took 0.046 seconds
[2024-02-15T23:59:16.506+0000] {processor.py:161} INFO - Started process (PID=1131) to work on /home/airflow/.local/lib/python3.8/site-packages/airflow/example_dags/example_trigger_controller_dag.py
[2024-02-15T23:59:16.507+0000] {processor.py:830} INFO - Processing file /home/airflow/.local/lib/python3.8/site-packages/airflow/example_dags/example_trigger_controller_dag.py for tasks to queue
[2024-02-15T23:59:16.508+0000] {logging_mixin.py:188} INFO - [2024-02-15T23:59:16.508+0000] {dagbag.py:538} INFO - Filling up the DagBag from /home/airflow/.local/lib/python3.8/site-packages/airflow/example_dags/example_trigger_controller_dag.py
[2024-02-15T23:59:16.511+0000] {processor.py:840} INFO - DAG(s) 'example_trigger_controller_dag' retrieved from /home/airflow/.local/lib/python3.8/site-packages/airflow/example_dags/example_trigger_controller_dag.py
[2024-02-15T23:59:16.522+0000] {logging_mixin.py:188} INFO - [2024-02-15T23:59:16.522+0000] {dag.py:3036} INFO - Sync 1 DAGs
[2024-02-15T23:59:16.536+0000] {logging_mixin.py:188} INFO - [2024-02-15T23:59:16.536+0000] {dag.py:3823} INFO - Setting next_dagrun for example_trigger_controller_dag to 2021-01-01 00:00:00+00:00, run_after=2021-01-01 00:00:00+00:00
[2024-02-15T23:59:16.548+0000] {processor.py:183} INFO - Processing /home/airflow/.local/lib/python3.8/site-packages/airflow/example_dags/example_trigger_controller_dag.py took 0.044 seconds
[2024-02-15T23:59:46.724+0000] {processor.py:161} INFO - Started process (PID=1186) to work on /home/airflow/.local/lib/python3.8/site-packages/airflow/example_dags/example_trigger_controller_dag.py
[2024-02-15T23:59:46.724+0000] {processor.py:830} INFO - Processing file /home/airflow/.local/lib/python3.8/site-packages/airflow/example_dags/example_trigger_controller_dag.py for tasks to queue
[2024-02-15T23:59:46.725+0000] {logging_mixin.py:188} INFO - [2024-02-15T23:59:46.725+0000] {dagbag.py:538} INFO - Filling up the DagBag from /home/airflow/.local/lib/python3.8/site-packages/airflow/example_dags/example_trigger_controller_dag.py
[2024-02-15T23:59:46.728+0000] {processor.py:840} INFO - DAG(s) 'example_trigger_controller_dag' retrieved from /home/airflow/.local/lib/python3.8/site-packages/airflow/example_dags/example_trigger_controller_dag.py
[2024-02-15T23:59:46.740+0000] {logging_mixin.py:188} INFO - [2024-02-15T23:59:46.740+0000] {dag.py:3036} INFO - Sync 1 DAGs
[2024-02-15T23:59:46.754+0000] {logging_mixin.py:188} INFO - [2024-02-15T23:59:46.754+0000] {dag.py:3823} INFO - Setting next_dagrun for example_trigger_controller_dag to 2021-01-01 00:00:00+00:00, run_after=2021-01-01 00:00:00+00:00
[2024-02-15T23:59:46.766+0000] {processor.py:183} INFO - Processing /home/airflow/.local/lib/python3.8/site-packages/airflow/example_dags/example_trigger_controller_dag.py took 0.044 seconds
