[2024-02-15T23:49:37.586+0000] {processor.py:161} INFO - Started process (PID=54) to work on /home/airflow/.local/lib/python3.8/site-packages/airflow/example_dags/example_kubernetes_executor.py
[2024-02-15T23:49:37.586+0000] {processor.py:830} INFO - Processing file /home/airflow/.local/lib/python3.8/site-packages/airflow/example_dags/example_kubernetes_executor.py for tasks to queue
[2024-02-15T23:49:37.588+0000] {logging_mixin.py:188} INFO - [2024-02-15T23:49:37.588+0000] {dagbag.py:538} INFO - Filling up the DagBag from /home/airflow/.local/lib/python3.8/site-packages/airflow/example_dags/example_kubernetes_executor.py
[2024-02-15T23:49:37.601+0000] {processor.py:840} INFO - DAG(s) 'example_kubernetes_executor' retrieved from /home/airflow/.local/lib/python3.8/site-packages/airflow/example_dags/example_kubernetes_executor.py
[2024-02-15T23:49:37.706+0000] {logging_mixin.py:188} INFO - [2024-02-15T23:49:37.705+0000] {override.py:1769} INFO - Created Permission View: can delete on DAG:example_kubernetes_executor
[2024-02-15T23:49:37.716+0000] {logging_mixin.py:188} INFO - [2024-02-15T23:49:37.715+0000] {override.py:1769} INFO - Created Permission View: can read on DAG:example_kubernetes_executor
[2024-02-15T23:49:37.722+0000] {logging_mixin.py:188} INFO - [2024-02-15T23:49:37.721+0000] {override.py:1769} INFO - Created Permission View: can edit on DAG:example_kubernetes_executor
[2024-02-15T23:49:37.722+0000] {logging_mixin.py:188} INFO - [2024-02-15T23:49:37.722+0000] {dag.py:3036} INFO - Sync 1 DAGs
[2024-02-15T23:49:37.731+0000] {logging_mixin.py:188} INFO - [2024-02-15T23:49:37.731+0000] {dag.py:3058} INFO - Creating ORM DAG for example_kubernetes_executor
[2024-02-15T23:49:37.732+0000] {logging_mixin.py:188} INFO - [2024-02-15T23:49:37.732+0000] {dag.py:3823} INFO - Setting next_dagrun for example_kubernetes_executor to None, run_after=None
[2024-02-15T23:49:37.745+0000] {processor.py:183} INFO - Processing /home/airflow/.local/lib/python3.8/site-packages/airflow/example_dags/example_kubernetes_executor.py took 0.162 seconds
[2024-02-15T23:50:08.591+0000] {processor.py:161} INFO - Started process (PID=109) to work on /home/airflow/.local/lib/python3.8/site-packages/airflow/example_dags/example_kubernetes_executor.py
[2024-02-15T23:50:08.591+0000] {processor.py:830} INFO - Processing file /home/airflow/.local/lib/python3.8/site-packages/airflow/example_dags/example_kubernetes_executor.py for tasks to queue
[2024-02-15T23:50:08.592+0000] {logging_mixin.py:188} INFO - [2024-02-15T23:50:08.592+0000] {dagbag.py:538} INFO - Filling up the DagBag from /home/airflow/.local/lib/python3.8/site-packages/airflow/example_dags/example_kubernetes_executor.py
[2024-02-15T23:50:08.602+0000] {processor.py:840} INFO - DAG(s) 'example_kubernetes_executor' retrieved from /home/airflow/.local/lib/python3.8/site-packages/airflow/example_dags/example_kubernetes_executor.py
[2024-02-15T23:50:08.627+0000] {logging_mixin.py:188} INFO - [2024-02-15T23:50:08.627+0000] {dag.py:3036} INFO - Sync 1 DAGs
[2024-02-15T23:50:08.635+0000] {logging_mixin.py:188} INFO - [2024-02-15T23:50:08.634+0000] {dag.py:3823} INFO - Setting next_dagrun for example_kubernetes_executor to None, run_after=None
[2024-02-15T23:50:08.649+0000] {processor.py:183} INFO - Processing /home/airflow/.local/lib/python3.8/site-packages/airflow/example_dags/example_kubernetes_executor.py took 0.060 seconds
[2024-02-15T23:50:38.849+0000] {processor.py:161} INFO - Started process (PID=164) to work on /home/airflow/.local/lib/python3.8/site-packages/airflow/example_dags/example_kubernetes_executor.py
[2024-02-15T23:50:38.850+0000] {processor.py:830} INFO - Processing file /home/airflow/.local/lib/python3.8/site-packages/airflow/example_dags/example_kubernetes_executor.py for tasks to queue
[2024-02-15T23:50:38.851+0000] {logging_mixin.py:188} INFO - [2024-02-15T23:50:38.851+0000] {dagbag.py:538} INFO - Filling up the DagBag from /home/airflow/.local/lib/python3.8/site-packages/airflow/example_dags/example_kubernetes_executor.py
[2024-02-15T23:50:38.863+0000] {processor.py:840} INFO - DAG(s) 'example_kubernetes_executor' retrieved from /home/airflow/.local/lib/python3.8/site-packages/airflow/example_dags/example_kubernetes_executor.py
[2024-02-15T23:50:38.890+0000] {logging_mixin.py:188} INFO - [2024-02-15T23:50:38.889+0000] {dag.py:3036} INFO - Sync 1 DAGs
[2024-02-15T23:50:38.898+0000] {logging_mixin.py:188} INFO - [2024-02-15T23:50:38.898+0000] {dag.py:3823} INFO - Setting next_dagrun for example_kubernetes_executor to None, run_after=None
[2024-02-15T23:50:38.911+0000] {processor.py:183} INFO - Processing /home/airflow/.local/lib/python3.8/site-packages/airflow/example_dags/example_kubernetes_executor.py took 0.066 seconds
[2024-02-15T23:51:09.083+0000] {processor.py:161} INFO - Started process (PID=219) to work on /home/airflow/.local/lib/python3.8/site-packages/airflow/example_dags/example_kubernetes_executor.py
[2024-02-15T23:51:09.084+0000] {processor.py:830} INFO - Processing file /home/airflow/.local/lib/python3.8/site-packages/airflow/example_dags/example_kubernetes_executor.py for tasks to queue
[2024-02-15T23:51:09.085+0000] {logging_mixin.py:188} INFO - [2024-02-15T23:51:09.085+0000] {dagbag.py:538} INFO - Filling up the DagBag from /home/airflow/.local/lib/python3.8/site-packages/airflow/example_dags/example_kubernetes_executor.py
[2024-02-15T23:51:09.094+0000] {processor.py:840} INFO - DAG(s) 'example_kubernetes_executor' retrieved from /home/airflow/.local/lib/python3.8/site-packages/airflow/example_dags/example_kubernetes_executor.py
[2024-02-15T23:51:09.120+0000] {logging_mixin.py:188} INFO - [2024-02-15T23:51:09.120+0000] {dag.py:3036} INFO - Sync 1 DAGs
[2024-02-15T23:51:09.129+0000] {logging_mixin.py:188} INFO - [2024-02-15T23:51:09.129+0000] {dag.py:3823} INFO - Setting next_dagrun for example_kubernetes_executor to None, run_after=None
[2024-02-15T23:51:09.142+0000] {processor.py:183} INFO - Processing /home/airflow/.local/lib/python3.8/site-packages/airflow/example_dags/example_kubernetes_executor.py took 0.061 seconds
[2024-02-15T23:51:39.385+0000] {processor.py:161} INFO - Started process (PID=274) to work on /home/airflow/.local/lib/python3.8/site-packages/airflow/example_dags/example_kubernetes_executor.py
[2024-02-15T23:51:39.385+0000] {processor.py:830} INFO - Processing file /home/airflow/.local/lib/python3.8/site-packages/airflow/example_dags/example_kubernetes_executor.py for tasks to queue
[2024-02-15T23:51:39.387+0000] {logging_mixin.py:188} INFO - [2024-02-15T23:51:39.386+0000] {dagbag.py:538} INFO - Filling up the DagBag from /home/airflow/.local/lib/python3.8/site-packages/airflow/example_dags/example_kubernetes_executor.py
[2024-02-15T23:51:39.396+0000] {processor.py:840} INFO - DAG(s) 'example_kubernetes_executor' retrieved from /home/airflow/.local/lib/python3.8/site-packages/airflow/example_dags/example_kubernetes_executor.py
[2024-02-15T23:51:39.421+0000] {logging_mixin.py:188} INFO - [2024-02-15T23:51:39.421+0000] {dag.py:3036} INFO - Sync 1 DAGs
[2024-02-15T23:51:39.430+0000] {logging_mixin.py:188} INFO - [2024-02-15T23:51:39.430+0000] {dag.py:3823} INFO - Setting next_dagrun for example_kubernetes_executor to None, run_after=None
[2024-02-15T23:51:39.444+0000] {processor.py:183} INFO - Processing /home/airflow/.local/lib/python3.8/site-packages/airflow/example_dags/example_kubernetes_executor.py took 0.061 seconds
[2024-02-15T23:52:09.761+0000] {processor.py:161} INFO - Started process (PID=329) to work on /home/airflow/.local/lib/python3.8/site-packages/airflow/example_dags/example_kubernetes_executor.py
[2024-02-15T23:52:09.762+0000] {processor.py:830} INFO - Processing file /home/airflow/.local/lib/python3.8/site-packages/airflow/example_dags/example_kubernetes_executor.py for tasks to queue
[2024-02-15T23:52:09.763+0000] {logging_mixin.py:188} INFO - [2024-02-15T23:52:09.763+0000] {dagbag.py:538} INFO - Filling up the DagBag from /home/airflow/.local/lib/python3.8/site-packages/airflow/example_dags/example_kubernetes_executor.py
[2024-02-15T23:52:09.772+0000] {processor.py:840} INFO - DAG(s) 'example_kubernetes_executor' retrieved from /home/airflow/.local/lib/python3.8/site-packages/airflow/example_dags/example_kubernetes_executor.py
[2024-02-15T23:52:09.799+0000] {logging_mixin.py:188} INFO - [2024-02-15T23:52:09.799+0000] {dag.py:3036} INFO - Sync 1 DAGs
[2024-02-15T23:52:09.808+0000] {logging_mixin.py:188} INFO - [2024-02-15T23:52:09.808+0000] {dag.py:3823} INFO - Setting next_dagrun for example_kubernetes_executor to None, run_after=None
[2024-02-15T23:52:09.823+0000] {processor.py:183} INFO - Processing /home/airflow/.local/lib/python3.8/site-packages/airflow/example_dags/example_kubernetes_executor.py took 0.064 seconds
[2024-02-15T23:52:40.107+0000] {processor.py:161} INFO - Started process (PID=384) to work on /home/airflow/.local/lib/python3.8/site-packages/airflow/example_dags/example_kubernetes_executor.py
[2024-02-15T23:52:40.107+0000] {processor.py:830} INFO - Processing file /home/airflow/.local/lib/python3.8/site-packages/airflow/example_dags/example_kubernetes_executor.py for tasks to queue
[2024-02-15T23:52:40.109+0000] {logging_mixin.py:188} INFO - [2024-02-15T23:52:40.108+0000] {dagbag.py:538} INFO - Filling up the DagBag from /home/airflow/.local/lib/python3.8/site-packages/airflow/example_dags/example_kubernetes_executor.py
[2024-02-15T23:52:40.118+0000] {processor.py:840} INFO - DAG(s) 'example_kubernetes_executor' retrieved from /home/airflow/.local/lib/python3.8/site-packages/airflow/example_dags/example_kubernetes_executor.py
[2024-02-15T23:52:40.142+0000] {logging_mixin.py:188} INFO - [2024-02-15T23:52:40.142+0000] {dag.py:3036} INFO - Sync 1 DAGs
[2024-02-15T23:52:40.151+0000] {logging_mixin.py:188} INFO - [2024-02-15T23:52:40.151+0000] {dag.py:3823} INFO - Setting next_dagrun for example_kubernetes_executor to None, run_after=None
[2024-02-15T23:52:40.163+0000] {processor.py:183} INFO - Processing /home/airflow/.local/lib/python3.8/site-packages/airflow/example_dags/example_kubernetes_executor.py took 0.059 seconds
[2024-02-15T23:53:10.305+0000] {processor.py:161} INFO - Started process (PID=439) to work on /home/airflow/.local/lib/python3.8/site-packages/airflow/example_dags/example_kubernetes_executor.py
[2024-02-15T23:53:10.306+0000] {processor.py:830} INFO - Processing file /home/airflow/.local/lib/python3.8/site-packages/airflow/example_dags/example_kubernetes_executor.py for tasks to queue
[2024-02-15T23:53:10.307+0000] {logging_mixin.py:188} INFO - [2024-02-15T23:53:10.307+0000] {dagbag.py:538} INFO - Filling up the DagBag from /home/airflow/.local/lib/python3.8/site-packages/airflow/example_dags/example_kubernetes_executor.py
[2024-02-15T23:53:10.317+0000] {processor.py:840} INFO - DAG(s) 'example_kubernetes_executor' retrieved from /home/airflow/.local/lib/python3.8/site-packages/airflow/example_dags/example_kubernetes_executor.py
[2024-02-15T23:53:10.345+0000] {logging_mixin.py:188} INFO - [2024-02-15T23:53:10.345+0000] {dag.py:3036} INFO - Sync 1 DAGs
[2024-02-15T23:53:10.355+0000] {logging_mixin.py:188} INFO - [2024-02-15T23:53:10.355+0000] {dag.py:3823} INFO - Setting next_dagrun for example_kubernetes_executor to None, run_after=None
[2024-02-15T23:53:10.370+0000] {processor.py:183} INFO - Processing /home/airflow/.local/lib/python3.8/site-packages/airflow/example_dags/example_kubernetes_executor.py took 0.067 seconds
[2024-02-15T23:53:40.545+0000] {processor.py:161} INFO - Started process (PID=494) to work on /home/airflow/.local/lib/python3.8/site-packages/airflow/example_dags/example_kubernetes_executor.py
[2024-02-15T23:53:40.546+0000] {processor.py:830} INFO - Processing file /home/airflow/.local/lib/python3.8/site-packages/airflow/example_dags/example_kubernetes_executor.py for tasks to queue
[2024-02-15T23:53:40.547+0000] {logging_mixin.py:188} INFO - [2024-02-15T23:53:40.547+0000] {dagbag.py:538} INFO - Filling up the DagBag from /home/airflow/.local/lib/python3.8/site-packages/airflow/example_dags/example_kubernetes_executor.py
[2024-02-15T23:53:40.557+0000] {processor.py:840} INFO - DAG(s) 'example_kubernetes_executor' retrieved from /home/airflow/.local/lib/python3.8/site-packages/airflow/example_dags/example_kubernetes_executor.py
[2024-02-15T23:53:40.583+0000] {logging_mixin.py:188} INFO - [2024-02-15T23:53:40.583+0000] {dag.py:3036} INFO - Sync 1 DAGs
[2024-02-15T23:53:40.591+0000] {logging_mixin.py:188} INFO - [2024-02-15T23:53:40.591+0000] {dag.py:3823} INFO - Setting next_dagrun for example_kubernetes_executor to None, run_after=None
[2024-02-15T23:53:40.603+0000] {processor.py:183} INFO - Processing /home/airflow/.local/lib/python3.8/site-packages/airflow/example_dags/example_kubernetes_executor.py took 0.060 seconds
[2024-02-15T23:54:10.833+0000] {processor.py:161} INFO - Started process (PID=549) to work on /home/airflow/.local/lib/python3.8/site-packages/airflow/example_dags/example_kubernetes_executor.py
[2024-02-15T23:54:10.833+0000] {processor.py:830} INFO - Processing file /home/airflow/.local/lib/python3.8/site-packages/airflow/example_dags/example_kubernetes_executor.py for tasks to queue
[2024-02-15T23:54:10.834+0000] {logging_mixin.py:188} INFO - [2024-02-15T23:54:10.834+0000] {dagbag.py:538} INFO - Filling up the DagBag from /home/airflow/.local/lib/python3.8/site-packages/airflow/example_dags/example_kubernetes_executor.py
[2024-02-15T23:54:10.844+0000] {processor.py:840} INFO - DAG(s) 'example_kubernetes_executor' retrieved from /home/airflow/.local/lib/python3.8/site-packages/airflow/example_dags/example_kubernetes_executor.py
[2024-02-15T23:54:10.868+0000] {logging_mixin.py:188} INFO - [2024-02-15T23:54:10.868+0000] {dag.py:3036} INFO - Sync 1 DAGs
[2024-02-15T23:54:10.877+0000] {logging_mixin.py:188} INFO - [2024-02-15T23:54:10.876+0000] {dag.py:3823} INFO - Setting next_dagrun for example_kubernetes_executor to None, run_after=None
[2024-02-15T23:54:10.890+0000] {processor.py:183} INFO - Processing /home/airflow/.local/lib/python3.8/site-packages/airflow/example_dags/example_kubernetes_executor.py took 0.060 seconds
[2024-02-15T23:54:41.060+0000] {processor.py:161} INFO - Started process (PID=604) to work on /home/airflow/.local/lib/python3.8/site-packages/airflow/example_dags/example_kubernetes_executor.py
[2024-02-15T23:54:41.060+0000] {processor.py:830} INFO - Processing file /home/airflow/.local/lib/python3.8/site-packages/airflow/example_dags/example_kubernetes_executor.py for tasks to queue
[2024-02-15T23:54:41.062+0000] {logging_mixin.py:188} INFO - [2024-02-15T23:54:41.061+0000] {dagbag.py:538} INFO - Filling up the DagBag from /home/airflow/.local/lib/python3.8/site-packages/airflow/example_dags/example_kubernetes_executor.py
[2024-02-15T23:54:41.071+0000] {processor.py:840} INFO - DAG(s) 'example_kubernetes_executor' retrieved from /home/airflow/.local/lib/python3.8/site-packages/airflow/example_dags/example_kubernetes_executor.py
[2024-02-15T23:54:41.096+0000] {logging_mixin.py:188} INFO - [2024-02-15T23:54:41.096+0000] {dag.py:3036} INFO - Sync 1 DAGs
[2024-02-15T23:54:41.106+0000] {logging_mixin.py:188} INFO - [2024-02-15T23:54:41.105+0000] {dag.py:3823} INFO - Setting next_dagrun for example_kubernetes_executor to None, run_after=None
[2024-02-15T23:54:41.119+0000] {processor.py:183} INFO - Processing /home/airflow/.local/lib/python3.8/site-packages/airflow/example_dags/example_kubernetes_executor.py took 0.061 seconds
[2024-02-15T23:55:11.252+0000] {processor.py:161} INFO - Started process (PID=659) to work on /home/airflow/.local/lib/python3.8/site-packages/airflow/example_dags/example_kubernetes_executor.py
[2024-02-15T23:55:11.253+0000] {processor.py:830} INFO - Processing file /home/airflow/.local/lib/python3.8/site-packages/airflow/example_dags/example_kubernetes_executor.py for tasks to queue
[2024-02-15T23:55:11.254+0000] {logging_mixin.py:188} INFO - [2024-02-15T23:55:11.254+0000] {dagbag.py:538} INFO - Filling up the DagBag from /home/airflow/.local/lib/python3.8/site-packages/airflow/example_dags/example_kubernetes_executor.py
[2024-02-15T23:55:11.263+0000] {processor.py:840} INFO - DAG(s) 'example_kubernetes_executor' retrieved from /home/airflow/.local/lib/python3.8/site-packages/airflow/example_dags/example_kubernetes_executor.py
[2024-02-15T23:55:11.288+0000] {logging_mixin.py:188} INFO - [2024-02-15T23:55:11.288+0000] {dag.py:3036} INFO - Sync 1 DAGs
[2024-02-15T23:55:11.298+0000] {logging_mixin.py:188} INFO - [2024-02-15T23:55:11.298+0000] {dag.py:3823} INFO - Setting next_dagrun for example_kubernetes_executor to None, run_after=None
[2024-02-15T23:55:11.311+0000] {processor.py:183} INFO - Processing /home/airflow/.local/lib/python3.8/site-packages/airflow/example_dags/example_kubernetes_executor.py took 0.061 seconds
[2024-02-15T23:55:41.476+0000] {processor.py:161} INFO - Started process (PID=714) to work on /home/airflow/.local/lib/python3.8/site-packages/airflow/example_dags/example_kubernetes_executor.py
[2024-02-15T23:55:41.477+0000] {processor.py:830} INFO - Processing file /home/airflow/.local/lib/python3.8/site-packages/airflow/example_dags/example_kubernetes_executor.py for tasks to queue
[2024-02-15T23:55:41.478+0000] {logging_mixin.py:188} INFO - [2024-02-15T23:55:41.478+0000] {dagbag.py:538} INFO - Filling up the DagBag from /home/airflow/.local/lib/python3.8/site-packages/airflow/example_dags/example_kubernetes_executor.py
[2024-02-15T23:55:41.488+0000] {processor.py:840} INFO - DAG(s) 'example_kubernetes_executor' retrieved from /home/airflow/.local/lib/python3.8/site-packages/airflow/example_dags/example_kubernetes_executor.py
[2024-02-15T23:55:41.514+0000] {logging_mixin.py:188} INFO - [2024-02-15T23:55:41.513+0000] {dag.py:3036} INFO - Sync 1 DAGs
[2024-02-15T23:55:41.522+0000] {logging_mixin.py:188} INFO - [2024-02-15T23:55:41.522+0000] {dag.py:3823} INFO - Setting next_dagrun for example_kubernetes_executor to None, run_after=None
[2024-02-15T23:55:41.535+0000] {processor.py:183} INFO - Processing /home/airflow/.local/lib/python3.8/site-packages/airflow/example_dags/example_kubernetes_executor.py took 0.060 seconds
[2024-02-15T23:56:11.692+0000] {processor.py:161} INFO - Started process (PID=769) to work on /home/airflow/.local/lib/python3.8/site-packages/airflow/example_dags/example_kubernetes_executor.py
[2024-02-15T23:56:11.693+0000] {processor.py:830} INFO - Processing file /home/airflow/.local/lib/python3.8/site-packages/airflow/example_dags/example_kubernetes_executor.py for tasks to queue
[2024-02-15T23:56:11.694+0000] {logging_mixin.py:188} INFO - [2024-02-15T23:56:11.694+0000] {dagbag.py:538} INFO - Filling up the DagBag from /home/airflow/.local/lib/python3.8/site-packages/airflow/example_dags/example_kubernetes_executor.py
[2024-02-15T23:56:11.703+0000] {processor.py:840} INFO - DAG(s) 'example_kubernetes_executor' retrieved from /home/airflow/.local/lib/python3.8/site-packages/airflow/example_dags/example_kubernetes_executor.py
[2024-02-15T23:56:11.729+0000] {logging_mixin.py:188} INFO - [2024-02-15T23:56:11.728+0000] {dag.py:3036} INFO - Sync 1 DAGs
[2024-02-15T23:56:11.737+0000] {logging_mixin.py:188} INFO - [2024-02-15T23:56:11.737+0000] {dag.py:3823} INFO - Setting next_dagrun for example_kubernetes_executor to None, run_after=None
[2024-02-15T23:56:11.749+0000] {processor.py:183} INFO - Processing /home/airflow/.local/lib/python3.8/site-packages/airflow/example_dags/example_kubernetes_executor.py took 0.059 seconds
[2024-02-15T23:56:42.077+0000] {processor.py:161} INFO - Started process (PID=824) to work on /home/airflow/.local/lib/python3.8/site-packages/airflow/example_dags/example_kubernetes_executor.py
[2024-02-15T23:56:42.078+0000] {processor.py:830} INFO - Processing file /home/airflow/.local/lib/python3.8/site-packages/airflow/example_dags/example_kubernetes_executor.py for tasks to queue
[2024-02-15T23:56:42.079+0000] {logging_mixin.py:188} INFO - [2024-02-15T23:56:42.078+0000] {dagbag.py:538} INFO - Filling up the DagBag from /home/airflow/.local/lib/python3.8/site-packages/airflow/example_dags/example_kubernetes_executor.py
[2024-02-15T23:56:42.088+0000] {processor.py:840} INFO - DAG(s) 'example_kubernetes_executor' retrieved from /home/airflow/.local/lib/python3.8/site-packages/airflow/example_dags/example_kubernetes_executor.py
[2024-02-15T23:56:42.113+0000] {logging_mixin.py:188} INFO - [2024-02-15T23:56:42.113+0000] {dag.py:3036} INFO - Sync 1 DAGs
[2024-02-15T23:56:42.122+0000] {logging_mixin.py:188} INFO - [2024-02-15T23:56:42.121+0000] {dag.py:3823} INFO - Setting next_dagrun for example_kubernetes_executor to None, run_after=None
[2024-02-15T23:56:42.134+0000] {processor.py:183} INFO - Processing /home/airflow/.local/lib/python3.8/site-packages/airflow/example_dags/example_kubernetes_executor.py took 0.059 seconds
[2024-02-15T23:57:12.420+0000] {processor.py:161} INFO - Started process (PID=879) to work on /home/airflow/.local/lib/python3.8/site-packages/airflow/example_dags/example_kubernetes_executor.py
[2024-02-15T23:57:12.420+0000] {processor.py:830} INFO - Processing file /home/airflow/.local/lib/python3.8/site-packages/airflow/example_dags/example_kubernetes_executor.py for tasks to queue
[2024-02-15T23:57:12.421+0000] {logging_mixin.py:188} INFO - [2024-02-15T23:57:12.421+0000] {dagbag.py:538} INFO - Filling up the DagBag from /home/airflow/.local/lib/python3.8/site-packages/airflow/example_dags/example_kubernetes_executor.py
[2024-02-15T23:57:12.431+0000] {processor.py:840} INFO - DAG(s) 'example_kubernetes_executor' retrieved from /home/airflow/.local/lib/python3.8/site-packages/airflow/example_dags/example_kubernetes_executor.py
[2024-02-15T23:57:12.456+0000] {logging_mixin.py:188} INFO - [2024-02-15T23:57:12.456+0000] {dag.py:3036} INFO - Sync 1 DAGs
[2024-02-15T23:57:12.465+0000] {logging_mixin.py:188} INFO - [2024-02-15T23:57:12.465+0000] {dag.py:3823} INFO - Setting next_dagrun for example_kubernetes_executor to None, run_after=None
[2024-02-15T23:57:12.477+0000] {processor.py:183} INFO - Processing /home/airflow/.local/lib/python3.8/site-packages/airflow/example_dags/example_kubernetes_executor.py took 0.060 seconds
[2024-02-15T23:57:42.644+0000] {processor.py:161} INFO - Started process (PID=934) to work on /home/airflow/.local/lib/python3.8/site-packages/airflow/example_dags/example_kubernetes_executor.py
[2024-02-15T23:57:42.645+0000] {processor.py:830} INFO - Processing file /home/airflow/.local/lib/python3.8/site-packages/airflow/example_dags/example_kubernetes_executor.py for tasks to queue
[2024-02-15T23:57:42.646+0000] {logging_mixin.py:188} INFO - [2024-02-15T23:57:42.646+0000] {dagbag.py:538} INFO - Filling up the DagBag from /home/airflow/.local/lib/python3.8/site-packages/airflow/example_dags/example_kubernetes_executor.py
[2024-02-15T23:57:42.656+0000] {processor.py:840} INFO - DAG(s) 'example_kubernetes_executor' retrieved from /home/airflow/.local/lib/python3.8/site-packages/airflow/example_dags/example_kubernetes_executor.py
[2024-02-15T23:57:42.681+0000] {logging_mixin.py:188} INFO - [2024-02-15T23:57:42.681+0000] {dag.py:3036} INFO - Sync 1 DAGs
[2024-02-15T23:57:42.691+0000] {logging_mixin.py:188} INFO - [2024-02-15T23:57:42.691+0000] {dag.py:3823} INFO - Setting next_dagrun for example_kubernetes_executor to None, run_after=None
[2024-02-15T23:57:42.705+0000] {processor.py:183} INFO - Processing /home/airflow/.local/lib/python3.8/site-packages/airflow/example_dags/example_kubernetes_executor.py took 0.062 seconds
[2024-02-15T23:58:12.926+0000] {processor.py:161} INFO - Started process (PID=989) to work on /home/airflow/.local/lib/python3.8/site-packages/airflow/example_dags/example_kubernetes_executor.py
[2024-02-15T23:58:12.926+0000] {processor.py:830} INFO - Processing file /home/airflow/.local/lib/python3.8/site-packages/airflow/example_dags/example_kubernetes_executor.py for tasks to queue
[2024-02-15T23:58:12.928+0000] {logging_mixin.py:188} INFO - [2024-02-15T23:58:12.927+0000] {dagbag.py:538} INFO - Filling up the DagBag from /home/airflow/.local/lib/python3.8/site-packages/airflow/example_dags/example_kubernetes_executor.py
[2024-02-15T23:58:12.937+0000] {processor.py:840} INFO - DAG(s) 'example_kubernetes_executor' retrieved from /home/airflow/.local/lib/python3.8/site-packages/airflow/example_dags/example_kubernetes_executor.py
[2024-02-15T23:58:12.963+0000] {logging_mixin.py:188} INFO - [2024-02-15T23:58:12.963+0000] {dag.py:3036} INFO - Sync 1 DAGs
[2024-02-15T23:58:12.972+0000] {logging_mixin.py:188} INFO - [2024-02-15T23:58:12.972+0000] {dag.py:3823} INFO - Setting next_dagrun for example_kubernetes_executor to None, run_after=None
[2024-02-15T23:58:12.985+0000] {processor.py:183} INFO - Processing /home/airflow/.local/lib/python3.8/site-packages/airflow/example_dags/example_kubernetes_executor.py took 0.062 seconds
[2024-02-15T23:58:43.114+0000] {processor.py:161} INFO - Started process (PID=1044) to work on /home/airflow/.local/lib/python3.8/site-packages/airflow/example_dags/example_kubernetes_executor.py
[2024-02-15T23:58:43.115+0000] {processor.py:830} INFO - Processing file /home/airflow/.local/lib/python3.8/site-packages/airflow/example_dags/example_kubernetes_executor.py for tasks to queue
[2024-02-15T23:58:43.116+0000] {logging_mixin.py:188} INFO - [2024-02-15T23:58:43.116+0000] {dagbag.py:538} INFO - Filling up the DagBag from /home/airflow/.local/lib/python3.8/site-packages/airflow/example_dags/example_kubernetes_executor.py
[2024-02-15T23:58:43.126+0000] {processor.py:840} INFO - DAG(s) 'example_kubernetes_executor' retrieved from /home/airflow/.local/lib/python3.8/site-packages/airflow/example_dags/example_kubernetes_executor.py
[2024-02-15T23:58:43.151+0000] {logging_mixin.py:188} INFO - [2024-02-15T23:58:43.151+0000] {dag.py:3036} INFO - Sync 1 DAGs
[2024-02-15T23:58:43.160+0000] {logging_mixin.py:188} INFO - [2024-02-15T23:58:43.159+0000] {dag.py:3823} INFO - Setting next_dagrun for example_kubernetes_executor to None, run_after=None
[2024-02-15T23:58:43.172+0000] {processor.py:183} INFO - Processing /home/airflow/.local/lib/python3.8/site-packages/airflow/example_dags/example_kubernetes_executor.py took 0.059 seconds
[2024-02-15T23:59:13.253+0000] {processor.py:161} INFO - Started process (PID=1099) to work on /home/airflow/.local/lib/python3.8/site-packages/airflow/example_dags/example_kubernetes_executor.py
[2024-02-15T23:59:13.254+0000] {processor.py:830} INFO - Processing file /home/airflow/.local/lib/python3.8/site-packages/airflow/example_dags/example_kubernetes_executor.py for tasks to queue
[2024-02-15T23:59:13.255+0000] {logging_mixin.py:188} INFO - [2024-02-15T23:59:13.254+0000] {dagbag.py:538} INFO - Filling up the DagBag from /home/airflow/.local/lib/python3.8/site-packages/airflow/example_dags/example_kubernetes_executor.py
[2024-02-15T23:59:13.264+0000] {processor.py:840} INFO - DAG(s) 'example_kubernetes_executor' retrieved from /home/airflow/.local/lib/python3.8/site-packages/airflow/example_dags/example_kubernetes_executor.py
[2024-02-15T23:59:13.290+0000] {logging_mixin.py:188} INFO - [2024-02-15T23:59:13.290+0000] {dag.py:3036} INFO - Sync 1 DAGs
[2024-02-15T23:59:13.299+0000] {logging_mixin.py:188} INFO - [2024-02-15T23:59:13.299+0000] {dag.py:3823} INFO - Setting next_dagrun for example_kubernetes_executor to None, run_after=None
[2024-02-15T23:59:13.312+0000] {processor.py:183} INFO - Processing /home/airflow/.local/lib/python3.8/site-packages/airflow/example_dags/example_kubernetes_executor.py took 0.061 seconds
[2024-02-15T23:59:43.363+0000] {processor.py:161} INFO - Started process (PID=1154) to work on /home/airflow/.local/lib/python3.8/site-packages/airflow/example_dags/example_kubernetes_executor.py
[2024-02-15T23:59:43.364+0000] {processor.py:830} INFO - Processing file /home/airflow/.local/lib/python3.8/site-packages/airflow/example_dags/example_kubernetes_executor.py for tasks to queue
[2024-02-15T23:59:43.365+0000] {logging_mixin.py:188} INFO - [2024-02-15T23:59:43.365+0000] {dagbag.py:538} INFO - Filling up the DagBag from /home/airflow/.local/lib/python3.8/site-packages/airflow/example_dags/example_kubernetes_executor.py
[2024-02-15T23:59:43.374+0000] {processor.py:840} INFO - DAG(s) 'example_kubernetes_executor' retrieved from /home/airflow/.local/lib/python3.8/site-packages/airflow/example_dags/example_kubernetes_executor.py
[2024-02-15T23:59:43.399+0000] {logging_mixin.py:188} INFO - [2024-02-15T23:59:43.399+0000] {dag.py:3036} INFO - Sync 1 DAGs
[2024-02-15T23:59:43.407+0000] {logging_mixin.py:188} INFO - [2024-02-15T23:59:43.407+0000] {dag.py:3823} INFO - Setting next_dagrun for example_kubernetes_executor to None, run_after=None
[2024-02-15T23:59:43.419+0000] {processor.py:183} INFO - Processing /home/airflow/.local/lib/python3.8/site-packages/airflow/example_dags/example_kubernetes_executor.py took 0.058 seconds
