[2024-02-15T23:49:39.249+0000] {processor.py:161} INFO - Started process (PID=70) to work on /home/airflow/.local/lib/python3.8/site-packages/airflow/example_dags/tutorial_dag.py
[2024-02-15T23:49:39.250+0000] {processor.py:830} INFO - Processing file /home/airflow/.local/lib/python3.8/site-packages/airflow/example_dags/tutorial_dag.py for tasks to queue
[2024-02-15T23:49:39.251+0000] {logging_mixin.py:188} INFO - [2024-02-15T23:49:39.251+0000] {dagbag.py:538} INFO - Filling up the DagBag from /home/airflow/.local/lib/python3.8/site-packages/airflow/example_dags/tutorial_dag.py
[2024-02-15T23:49:39.257+0000] {processor.py:840} INFO - DAG(s) 'tutorial_dag' retrieved from /home/airflow/.local/lib/python3.8/site-packages/airflow/example_dags/tutorial_dag.py
[2024-02-15T23:49:39.337+0000] {logging_mixin.py:188} INFO - [2024-02-15T23:49:39.336+0000] {override.py:1769} INFO - Created Permission View: can delete on DAG:tutorial_dag
[2024-02-15T23:49:39.345+0000] {logging_mixin.py:188} INFO - [2024-02-15T23:49:39.345+0000] {override.py:1769} INFO - Created Permission View: can read on DAG:tutorial_dag
[2024-02-15T23:49:39.351+0000] {logging_mixin.py:188} INFO - [2024-02-15T23:49:39.351+0000] {override.py:1769} INFO - Created Permission View: can edit on DAG:tutorial_dag
[2024-02-15T23:49:39.352+0000] {logging_mixin.py:188} INFO - [2024-02-15T23:49:39.351+0000] {dag.py:3036} INFO - Sync 1 DAGs
[2024-02-15T23:49:39.360+0000] {logging_mixin.py:188} INFO - [2024-02-15T23:49:39.360+0000] {dag.py:3058} INFO - Creating ORM DAG for tutorial_dag
[2024-02-15T23:49:39.361+0000] {logging_mixin.py:188} INFO - [2024-02-15T23:49:39.361+0000] {dag.py:3823} INFO - Setting next_dagrun for tutorial_dag to None, run_after=None
[2024-02-15T23:49:39.376+0000] {processor.py:183} INFO - Processing /home/airflow/.local/lib/python3.8/site-packages/airflow/example_dags/tutorial_dag.py took 0.129 seconds
[2024-02-15T23:50:10.182+0000] {processor.py:161} INFO - Started process (PID=125) to work on /home/airflow/.local/lib/python3.8/site-packages/airflow/example_dags/tutorial_dag.py
[2024-02-15T23:50:10.182+0000] {processor.py:830} INFO - Processing file /home/airflow/.local/lib/python3.8/site-packages/airflow/example_dags/tutorial_dag.py for tasks to queue
[2024-02-15T23:50:10.183+0000] {logging_mixin.py:188} INFO - [2024-02-15T23:50:10.183+0000] {dagbag.py:538} INFO - Filling up the DagBag from /home/airflow/.local/lib/python3.8/site-packages/airflow/example_dags/tutorial_dag.py
[2024-02-15T23:50:10.186+0000] {processor.py:840} INFO - DAG(s) 'tutorial_dag' retrieved from /home/airflow/.local/lib/python3.8/site-packages/airflow/example_dags/tutorial_dag.py
[2024-02-15T23:50:10.199+0000] {logging_mixin.py:188} INFO - [2024-02-15T23:50:10.199+0000] {dag.py:3036} INFO - Sync 1 DAGs
[2024-02-15T23:50:10.207+0000] {logging_mixin.py:188} INFO - [2024-02-15T23:50:10.207+0000] {dag.py:3823} INFO - Setting next_dagrun for tutorial_dag to None, run_after=None
[2024-02-15T23:50:10.219+0000] {processor.py:183} INFO - Processing /home/airflow/.local/lib/python3.8/site-packages/airflow/example_dags/tutorial_dag.py took 0.039 seconds
[2024-02-15T23:50:40.520+0000] {processor.py:161} INFO - Started process (PID=180) to work on /home/airflow/.local/lib/python3.8/site-packages/airflow/example_dags/tutorial_dag.py
[2024-02-15T23:50:40.521+0000] {processor.py:830} INFO - Processing file /home/airflow/.local/lib/python3.8/site-packages/airflow/example_dags/tutorial_dag.py for tasks to queue
[2024-02-15T23:50:40.522+0000] {logging_mixin.py:188} INFO - [2024-02-15T23:50:40.522+0000] {dagbag.py:538} INFO - Filling up the DagBag from /home/airflow/.local/lib/python3.8/site-packages/airflow/example_dags/tutorial_dag.py
[2024-02-15T23:50:40.526+0000] {processor.py:840} INFO - DAG(s) 'tutorial_dag' retrieved from /home/airflow/.local/lib/python3.8/site-packages/airflow/example_dags/tutorial_dag.py
[2024-02-15T23:50:40.539+0000] {logging_mixin.py:188} INFO - [2024-02-15T23:50:40.539+0000] {dag.py:3036} INFO - Sync 1 DAGs
[2024-02-15T23:50:40.547+0000] {logging_mixin.py:188} INFO - [2024-02-15T23:50:40.546+0000] {dag.py:3823} INFO - Setting next_dagrun for tutorial_dag to None, run_after=None
[2024-02-15T23:50:40.559+0000] {processor.py:183} INFO - Processing /home/airflow/.local/lib/python3.8/site-packages/airflow/example_dags/tutorial_dag.py took 0.040 seconds
[2024-02-15T23:51:10.688+0000] {processor.py:161} INFO - Started process (PID=235) to work on /home/airflow/.local/lib/python3.8/site-packages/airflow/example_dags/tutorial_dag.py
[2024-02-15T23:51:10.688+0000] {processor.py:830} INFO - Processing file /home/airflow/.local/lib/python3.8/site-packages/airflow/example_dags/tutorial_dag.py for tasks to queue
[2024-02-15T23:51:10.689+0000] {logging_mixin.py:188} INFO - [2024-02-15T23:51:10.689+0000] {dagbag.py:538} INFO - Filling up the DagBag from /home/airflow/.local/lib/python3.8/site-packages/airflow/example_dags/tutorial_dag.py
[2024-02-15T23:51:10.693+0000] {processor.py:840} INFO - DAG(s) 'tutorial_dag' retrieved from /home/airflow/.local/lib/python3.8/site-packages/airflow/example_dags/tutorial_dag.py
[2024-02-15T23:51:10.706+0000] {logging_mixin.py:188} INFO - [2024-02-15T23:51:10.705+0000] {dag.py:3036} INFO - Sync 1 DAGs
[2024-02-15T23:51:10.713+0000] {logging_mixin.py:188} INFO - [2024-02-15T23:51:10.713+0000] {dag.py:3823} INFO - Setting next_dagrun for tutorial_dag to None, run_after=None
[2024-02-15T23:51:10.727+0000] {processor.py:183} INFO - Processing /home/airflow/.local/lib/python3.8/site-packages/airflow/example_dags/tutorial_dag.py took 0.041 seconds
[2024-02-15T23:51:41.015+0000] {processor.py:161} INFO - Started process (PID=290) to work on /home/airflow/.local/lib/python3.8/site-packages/airflow/example_dags/tutorial_dag.py
[2024-02-15T23:51:41.015+0000] {processor.py:830} INFO - Processing file /home/airflow/.local/lib/python3.8/site-packages/airflow/example_dags/tutorial_dag.py for tasks to queue
[2024-02-15T23:51:41.016+0000] {logging_mixin.py:188} INFO - [2024-02-15T23:51:41.016+0000] {dagbag.py:538} INFO - Filling up the DagBag from /home/airflow/.local/lib/python3.8/site-packages/airflow/example_dags/tutorial_dag.py
[2024-02-15T23:51:41.020+0000] {processor.py:840} INFO - DAG(s) 'tutorial_dag' retrieved from /home/airflow/.local/lib/python3.8/site-packages/airflow/example_dags/tutorial_dag.py
[2024-02-15T23:51:41.032+0000] {logging_mixin.py:188} INFO - [2024-02-15T23:51:41.032+0000] {dag.py:3036} INFO - Sync 1 DAGs
[2024-02-15T23:51:41.041+0000] {logging_mixin.py:188} INFO - [2024-02-15T23:51:41.040+0000] {dag.py:3823} INFO - Setting next_dagrun for tutorial_dag to None, run_after=None
[2024-02-15T23:51:41.053+0000] {processor.py:183} INFO - Processing /home/airflow/.local/lib/python3.8/site-packages/airflow/example_dags/tutorial_dag.py took 0.040 seconds
[2024-02-15T23:52:11.424+0000] {processor.py:161} INFO - Started process (PID=345) to work on /home/airflow/.local/lib/python3.8/site-packages/airflow/example_dags/tutorial_dag.py
[2024-02-15T23:52:11.425+0000] {processor.py:830} INFO - Processing file /home/airflow/.local/lib/python3.8/site-packages/airflow/example_dags/tutorial_dag.py for tasks to queue
[2024-02-15T23:52:11.426+0000] {logging_mixin.py:188} INFO - [2024-02-15T23:52:11.426+0000] {dagbag.py:538} INFO - Filling up the DagBag from /home/airflow/.local/lib/python3.8/site-packages/airflow/example_dags/tutorial_dag.py
[2024-02-15T23:52:11.429+0000] {processor.py:840} INFO - DAG(s) 'tutorial_dag' retrieved from /home/airflow/.local/lib/python3.8/site-packages/airflow/example_dags/tutorial_dag.py
[2024-02-15T23:52:11.442+0000] {logging_mixin.py:188} INFO - [2024-02-15T23:52:11.441+0000] {dag.py:3036} INFO - Sync 1 DAGs
[2024-02-15T23:52:11.450+0000] {logging_mixin.py:188} INFO - [2024-02-15T23:52:11.449+0000] {dag.py:3823} INFO - Setting next_dagrun for tutorial_dag to None, run_after=None
[2024-02-15T23:52:11.462+0000] {processor.py:183} INFO - Processing /home/airflow/.local/lib/python3.8/site-packages/airflow/example_dags/tutorial_dag.py took 0.040 seconds
[2024-02-15T23:52:41.728+0000] {processor.py:161} INFO - Started process (PID=400) to work on /home/airflow/.local/lib/python3.8/site-packages/airflow/example_dags/tutorial_dag.py
[2024-02-15T23:52:41.729+0000] {processor.py:830} INFO - Processing file /home/airflow/.local/lib/python3.8/site-packages/airflow/example_dags/tutorial_dag.py for tasks to queue
[2024-02-15T23:52:41.730+0000] {logging_mixin.py:188} INFO - [2024-02-15T23:52:41.730+0000] {dagbag.py:538} INFO - Filling up the DagBag from /home/airflow/.local/lib/python3.8/site-packages/airflow/example_dags/tutorial_dag.py
[2024-02-15T23:52:41.733+0000] {processor.py:840} INFO - DAG(s) 'tutorial_dag' retrieved from /home/airflow/.local/lib/python3.8/site-packages/airflow/example_dags/tutorial_dag.py
[2024-02-15T23:52:41.746+0000] {logging_mixin.py:188} INFO - [2024-02-15T23:52:41.745+0000] {dag.py:3036} INFO - Sync 1 DAGs
[2024-02-15T23:52:41.754+0000] {logging_mixin.py:188} INFO - [2024-02-15T23:52:41.753+0000] {dag.py:3823} INFO - Setting next_dagrun for tutorial_dag to None, run_after=None
[2024-02-15T23:52:41.766+0000] {processor.py:183} INFO - Processing /home/airflow/.local/lib/python3.8/site-packages/airflow/example_dags/tutorial_dag.py took 0.040 seconds
[2024-02-15T23:53:11.965+0000] {processor.py:161} INFO - Started process (PID=455) to work on /home/airflow/.local/lib/python3.8/site-packages/airflow/example_dags/tutorial_dag.py
[2024-02-15T23:53:11.966+0000] {processor.py:830} INFO - Processing file /home/airflow/.local/lib/python3.8/site-packages/airflow/example_dags/tutorial_dag.py for tasks to queue
[2024-02-15T23:53:11.967+0000] {logging_mixin.py:188} INFO - [2024-02-15T23:53:11.967+0000] {dagbag.py:538} INFO - Filling up the DagBag from /home/airflow/.local/lib/python3.8/site-packages/airflow/example_dags/tutorial_dag.py
[2024-02-15T23:53:11.970+0000] {processor.py:840} INFO - DAG(s) 'tutorial_dag' retrieved from /home/airflow/.local/lib/python3.8/site-packages/airflow/example_dags/tutorial_dag.py
[2024-02-15T23:53:11.984+0000] {logging_mixin.py:188} INFO - [2024-02-15T23:53:11.983+0000] {dag.py:3036} INFO - Sync 1 DAGs
[2024-02-15T23:53:11.992+0000] {logging_mixin.py:188} INFO - [2024-02-15T23:53:11.992+0000] {dag.py:3823} INFO - Setting next_dagrun for tutorial_dag to None, run_after=None
[2024-02-15T23:53:12.004+0000] {processor.py:183} INFO - Processing /home/airflow/.local/lib/python3.8/site-packages/airflow/example_dags/tutorial_dag.py took 0.041 seconds
[2024-02-15T23:53:42.252+0000] {processor.py:161} INFO - Started process (PID=510) to work on /home/airflow/.local/lib/python3.8/site-packages/airflow/example_dags/tutorial_dag.py
[2024-02-15T23:53:42.253+0000] {processor.py:830} INFO - Processing file /home/airflow/.local/lib/python3.8/site-packages/airflow/example_dags/tutorial_dag.py for tasks to queue
[2024-02-15T23:53:42.254+0000] {logging_mixin.py:188} INFO - [2024-02-15T23:53:42.254+0000] {dagbag.py:538} INFO - Filling up the DagBag from /home/airflow/.local/lib/python3.8/site-packages/airflow/example_dags/tutorial_dag.py
[2024-02-15T23:53:42.257+0000] {processor.py:840} INFO - DAG(s) 'tutorial_dag' retrieved from /home/airflow/.local/lib/python3.8/site-packages/airflow/example_dags/tutorial_dag.py
[2024-02-15T23:53:42.270+0000] {logging_mixin.py:188} INFO - [2024-02-15T23:53:42.270+0000] {dag.py:3036} INFO - Sync 1 DAGs
[2024-02-15T23:53:42.278+0000] {logging_mixin.py:188} INFO - [2024-02-15T23:53:42.278+0000] {dag.py:3823} INFO - Setting next_dagrun for tutorial_dag to None, run_after=None
[2024-02-15T23:53:42.290+0000] {processor.py:183} INFO - Processing /home/airflow/.local/lib/python3.8/site-packages/airflow/example_dags/tutorial_dag.py took 0.040 seconds
[2024-02-15T23:54:12.469+0000] {processor.py:161} INFO - Started process (PID=565) to work on /home/airflow/.local/lib/python3.8/site-packages/airflow/example_dags/tutorial_dag.py
[2024-02-15T23:54:12.470+0000] {processor.py:830} INFO - Processing file /home/airflow/.local/lib/python3.8/site-packages/airflow/example_dags/tutorial_dag.py for tasks to queue
[2024-02-15T23:54:12.471+0000] {logging_mixin.py:188} INFO - [2024-02-15T23:54:12.471+0000] {dagbag.py:538} INFO - Filling up the DagBag from /home/airflow/.local/lib/python3.8/site-packages/airflow/example_dags/tutorial_dag.py
[2024-02-15T23:54:12.475+0000] {processor.py:840} INFO - DAG(s) 'tutorial_dag' retrieved from /home/airflow/.local/lib/python3.8/site-packages/airflow/example_dags/tutorial_dag.py
[2024-02-15T23:54:12.488+0000] {logging_mixin.py:188} INFO - [2024-02-15T23:54:12.488+0000] {dag.py:3036} INFO - Sync 1 DAGs
[2024-02-15T23:54:12.496+0000] {logging_mixin.py:188} INFO - [2024-02-15T23:54:12.496+0000] {dag.py:3823} INFO - Setting next_dagrun for tutorial_dag to None, run_after=None
[2024-02-15T23:54:12.508+0000] {processor.py:183} INFO - Processing /home/airflow/.local/lib/python3.8/site-packages/airflow/example_dags/tutorial_dag.py took 0.041 seconds
[2024-02-15T23:54:42.689+0000] {processor.py:161} INFO - Started process (PID=620) to work on /home/airflow/.local/lib/python3.8/site-packages/airflow/example_dags/tutorial_dag.py
[2024-02-15T23:54:42.689+0000] {processor.py:830} INFO - Processing file /home/airflow/.local/lib/python3.8/site-packages/airflow/example_dags/tutorial_dag.py for tasks to queue
[2024-02-15T23:54:42.690+0000] {logging_mixin.py:188} INFO - [2024-02-15T23:54:42.690+0000] {dagbag.py:538} INFO - Filling up the DagBag from /home/airflow/.local/lib/python3.8/site-packages/airflow/example_dags/tutorial_dag.py
[2024-02-15T23:54:42.694+0000] {processor.py:840} INFO - DAG(s) 'tutorial_dag' retrieved from /home/airflow/.local/lib/python3.8/site-packages/airflow/example_dags/tutorial_dag.py
[2024-02-15T23:54:42.706+0000] {logging_mixin.py:188} INFO - [2024-02-15T23:54:42.706+0000] {dag.py:3036} INFO - Sync 1 DAGs
[2024-02-15T23:54:42.714+0000] {logging_mixin.py:188} INFO - [2024-02-15T23:54:42.714+0000] {dag.py:3823} INFO - Setting next_dagrun for tutorial_dag to None, run_after=None
[2024-02-15T23:54:42.727+0000] {processor.py:183} INFO - Processing /home/airflow/.local/lib/python3.8/site-packages/airflow/example_dags/tutorial_dag.py took 0.040 seconds
[2024-02-15T23:55:12.886+0000] {processor.py:161} INFO - Started process (PID=675) to work on /home/airflow/.local/lib/python3.8/site-packages/airflow/example_dags/tutorial_dag.py
[2024-02-15T23:55:12.887+0000] {processor.py:830} INFO - Processing file /home/airflow/.local/lib/python3.8/site-packages/airflow/example_dags/tutorial_dag.py for tasks to queue
[2024-02-15T23:55:12.888+0000] {logging_mixin.py:188} INFO - [2024-02-15T23:55:12.887+0000] {dagbag.py:538} INFO - Filling up the DagBag from /home/airflow/.local/lib/python3.8/site-packages/airflow/example_dags/tutorial_dag.py
[2024-02-15T23:55:12.891+0000] {processor.py:840} INFO - DAG(s) 'tutorial_dag' retrieved from /home/airflow/.local/lib/python3.8/site-packages/airflow/example_dags/tutorial_dag.py
[2024-02-15T23:55:12.905+0000] {logging_mixin.py:188} INFO - [2024-02-15T23:55:12.905+0000] {dag.py:3036} INFO - Sync 1 DAGs
[2024-02-15T23:55:12.913+0000] {logging_mixin.py:188} INFO - [2024-02-15T23:55:12.913+0000] {dag.py:3823} INFO - Setting next_dagrun for tutorial_dag to None, run_after=None
[2024-02-15T23:55:12.926+0000] {processor.py:183} INFO - Processing /home/airflow/.local/lib/python3.8/site-packages/airflow/example_dags/tutorial_dag.py took 0.042 seconds
[2024-02-15T23:55:43.141+0000] {processor.py:161} INFO - Started process (PID=730) to work on /home/airflow/.local/lib/python3.8/site-packages/airflow/example_dags/tutorial_dag.py
[2024-02-15T23:55:43.142+0000] {processor.py:830} INFO - Processing file /home/airflow/.local/lib/python3.8/site-packages/airflow/example_dags/tutorial_dag.py for tasks to queue
[2024-02-15T23:55:43.143+0000] {logging_mixin.py:188} INFO - [2024-02-15T23:55:43.143+0000] {dagbag.py:538} INFO - Filling up the DagBag from /home/airflow/.local/lib/python3.8/site-packages/airflow/example_dags/tutorial_dag.py
[2024-02-15T23:55:43.146+0000] {processor.py:840} INFO - DAG(s) 'tutorial_dag' retrieved from /home/airflow/.local/lib/python3.8/site-packages/airflow/example_dags/tutorial_dag.py
[2024-02-15T23:55:43.160+0000] {logging_mixin.py:188} INFO - [2024-02-15T23:55:43.160+0000] {dag.py:3036} INFO - Sync 1 DAGs
[2024-02-15T23:55:43.168+0000] {logging_mixin.py:188} INFO - [2024-02-15T23:55:43.168+0000] {dag.py:3823} INFO - Setting next_dagrun for tutorial_dag to None, run_after=None
[2024-02-15T23:55:43.181+0000] {processor.py:183} INFO - Processing /home/airflow/.local/lib/python3.8/site-packages/airflow/example_dags/tutorial_dag.py took 0.041 seconds
[2024-02-15T23:56:13.345+0000] {processor.py:161} INFO - Started process (PID=785) to work on /home/airflow/.local/lib/python3.8/site-packages/airflow/example_dags/tutorial_dag.py
[2024-02-15T23:56:13.346+0000] {processor.py:830} INFO - Processing file /home/airflow/.local/lib/python3.8/site-packages/airflow/example_dags/tutorial_dag.py for tasks to queue
[2024-02-15T23:56:13.347+0000] {logging_mixin.py:188} INFO - [2024-02-15T23:56:13.347+0000] {dagbag.py:538} INFO - Filling up the DagBag from /home/airflow/.local/lib/python3.8/site-packages/airflow/example_dags/tutorial_dag.py
[2024-02-15T23:56:13.350+0000] {processor.py:840} INFO - DAG(s) 'tutorial_dag' retrieved from /home/airflow/.local/lib/python3.8/site-packages/airflow/example_dags/tutorial_dag.py
[2024-02-15T23:56:13.365+0000] {logging_mixin.py:188} INFO - [2024-02-15T23:56:13.365+0000] {dag.py:3036} INFO - Sync 1 DAGs
[2024-02-15T23:56:13.373+0000] {logging_mixin.py:188} INFO - [2024-02-15T23:56:13.373+0000] {dag.py:3823} INFO - Setting next_dagrun for tutorial_dag to None, run_after=None
[2024-02-15T23:56:13.386+0000] {processor.py:183} INFO - Processing /home/airflow/.local/lib/python3.8/site-packages/airflow/example_dags/tutorial_dag.py took 0.044 seconds
[2024-02-15T23:56:43.707+0000] {processor.py:161} INFO - Started process (PID=840) to work on /home/airflow/.local/lib/python3.8/site-packages/airflow/example_dags/tutorial_dag.py
[2024-02-15T23:56:43.708+0000] {processor.py:830} INFO - Processing file /home/airflow/.local/lib/python3.8/site-packages/airflow/example_dags/tutorial_dag.py for tasks to queue
[2024-02-15T23:56:43.709+0000] {logging_mixin.py:188} INFO - [2024-02-15T23:56:43.709+0000] {dagbag.py:538} INFO - Filling up the DagBag from /home/airflow/.local/lib/python3.8/site-packages/airflow/example_dags/tutorial_dag.py
[2024-02-15T23:56:43.712+0000] {processor.py:840} INFO - DAG(s) 'tutorial_dag' retrieved from /home/airflow/.local/lib/python3.8/site-packages/airflow/example_dags/tutorial_dag.py
[2024-02-15T23:56:43.725+0000] {logging_mixin.py:188} INFO - [2024-02-15T23:56:43.725+0000] {dag.py:3036} INFO - Sync 1 DAGs
[2024-02-15T23:56:43.733+0000] {logging_mixin.py:188} INFO - [2024-02-15T23:56:43.733+0000] {dag.py:3823} INFO - Setting next_dagrun for tutorial_dag to None, run_after=None
[2024-02-15T23:56:43.745+0000] {processor.py:183} INFO - Processing /home/airflow/.local/lib/python3.8/site-packages/airflow/example_dags/tutorial_dag.py took 0.040 seconds
[2024-02-15T23:57:14.057+0000] {processor.py:161} INFO - Started process (PID=895) to work on /home/airflow/.local/lib/python3.8/site-packages/airflow/example_dags/tutorial_dag.py
[2024-02-15T23:57:14.058+0000] {processor.py:830} INFO - Processing file /home/airflow/.local/lib/python3.8/site-packages/airflow/example_dags/tutorial_dag.py for tasks to queue
[2024-02-15T23:57:14.059+0000] {logging_mixin.py:188} INFO - [2024-02-15T23:57:14.059+0000] {dagbag.py:538} INFO - Filling up the DagBag from /home/airflow/.local/lib/python3.8/site-packages/airflow/example_dags/tutorial_dag.py
[2024-02-15T23:57:14.063+0000] {processor.py:840} INFO - DAG(s) 'tutorial_dag' retrieved from /home/airflow/.local/lib/python3.8/site-packages/airflow/example_dags/tutorial_dag.py
[2024-02-15T23:57:14.075+0000] {logging_mixin.py:188} INFO - [2024-02-15T23:57:14.075+0000] {dag.py:3036} INFO - Sync 1 DAGs
[2024-02-15T23:57:14.083+0000] {logging_mixin.py:188} INFO - [2024-02-15T23:57:14.083+0000] {dag.py:3823} INFO - Setting next_dagrun for tutorial_dag to None, run_after=None
[2024-02-15T23:57:14.096+0000] {processor.py:183} INFO - Processing /home/airflow/.local/lib/python3.8/site-packages/airflow/example_dags/tutorial_dag.py took 0.040 seconds
[2024-02-15T23:57:44.333+0000] {processor.py:161} INFO - Started process (PID=950) to work on /home/airflow/.local/lib/python3.8/site-packages/airflow/example_dags/tutorial_dag.py
[2024-02-15T23:57:44.333+0000] {processor.py:830} INFO - Processing file /home/airflow/.local/lib/python3.8/site-packages/airflow/example_dags/tutorial_dag.py for tasks to queue
[2024-02-15T23:57:44.334+0000] {logging_mixin.py:188} INFO - [2024-02-15T23:57:44.334+0000] {dagbag.py:538} INFO - Filling up the DagBag from /home/airflow/.local/lib/python3.8/site-packages/airflow/example_dags/tutorial_dag.py
[2024-02-15T23:57:44.338+0000] {processor.py:840} INFO - DAG(s) 'tutorial_dag' retrieved from /home/airflow/.local/lib/python3.8/site-packages/airflow/example_dags/tutorial_dag.py
[2024-02-15T23:57:44.351+0000] {logging_mixin.py:188} INFO - [2024-02-15T23:57:44.350+0000] {dag.py:3036} INFO - Sync 1 DAGs
[2024-02-15T23:57:44.359+0000] {logging_mixin.py:188} INFO - [2024-02-15T23:57:44.359+0000] {dag.py:3823} INFO - Setting next_dagrun for tutorial_dag to None, run_after=None
[2024-02-15T23:57:44.372+0000] {processor.py:183} INFO - Processing /home/airflow/.local/lib/python3.8/site-packages/airflow/example_dags/tutorial_dag.py took 0.042 seconds
[2024-02-15T23:58:14.543+0000] {processor.py:161} INFO - Started process (PID=1005) to work on /home/airflow/.local/lib/python3.8/site-packages/airflow/example_dags/tutorial_dag.py
[2024-02-15T23:58:14.544+0000] {processor.py:830} INFO - Processing file /home/airflow/.local/lib/python3.8/site-packages/airflow/example_dags/tutorial_dag.py for tasks to queue
[2024-02-15T23:58:14.545+0000] {logging_mixin.py:188} INFO - [2024-02-15T23:58:14.545+0000] {dagbag.py:538} INFO - Filling up the DagBag from /home/airflow/.local/lib/python3.8/site-packages/airflow/example_dags/tutorial_dag.py
[2024-02-15T23:58:14.548+0000] {processor.py:840} INFO - DAG(s) 'tutorial_dag' retrieved from /home/airflow/.local/lib/python3.8/site-packages/airflow/example_dags/tutorial_dag.py
[2024-02-15T23:58:14.560+0000] {logging_mixin.py:188} INFO - [2024-02-15T23:58:14.560+0000] {dag.py:3036} INFO - Sync 1 DAGs
[2024-02-15T23:58:14.568+0000] {logging_mixin.py:188} INFO - [2024-02-15T23:58:14.568+0000] {dag.py:3823} INFO - Setting next_dagrun for tutorial_dag to None, run_after=None
[2024-02-15T23:58:14.580+0000] {processor.py:183} INFO - Processing /home/airflow/.local/lib/python3.8/site-packages/airflow/example_dags/tutorial_dag.py took 0.039 seconds
[2024-02-15T23:58:44.743+0000] {processor.py:161} INFO - Started process (PID=1060) to work on /home/airflow/.local/lib/python3.8/site-packages/airflow/example_dags/tutorial_dag.py
[2024-02-15T23:58:44.744+0000] {processor.py:830} INFO - Processing file /home/airflow/.local/lib/python3.8/site-packages/airflow/example_dags/tutorial_dag.py for tasks to queue
[2024-02-15T23:58:44.745+0000] {logging_mixin.py:188} INFO - [2024-02-15T23:58:44.745+0000] {dagbag.py:538} INFO - Filling up the DagBag from /home/airflow/.local/lib/python3.8/site-packages/airflow/example_dags/tutorial_dag.py
[2024-02-15T23:58:44.748+0000] {processor.py:840} INFO - DAG(s) 'tutorial_dag' retrieved from /home/airflow/.local/lib/python3.8/site-packages/airflow/example_dags/tutorial_dag.py
[2024-02-15T23:58:44.760+0000] {logging_mixin.py:188} INFO - [2024-02-15T23:58:44.760+0000] {dag.py:3036} INFO - Sync 1 DAGs
[2024-02-15T23:58:44.769+0000] {logging_mixin.py:188} INFO - [2024-02-15T23:58:44.769+0000] {dag.py:3823} INFO - Setting next_dagrun for tutorial_dag to None, run_after=None
[2024-02-15T23:58:44.783+0000] {processor.py:183} INFO - Processing /home/airflow/.local/lib/python3.8/site-packages/airflow/example_dags/tutorial_dag.py took 0.041 seconds
[2024-02-15T23:59:14.884+0000] {processor.py:161} INFO - Started process (PID=1115) to work on /home/airflow/.local/lib/python3.8/site-packages/airflow/example_dags/tutorial_dag.py
[2024-02-15T23:59:14.884+0000] {processor.py:830} INFO - Processing file /home/airflow/.local/lib/python3.8/site-packages/airflow/example_dags/tutorial_dag.py for tasks to queue
[2024-02-15T23:59:14.885+0000] {logging_mixin.py:188} INFO - [2024-02-15T23:59:14.885+0000] {dagbag.py:538} INFO - Filling up the DagBag from /home/airflow/.local/lib/python3.8/site-packages/airflow/example_dags/tutorial_dag.py
[2024-02-15T23:59:14.888+0000] {processor.py:840} INFO - DAG(s) 'tutorial_dag' retrieved from /home/airflow/.local/lib/python3.8/site-packages/airflow/example_dags/tutorial_dag.py
[2024-02-15T23:59:14.902+0000] {logging_mixin.py:188} INFO - [2024-02-15T23:59:14.902+0000] {dag.py:3036} INFO - Sync 1 DAGs
[2024-02-15T23:59:14.910+0000] {logging_mixin.py:188} INFO - [2024-02-15T23:59:14.910+0000] {dag.py:3823} INFO - Setting next_dagrun for tutorial_dag to None, run_after=None
[2024-02-15T23:59:14.924+0000] {processor.py:183} INFO - Processing /home/airflow/.local/lib/python3.8/site-packages/airflow/example_dags/tutorial_dag.py took 0.042 seconds
[2024-02-15T23:59:45.012+0000] {processor.py:161} INFO - Started process (PID=1170) to work on /home/airflow/.local/lib/python3.8/site-packages/airflow/example_dags/tutorial_dag.py
[2024-02-15T23:59:45.013+0000] {processor.py:830} INFO - Processing file /home/airflow/.local/lib/python3.8/site-packages/airflow/example_dags/tutorial_dag.py for tasks to queue
[2024-02-15T23:59:45.014+0000] {logging_mixin.py:188} INFO - [2024-02-15T23:59:45.014+0000] {dagbag.py:538} INFO - Filling up the DagBag from /home/airflow/.local/lib/python3.8/site-packages/airflow/example_dags/tutorial_dag.py
[2024-02-15T23:59:45.017+0000] {processor.py:840} INFO - DAG(s) 'tutorial_dag' retrieved from /home/airflow/.local/lib/python3.8/site-packages/airflow/example_dags/tutorial_dag.py
[2024-02-15T23:59:45.029+0000] {logging_mixin.py:188} INFO - [2024-02-15T23:59:45.029+0000] {dag.py:3036} INFO - Sync 1 DAGs
[2024-02-15T23:59:45.037+0000] {logging_mixin.py:188} INFO - [2024-02-15T23:59:45.037+0000] {dag.py:3823} INFO - Setting next_dagrun for tutorial_dag to None, run_after=None
[2024-02-15T23:59:45.048+0000] {processor.py:183} INFO - Processing /home/airflow/.local/lib/python3.8/site-packages/airflow/example_dags/tutorial_dag.py took 0.038 seconds
